INFO - 2024-11-25 00:18:17 --> Session: Class initialized using 'CodeIgniter\Session\Handlers\FileHandler' driver.
INFO - 2024-11-25 00:18:17 --> Session: Class initialized using 'CodeIgniter\Session\Handlers\FileHandler' driver.
INFO - 2024-11-25 00:18:27 --> Session: Class initialized using 'CodeIgniter\Session\Handlers\FileHandler' driver.
INFO - 2024-11-25 00:18:27 --> Session: Class initialized using 'CodeIgniter\Session\Handlers\FileHandler' driver.
INFO - 2024-11-25 00:18:55 --> Session: Class initialized using 'CodeIgniter\Session\Handlers\FileHandler' driver.
INFO - 2024-11-25 00:18:55 --> Session: Class initialized using 'CodeIgniter\Session\Handlers\FileHandler' driver.
INFO - 2024-11-25 00:19:08 --> Session: Class initialized using 'CodeIgniter\Session\Handlers\FileHandler' driver.
INFO - 2024-11-25 00:19:08 --> Session: Class initialized using 'CodeIgniter\Session\Handlers\FileHandler' driver.
INFO - 2024-11-25 00:20:22 --> Session: Class initialized using 'CodeIgniter\Session\Handlers\FileHandler' driver.
INFO - 2024-11-25 00:20:22 --> Session: Class initialized using 'CodeIgniter\Session\Handlers\FileHandler' driver.
INFO - 2024-11-25 00:20:25 --> Session: Class initialized using 'CodeIgniter\Session\Handlers\FileHandler' driver.
INFO - 2024-11-25 00:20:28 --> Session: Class initialized using 'CodeIgniter\Session\Handlers\FileHandler' driver.
INFO - 2024-11-25 00:20:28 --> Session: Class initialized using 'CodeIgniter\Session\Handlers\FileHandler' driver.
INFO - 2024-11-25 00:20:46 --> Session: Class initialized using 'CodeIgniter\Session\Handlers\FileHandler' driver.
INFO - 2024-11-25 00:27:13 --> Session: Class initialized using 'CodeIgniter\Session\Handlers\FileHandler' driver.
INFO - 2024-11-25 00:27:40 --> Session: Class initialized using 'CodeIgniter\Session\Handlers\FileHandler' driver.
INFO - 2024-11-25 00:27:56 --> Session: Class initialized using 'CodeIgniter\Session\Handlers\FileHandler' driver.
INFO - 2024-11-25 00:28:00 --> Session: Class initialized using 'CodeIgniter\Session\Handlers\FileHandler' driver.
INFO - 2024-11-25 00:28:00 --> Session: Class initialized using 'CodeIgniter\Session\Handlers\FileHandler' driver.
INFO - 2024-11-25 00:28:58 --> Session: Class initialized using 'CodeIgniter\Session\Handlers\FileHandler' driver.
INFO - 2024-11-25 00:28:58 --> Session: Class initialized using 'CodeIgniter\Session\Handlers\FileHandler' driver.
INFO - 2024-11-25 00:30:42 --> Session: Class initialized using 'CodeIgniter\Session\Handlers\FileHandler' driver.
INFO - 2024-11-25 00:30:57 --> Session: Class initialized using 'CodeIgniter\Session\Handlers\FileHandler' driver.
INFO - 2024-11-25 00:31:00 --> Session: Class initialized using 'CodeIgniter\Session\Handlers\FileHandler' driver.
INFO - 2024-11-25 00:31:09 --> Session: Class initialized using 'CodeIgniter\Session\Handlers\FileHandler' driver.
INFO - 2024-11-25 00:31:09 --> Session: Class initialized using 'CodeIgniter\Session\Handlers\FileHandler' driver.
INFO - 2024-11-25 00:31:13 --> Session: Class initialized using 'CodeIgniter\Session\Handlers\FileHandler' driver.
INFO - 2024-11-25 00:31:13 --> Session: Class initialized using 'CodeIgniter\Session\Handlers\FileHandler' driver.
INFO - 2024-11-25 00:32:41 --> Session: Class initialized using 'CodeIgniter\Session\Handlers\FileHandler' driver.
INFO - 2024-11-25 00:33:46 --> Session: Class initialized using 'CodeIgniter\Session\Handlers\FileHandler' driver.
INFO - 2024-11-25 00:33:49 --> Session: Class initialized using 'CodeIgniter\Session\Handlers\FileHandler' driver.
CRITICAL - 2024-11-25 00:37:36 --> ErrorException: Undefined variable $query
[Method: POST, Route: login/authenticate]
in APPPATH\Controllers\Login.php on line 25.
 1 APPPATH\Controllers\Login.php(25): CodeIgniter\Debug\Exceptions->errorHandler(2, 'Undefined variable $query', 'C:\\Users\\david\\Desktop\\Poryecto Pizzeria Actual\\proyecto-pizzeria\\app\\Controllers\\Login.php', 25)
 2 SYSTEMPATH\CodeIgniter.php(933): App\Controllers\Login->authenticate()
 3 SYSTEMPATH\CodeIgniter.php(509): CodeIgniter\CodeIgniter->runController(Object(App\Controllers\Login))
 4 SYSTEMPATH\CodeIgniter.php(355): CodeIgniter\CodeIgniter->handleRequest(null, Object(Config\Cache), false)
 5 SYSTEMPATH\Boot.php(325): CodeIgniter\CodeIgniter->run()
 6 SYSTEMPATH\Boot.php(67): CodeIgniter\Boot::runCodeIgniter(Object(CodeIgniter\CodeIgniter))
 7 FCPATH\index.php(56): CodeIgniter\Boot::bootWeb(Object(Config\Paths))
 8 SYSTEMPATH\rewrite.php(44): require_once('C:\\Users\\david\\Desktop\\Poryecto Pizzeria Actual\\proyecto-pizzeria\\public\\index.php')
INFO - 2024-11-25 00:37:37 --> Session: Class initialized using 'CodeIgniter\Session\Handlers\FileHandler' driver.
CRITICAL - 2024-11-25 00:37:39 --> ErrorException: Undefined variable $query
[Method: POST, Route: login/authenticate]
in APPPATH\Controllers\Login.php on line 25.
 1 APPPATH\Controllers\Login.php(25): CodeIgniter\Debug\Exceptions->errorHandler(2, 'Undefined variable $query', 'C:\\Users\\david\\Desktop\\Poryecto Pizzeria Actual\\proyecto-pizzeria\\app\\Controllers\\Login.php', 25)
 2 SYSTEMPATH\CodeIgniter.php(933): App\Controllers\Login->authenticate()
 3 SYSTEMPATH\CodeIgniter.php(509): CodeIgniter\CodeIgniter->runController(Object(App\Controllers\Login))
 4 SYSTEMPATH\CodeIgniter.php(355): CodeIgniter\CodeIgniter->handleRequest(null, Object(Config\Cache), false)
 5 SYSTEMPATH\Boot.php(325): CodeIgniter\CodeIgniter->run()
 6 SYSTEMPATH\Boot.php(67): CodeIgniter\Boot::runCodeIgniter(Object(CodeIgniter\CodeIgniter))
 7 FCPATH\index.php(56): CodeIgniter\Boot::bootWeb(Object(Config\Paths))
 8 SYSTEMPATH\rewrite.php(44): require_once('C:\\Users\\david\\Desktop\\Poryecto Pizzeria Actual\\proyecto-pizzeria\\public\\index.php')
INFO - 2024-11-25 00:38:09 --> Session: Class initialized using 'CodeIgniter\Session\Handlers\FileHandler' driver.
INFO - 2024-11-25 00:38:09 --> Session: Class initialized using 'CodeIgniter\Session\Handlers\FileHandler' driver.
INFO - 2024-11-25 00:38:28 --> Session: Class initialized using 'CodeIgniter\Session\Handlers\FileHandler' driver.
INFO - 2024-11-25 00:38:30 --> Session: Class initialized using 'CodeIgniter\Session\Handlers\FileHandler' driver.
INFO - 2024-11-25 00:38:36 --> Session: Class initialized using 'CodeIgniter\Session\Handlers\FileHandler' driver.
INFO - 2024-11-25 00:38:36 --> Session: Class initialized using 'CodeIgniter\Session\Handlers\FileHandler' driver.
INFO - 2024-11-25 01:01:37 --> Session: Class initialized using 'CodeIgniter\Session\Handlers\FileHandler' driver.
INFO - 2024-11-25 01:01:49 --> Session: Class initialized using 'CodeIgniter\Session\Handlers\FileHandler' driver.
INFO - 2024-11-25 01:01:49 --> Session: Class initialized using 'CodeIgniter\Session\Handlers\FileHandler' driver.
INFO - 2024-11-25 01:43:45 --> Session: Class initialized using 'CodeIgniter\Session\Handlers\FileHandler' driver.
INFO - 2024-11-25 01:43:48 --> Session: Class initialized using 'CodeIgniter\Session\Handlers\FileHandler' driver.
ERROR - 2024-11-25 01:44:02 --> mysqli_sql_exception: Unknown column 'correo' in 'where clause' in C:\Users\usuario\Desktop\Pizza-nostra\proyecto-pizzeria\system\Database\MySQLi\Connection.php:312
Stack trace:
#0 C:\Users\usuario\Desktop\Pizza-nostra\proyecto-pizzeria\system\Database\MySQLi\Connection.php(312): mysqli->query()
#1 C:\Users\usuario\Desktop\Pizza-nostra\proyecto-pizzeria\system\Database\BaseConnection.php(734): CodeIgniter\Database\MySQLi\Connection->execute()
#2 C:\Users\usuario\Desktop\Pizza-nostra\proyecto-pizzeria\system\Database\BaseConnection.php(648): CodeIgniter\Database\BaseConnection->simpleQuery()
#3 C:\Users\usuario\Desktop\Pizza-nostra\proyecto-pizzeria\system\Database\BaseBuilder.php(1644): CodeIgniter\Database\BaseConnection->query()
#4 C:\Users\usuario\Desktop\Pizza-nostra\proyecto-pizzeria\system\Model.php(330): CodeIgniter\Database\BaseBuilder->get()
#5 C:\Users\usuario\Desktop\Pizza-nostra\proyecto-pizzeria\system\BaseModel.php(714): CodeIgniter\Model->doFirst()
#6 C:\Users\usuario\Desktop\Pizza-nostra\proyecto-pizzeria\app\Controllers\Login.php(23): CodeIgniter\BaseModel->first()
#7 C:\Users\usuario\Desktop\Pizza-nostra\proyecto-pizzeria\system\CodeIgniter.php(933): App\Controllers\Login->authenticate()
#8 C:\Users\usuario\Desktop\Pizza-nostra\proyecto-pizzeria\system\CodeIgniter.php(509): CodeIgniter\CodeIgniter->runController()
#9 C:\Users\usuario\Desktop\Pizza-nostra\proyecto-pizzeria\system\CodeIgniter.php(355): CodeIgniter\CodeIgniter->handleRequest()
#10 C:\Users\usuario\Desktop\Pizza-nostra\proyecto-pizzeria\system\Boot.php(325): CodeIgniter\CodeIgniter->run()
#11 C:\Users\usuario\Desktop\Pizza-nostra\proyecto-pizzeria\system\Boot.php(67): CodeIgniter\Boot::runCodeIgniter()
#12 C:\Users\usuario\Desktop\Pizza-nostra\proyecto-pizzeria\public\index.php(56): CodeIgniter\Boot::bootWeb()
#13 C:\Users\usuario\Desktop\Pizza-nostra\proyecto-pizzeria\system\rewrite.php(44): require_once('...')
#14 {main}
CRITICAL - 2024-11-25 01:44:02 --> CodeIgniter\Database\Exceptions\DatabaseException: Unknown column 'correo' in 'where clause'
[Method: POST, Route: login/authenticate]
in SYSTEMPATH\Database\BaseConnection.php on line 688.
 1 SYSTEMPATH\Database\BaseBuilder.php(1644): CodeIgniter\Database\BaseConnection->query()
 2 SYSTEMPATH\Model.php(330): CodeIgniter\Database\BaseBuilder->get()
 3 SYSTEMPATH\BaseModel.php(714): CodeIgniter\Model->doFirst()
 4 APPPATH\Controllers\Login.php(23): CodeIgniter\BaseModel->first()
 5 SYSTEMPATH\CodeIgniter.php(933): App\Controllers\Login->authenticate()
 6 SYSTEMPATH\CodeIgniter.php(509): CodeIgniter\CodeIgniter->runController()
 7 SYSTEMPATH\CodeIgniter.php(355): CodeIgniter\CodeIgniter->handleRequest()
 8 SYSTEMPATH\Boot.php(325): CodeIgniter\CodeIgniter->run()
 9 SYSTEMPATH\Boot.php(67): CodeIgniter\Boot::runCodeIgniter()
10 FCPATH\index.php(56): CodeIgniter\Boot::bootWeb()
11 SYSTEMPATH\rewrite.php(44): require_once('C:\\Users\\usuario\\Desktop\\Pizza-nostra\\proyecto-pizzeria\\public\\index.php')
CRITICAL - 2024-11-25 01:44:02 --> [Caused by] CodeIgniter\Database\Exceptions\DatabaseException: Unknown column 'correo' in 'where clause'
in SYSTEMPATH\Database\MySQLi\Connection.php on line 317.
 1 SYSTEMPATH\Database\BaseConnection.php(734): CodeIgniter\Database\MySQLi\Connection->execute()
 2 SYSTEMPATH\Database\BaseConnection.php(648): CodeIgniter\Database\BaseConnection->simpleQuery()
 3 SYSTEMPATH\Database\BaseBuilder.php(1644): CodeIgniter\Database\BaseConnection->query()
 4 SYSTEMPATH\Model.php(330): CodeIgniter\Database\BaseBuilder->get()
 5 SYSTEMPATH\BaseModel.php(714): CodeIgniter\Model->doFirst()
 6 APPPATH\Controllers\Login.php(23): CodeIgniter\BaseModel->first()
 7 SYSTEMPATH\CodeIgniter.php(933): App\Controllers\Login->authenticate()
 8 SYSTEMPATH\CodeIgniter.php(509): CodeIgniter\CodeIgniter->runController()
 9 SYSTEMPATH\CodeIgniter.php(355): CodeIgniter\CodeIgniter->handleRequest()
10 SYSTEMPATH\Boot.php(325): CodeIgniter\CodeIgniter->run()
11 SYSTEMPATH\Boot.php(67): CodeIgniter\Boot::runCodeIgniter()
12 FCPATH\index.php(56): CodeIgniter\Boot::bootWeb()
13 SYSTEMPATH\rewrite.php(44): require_once('C:\\Users\\usuario\\Desktop\\Pizza-nostra\\proyecto-pizzeria\\public\\index.php')
CRITICAL - 2024-11-25 01:44:02 --> [Caused by] mysqli_sql_exception: Unknown column 'correo' in 'where clause'
in SYSTEMPATH\Database\MySQLi\Connection.php on line 312.
 1 SYSTEMPATH\Database\MySQLi\Connection.php(312): mysqli->query()
 2 SYSTEMPATH\Database\BaseConnection.php(734): CodeIgniter\Database\MySQLi\Connection->execute()
 3 SYSTEMPATH\Database\BaseConnection.php(648): CodeIgniter\Database\BaseConnection->simpleQuery()
 4 SYSTEMPATH\Database\BaseBuilder.php(1644): CodeIgniter\Database\BaseConnection->query()
 5 SYSTEMPATH\Model.php(330): CodeIgniter\Database\BaseBuilder->get()
 6 SYSTEMPATH\BaseModel.php(714): CodeIgniter\Model->doFirst()
 7 APPPATH\Controllers\Login.php(23): CodeIgniter\BaseModel->first()
 8 SYSTEMPATH\CodeIgniter.php(933): App\Controllers\Login->authenticate()
 9 SYSTEMPATH\CodeIgniter.php(509): CodeIgniter\CodeIgniter->runController()
10 SYSTEMPATH\CodeIgniter.php(355): CodeIgniter\CodeIgniter->handleRequest()
11 SYSTEMPATH\Boot.php(325): CodeIgniter\CodeIgniter->run()
12 SYSTEMPATH\Boot.php(67): CodeIgniter\Boot::runCodeIgniter()
13 FCPATH\index.php(56): CodeIgniter\Boot::bootWeb()
14 SYSTEMPATH\rewrite.php(44): require_once('C:\\Users\\usuario\\Desktop\\Pizza-nostra\\proyecto-pizzeria\\public\\index.php')
INFO - 2024-11-25 01:44:15 --> Session: Class initialized using 'CodeIgniter\Session\Handlers\FileHandler' driver.
INFO - 2024-11-25 01:45:02 --> Session: Class initialized using 'CodeIgniter\Session\Handlers\FileHandler' driver.
CRITICAL - 2024-11-25 02:01:49 --> ParseError: syntax error, unexpected token "}"
[Method: GET, Route: shopcar]
in APPPATH\Controllers\Shopcar.php on line 35.
 1 SYSTEMPATH\Autoloader\Autoloader.php(296): CodeIgniter\Autoloader\Autoloader->includeFile('C:\\Users\\Andres Cortez\\Desktop\\Nostra Pizza Actual\\proyecto-pizzeria\\app\\Controllers\\Shopcar.php')
 2 SYSTEMPATH\Autoloader\Autoloader.php(272): CodeIgniter\Autoloader\Autoloader->loadInNamespace('App\\Controllers\\Shopcar')
 3 [internal function]: CodeIgniter\Autoloader\Autoloader->loadClass('App\\Controllers\\Shopcar')
 4 SYSTEMPATH\CodeIgniter.php(887): class_exists('\\App\\Controllers\\Shopcar', true)
 5 SYSTEMPATH\CodeIgniter.php(496): CodeIgniter\CodeIgniter->startController()
 6 SYSTEMPATH\CodeIgniter.php(355): CodeIgniter\CodeIgniter->handleRequest(null, Object(Config\Cache), false)
 7 SYSTEMPATH\Boot.php(325): CodeIgniter\CodeIgniter->run()
 8 SYSTEMPATH\Boot.php(67): CodeIgniter\Boot::runCodeIgniter(Object(CodeIgniter\CodeIgniter))
 9 FCPATH\index.php(56): CodeIgniter\Boot::bootWeb(Object(Config\Paths))
10 SYSTEMPATH\rewrite.php(44): require_once('C:\\Users\\Andres Cortez\\Desktop\\Nostra Pizza Actual\\proyecto-pizzeria\\public\\index.php')

INFO - 2024-11-25 02:12:58 --> Session: Class initialized using 'CodeIgniter\Session\Handlers\FileHandler' driver.
INFO - 2024-11-25 02:13:27 --> Session: Class initialized using 'CodeIgniter\Session\Handlers\FileHandler' driver.
INFO - 2024-11-25 02:13:30 --> Session: Class initialized using 'CodeIgniter\Session\Handlers\FileHandler' driver.
ERROR - 2024-11-25 02:13:30 --> mysqli_sql_exception: Unknown column 'usuario_id' in 'where clause' in C:\Users\usuario\Desktop\Pizza-nostra\proyecto-pizzeria\system\Database\MySQLi\Connection.php:312
Stack trace:
#0 C:\Users\usuario\Desktop\Pizza-nostra\proyecto-pizzeria\system\Database\MySQLi\Connection.php(312): mysqli->query()
#1 C:\Users\usuario\Desktop\Pizza-nostra\proyecto-pizzeria\system\Database\BaseConnection.php(734): CodeIgniter\Database\MySQLi\Connection->execute()
#2 C:\Users\usuario\Desktop\Pizza-nostra\proyecto-pizzeria\system\Database\BaseConnection.php(648): CodeIgniter\Database\BaseConnection->simpleQuery()
#3 C:\Users\usuario\Desktop\Pizza-nostra\proyecto-pizzeria\system\Database\BaseBuilder.php(1644): CodeIgniter\Database\BaseConnection->query()
#4 C:\Users\usuario\Desktop\Pizza-nostra\proyecto-pizzeria\system\Model.php(286): CodeIgniter\Database\BaseBuilder->get()
#5 C:\Users\usuario\Desktop\Pizza-nostra\proyecto-pizzeria\system\BaseModel.php(676): CodeIgniter\Model->doFindAll()
#6 C:\Users\usuario\Desktop\Pizza-nostra\proyecto-pizzeria\app\Models\CarritoModel.php(16): CodeIgniter\BaseModel->findAll()
#7 C:\Users\usuario\Desktop\Pizza-nostra\proyecto-pizzeria\app\Controllers\Shopcar.php(19): App\Models\CarritoModel->getProductosCarrito()
#8 C:\Users\usuario\Desktop\Pizza-nostra\proyecto-pizzeria\system\CodeIgniter.php(933): App\Controllers\Shopcar->index()
#9 C:\Users\usuario\Desktop\Pizza-nostra\proyecto-pizzeria\system\CodeIgniter.php(509): CodeIgniter\CodeIgniter->runController()
#10 C:\Users\usuario\Desktop\Pizza-nostra\proyecto-pizzeria\system\CodeIgniter.php(355): CodeIgniter\CodeIgniter->handleRequest()
#11 C:\Users\usuario\Desktop\Pizza-nostra\proyecto-pizzeria\system\Boot.php(325): CodeIgniter\CodeIgniter->run()
#12 C:\Users\usuario\Desktop\Pizza-nostra\proyecto-pizzeria\system\Boot.php(67): CodeIgniter\Boot::runCodeIgniter()
#13 C:\Users\usuario\Desktop\Pizza-nostra\proyecto-pizzeria\public\index.php(56): CodeIgniter\Boot::bootWeb()
#14 C:\Users\usuario\Desktop\Pizza-nostra\proyecto-pizzeria\system\rewrite.php(44): require_once('...')
#15 {main}
CRITICAL - 2024-11-25 02:13:30 --> CodeIgniter\Database\Exceptions\DatabaseException: Unknown column 'usuario_id' in 'where clause'
[Method: GET, Route: shopcar]
in SYSTEMPATH\Database\BaseConnection.php on line 688.
 1 SYSTEMPATH\Database\BaseBuilder.php(1644): CodeIgniter\Database\BaseConnection->query()
 2 SYSTEMPATH\Model.php(286): CodeIgniter\Database\BaseBuilder->get()
 3 SYSTEMPATH\BaseModel.php(676): CodeIgniter\Model->doFindAll()
 4 APPPATH\Models\CarritoModel.php(16): CodeIgniter\BaseModel->findAll()
 5 APPPATH\Controllers\Shopcar.php(19): App\Models\CarritoModel->getProductosCarrito()
 6 SYSTEMPATH\CodeIgniter.php(933): App\Controllers\Shopcar->index()
 7 SYSTEMPATH\CodeIgniter.php(509): CodeIgniter\CodeIgniter->runController()
 8 SYSTEMPATH\CodeIgniter.php(355): CodeIgniter\CodeIgniter->handleRequest()
 9 SYSTEMPATH\Boot.php(325): CodeIgniter\CodeIgniter->run()
10 SYSTEMPATH\Boot.php(67): CodeIgniter\Boot::runCodeIgniter()
11 FCPATH\index.php(56): CodeIgniter\Boot::bootWeb()
12 SYSTEMPATH\rewrite.php(44): require_once('C:\\Users\\usuario\\Desktop\\Pizza-nostra\\proyecto-pizzeria\\public\\index.php')
CRITICAL - 2024-11-25 02:13:30 --> [Caused by] CodeIgniter\Database\Exceptions\DatabaseException: Unknown column 'usuario_id' in 'where clause'
in SYSTEMPATH\Database\MySQLi\Connection.php on line 317.
 1 SYSTEMPATH\Database\BaseConnection.php(734): CodeIgniter\Database\MySQLi\Connection->execute()
 2 SYSTEMPATH\Database\BaseConnection.php(648): CodeIgniter\Database\BaseConnection->simpleQuery()
 3 SYSTEMPATH\Database\BaseBuilder.php(1644): CodeIgniter\Database\BaseConnection->query()
 4 SYSTEMPATH\Model.php(286): CodeIgniter\Database\BaseBuilder->get()
 5 SYSTEMPATH\BaseModel.php(676): CodeIgniter\Model->doFindAll()
 6 APPPATH\Models\CarritoModel.php(16): CodeIgniter\BaseModel->findAll()
 7 APPPATH\Controllers\Shopcar.php(19): App\Models\CarritoModel->getProductosCarrito()
 8 SYSTEMPATH\CodeIgniter.php(933): App\Controllers\Shopcar->index()
 9 SYSTEMPATH\CodeIgniter.php(509): CodeIgniter\CodeIgniter->runController()
10 SYSTEMPATH\CodeIgniter.php(355): CodeIgniter\CodeIgniter->handleRequest()
11 SYSTEMPATH\Boot.php(325): CodeIgniter\CodeIgniter->run()
12 SYSTEMPATH\Boot.php(67): CodeIgniter\Boot::runCodeIgniter()
13 FCPATH\index.php(56): CodeIgniter\Boot::bootWeb()
14 SYSTEMPATH\rewrite.php(44): require_once('C:\\Users\\usuario\\Desktop\\Pizza-nostra\\proyecto-pizzeria\\public\\index.php')
CRITICAL - 2024-11-25 02:13:30 --> [Caused by] mysqli_sql_exception: Unknown column 'usuario_id' in 'where clause'
in SYSTEMPATH\Database\MySQLi\Connection.php on line 312.
 1 SYSTEMPATH\Database\MySQLi\Connection.php(312): mysqli->query()
 2 SYSTEMPATH\Database\BaseConnection.php(734): CodeIgniter\Database\MySQLi\Connection->execute()
 3 SYSTEMPATH\Database\BaseConnection.php(648): CodeIgniter\Database\BaseConnection->simpleQuery()
 4 SYSTEMPATH\Database\BaseBuilder.php(1644): CodeIgniter\Database\BaseConnection->query()
 5 SYSTEMPATH\Model.php(286): CodeIgniter\Database\BaseBuilder->get()
 6 SYSTEMPATH\BaseModel.php(676): CodeIgniter\Model->doFindAll()
 7 APPPATH\Models\CarritoModel.php(16): CodeIgniter\BaseModel->findAll()
 8 APPPATH\Controllers\Shopcar.php(19): App\Models\CarritoModel->getProductosCarrito()
 9 SYSTEMPATH\CodeIgniter.php(933): App\Controllers\Shopcar->index()
10 SYSTEMPATH\CodeIgniter.php(509): CodeIgniter\CodeIgniter->runController()
11 SYSTEMPATH\CodeIgniter.php(355): CodeIgniter\CodeIgniter->handleRequest()
12 SYSTEMPATH\Boot.php(325): CodeIgniter\CodeIgniter->run()
13 SYSTEMPATH\Boot.php(67): CodeIgniter\Boot::runCodeIgniter()
14 FCPATH\index.php(56): CodeIgniter\Boot::bootWeb()
15 SYSTEMPATH\rewrite.php(44): require_once('C:\\Users\\usuario\\Desktop\\Pizza-nostra\\proyecto-pizzeria\\public\\index.php')
CRITICAL - 2024-11-25 02:43:37 --> Error: Object of class App\Models\PedidoModel could not be converted to string
[Method: GET, Route: recepcionPedidos]
in APPPATH\Controllers\RecepcionPedidos.php on line 11.
 1 SYSTEMPATH\CodeIgniter.php(933): App\Controllers\RecepcionPedidos->listarPedidos()
 2 SYSTEMPATH\CodeIgniter.php(509): CodeIgniter\CodeIgniter->runController()
 3 SYSTEMPATH\CodeIgniter.php(355): CodeIgniter\CodeIgniter->handleRequest()
 4 SYSTEMPATH\Boot.php(325): CodeIgniter\CodeIgniter->run()
 5 SYSTEMPATH\Boot.php(67): CodeIgniter\Boot::runCodeIgniter()
 6 FCPATH\index.php(56): CodeIgniter\Boot::bootWeb()
 7 SYSTEMPATH\rewrite.php(44): require_once('C:\\Users\\usuario\\Desktop\\Pizza-nostra\\proyecto-pizzeria\\public\\index.php')
CRITICAL - 2024-11-25 02:44:31 --> Error: Object of class App\Models\PedidoModel could not be converted to string
[Method: GET, Route: recepcionPedidos]
in APPPATH\Controllers\RecepcionPedidos.php on line 11.
 1 SYSTEMPATH\CodeIgniter.php(933): App\Controllers\RecepcionPedidos->listarPedidos()
 2 SYSTEMPATH\CodeIgniter.php(509): CodeIgniter\CodeIgniter->runController()
 3 SYSTEMPATH\CodeIgniter.php(355): CodeIgniter\CodeIgniter->handleRequest()
 4 SYSTEMPATH\Boot.php(325): CodeIgniter\CodeIgniter->run()
 5 SYSTEMPATH\Boot.php(67): CodeIgniter\Boot::runCodeIgniter()
 6 FCPATH\index.php(56): CodeIgniter\Boot::bootWeb()
 7 SYSTEMPATH\rewrite.php(44): require_once('C:\\Users\\usuario\\Desktop\\Pizza-nostra\\proyecto-pizzeria\\public\\index.php')
CRITICAL - 2024-11-25 02:44:31 --> Error: Object of class App\Models\PedidoModel could not be converted to string
[Method: GET, Route: recepcionPedidos]
in APPPATH\Controllers\RecepcionPedidos.php on line 11.
 1 SYSTEMPATH\CodeIgniter.php(933): App\Controllers\RecepcionPedidos->listarPedidos()
 2 SYSTEMPATH\CodeIgniter.php(509): CodeIgniter\CodeIgniter->runController()
 3 SYSTEMPATH\CodeIgniter.php(355): CodeIgniter\CodeIgniter->handleRequest()
 4 SYSTEMPATH\Boot.php(325): CodeIgniter\CodeIgniter->run()
 5 SYSTEMPATH\Boot.php(67): CodeIgniter\Boot::runCodeIgniter()
 6 FCPATH\index.php(56): CodeIgniter\Boot::bootWeb()
 7 SYSTEMPATH\rewrite.php(44): require_once('C:\\Users\\usuario\\Desktop\\Pizza-nostra\\proyecto-pizzeria\\public\\index.php')
CRITICAL - 2024-11-25 02:44:32 --> Error: Object of class App\Models\PedidoModel could not be converted to string
[Method: GET, Route: recepcionPedidos]
in APPPATH\Controllers\RecepcionPedidos.php on line 11.
 1 SYSTEMPATH\CodeIgniter.php(933): App\Controllers\RecepcionPedidos->listarPedidos()
 2 SYSTEMPATH\CodeIgniter.php(509): CodeIgniter\CodeIgniter->runController()
 3 SYSTEMPATH\CodeIgniter.php(355): CodeIgniter\CodeIgniter->handleRequest()
 4 SYSTEMPATH\Boot.php(325): CodeIgniter\CodeIgniter->run()
 5 SYSTEMPATH\Boot.php(67): CodeIgniter\Boot::runCodeIgniter()
 6 FCPATH\index.php(56): CodeIgniter\Boot::bootWeb()
 7 SYSTEMPATH\rewrite.php(44): require_once('C:\\Users\\usuario\\Desktop\\Pizza-nostra\\proyecto-pizzeria\\public\\index.php')
CRITICAL - 2024-11-25 02:44:32 --> Error: Object of class App\Models\PedidoModel could not be converted to string
[Method: GET, Route: recepcionPedidos]
in APPPATH\Controllers\RecepcionPedidos.php on line 11.
 1 SYSTEMPATH\CodeIgniter.php(933): App\Controllers\RecepcionPedidos->listarPedidos()
 2 SYSTEMPATH\CodeIgniter.php(509): CodeIgniter\CodeIgniter->runController()
 3 SYSTEMPATH\CodeIgniter.php(355): CodeIgniter\CodeIgniter->handleRequest()
 4 SYSTEMPATH\Boot.php(325): CodeIgniter\CodeIgniter->run()
 5 SYSTEMPATH\Boot.php(67): CodeIgniter\Boot::runCodeIgniter()
 6 FCPATH\index.php(56): CodeIgniter\Boot::bootWeb()
 7 SYSTEMPATH\rewrite.php(44): require_once('C:\\Users\\usuario\\Desktop\\Pizza-nostra\\proyecto-pizzeria\\public\\index.php')
CRITICAL - 2024-11-25 02:44:32 --> Error: Object of class App\Models\PedidoModel could not be converted to string
[Method: GET, Route: recepcionPedidos]
in APPPATH\Controllers\RecepcionPedidos.php on line 11.
 1 SYSTEMPATH\CodeIgniter.php(933): App\Controllers\RecepcionPedidos->listarPedidos()
 2 SYSTEMPATH\CodeIgniter.php(509): CodeIgniter\CodeIgniter->runController()
 3 SYSTEMPATH\CodeIgniter.php(355): CodeIgniter\CodeIgniter->handleRequest()
 4 SYSTEMPATH\Boot.php(325): CodeIgniter\CodeIgniter->run()
 5 SYSTEMPATH\Boot.php(67): CodeIgniter\Boot::runCodeIgniter()
 6 FCPATH\index.php(56): CodeIgniter\Boot::bootWeb()
 7 SYSTEMPATH\rewrite.php(44): require_once('C:\\Users\\usuario\\Desktop\\Pizza-nostra\\proyecto-pizzeria\\public\\index.php')
CRITICAL - 2024-11-25 02:44:32 --> Error: Object of class App\Models\PedidoModel could not be converted to string
[Method: GET, Route: recepcionPedidos]
in APPPATH\Controllers\RecepcionPedidos.php on line 11.
 1 SYSTEMPATH\CodeIgniter.php(933): App\Controllers\RecepcionPedidos->listarPedidos()
 2 SYSTEMPATH\CodeIgniter.php(509): CodeIgniter\CodeIgniter->runController()
 3 SYSTEMPATH\CodeIgniter.php(355): CodeIgniter\CodeIgniter->handleRequest()
 4 SYSTEMPATH\Boot.php(325): CodeIgniter\CodeIgniter->run()
 5 SYSTEMPATH\Boot.php(67): CodeIgniter\Boot::runCodeIgniter()
 6 FCPATH\index.php(56): CodeIgniter\Boot::bootWeb()
 7 SYSTEMPATH\rewrite.php(44): require_once('C:\\Users\\usuario\\Desktop\\Pizza-nostra\\proyecto-pizzeria\\public\\index.php')
CRITICAL - 2024-11-25 02:49:29 --> Error: Object of class App\Models\PedidoModel could not be converted to string
[Method: GET, Route: recepcionPedidos]
in APPPATH\Controllers\RecepcionPedidos.php on line 11.
 1 SYSTEMPATH\CodeIgniter.php(933): App\Controllers\RecepcionPedidos->listarPedidos()
 2 SYSTEMPATH\CodeIgniter.php(509): CodeIgniter\CodeIgniter->runController()
 3 SYSTEMPATH\CodeIgniter.php(355): CodeIgniter\CodeIgniter->handleRequest()
 4 SYSTEMPATH\Boot.php(325): CodeIgniter\CodeIgniter->run()
 5 SYSTEMPATH\Boot.php(67): CodeIgniter\Boot::runCodeIgniter()
 6 FCPATH\index.php(56): CodeIgniter\Boot::bootWeb()
 7 SYSTEMPATH\rewrite.php(44): require_once('C:\\Users\\usuario\\Desktop\\Pizza-nostra\\proyecto-pizzeria\\public\\index.php')
CRITICAL - 2024-11-25 02:49:29 --> Error: Object of class App\Models\PedidoModel could not be converted to string
[Method: GET, Route: recepcionPedidos]
in APPPATH\Controllers\RecepcionPedidos.php on line 11.
 1 SYSTEMPATH\CodeIgniter.php(933): App\Controllers\RecepcionPedidos->listarPedidos()
 2 SYSTEMPATH\CodeIgniter.php(509): CodeIgniter\CodeIgniter->runController()
 3 SYSTEMPATH\CodeIgniter.php(355): CodeIgniter\CodeIgniter->handleRequest()
 4 SYSTEMPATH\Boot.php(325): CodeIgniter\CodeIgniter->run()
 5 SYSTEMPATH\Boot.php(67): CodeIgniter\Boot::runCodeIgniter()
 6 FCPATH\index.php(56): CodeIgniter\Boot::bootWeb()
 7 SYSTEMPATH\rewrite.php(44): require_once('C:\\Users\\usuario\\Desktop\\Pizza-nostra\\proyecto-pizzeria\\public\\index.php')
CRITICAL - 2024-11-25 02:49:29 --> Error: Object of class App\Models\PedidoModel could not be converted to string
[Method: GET, Route: recepcionPedidos]
in APPPATH\Controllers\RecepcionPedidos.php on line 11.
 1 SYSTEMPATH\CodeIgniter.php(933): App\Controllers\RecepcionPedidos->listarPedidos()
 2 SYSTEMPATH\CodeIgniter.php(509): CodeIgniter\CodeIgniter->runController()
 3 SYSTEMPATH\CodeIgniter.php(355): CodeIgniter\CodeIgniter->handleRequest()
 4 SYSTEMPATH\Boot.php(325): CodeIgniter\CodeIgniter->run()
 5 SYSTEMPATH\Boot.php(67): CodeIgniter\Boot::runCodeIgniter()
 6 FCPATH\index.php(56): CodeIgniter\Boot::bootWeb()
 7 SYSTEMPATH\rewrite.php(44): require_once('C:\\Users\\usuario\\Desktop\\Pizza-nostra\\proyecto-pizzeria\\public\\index.php')
CRITICAL - 2024-11-25 02:49:29 --> Error: Object of class App\Models\PedidoModel could not be converted to string
[Method: GET, Route: recepcionPedidos]
in APPPATH\Controllers\RecepcionPedidos.php on line 11.
 1 SYSTEMPATH\CodeIgniter.php(933): App\Controllers\RecepcionPedidos->listarPedidos()
 2 SYSTEMPATH\CodeIgniter.php(509): CodeIgniter\CodeIgniter->runController()
 3 SYSTEMPATH\CodeIgniter.php(355): CodeIgniter\CodeIgniter->handleRequest()
 4 SYSTEMPATH\Boot.php(325): CodeIgniter\CodeIgniter->run()
 5 SYSTEMPATH\Boot.php(67): CodeIgniter\Boot::runCodeIgniter()
 6 FCPATH\index.php(56): CodeIgniter\Boot::bootWeb()
 7 SYSTEMPATH\rewrite.php(44): require_once('C:\\Users\\usuario\\Desktop\\Pizza-nostra\\proyecto-pizzeria\\public\\index.php')
CRITICAL - 2024-11-25 02:49:29 --> Error: Object of class App\Models\PedidoModel could not be converted to string
[Method: GET, Route: recepcionPedidos]
in APPPATH\Controllers\RecepcionPedidos.php on line 11.
 1 SYSTEMPATH\CodeIgniter.php(933): App\Controllers\RecepcionPedidos->listarPedidos()
 2 SYSTEMPATH\CodeIgniter.php(509): CodeIgniter\CodeIgniter->runController()
 3 SYSTEMPATH\CodeIgniter.php(355): CodeIgniter\CodeIgniter->handleRequest()
 4 SYSTEMPATH\Boot.php(325): CodeIgniter\CodeIgniter->run()
 5 SYSTEMPATH\Boot.php(67): CodeIgniter\Boot::runCodeIgniter()
 6 FCPATH\index.php(56): CodeIgniter\Boot::bootWeb()
 7 SYSTEMPATH\rewrite.php(44): require_once('C:\\Users\\usuario\\Desktop\\Pizza-nostra\\proyecto-pizzeria\\public\\index.php')
CRITICAL - 2024-11-25 02:49:30 --> Error: Object of class App\Models\PedidoModel could not be converted to string
[Method: GET, Route: recepcionPedidos]
in APPPATH\Controllers\RecepcionPedidos.php on line 11.
 1 SYSTEMPATH\CodeIgniter.php(933): App\Controllers\RecepcionPedidos->listarPedidos()
 2 SYSTEMPATH\CodeIgniter.php(509): CodeIgniter\CodeIgniter->runController()
 3 SYSTEMPATH\CodeIgniter.php(355): CodeIgniter\CodeIgniter->handleRequest()
 4 SYSTEMPATH\Boot.php(325): CodeIgniter\CodeIgniter->run()
 5 SYSTEMPATH\Boot.php(67): CodeIgniter\Boot::runCodeIgniter()
 6 FCPATH\index.php(56): CodeIgniter\Boot::bootWeb()
 7 SYSTEMPATH\rewrite.php(44): require_once('C:\\Users\\usuario\\Desktop\\Pizza-nostra\\proyecto-pizzeria\\public\\index.php')
CRITICAL - 2024-11-25 02:49:30 --> Error: Object of class App\Models\PedidoModel could not be converted to string
[Method: GET, Route: recepcionPedidos]
in APPPATH\Controllers\RecepcionPedidos.php on line 11.
 1 SYSTEMPATH\CodeIgniter.php(933): App\Controllers\RecepcionPedidos->listarPedidos()
 2 SYSTEMPATH\CodeIgniter.php(509): CodeIgniter\CodeIgniter->runController()
 3 SYSTEMPATH\CodeIgniter.php(355): CodeIgniter\CodeIgniter->handleRequest()
 4 SYSTEMPATH\Boot.php(325): CodeIgniter\CodeIgniter->run()
 5 SYSTEMPATH\Boot.php(67): CodeIgniter\Boot::runCodeIgniter()
 6 FCPATH\index.php(56): CodeIgniter\Boot::bootWeb()
 7 SYSTEMPATH\rewrite.php(44): require_once('C:\\Users\\usuario\\Desktop\\Pizza-nostra\\proyecto-pizzeria\\public\\index.php')
CRITICAL - 2024-11-25 02:52:50 --> Error: Object of class App\Models\PedidoModel could not be converted to string
[Method: GET, Route: recepcionPedidos]
in APPPATH\Controllers\RecepcionPedidos.php on line 11.
 1 SYSTEMPATH\CodeIgniter.php(933): App\Controllers\RecepcionPedidos->listarPedidos()
 2 SYSTEMPATH\CodeIgniter.php(509): CodeIgniter\CodeIgniter->runController()
 3 SYSTEMPATH\CodeIgniter.php(355): CodeIgniter\CodeIgniter->handleRequest()
 4 SYSTEMPATH\Boot.php(325): CodeIgniter\CodeIgniter->run()
 5 SYSTEMPATH\Boot.php(67): CodeIgniter\Boot::runCodeIgniter()
 6 FCPATH\index.php(56): CodeIgniter\Boot::bootWeb()
 7 SYSTEMPATH\rewrite.php(44): require_once('C:\\Users\\usuario\\Desktop\\Pizza-nostra\\proyecto-pizzeria\\public\\index.php')
CRITICAL - 2024-11-25 03:03:14 --> Error: Object of class App\Models\PedidoModel could not be converted to string
[Method: GET, Route: recepcionPedidos]
in APPPATH\Controllers\RecepcionPedidos.php on line 11.
 1 SYSTEMPATH\CodeIgniter.php(933): App\Controllers\RecepcionPedidos->listarPedidos()
 2 SYSTEMPATH\CodeIgniter.php(509): CodeIgniter\CodeIgniter->runController()
 3 SYSTEMPATH\CodeIgniter.php(355): CodeIgniter\CodeIgniter->handleRequest()
 4 SYSTEMPATH\Boot.php(325): CodeIgniter\CodeIgniter->run()
 5 SYSTEMPATH\Boot.php(67): CodeIgniter\Boot::runCodeIgniter()
 6 FCPATH\index.php(56): CodeIgniter\Boot::bootWeb()
 7 SYSTEMPATH\rewrite.php(44): require_once('C:\\Users\\usuario\\Desktop\\Pizza-nostra\\proyecto-pizzeria\\public\\index.php')
CRITICAL - 2024-11-25 03:03:15 --> Error: Object of class App\Models\PedidoModel could not be converted to string
[Method: GET, Route: recepcionPedidos]
in APPPATH\Controllers\RecepcionPedidos.php on line 11.
 1 SYSTEMPATH\CodeIgniter.php(933): App\Controllers\RecepcionPedidos->listarPedidos()
 2 SYSTEMPATH\CodeIgniter.php(509): CodeIgniter\CodeIgniter->runController()
 3 SYSTEMPATH\CodeIgniter.php(355): CodeIgniter\CodeIgniter->handleRequest()
 4 SYSTEMPATH\Boot.php(325): CodeIgniter\CodeIgniter->run()
 5 SYSTEMPATH\Boot.php(67): CodeIgniter\Boot::runCodeIgniter()
 6 FCPATH\index.php(56): CodeIgniter\Boot::bootWeb()
 7 SYSTEMPATH\rewrite.php(44): require_once('C:\\Users\\usuario\\Desktop\\Pizza-nostra\\proyecto-pizzeria\\public\\index.php')
CRITICAL - 2024-11-25 03:03:15 --> Error: Object of class App\Models\PedidoModel could not be converted to string
[Method: GET, Route: recepcionPedidos]
in APPPATH\Controllers\RecepcionPedidos.php on line 11.
 1 SYSTEMPATH\CodeIgniter.php(933): App\Controllers\RecepcionPedidos->listarPedidos()
 2 SYSTEMPATH\CodeIgniter.php(509): CodeIgniter\CodeIgniter->runController()
 3 SYSTEMPATH\CodeIgniter.php(355): CodeIgniter\CodeIgniter->handleRequest()
 4 SYSTEMPATH\Boot.php(325): CodeIgniter\CodeIgniter->run()
 5 SYSTEMPATH\Boot.php(67): CodeIgniter\Boot::runCodeIgniter()
 6 FCPATH\index.php(56): CodeIgniter\Boot::bootWeb()
 7 SYSTEMPATH\rewrite.php(44): require_once('C:\\Users\\usuario\\Desktop\\Pizza-nostra\\proyecto-pizzeria\\public\\index.php')
CRITICAL - 2024-11-25 03:03:15 --> Error: Object of class App\Models\PedidoModel could not be converted to string
[Method: GET, Route: recepcionPedidos]
in APPPATH\Controllers\RecepcionPedidos.php on line 11.
 1 SYSTEMPATH\CodeIgniter.php(933): App\Controllers\RecepcionPedidos->listarPedidos()
 2 SYSTEMPATH\CodeIgniter.php(509): CodeIgniter\CodeIgniter->runController()
 3 SYSTEMPATH\CodeIgniter.php(355): CodeIgniter\CodeIgniter->handleRequest()
 4 SYSTEMPATH\Boot.php(325): CodeIgniter\CodeIgniter->run()
 5 SYSTEMPATH\Boot.php(67): CodeIgniter\Boot::runCodeIgniter()
 6 FCPATH\index.php(56): CodeIgniter\Boot::bootWeb()
 7 SYSTEMPATH\rewrite.php(44): require_once('C:\\Users\\usuario\\Desktop\\Pizza-nostra\\proyecto-pizzeria\\public\\index.php')
CRITICAL - 2024-11-25 03:03:15 --> Error: Object of class App\Models\PedidoModel could not be converted to string
[Method: GET, Route: recepcionPedidos]
in APPPATH\Controllers\RecepcionPedidos.php on line 11.
 1 SYSTEMPATH\CodeIgniter.php(933): App\Controllers\RecepcionPedidos->listarPedidos()
 2 SYSTEMPATH\CodeIgniter.php(509): CodeIgniter\CodeIgniter->runController()
 3 SYSTEMPATH\CodeIgniter.php(355): CodeIgniter\CodeIgniter->handleRequest()
 4 SYSTEMPATH\Boot.php(325): CodeIgniter\CodeIgniter->run()
 5 SYSTEMPATH\Boot.php(67): CodeIgniter\Boot::runCodeIgniter()
 6 FCPATH\index.php(56): CodeIgniter\Boot::bootWeb()
 7 SYSTEMPATH\rewrite.php(44): require_once('C:\\Users\\usuario\\Desktop\\Pizza-nostra\\proyecto-pizzeria\\public\\index.php')
CRITICAL - 2024-11-25 03:03:15 --> Error: Object of class App\Models\PedidoModel could not be converted to string
[Method: GET, Route: recepcionPedidos]
in APPPATH\Controllers\RecepcionPedidos.php on line 11.
 1 SYSTEMPATH\CodeIgniter.php(933): App\Controllers\RecepcionPedidos->listarPedidos()
 2 SYSTEMPATH\CodeIgniter.php(509): CodeIgniter\CodeIgniter->runController()
 3 SYSTEMPATH\CodeIgniter.php(355): CodeIgniter\CodeIgniter->handleRequest()
 4 SYSTEMPATH\Boot.php(325): CodeIgniter\CodeIgniter->run()
 5 SYSTEMPATH\Boot.php(67): CodeIgniter\Boot::runCodeIgniter()
 6 FCPATH\index.php(56): CodeIgniter\Boot::bootWeb()
 7 SYSTEMPATH\rewrite.php(44): require_once('C:\\Users\\usuario\\Desktop\\Pizza-nostra\\proyecto-pizzeria\\public\\index.php')
CRITICAL - 2024-11-25 03:03:16 --> Error: Object of class App\Models\PedidoModel could not be converted to string
[Method: GET, Route: recepcionPedidos]
in APPPATH\Controllers\RecepcionPedidos.php on line 11.
 1 SYSTEMPATH\CodeIgniter.php(933): App\Controllers\RecepcionPedidos->listarPedidos()
 2 SYSTEMPATH\CodeIgniter.php(509): CodeIgniter\CodeIgniter->runController()
 3 SYSTEMPATH\CodeIgniter.php(355): CodeIgniter\CodeIgniter->handleRequest()
 4 SYSTEMPATH\Boot.php(325): CodeIgniter\CodeIgniter->run()
 5 SYSTEMPATH\Boot.php(67): CodeIgniter\Boot::runCodeIgniter()
 6 FCPATH\index.php(56): CodeIgniter\Boot::bootWeb()
 7 SYSTEMPATH\rewrite.php(44): require_once('C:\\Users\\usuario\\Desktop\\Pizza-nostra\\proyecto-pizzeria\\public\\index.php')
CRITICAL - 2024-11-25 03:04:06 --> Error: Object of class App\Models\PedidoModel could not be converted to string
[Method: GET, Route: recepcionPedidos]
in APPPATH\Controllers\RecepcionPedidos.php on line 11.
 1 SYSTEMPATH\CodeIgniter.php(933): App\Controllers\RecepcionPedidos->listarPedidos()
 2 SYSTEMPATH\CodeIgniter.php(509): CodeIgniter\CodeIgniter->runController()
 3 SYSTEMPATH\CodeIgniter.php(355): CodeIgniter\CodeIgniter->handleRequest()
 4 SYSTEMPATH\Boot.php(325): CodeIgniter\CodeIgniter->run()
 5 SYSTEMPATH\Boot.php(67): CodeIgniter\Boot::runCodeIgniter()
 6 FCPATH\index.php(56): CodeIgniter\Boot::bootWeb()
 7 SYSTEMPATH\rewrite.php(44): require_once('C:\\Users\\usuario\\Desktop\\Pizza-nostra\\proyecto-pizzeria\\public\\index.php')
CRITICAL - 2024-11-25 03:04:06 --> Error: Object of class App\Models\PedidoModel could not be converted to string
[Method: GET, Route: recepcionPedidos]
in APPPATH\Controllers\RecepcionPedidos.php on line 11.
 1 SYSTEMPATH\CodeIgniter.php(933): App\Controllers\RecepcionPedidos->listarPedidos()
 2 SYSTEMPATH\CodeIgniter.php(509): CodeIgniter\CodeIgniter->runController()
 3 SYSTEMPATH\CodeIgniter.php(355): CodeIgniter\CodeIgniter->handleRequest()
 4 SYSTEMPATH\Boot.php(325): CodeIgniter\CodeIgniter->run()
 5 SYSTEMPATH\Boot.php(67): CodeIgniter\Boot::runCodeIgniter()
 6 FCPATH\index.php(56): CodeIgniter\Boot::bootWeb()
 7 SYSTEMPATH\rewrite.php(44): require_once('C:\\Users\\usuario\\Desktop\\Pizza-nostra\\proyecto-pizzeria\\public\\index.php')
CRITICAL - 2024-11-25 03:04:07 --> Error: Object of class App\Models\PedidoModel could not be converted to string
[Method: GET, Route: recepcionPedidos]
in APPPATH\Controllers\RecepcionPedidos.php on line 11.
 1 SYSTEMPATH\CodeIgniter.php(933): App\Controllers\RecepcionPedidos->listarPedidos()
 2 SYSTEMPATH\CodeIgniter.php(509): CodeIgniter\CodeIgniter->runController()
 3 SYSTEMPATH\CodeIgniter.php(355): CodeIgniter\CodeIgniter->handleRequest()
 4 SYSTEMPATH\Boot.php(325): CodeIgniter\CodeIgniter->run()
 5 SYSTEMPATH\Boot.php(67): CodeIgniter\Boot::runCodeIgniter()
 6 FCPATH\index.php(56): CodeIgniter\Boot::bootWeb()
 7 SYSTEMPATH\rewrite.php(44): require_once('C:\\Users\\usuario\\Desktop\\Pizza-nostra\\proyecto-pizzeria\\public\\index.php')
CRITICAL - 2024-11-25 03:04:07 --> Error: Object of class App\Models\PedidoModel could not be converted to string
[Method: GET, Route: recepcionPedidos]
in APPPATH\Controllers\RecepcionPedidos.php on line 11.
 1 SYSTEMPATH\CodeIgniter.php(933): App\Controllers\RecepcionPedidos->listarPedidos()
 2 SYSTEMPATH\CodeIgniter.php(509): CodeIgniter\CodeIgniter->runController()
 3 SYSTEMPATH\CodeIgniter.php(355): CodeIgniter\CodeIgniter->handleRequest()
 4 SYSTEMPATH\Boot.php(325): CodeIgniter\CodeIgniter->run()
 5 SYSTEMPATH\Boot.php(67): CodeIgniter\Boot::runCodeIgniter()
 6 FCPATH\index.php(56): CodeIgniter\Boot::bootWeb()
 7 SYSTEMPATH\rewrite.php(44): require_once('C:\\Users\\usuario\\Desktop\\Pizza-nostra\\proyecto-pizzeria\\public\\index.php')
CRITICAL - 2024-11-25 03:04:07 --> Error: Object of class App\Models\PedidoModel could not be converted to string
[Method: GET, Route: recepcionPedidos]
in APPPATH\Controllers\RecepcionPedidos.php on line 11.
 1 SYSTEMPATH\CodeIgniter.php(933): App\Controllers\RecepcionPedidos->listarPedidos()
 2 SYSTEMPATH\CodeIgniter.php(509): CodeIgniter\CodeIgniter->runController()
 3 SYSTEMPATH\CodeIgniter.php(355): CodeIgniter\CodeIgniter->handleRequest()
 4 SYSTEMPATH\Boot.php(325): CodeIgniter\CodeIgniter->run()
 5 SYSTEMPATH\Boot.php(67): CodeIgniter\Boot::runCodeIgniter()
 6 FCPATH\index.php(56): CodeIgniter\Boot::bootWeb()
 7 SYSTEMPATH\rewrite.php(44): require_once('C:\\Users\\usuario\\Desktop\\Pizza-nostra\\proyecto-pizzeria\\public\\index.php')
CRITICAL - 2024-11-25 03:04:10 --> Error: Object of class App\Models\PedidoModel could not be converted to string
[Method: GET, Route: recepcionPedidos]
in APPPATH\Controllers\RecepcionPedidos.php on line 11.
 1 SYSTEMPATH\CodeIgniter.php(933): App\Controllers\RecepcionPedidos->listarPedidos()
 2 SYSTEMPATH\CodeIgniter.php(509): CodeIgniter\CodeIgniter->runController()
 3 SYSTEMPATH\CodeIgniter.php(355): CodeIgniter\CodeIgniter->handleRequest()
 4 SYSTEMPATH\Boot.php(325): CodeIgniter\CodeIgniter->run()
 5 SYSTEMPATH\Boot.php(67): CodeIgniter\Boot::runCodeIgniter()
 6 FCPATH\index.php(56): CodeIgniter\Boot::bootWeb()
 7 SYSTEMPATH\rewrite.php(44): require_once('C:\\Users\\usuario\\Desktop\\Pizza-nostra\\proyecto-pizzeria\\public\\index.php')
INFO - 2024-11-25 03:06:44 --> Session: Class initialized using 'CodeIgniter\Session\Handlers\FileHandler' driver.
INFO - 2024-11-25 03:08:39 --> Session: Class initialized using 'CodeIgniter\Session\Handlers\FileHandler' driver.
INFO - 2024-11-25 03:09:17 --> Session: Class initialized using 'CodeIgniter\Session\Handlers\FileHandler' driver.
INFO - 2024-11-25 03:09:54 --> Session: Class initialized using 'CodeIgniter\Session\Handlers\FileHandler' driver.
INFO - 2024-11-25 03:09:55 --> Session: Class initialized using 'CodeIgniter\Session\Handlers\FileHandler' driver.
INFO - 2024-11-25 03:09:55 --> Session: Class initialized using 'CodeIgniter\Session\Handlers\FileHandler' driver.
INFO - 2024-11-25 03:09:56 --> Session: Class initialized using 'CodeIgniter\Session\Handlers\FileHandler' driver.
INFO - 2024-11-25 03:09:56 --> Session: Class initialized using 'CodeIgniter\Session\Handlers\FileHandler' driver.
INFO - 2024-11-25 03:12:26 --> Session: Class initialized using 'CodeIgniter\Session\Handlers\FileHandler' driver.
INFO - 2024-11-25 03:13:27 --> Session: Class initialized using 'CodeIgniter\Session\Handlers\FileHandler' driver.
INFO - 2024-11-25 03:14:43 --> Session: Class initialized using 'CodeIgniter\Session\Handlers\FileHandler' driver.
INFO - 2024-11-25 03:16:46 --> Session: Class initialized using 'CodeIgniter\Session\Handlers\FileHandler' driver.
INFO - 2024-11-25 03:18:29 --> Session: Class initialized using 'CodeIgniter\Session\Handlers\FileHandler' driver.
INFO - 2024-11-25 03:21:54 --> Session: Class initialized using 'CodeIgniter\Session\Handlers\FileHandler' driver.
INFO - 2024-11-25 03:25:54 --> Session: Class initialized using 'CodeIgniter\Session\Handlers\FileHandler' driver.
INFO - 2024-11-25 03:26:49 --> Session: Class initialized using 'CodeIgniter\Session\Handlers\FileHandler' driver.
INFO - 2024-11-25 03:28:06 --> Session: Class initialized using 'CodeIgniter\Session\Handlers\FileHandler' driver.
INFO - 2024-11-25 03:28:35 --> Session: Class initialized using 'CodeIgniter\Session\Handlers\FileHandler' driver.
INFO - 2024-11-25 03:28:58 --> Session: Class initialized using 'CodeIgniter\Session\Handlers\FileHandler' driver.
INFO - 2024-11-25 03:29:10 --> Session: Class initialized using 'CodeIgniter\Session\Handlers\FileHandler' driver.
INFO - 2024-11-25 03:30:04 --> Session: Class initialized using 'CodeIgniter\Session\Handlers\FileHandler' driver.
INFO - 2024-11-25 03:30:54 --> Session: Class initialized using 'CodeIgniter\Session\Handlers\FileHandler' driver.
INFO - 2024-11-25 03:31:45 --> Session: Class initialized using 'CodeIgniter\Session\Handlers\FileHandler' driver.
INFO - 2024-11-25 03:32:14 --> Session: Class initialized using 'CodeIgniter\Session\Handlers\FileHandler' driver.
INFO - 2024-11-25 03:32:16 --> Session: Class initialized using 'CodeIgniter\Session\Handlers\FileHandler' driver.
INFO - 2024-11-25 03:32:16 --> Session: Class initialized using 'CodeIgniter\Session\Handlers\FileHandler' driver.
INFO - 2024-11-25 03:32:16 --> Session: Class initialized using 'CodeIgniter\Session\Handlers\FileHandler' driver.
INFO - 2024-11-25 03:32:26 --> Session: Class initialized using 'CodeIgniter\Session\Handlers\FileHandler' driver.
INFO - 2024-11-25 03:34:08 --> Session: Class initialized using 'CodeIgniter\Session\Handlers\FileHandler' driver.
INFO - 2024-11-25 03:34:31 --> Session: Class initialized using 'CodeIgniter\Session\Handlers\FileHandler' driver.
INFO - 2024-11-25 03:34:39 --> Session: Class initialized using 'CodeIgniter\Session\Handlers\FileHandler' driver.
INFO - 2024-11-25 03:34:49 --> Session: Class initialized using 'CodeIgniter\Session\Handlers\FileHandler' driver.
INFO - 2024-11-25 03:34:50 --> Session: Class initialized using 'CodeIgniter\Session\Handlers\FileHandler' driver.
INFO - 2024-11-25 03:34:50 --> Session: Class initialized using 'CodeIgniter\Session\Handlers\FileHandler' driver.
INFO - 2024-11-25 03:34:50 --> Session: Class initialized using 'CodeIgniter\Session\Handlers\FileHandler' driver.
INFO - 2024-11-25 03:35:01 --> Session: Class initialized using 'CodeIgniter\Session\Handlers\FileHandler' driver.
INFO - 2024-11-25 03:38:42 --> Session: Class initialized using 'CodeIgniter\Session\Handlers\FileHandler' driver.
CRITICAL - 2024-11-25 03:38:42 --> ErrorException: Undefined variable $chefs
[Method: GET, Route: recepcionPedidos]
in APPPATH\Views\recepcionPedidos.php on line 315.
 1 APPPATH\Views\recepcionPedidos.php(315): CodeIgniter\Debug\Exceptions->errorHandler()
 2 SYSTEMPATH\View\View.php(234): include('C:\\Users\\usuario\\Desktop\\Pizza-nostra\\proyecto-pizzeria\\app\\Views\\recepcionPedidos.php')
 3 SYSTEMPATH\View\View.php(237): CodeIgniter\View\View->CodeIgniter\View\{closure}()
 4 SYSTEMPATH\Common.php(1171): CodeIgniter\View\View->render()
 5 APPPATH\Controllers\RecepcionPedidos.php(18): view()
 6 SYSTEMPATH\CodeIgniter.php(933): App\Controllers\RecepcionPedidos->listarPedidos()
 7 SYSTEMPATH\CodeIgniter.php(509): CodeIgniter\CodeIgniter->runController()
 8 SYSTEMPATH\CodeIgniter.php(355): CodeIgniter\CodeIgniter->handleRequest()
 9 SYSTEMPATH\Boot.php(325): CodeIgniter\CodeIgniter->run()
10 SYSTEMPATH\Boot.php(67): CodeIgniter\Boot::runCodeIgniter()
11 FCPATH\index.php(56): CodeIgniter\Boot::bootWeb()
12 SYSTEMPATH\rewrite.php(44): require_once('C:\\Users\\usuario\\Desktop\\Pizza-nostra\\proyecto-pizzeria\\public\\index.php')
INFO - 2024-11-25 03:39:06 --> Session: Class initialized using 'CodeIgniter\Session\Handlers\FileHandler' driver.
CRITICAL - 2024-11-25 03:39:06 --> ErrorException: Undefined variable $chefs
[Method: GET, Route: recepcionPedidos]
in APPPATH\Views\recepcionPedidos.php on line 315.
 1 APPPATH\Views\recepcionPedidos.php(315): CodeIgniter\Debug\Exceptions->errorHandler()
 2 SYSTEMPATH\View\View.php(234): include('C:\\Users\\usuario\\Desktop\\Pizza-nostra\\proyecto-pizzeria\\app\\Views\\recepcionPedidos.php')
 3 SYSTEMPATH\View\View.php(237): CodeIgniter\View\View->CodeIgniter\View\{closure}()
 4 SYSTEMPATH\Common.php(1171): CodeIgniter\View\View->render()
 5 APPPATH\Controllers\RecepcionPedidos.php(18): view()
 6 SYSTEMPATH\CodeIgniter.php(933): App\Controllers\RecepcionPedidos->listarPedidos()
 7 SYSTEMPATH\CodeIgniter.php(509): CodeIgniter\CodeIgniter->runController()
 8 SYSTEMPATH\CodeIgniter.php(355): CodeIgniter\CodeIgniter->handleRequest()
 9 SYSTEMPATH\Boot.php(325): CodeIgniter\CodeIgniter->run()
10 SYSTEMPATH\Boot.php(67): CodeIgniter\Boot::runCodeIgniter()
11 FCPATH\index.php(56): CodeIgniter\Boot::bootWeb()
12 SYSTEMPATH\rewrite.php(44): require_once('C:\\Users\\usuario\\Desktop\\Pizza-nostra\\proyecto-pizzeria\\public\\index.php')
INFO - 2024-11-25 03:39:06 --> Session: Class initialized using 'CodeIgniter\Session\Handlers\FileHandler' driver.
CRITICAL - 2024-11-25 03:39:06 --> ErrorException: Undefined variable $chefs
[Method: GET, Route: recepcionPedidos]
in APPPATH\Views\recepcionPedidos.php on line 315.
 1 APPPATH\Views\recepcionPedidos.php(315): CodeIgniter\Debug\Exceptions->errorHandler()
 2 SYSTEMPATH\View\View.php(234): include('C:\\Users\\usuario\\Desktop\\Pizza-nostra\\proyecto-pizzeria\\app\\Views\\recepcionPedidos.php')
 3 SYSTEMPATH\View\View.php(237): CodeIgniter\View\View->CodeIgniter\View\{closure}()
 4 SYSTEMPATH\Common.php(1171): CodeIgniter\View\View->render()
 5 APPPATH\Controllers\RecepcionPedidos.php(18): view()
 6 SYSTEMPATH\CodeIgniter.php(933): App\Controllers\RecepcionPedidos->listarPedidos()
 7 SYSTEMPATH\CodeIgniter.php(509): CodeIgniter\CodeIgniter->runController()
 8 SYSTEMPATH\CodeIgniter.php(355): CodeIgniter\CodeIgniter->handleRequest()
 9 SYSTEMPATH\Boot.php(325): CodeIgniter\CodeIgniter->run()
10 SYSTEMPATH\Boot.php(67): CodeIgniter\Boot::runCodeIgniter()
11 FCPATH\index.php(56): CodeIgniter\Boot::bootWeb()
12 SYSTEMPATH\rewrite.php(44): require_once('C:\\Users\\usuario\\Desktop\\Pizza-nostra\\proyecto-pizzeria\\public\\index.php')
INFO - 2024-11-25 03:39:06 --> Session: Class initialized using 'CodeIgniter\Session\Handlers\FileHandler' driver.
CRITICAL - 2024-11-25 03:39:06 --> ErrorException: Undefined variable $chefs
[Method: GET, Route: recepcionPedidos]
in APPPATH\Views\recepcionPedidos.php on line 315.
 1 APPPATH\Views\recepcionPedidos.php(315): CodeIgniter\Debug\Exceptions->errorHandler()
 2 SYSTEMPATH\View\View.php(234): include('C:\\Users\\usuario\\Desktop\\Pizza-nostra\\proyecto-pizzeria\\app\\Views\\recepcionPedidos.php')
 3 SYSTEMPATH\View\View.php(237): CodeIgniter\View\View->CodeIgniter\View\{closure}()
 4 SYSTEMPATH\Common.php(1171): CodeIgniter\View\View->render()
 5 APPPATH\Controllers\RecepcionPedidos.php(18): view()
 6 SYSTEMPATH\CodeIgniter.php(933): App\Controllers\RecepcionPedidos->listarPedidos()
 7 SYSTEMPATH\CodeIgniter.php(509): CodeIgniter\CodeIgniter->runController()
 8 SYSTEMPATH\CodeIgniter.php(355): CodeIgniter\CodeIgniter->handleRequest()
 9 SYSTEMPATH\Boot.php(325): CodeIgniter\CodeIgniter->run()
10 SYSTEMPATH\Boot.php(67): CodeIgniter\Boot::runCodeIgniter()
11 FCPATH\index.php(56): CodeIgniter\Boot::bootWeb()
12 SYSTEMPATH\rewrite.php(44): require_once('C:\\Users\\usuario\\Desktop\\Pizza-nostra\\proyecto-pizzeria\\public\\index.php')
INFO - 2024-11-25 03:39:06 --> Session: Class initialized using 'CodeIgniter\Session\Handlers\FileHandler' driver.
CRITICAL - 2024-11-25 03:39:06 --> ErrorException: Undefined variable $chefs
[Method: GET, Route: recepcionPedidos]
in APPPATH\Views\recepcionPedidos.php on line 315.
 1 APPPATH\Views\recepcionPedidos.php(315): CodeIgniter\Debug\Exceptions->errorHandler()
 2 SYSTEMPATH\View\View.php(234): include('C:\\Users\\usuario\\Desktop\\Pizza-nostra\\proyecto-pizzeria\\app\\Views\\recepcionPedidos.php')
 3 SYSTEMPATH\View\View.php(237): CodeIgniter\View\View->CodeIgniter\View\{closure}()
 4 SYSTEMPATH\Common.php(1171): CodeIgniter\View\View->render()
 5 APPPATH\Controllers\RecepcionPedidos.php(18): view()
 6 SYSTEMPATH\CodeIgniter.php(933): App\Controllers\RecepcionPedidos->listarPedidos()
 7 SYSTEMPATH\CodeIgniter.php(509): CodeIgniter\CodeIgniter->runController()
 8 SYSTEMPATH\CodeIgniter.php(355): CodeIgniter\CodeIgniter->handleRequest()
 9 SYSTEMPATH\Boot.php(325): CodeIgniter\CodeIgniter->run()
10 SYSTEMPATH\Boot.php(67): CodeIgniter\Boot::runCodeIgniter()
11 FCPATH\index.php(56): CodeIgniter\Boot::bootWeb()
12 SYSTEMPATH\rewrite.php(44): require_once('C:\\Users\\usuario\\Desktop\\Pizza-nostra\\proyecto-pizzeria\\public\\index.php')
INFO - 2024-11-25 03:39:06 --> Session: Class initialized using 'CodeIgniter\Session\Handlers\FileHandler' driver.
CRITICAL - 2024-11-25 03:39:06 --> ErrorException: Undefined variable $chefs
[Method: GET, Route: recepcionPedidos]
in APPPATH\Views\recepcionPedidos.php on line 315.
 1 APPPATH\Views\recepcionPedidos.php(315): CodeIgniter\Debug\Exceptions->errorHandler()
 2 SYSTEMPATH\View\View.php(234): include('C:\\Users\\usuario\\Desktop\\Pizza-nostra\\proyecto-pizzeria\\app\\Views\\recepcionPedidos.php')
 3 SYSTEMPATH\View\View.php(237): CodeIgniter\View\View->CodeIgniter\View\{closure}()
 4 SYSTEMPATH\Common.php(1171): CodeIgniter\View\View->render()
 5 APPPATH\Controllers\RecepcionPedidos.php(18): view()
 6 SYSTEMPATH\CodeIgniter.php(933): App\Controllers\RecepcionPedidos->listarPedidos()
 7 SYSTEMPATH\CodeIgniter.php(509): CodeIgniter\CodeIgniter->runController()
 8 SYSTEMPATH\CodeIgniter.php(355): CodeIgniter\CodeIgniter->handleRequest()
 9 SYSTEMPATH\Boot.php(325): CodeIgniter\CodeIgniter->run()
10 SYSTEMPATH\Boot.php(67): CodeIgniter\Boot::runCodeIgniter()
11 FCPATH\index.php(56): CodeIgniter\Boot::bootWeb()
12 SYSTEMPATH\rewrite.php(44): require_once('C:\\Users\\usuario\\Desktop\\Pizza-nostra\\proyecto-pizzeria\\public\\index.php')
INFO - 2024-11-25 03:39:10 --> Session: Class initialized using 'CodeIgniter\Session\Handlers\FileHandler' driver.
INFO - 2024-11-25 03:40:13 --> Session: Class initialized using 'CodeIgniter\Session\Handlers\FileHandler' driver.
CRITICAL - 2024-11-25 03:40:13 --> ErrorException: Undefined variable $chefs
[Method: GET, Route: recepcionPedidos]
in APPPATH\Views\recepcionPedidos.php on line 96.
 1 APPPATH\Views\recepcionPedidos.php(96): CodeIgniter\Debug\Exceptions->errorHandler()
 2 SYSTEMPATH\View\View.php(234): include('C:\\Users\\usuario\\Desktop\\Pizza-nostra\\proyecto-pizzeria\\app\\Views\\recepcionPedidos.php')
 3 SYSTEMPATH\View\View.php(237): CodeIgniter\View\View->CodeIgniter\View\{closure}()
 4 SYSTEMPATH\Common.php(1171): CodeIgniter\View\View->render()
 5 APPPATH\Controllers\RecepcionPedidos.php(18): view()
 6 SYSTEMPATH\CodeIgniter.php(933): App\Controllers\RecepcionPedidos->listarPedidos()
 7 SYSTEMPATH\CodeIgniter.php(509): CodeIgniter\CodeIgniter->runController()
 8 SYSTEMPATH\CodeIgniter.php(355): CodeIgniter\CodeIgniter->handleRequest()
 9 SYSTEMPATH\Boot.php(325): CodeIgniter\CodeIgniter->run()
10 SYSTEMPATH\Boot.php(67): CodeIgniter\Boot::runCodeIgniter()
11 FCPATH\index.php(56): CodeIgniter\Boot::bootWeb()
12 SYSTEMPATH\rewrite.php(44): require_once('C:\\Users\\usuario\\Desktop\\Pizza-nostra\\proyecto-pizzeria\\public\\index.php')
INFO - 2024-11-25 04:05:37 --> Session: Class initialized using 'CodeIgniter\Session\Handlers\FileHandler' driver.
CRITICAL - 2024-11-25 04:05:37 --> ErrorException: Undefined variable $chefs
[Method: GET, Route: recepcionPedidos]
in APPPATH\Views\recepcionPedidos.php on line 96.
 1 APPPATH\Views\recepcionPedidos.php(96): CodeIgniter\Debug\Exceptions->errorHandler()
 2 SYSTEMPATH\View\View.php(234): include('C:\\Users\\usuario\\Desktop\\Pizza-nostra\\proyecto-pizzeria\\app\\Views\\recepcionPedidos.php')
 3 SYSTEMPATH\View\View.php(237): CodeIgniter\View\View->CodeIgniter\View\{closure}()
 4 SYSTEMPATH\Common.php(1171): CodeIgniter\View\View->render()
 5 APPPATH\Controllers\RecepcionPedidos.php(18): view()
 6 SYSTEMPATH\CodeIgniter.php(933): App\Controllers\RecepcionPedidos->listarPedidos()
 7 SYSTEMPATH\CodeIgniter.php(509): CodeIgniter\CodeIgniter->runController()
 8 SYSTEMPATH\CodeIgniter.php(355): CodeIgniter\CodeIgniter->handleRequest()
 9 SYSTEMPATH\Boot.php(325): CodeIgniter\CodeIgniter->run()
10 SYSTEMPATH\Boot.php(67): CodeIgniter\Boot::runCodeIgniter()
11 FCPATH\index.php(56): CodeIgniter\Boot::bootWeb()
12 SYSTEMPATH\rewrite.php(44): require_once('C:\\Users\\usuario\\Desktop\\Pizza-nostra\\proyecto-pizzeria\\public\\index.php')
INFO - 2024-11-25 04:09:03 --> Session: Class initialized using 'CodeIgniter\Session\Handlers\FileHandler' driver.
INFO - 2024-11-25 04:10:39 --> Session: Class initialized using 'CodeIgniter\Session\Handlers\FileHandler' driver.
INFO - 2024-11-25 04:11:06 --> Session: Class initialized using 'CodeIgniter\Session\Handlers\FileHandler' driver.
INFO - 2024-11-25 04:11:35 --> Session: Class initialized using 'CodeIgniter\Session\Handlers\FileHandler' driver.
INFO - 2024-11-25 04:12:04 --> Session: Class initialized using 'CodeIgniter\Session\Handlers\FileHandler' driver.
INFO - 2024-11-25 04:12:04 --> Session: Class initialized using 'CodeIgniter\Session\Handlers\FileHandler' driver.
INFO - 2024-11-25 04:12:05 --> Session: Class initialized using 'CodeIgniter\Session\Handlers\FileHandler' driver.
INFO - 2024-11-25 04:12:05 --> Session: Class initialized using 'CodeIgniter\Session\Handlers\FileHandler' driver.
INFO - 2024-11-25 04:14:40 --> Session: Class initialized using 'CodeIgniter\Session\Handlers\FileHandler' driver.
CRITICAL - 2024-11-25 04:14:40 --> ErrorException: Attempt to read property "id_pedido" on array
[Method: GET, Route: recepcionPedidos]
in APPPATH\Views\recepcionPedidos.php on line 319.
 1 APPPATH\Views\recepcionPedidos.php(319): CodeIgniter\Debug\Exceptions->errorHandler()
 2 SYSTEMPATH\View\View.php(234): include('C:\\Users\\usuario\\Desktop\\Pizza-nostra\\proyecto-pizzeria\\app\\Views\\recepcionPedidos.php')
 3 SYSTEMPATH\View\View.php(237): CodeIgniter\View\View->CodeIgniter\View\{closure}()
 4 SYSTEMPATH\Common.php(1171): CodeIgniter\View\View->render()
 5 APPPATH\Controllers\RecepcionPedidos.php(21): view()
 6 SYSTEMPATH\CodeIgniter.php(933): App\Controllers\RecepcionPedidos->listarPedidos()
 7 SYSTEMPATH\CodeIgniter.php(509): CodeIgniter\CodeIgniter->runController()
 8 SYSTEMPATH\CodeIgniter.php(355): CodeIgniter\CodeIgniter->handleRequest()
 9 SYSTEMPATH\Boot.php(325): CodeIgniter\CodeIgniter->run()
10 SYSTEMPATH\Boot.php(67): CodeIgniter\Boot::runCodeIgniter()
11 FCPATH\index.php(56): CodeIgniter\Boot::bootWeb()
12 SYSTEMPATH\rewrite.php(44): require_once('C:\\Users\\usuario\\Desktop\\Pizza-nostra\\proyecto-pizzeria\\public\\index.php')
INFO - 2024-11-25 04:14:41 --> Session: Class initialized using 'CodeIgniter\Session\Handlers\FileHandler' driver.
CRITICAL - 2024-11-25 04:14:41 --> ErrorException: Attempt to read property "id_pedido" on array
[Method: GET, Route: recepcionPedidos]
in APPPATH\Views\recepcionPedidos.php on line 319.
 1 APPPATH\Views\recepcionPedidos.php(319): CodeIgniter\Debug\Exceptions->errorHandler()
 2 SYSTEMPATH\View\View.php(234): include('C:\\Users\\usuario\\Desktop\\Pizza-nostra\\proyecto-pizzeria\\app\\Views\\recepcionPedidos.php')
 3 SYSTEMPATH\View\View.php(237): CodeIgniter\View\View->CodeIgniter\View\{closure}()
 4 SYSTEMPATH\Common.php(1171): CodeIgniter\View\View->render()
 5 APPPATH\Controllers\RecepcionPedidos.php(21): view()
 6 SYSTEMPATH\CodeIgniter.php(933): App\Controllers\RecepcionPedidos->listarPedidos()
 7 SYSTEMPATH\CodeIgniter.php(509): CodeIgniter\CodeIgniter->runController()
 8 SYSTEMPATH\CodeIgniter.php(355): CodeIgniter\CodeIgniter->handleRequest()
 9 SYSTEMPATH\Boot.php(325): CodeIgniter\CodeIgniter->run()
10 SYSTEMPATH\Boot.php(67): CodeIgniter\Boot::runCodeIgniter()
11 FCPATH\index.php(56): CodeIgniter\Boot::bootWeb()
12 SYSTEMPATH\rewrite.php(44): require_once('C:\\Users\\usuario\\Desktop\\Pizza-nostra\\proyecto-pizzeria\\public\\index.php')
INFO - 2024-11-25 04:14:41 --> Session: Class initialized using 'CodeIgniter\Session\Handlers\FileHandler' driver.
CRITICAL - 2024-11-25 04:14:41 --> ErrorException: Attempt to read property "id_pedido" on array
[Method: GET, Route: recepcionPedidos]
in APPPATH\Views\recepcionPedidos.php on line 319.
 1 APPPATH\Views\recepcionPedidos.php(319): CodeIgniter\Debug\Exceptions->errorHandler()
 2 SYSTEMPATH\View\View.php(234): include('C:\\Users\\usuario\\Desktop\\Pizza-nostra\\proyecto-pizzeria\\app\\Views\\recepcionPedidos.php')
 3 SYSTEMPATH\View\View.php(237): CodeIgniter\View\View->CodeIgniter\View\{closure}()
 4 SYSTEMPATH\Common.php(1171): CodeIgniter\View\View->render()
 5 APPPATH\Controllers\RecepcionPedidos.php(21): view()
 6 SYSTEMPATH\CodeIgniter.php(933): App\Controllers\RecepcionPedidos->listarPedidos()
 7 SYSTEMPATH\CodeIgniter.php(509): CodeIgniter\CodeIgniter->runController()
 8 SYSTEMPATH\CodeIgniter.php(355): CodeIgniter\CodeIgniter->handleRequest()
 9 SYSTEMPATH\Boot.php(325): CodeIgniter\CodeIgniter->run()
10 SYSTEMPATH\Boot.php(67): CodeIgniter\Boot::runCodeIgniter()
11 FCPATH\index.php(56): CodeIgniter\Boot::bootWeb()
12 SYSTEMPATH\rewrite.php(44): require_once('C:\\Users\\usuario\\Desktop\\Pizza-nostra\\proyecto-pizzeria\\public\\index.php')
INFO - 2024-11-25 04:14:41 --> Session: Class initialized using 'CodeIgniter\Session\Handlers\FileHandler' driver.
CRITICAL - 2024-11-25 04:14:41 --> ErrorException: Attempt to read property "id_pedido" on array
[Method: GET, Route: recepcionPedidos]
in APPPATH\Views\recepcionPedidos.php on line 319.
 1 APPPATH\Views\recepcionPedidos.php(319): CodeIgniter\Debug\Exceptions->errorHandler()
 2 SYSTEMPATH\View\View.php(234): include('C:\\Users\\usuario\\Desktop\\Pizza-nostra\\proyecto-pizzeria\\app\\Views\\recepcionPedidos.php')
 3 SYSTEMPATH\View\View.php(237): CodeIgniter\View\View->CodeIgniter\View\{closure}()
 4 SYSTEMPATH\Common.php(1171): CodeIgniter\View\View->render()
 5 APPPATH\Controllers\RecepcionPedidos.php(21): view()
 6 SYSTEMPATH\CodeIgniter.php(933): App\Controllers\RecepcionPedidos->listarPedidos()
 7 SYSTEMPATH\CodeIgniter.php(509): CodeIgniter\CodeIgniter->runController()
 8 SYSTEMPATH\CodeIgniter.php(355): CodeIgniter\CodeIgniter->handleRequest()
 9 SYSTEMPATH\Boot.php(325): CodeIgniter\CodeIgniter->run()
10 SYSTEMPATH\Boot.php(67): CodeIgniter\Boot::runCodeIgniter()
11 FCPATH\index.php(56): CodeIgniter\Boot::bootWeb()
12 SYSTEMPATH\rewrite.php(44): require_once('C:\\Users\\usuario\\Desktop\\Pizza-nostra\\proyecto-pizzeria\\public\\index.php')
INFO - 2024-11-25 04:14:57 --> Session: Class initialized using 'CodeIgniter\Session\Handlers\FileHandler' driver.
INFO - 2024-11-25 04:15:56 --> Session: Class initialized using 'CodeIgniter\Session\Handlers\FileHandler' driver.
INFO - 2024-11-25 04:15:57 --> Session: Class initialized using 'CodeIgniter\Session\Handlers\FileHandler' driver.
INFO - 2024-11-25 04:15:57 --> Session: Class initialized using 'CodeIgniter\Session\Handlers\FileHandler' driver.
INFO - 2024-11-25 04:17:39 --> Session: Class initialized using 'CodeIgniter\Session\Handlers\FileHandler' driver.
INFO - 2024-11-25 04:17:40 --> Session: Class initialized using 'CodeIgniter\Session\Handlers\FileHandler' driver.
INFO - 2024-11-25 04:17:40 --> Session: Class initialized using 'CodeIgniter\Session\Handlers\FileHandler' driver.
INFO - 2024-11-25 04:17:57 --> Session: Class initialized using 'CodeIgniter\Session\Handlers\FileHandler' driver.
INFO - 2024-11-25 04:17:58 --> Session: Class initialized using 'CodeIgniter\Session\Handlers\FileHandler' driver.
INFO - 2024-11-25 04:17:58 --> Session: Class initialized using 'CodeIgniter\Session\Handlers\FileHandler' driver.
INFO - 2024-11-25 04:17:58 --> Session: Class initialized using 'CodeIgniter\Session\Handlers\FileHandler' driver.
INFO - 2024-11-25 04:22:27 --> Session: Class initialized using 'CodeIgniter\Session\Handlers\FileHandler' driver.
INFO - 2024-11-25 04:29:30 --> Session: Class initialized using 'CodeIgniter\Session\Handlers\FileHandler' driver.
INFO - 2024-11-25 04:29:31 --> Session: Class initialized using 'CodeIgniter\Session\Handlers\FileHandler' driver.
INFO - 2024-11-25 04:29:46 --> Session: Class initialized using 'CodeIgniter\Session\Handlers\FileHandler' driver.
INFO - 2024-11-25 04:29:48 --> Session: Class initialized using 'CodeIgniter\Session\Handlers\FileHandler' driver.

INFO - 2024-11-25 15:23:46 --> Session: Class initialized using 'CodeIgniter\Session\Handlers\FileHandler' driver.
CRITICAL - 2024-11-25 15:23:46 --> ErrorException: Trying to access array offset on null
[Method: GET, Route: shopcar]
in APPPATH\Controllers\Shopcar.php on line 13.
 1 APPPATH\Controllers\Shopcar.php(13): CodeIgniter\Debug\Exceptions->errorHandler(2, 'Trying to access array offset on null', 'C:\\Users\\Andres Cortez\\Desktop\\Nostra Pizza Actual\\proyecto-pizzeria\\app\\Controllers\\Shopcar.php', 13)
 2 SYSTEMPATH\CodeIgniter.php(933): App\Controllers\Shopcar->index()
 3 SYSTEMPATH\CodeIgniter.php(509): CodeIgniter\CodeIgniter->runController(Object(App\Controllers\Shopcar))
 4 SYSTEMPATH\CodeIgniter.php(355): CodeIgniter\CodeIgniter->handleRequest(null, Object(Config\Cache), false)
 5 SYSTEMPATH\Boot.php(325): CodeIgniter\CodeIgniter->run()
 6 SYSTEMPATH\Boot.php(67): CodeIgniter\Boot::runCodeIgniter(Object(CodeIgniter\CodeIgniter))
 7 FCPATH\index.php(56): CodeIgniter\Boot::bootWeb(Object(Config\Paths))
 8 SYSTEMPATH\rewrite.php(44): require_once('C:\\Users\\Andres Cortez\\Desktop\\Nostra Pizza Actual\\proyecto-pizzeria\\public\\index.php')
INFO - 2024-11-25 15:23:50 --> Session: Class initialized using 'CodeIgniter\Session\Handlers\FileHandler' driver.
INFO - 2024-11-25 15:33:43 --> Session: Class initialized using 'CodeIgniter\Session\Handlers\FileHandler' driver.
CRITICAL - 2024-11-25 15:33:43 --> ErrorException: Trying to access array offset on null
[Method: GET, Route: shopcar]
in APPPATH\Controllers\Shopcar.php on line 13.
 1 APPPATH\Controllers\Shopcar.php(13): CodeIgniter\Debug\Exceptions->errorHandler(2, 'Trying to access array offset on null', 'C:\\Users\\Andres Cortez\\Desktop\\Nostra Pizza Actual\\proyecto-pizzeria\\app\\Controllers\\Shopcar.php', 13)
 2 SYSTEMPATH\CodeIgniter.php(933): App\Controllers\Shopcar->index()
 3 SYSTEMPATH\CodeIgniter.php(509): CodeIgniter\CodeIgniter->runController(Object(App\Controllers\Shopcar))
 4 SYSTEMPATH\CodeIgniter.php(355): CodeIgniter\CodeIgniter->handleRequest(null, Object(Config\Cache), false)
 5 SYSTEMPATH\Boot.php(325): CodeIgniter\CodeIgniter->run()
 6 SYSTEMPATH\Boot.php(67): CodeIgniter\Boot::runCodeIgniter(Object(CodeIgniter\CodeIgniter))
 7 FCPATH\index.php(56): CodeIgniter\Boot::bootWeb(Object(Config\Paths))
 8 SYSTEMPATH\rewrite.php(44): require_once('C:\\Users\\Andres Cortez\\Desktop\\Nostra Pizza Actual\\proyecto-pizzeria\\public\\index.php')
INFO - 2024-11-25 15:59:55 --> Session: Class initialized using 'CodeIgniter\Session\Handlers\FileHandler' driver.
CRITICAL - 2024-11-25 15:59:55 --> ErrorException: Trying to access array offset on null
[Method: GET, Route: shopcar]
in APPPATH\Controllers\Shopcar.php on line 13.
 1 APPPATH\Controllers\Shopcar.php(13): CodeIgniter\Debug\Exceptions->errorHandler(2, 'Trying to access array offset on null', 'C:\\Users\\Andres Cortez\\Desktop\\Nostra Pizza Actual\\proyecto-pizzeria\\app\\Controllers\\Shopcar.php', 13)
 2 SYSTEMPATH\CodeIgniter.php(933): App\Controllers\Shopcar->index()
 3 SYSTEMPATH\CodeIgniter.php(509): CodeIgniter\CodeIgniter->runController(Object(App\Controllers\Shopcar))
 4 SYSTEMPATH\CodeIgniter.php(355): CodeIgniter\CodeIgniter->handleRequest(null, Object(Config\Cache), false)
 5 SYSTEMPATH\Boot.php(325): CodeIgniter\CodeIgniter->run()
 6 SYSTEMPATH\Boot.php(67): CodeIgniter\Boot::runCodeIgniter(Object(CodeIgniter\CodeIgniter))
 7 FCPATH\index.php(56): CodeIgniter\Boot::bootWeb(Object(Config\Paths))
 8 SYSTEMPATH\rewrite.php(44): require_once('C:\\Users\\Andres Cortez\\Desktop\\Nostra Pizza Actual\\proyecto-pizzeria\\public\\index.php')
INFO - 2024-11-25 16:07:12 --> Session: Class initialized using 'CodeIgniter\Session\Handlers\FileHandler' driver.
CRITICAL - 2024-11-25 16:07:12 --> ErrorException: Trying to access array offset on null
[Method: GET, Route: shopcar]
in APPPATH\Controllers\Shopcar.php on line 13.
 1 APPPATH\Controllers\Shopcar.php(13): CodeIgniter\Debug\Exceptions->errorHandler(2, 'Trying to access array offset on null', 'C:\\Users\\Andres Cortez\\Desktop\\Nostra Pizza Actual\\proyecto-pizzeria\\app\\Controllers\\Shopcar.php', 13)
 2 SYSTEMPATH\CodeIgniter.php(933): App\Controllers\Shopcar->index()
 3 SYSTEMPATH\CodeIgniter.php(509): CodeIgniter\CodeIgniter->runController(Object(App\Controllers\Shopcar))
 4 SYSTEMPATH\CodeIgniter.php(355): CodeIgniter\CodeIgniter->handleRequest(null, Object(Config\Cache), false)
 5 SYSTEMPATH\Boot.php(325): CodeIgniter\CodeIgniter->run()
 6 SYSTEMPATH\Boot.php(67): CodeIgniter\Boot::runCodeIgniter(Object(CodeIgniter\CodeIgniter))
 7 FCPATH\index.php(56): CodeIgniter\Boot::bootWeb(Object(Config\Paths))
 8 SYSTEMPATH\rewrite.php(44): require_once('C:\\Users\\Andres Cortez\\Desktop\\Nostra Pizza Actual\\proyecto-pizzeria\\public\\index.php')
INFO - 2024-11-25 16:23:26 --> Session: Class initialized using 'CodeIgniter\Session\Handlers\FileHandler' driver.
INFO - 2024-11-25 16:27:48 --> Session: Class initialized using 'CodeIgniter\Session\Handlers\FileHandler' driver.
INFO - 2024-11-25 16:27:55 --> Session: Class initialized using 'CodeIgniter\Session\Handlers\FileHandler' driver.
ERROR - 2024-11-25 16:28:05 --> Error connecting to the database: mysqli_sql_exception: No se puede establecer una conexin ya que el equipo de destino deneg expresamente dicha conexin in E:\UNI\Arquitectura\proyecto-pizzeria\system\Database\MySQLi\Connection.php:186
Stack trace:
#0 E:\UNI\Arquitectura\proyecto-pizzeria\system\Database\MySQLi\Connection.php(186): mysqli->real_connect('localhost', 'root', Object(SensitiveParameterValue), 'nostra_pizza', 3307, '', 0)
#1 E:\UNI\Arquitectura\proyecto-pizzeria\system\Database\BaseConnection.php(421): CodeIgniter\Database\MySQLi\Connection->connect(false)
#2 E:\UNI\Arquitectura\proyecto-pizzeria\system\Database\BaseConnection.php(616): CodeIgniter\Database\BaseConnection->initialize()
#3 E:\UNI\Arquitectura\proyecto-pizzeria\system\Database\BaseBuilder.php(1644): CodeIgniter\Database\BaseConnection->query('SELECT *\nFROM `...', Array, false)
#4 E:\UNI\Arquitectura\proyecto-pizzeria\system\Model.php(330): CodeIgniter\Database\BaseBuilder->get()
#5 E:\UNI\Arquitectura\proyecto-pizzeria\system\BaseModel.php(714): CodeIgniter\Model->doFirst()
#6 E:\UNI\Arquitectura\proyecto-pizzeria\app\Controllers\Login.php(23): CodeIgniter\BaseModel->first()
#7 E:\UNI\Arquitectura\proyecto-pizzeria\system\CodeIgniter.php(933): App\Controllers\Login->authenticate()
#8 E:\UNI\Arquitectura\proyecto-pizzeria\system\CodeIgniter.php(509): CodeIgniter\CodeIgniter->runController(Object(App\Controllers\Login))
#9 E:\UNI\Arquitectura\proyecto-pizzeria\system\CodeIgniter.php(355): CodeIgniter\CodeIgniter->handleRequest(NULL, Object(Config\Cache), false)
#10 E:\UNI\Arquitectura\proyecto-pizzeria\system\Boot.php(325): CodeIgniter\CodeIgniter->run()
#11 E:\UNI\Arquitectura\proyecto-pizzeria\system\Boot.php(67): CodeIgniter\Boot::runCodeIgniter(Object(CodeIgniter\CodeIgniter))
#12 E:\UNI\Arquitectura\proyecto-pizzeria\public\index.php(56): CodeIgniter\Boot::bootWeb(Object(Config\Paths))
#13 E:\UNI\Arquitectura\proyecto-pizzeria\system\rewrite.php(44): require_once('E:\\UNI\\Arquitec...')
#14 {main}

Next CodeIgniter\Database\Exceptions\DatabaseException: No se puede establecer una conexin ya que el equipo de destino deneg expresamente dicha conexin in E:\UNI\Arquitectura\proyecto-pizzeria\system\Database\MySQLi\Connection.php:231
Stack trace:
#0 E:\UNI\Arquitectura\proyecto-pizzeria\system\Database\BaseConnection.php(421): CodeIgniter\Database\MySQLi\Connection->connect(false)
#1 E:\UNI\Arquitectura\proyecto-pizzeria\system\Database\BaseConnection.php(616): CodeIgniter\Database\BaseConnection->initialize()
#2 E:\UNI\Arquitectura\proyecto-pizzeria\system\Database\BaseBuilder.php(1644): CodeIgniter\Database\BaseConnection->query('SELECT *\nFROM `...', Array, false)
#3 E:\UNI\Arquitectura\proyecto-pizzeria\system\Model.php(330): CodeIgniter\Database\BaseBuilder->get()
#4 E:\UNI\Arquitectura\proyecto-pizzeria\system\BaseModel.php(714): CodeIgniter\Model->doFirst()
#5 E:\UNI\Arquitectura\proyecto-pizzeria\app\Controllers\Login.php(23): CodeIgniter\BaseModel->first()
#6 E:\UNI\Arquitectura\proyecto-pizzeria\system\CodeIgniter.php(933): App\Controllers\Login->authenticate()
#7 E:\UNI\Arquitectura\proyecto-pizzeria\system\CodeIgniter.php(509): CodeIgniter\CodeIgniter->runController(Object(App\Controllers\Login))
#8 E:\UNI\Arquitectura\proyecto-pizzeria\system\CodeIgniter.php(355): CodeIgniter\CodeIgniter->handleRequest(NULL, Object(Config\Cache), false)
#9 E:\UNI\Arquitectura\proyecto-pizzeria\system\Boot.php(325): CodeIgniter\CodeIgniter->run()
#10 E:\UNI\Arquitectura\proyecto-pizzeria\system\Boot.php(67): CodeIgniter\Boot::runCodeIgniter(Object(CodeIgniter\CodeIgniter))
#11 E:\UNI\Arquitectura\proyecto-pizzeria\public\index.php(56): CodeIgniter\Boot::bootWeb(Object(Config\Paths))
#12 E:\UNI\Arquitectura\proyecto-pizzeria\system\rewrite.php(44): require_once('E:\\UNI\\Arquitec...')
#13 {main}
CRITICAL - 2024-11-25 16:28:05 --> CodeIgniter\Database\Exceptions\DatabaseException: Unable to connect to the database.
Main connection [MySQLi]: No se puede establecer una conexin ya que el equipo de destino deneg expresamente dicha conexin
[Method: POST, Route: login/authenticate]
in SYSTEMPATH\Database\BaseConnection.php on line 467.
 1 SYSTEMPATH\Database\BaseConnection.php(616): CodeIgniter\Database\BaseConnection->initialize()
 2 SYSTEMPATH\Database\BaseBuilder.php(1644): CodeIgniter\Database\BaseConnection->query('SELECT *
FROM `usuario`
WHERE `correo` = :correo:
 LIMIT 1', [...], false)
 3 SYSTEMPATH\Model.php(330): CodeIgniter\Database\BaseBuilder->get()
 4 SYSTEMPATH\BaseModel.php(714): CodeIgniter\Model->doFirst()
 5 APPPATH\Controllers\Login.php(23): CodeIgniter\BaseModel->first()
 6 SYSTEMPATH\CodeIgniter.php(933): App\Controllers\Login->authenticate()
 7 SYSTEMPATH\CodeIgniter.php(509): CodeIgniter\CodeIgniter->runController(Object(App\Controllers\Login))
 8 SYSTEMPATH\CodeIgniter.php(355): CodeIgniter\CodeIgniter->handleRequest(null, Object(Config\Cache), false)
 9 SYSTEMPATH\Boot.php(325): CodeIgniter\CodeIgniter->run()
10 SYSTEMPATH\Boot.php(67): CodeIgniter\Boot::runCodeIgniter(Object(CodeIgniter\CodeIgniter))
11 FCPATH\index.php(56): CodeIgniter\Boot::bootWeb(Object(Config\Paths))
12 SYSTEMPATH\rewrite.php(44): require_once('E:\\UNI\\Arquitectura\\proyecto-pizzeria\\public\\index.php')
ERROR - 2024-11-25 16:28:09 --> Error connecting to the database: mysqli_sql_exception: No se puede establecer una conexin ya que el equipo de destino deneg expresamente dicha conexin in E:\UNI\Arquitectura\proyecto-pizzeria\system\Database\MySQLi\Connection.php:186
Stack trace:
#0 E:\UNI\Arquitectura\proyecto-pizzeria\system\Database\MySQLi\Connection.php(186): mysqli->real_connect('localhost', 'root', Object(SensitiveParameterValue), 'nostra_pizza', 3307, '', 0)
#1 E:\UNI\Arquitectura\proyecto-pizzeria\system\Database\BaseConnection.php(421): CodeIgniter\Database\MySQLi\Connection->connect(false)
#2 E:\UNI\Arquitectura\proyecto-pizzeria\system\Database\BaseConnection.php(616): CodeIgniter\Database\BaseConnection->initialize()
#3 E:\UNI\Arquitectura\proyecto-pizzeria\system\Database\BaseBuilder.php(1644): CodeIgniter\Database\BaseConnection->query('SELECT *\nFROM `...', Array, false)
#4 E:\UNI\Arquitectura\proyecto-pizzeria\system\Model.php(330): CodeIgniter\Database\BaseBuilder->get()
#5 E:\UNI\Arquitectura\proyecto-pizzeria\system\BaseModel.php(714): CodeIgniter\Model->doFirst()
#6 E:\UNI\Arquitectura\proyecto-pizzeria\app\Controllers\Login.php(23): CodeIgniter\BaseModel->first()
#7 E:\UNI\Arquitectura\proyecto-pizzeria\system\CodeIgniter.php(933): App\Controllers\Login->authenticate()
#8 E:\UNI\Arquitectura\proyecto-pizzeria\system\CodeIgniter.php(509): CodeIgniter\CodeIgniter->runController(Object(App\Controllers\Login))
#9 E:\UNI\Arquitectura\proyecto-pizzeria\system\CodeIgniter.php(355): CodeIgniter\CodeIgniter->handleRequest(NULL, Object(Config\Cache), false)
#10 E:\UNI\Arquitectura\proyecto-pizzeria\system\Boot.php(325): CodeIgniter\CodeIgniter->run()
#11 E:\UNI\Arquitectura\proyecto-pizzeria\system\Boot.php(67): CodeIgniter\Boot::runCodeIgniter(Object(CodeIgniter\CodeIgniter))
#12 E:\UNI\Arquitectura\proyecto-pizzeria\public\index.php(56): CodeIgniter\Boot::bootWeb(Object(Config\Paths))
#13 E:\UNI\Arquitectura\proyecto-pizzeria\system\rewrite.php(44): require_once('E:\\UNI\\Arquitec...')
#14 {main}

Next CodeIgniter\Database\Exceptions\DatabaseException: No se puede establecer una conexin ya que el equipo de destino deneg expresamente dicha conexin in E:\UNI\Arquitectura\proyecto-pizzeria\system\Database\MySQLi\Connection.php:231
Stack trace:
#0 E:\UNI\Arquitectura\proyecto-pizzeria\system\Database\BaseConnection.php(421): CodeIgniter\Database\MySQLi\Connection->connect(false)
#1 E:\UNI\Arquitectura\proyecto-pizzeria\system\Database\BaseConnection.php(616): CodeIgniter\Database\BaseConnection->initialize()
#2 E:\UNI\Arquitectura\proyecto-pizzeria\system\Database\BaseBuilder.php(1644): CodeIgniter\Database\BaseConnection->query('SELECT *\nFROM `...', Array, false)
#3 E:\UNI\Arquitectura\proyecto-pizzeria\system\Model.php(330): CodeIgniter\Database\BaseBuilder->get()
#4 E:\UNI\Arquitectura\proyecto-pizzeria\system\BaseModel.php(714): CodeIgniter\Model->doFirst()
#5 E:\UNI\Arquitectura\proyecto-pizzeria\app\Controllers\Login.php(23): CodeIgniter\BaseModel->first()
#6 E:\UNI\Arquitectura\proyecto-pizzeria\system\CodeIgniter.php(933): App\Controllers\Login->authenticate()
#7 E:\UNI\Arquitectura\proyecto-pizzeria\system\CodeIgniter.php(509): CodeIgniter\CodeIgniter->runController(Object(App\Controllers\Login))
#8 E:\UNI\Arquitectura\proyecto-pizzeria\system\CodeIgniter.php(355): CodeIgniter\CodeIgniter->handleRequest(NULL, Object(Config\Cache), false)
#9 E:\UNI\Arquitectura\proyecto-pizzeria\system\Boot.php(325): CodeIgniter\CodeIgniter->run()
#10 E:\UNI\Arquitectura\proyecto-pizzeria\system\Boot.php(67): CodeIgniter\Boot::runCodeIgniter(Object(CodeIgniter\CodeIgniter))
#11 E:\UNI\Arquitectura\proyecto-pizzeria\public\index.php(56): CodeIgniter\Boot::bootWeb(Object(Config\Paths))
#12 E:\UNI\Arquitectura\proyecto-pizzeria\system\rewrite.php(44): require_once('E:\\UNI\\Arquitec...')
#13 {main}
CRITICAL - 2024-11-25 16:28:09 --> CodeIgniter\Database\Exceptions\DatabaseException: Unable to connect to the database.
Main connection [MySQLi]: No se puede establecer una conexin ya que el equipo de destino deneg expresamente dicha conexin
[Method: POST, Route: login/authenticate]
in SYSTEMPATH\Database\BaseConnection.php on line 467.
 1 SYSTEMPATH\Database\BaseConnection.php(616): CodeIgniter\Database\BaseConnection->initialize()
 2 SYSTEMPATH\Database\BaseBuilder.php(1644): CodeIgniter\Database\BaseConnection->query('SELECT *
FROM `usuario`
WHERE `correo` = :correo:
 LIMIT 1', [...], false)
 3 SYSTEMPATH\Model.php(330): CodeIgniter\Database\BaseBuilder->get()
 4 SYSTEMPATH\BaseModel.php(714): CodeIgniter\Model->doFirst()
 5 APPPATH\Controllers\Login.php(23): CodeIgniter\BaseModel->first()
 6 SYSTEMPATH\CodeIgniter.php(933): App\Controllers\Login->authenticate()
 7 SYSTEMPATH\CodeIgniter.php(509): CodeIgniter\CodeIgniter->runController(Object(App\Controllers\Login))
 8 SYSTEMPATH\CodeIgniter.php(355): CodeIgniter\CodeIgniter->handleRequest(null, Object(Config\Cache), false)
 9 SYSTEMPATH\Boot.php(325): CodeIgniter\CodeIgniter->run()
10 SYSTEMPATH\Boot.php(67): CodeIgniter\Boot::runCodeIgniter(Object(CodeIgniter\CodeIgniter))
11 FCPATH\index.php(56): CodeIgniter\Boot::bootWeb(Object(Config\Paths))
12 SYSTEMPATH\rewrite.php(44): require_once('E:\\UNI\\Arquitectura\\proyecto-pizzeria\\public\\index.php')
INFO - 2024-11-25 16:28:16 --> Session: Class initialized using 'CodeIgniter\Session\Handlers\FileHandler' driver.
INFO - 2024-11-25 16:28:19 --> Session: Class initialized using 'CodeIgniter\Session\Handlers\FileHandler' driver.
INFO - 2024-11-25 16:28:22 --> Session: Class initialized using 'CodeIgniter\Session\Handlers\FileHandler' driver.
INFO - 2024-11-25 16:29:47 --> Session: Class initialized using 'CodeIgniter\Session\Handlers\FileHandler' driver.
INFO - 2024-11-25 16:29:57 --> Session: Class initialized using 'CodeIgniter\Session\Handlers\FileHandler' driver.
CRITICAL - 2024-11-25 16:29:57 --> ParseError: syntax error, unexpected token "}"
[Method: GET, Route: shopcar]
in APPPATH\Models\CarritoModel.php on line 25.
 1 SYSTEMPATH\Autoloader\Autoloader.php(296): CodeIgniter\Autoloader\Autoloader->includeFile('E:\\UNI\\Arquitectura\\proyecto-pizzeria\\app\\Models\\CarritoModel.php')
 2 SYSTEMPATH\Autoloader\Autoloader.php(272): CodeIgniter\Autoloader\Autoloader->loadInNamespace('App\\Models\\CarritoModel')
 3 APPPATH\Controllers\Shopcar.php(16): CodeIgniter\Autoloader\Autoloader->loadClass('App\\Models\\CarritoModel')
 4 SYSTEMPATH\CodeIgniter.php(933): App\Controllers\Shopcar->index()
 5 SYSTEMPATH\CodeIgniter.php(509): CodeIgniter\CodeIgniter->runController(Object(App\Controllers\Shopcar))
 6 SYSTEMPATH\CodeIgniter.php(355): CodeIgniter\CodeIgniter->handleRequest(null, Object(Config\Cache), false)
 7 SYSTEMPATH\Boot.php(325): CodeIgniter\CodeIgniter->run()
 8 SYSTEMPATH\Boot.php(67): CodeIgniter\Boot::runCodeIgniter(Object(CodeIgniter\CodeIgniter))
 9 FCPATH\index.php(56): CodeIgniter\Boot::bootWeb(Object(Config\Paths))
10 SYSTEMPATH\rewrite.php(44): require_once('E:\\UNI\\Arquitectura\\proyecto-pizzeria\\public\\index.php')
INFO - 2024-11-25 16:30:07 --> Session: Class initialized using 'CodeIgniter\Session\Handlers\FileHandler' driver.
INFO - 2024-11-25 16:35:46 --> Session: Class initialized using 'CodeIgniter\Session\Handlers\FileHandler' driver.
INFO - 2024-11-25 16:36:44 --> Session: Class initialized using 'CodeIgniter\Session\Handlers\FileHandler' driver.
INFO - 2024-11-25 16:38:12 --> Session: Class initialized using 'CodeIgniter\Session\Handlers\FileHandler' driver.
INFO - 2024-11-25 16:38:37 --> Session: Class initialized using 'CodeIgniter\Session\Handlers\FileHandler' driver.
INFO - 2024-11-25 16:39:18 --> Session: Class initialized using 'CodeIgniter\Session\Handlers\FileHandler' driver.
INFO - 2024-11-25 16:39:21 --> Session: Class initialized using 'CodeIgniter\Session\Handlers\FileHandler' driver.
INFO - 2024-11-25 16:40:52 --> Session: Class initialized using 'CodeIgniter\Session\Handlers\FileHandler' driver.
INFO - 2024-11-25 16:40:55 --> Session: Class initialized using 'CodeIgniter\Session\Handlers\FileHandler' driver.
INFO - 2024-11-25 16:40:56 --> Session: Class initialized using 'CodeIgniter\Session\Handlers\FileHandler' driver.
INFO - 2024-11-25 16:41:04 --> Session: Class initialized using 'CodeIgniter\Session\Handlers\FileHandler' driver.
INFO - 2024-11-25 16:41:07 --> Session: Class initialized using 'CodeIgniter\Session\Handlers\FileHandler' driver.
INFO - 2024-11-25 16:41:09 --> Session: Class initialized using 'CodeIgniter\Session\Handlers\FileHandler' driver.
INFO - 2024-11-25 16:41:14 --> Session: Class initialized using 'CodeIgniter\Session\Handlers\FileHandler' driver.
INFO - 2024-11-25 16:43:28 --> Session: Class initialized using 'CodeIgniter\Session\Handlers\FileHandler' driver.
INFO - 2024-11-25 16:43:43 --> Session: Class initialized using 'CodeIgniter\Session\Handlers\FileHandler' driver.
INFO - 2024-11-25 16:43:46 --> Session: Class initialized using 'CodeIgniter\Session\Handlers\FileHandler' driver.
WARNING - 2024-11-25 16:58:48 --> [DEPRECATED] Passing lowercase HTTP method "get" is deprecated. Use uppercase HTTP method like "GET". in SYSTEMPATH\Router\RouteCollection.php on line 1027.
 1 SYSTEMPATH\Router\RouteCollection.php(1027): trigger_error('Passing lowercase HTTP method "get" is deprecated. Use uppercase HTTP method like "GET".', 16384)
 2 APPPATH\Config\Routes.php(34): CodeIgniter\Router\RouteCollection->match([...], 'searchproducts', 'SearchProduct::searchProducts')
 3 SYSTEMPATH\Router\RouteCollection.php(340): require('E:\\UNI\\Arquitectura\\proyecto-pizzeria\\app\\Config\\Routes.php')
 4 SYSTEMPATH\CodeIgniter.php(823): CodeIgniter\Router\RouteCollection->loadRoutes()
 5 SYSTEMPATH\CodeIgniter.php(457): CodeIgniter\CodeIgniter->tryToRouteIt(null)
 6 SYSTEMPATH\CodeIgniter.php(355): CodeIgniter\CodeIgniter->handleRequest(null, Object(Config\Cache), false)
 7 SYSTEMPATH\Boot.php(325): CodeIgniter\CodeIgniter->run()
 8 SYSTEMPATH\Boot.php(67): CodeIgniter\Boot::runCodeIgniter(Object(CodeIgniter\CodeIgniter))
 9 FCPATH\index.php(56): CodeIgniter\Boot::bootWeb(Object(Config\Paths))
10 SYSTEMPATH\rewrite.php(44): require_once('E:\\UNI\\Arquitectura\\proyecto-pizzeria\\public\\index.php')
WARNING - 2024-11-25 16:58:48 --> [DEPRECATED] Passing lowercase HTTP method "post" is deprecated. Use uppercase HTTP method like "POST". in SYSTEMPATH\Router\RouteCollection.php on line 1027.
 1 SYSTEMPATH\Router\RouteCollection.php(1027): trigger_error('Passing lowercase HTTP method "post" is deprecated. Use uppercase HTTP method like "POST".', 16384)
 2 APPPATH\Config\Routes.php(34): CodeIgniter\Router\RouteCollection->match([...], 'searchproducts', 'SearchProduct::searchProducts')
 3 SYSTEMPATH\Router\RouteCollection.php(340): require('E:\\UNI\\Arquitectura\\proyecto-pizzeria\\app\\Config\\Routes.php')
 4 SYSTEMPATH\CodeIgniter.php(823): CodeIgniter\Router\RouteCollection->loadRoutes()
 5 SYSTEMPATH\CodeIgniter.php(457): CodeIgniter\CodeIgniter->tryToRouteIt(null)
 6 SYSTEMPATH\CodeIgniter.php(355): CodeIgniter\CodeIgniter->handleRequest(null, Object(Config\Cache), false)
 7 SYSTEMPATH\Boot.php(325): CodeIgniter\CodeIgniter->run()
 8 SYSTEMPATH\Boot.php(67): CodeIgniter\Boot::runCodeIgniter(Object(CodeIgniter\CodeIgniter))
 9 FCPATH\index.php(56): CodeIgniter\Boot::bootWeb(Object(Config\Paths))
10 SYSTEMPATH\rewrite.php(44): require_once('E:\\UNI\\Arquitectura\\proyecto-pizzeria\\public\\index.php')
WARNING - 2024-11-25 16:59:02 --> [DEPRECATED] Passing lowercase HTTP method "get" is deprecated. Use uppercase HTTP method like "GET". in SYSTEMPATH\Router\RouteCollection.php on line 1027.
 1 SYSTEMPATH\Router\RouteCollection.php(1027): trigger_error('Passing lowercase HTTP method "get" is deprecated. Use uppercase HTTP method like "GET".', 16384)
 2 APPPATH\Config\Routes.php(34): CodeIgniter\Router\RouteCollection->match([...], 'searchproducts', 'SearchProduct::searchProducts')
 3 SYSTEMPATH\Router\RouteCollection.php(340): require('E:\\UNI\\Arquitectura\\proyecto-pizzeria\\app\\Config\\Routes.php')
 4 SYSTEMPATH\CodeIgniter.php(823): CodeIgniter\Router\RouteCollection->loadRoutes()
 5 SYSTEMPATH\CodeIgniter.php(457): CodeIgniter\CodeIgniter->tryToRouteIt(null)
 6 SYSTEMPATH\CodeIgniter.php(355): CodeIgniter\CodeIgniter->handleRequest(null, Object(Config\Cache), false)
 7 SYSTEMPATH\Boot.php(325): CodeIgniter\CodeIgniter->run()
 8 SYSTEMPATH\Boot.php(67): CodeIgniter\Boot::runCodeIgniter(Object(CodeIgniter\CodeIgniter))
 9 FCPATH\index.php(56): CodeIgniter\Boot::bootWeb(Object(Config\Paths))
10 SYSTEMPATH\rewrite.php(44): require_once('E:\\UNI\\Arquitectura\\proyecto-pizzeria\\public\\index.php')
WARNING - 2024-11-25 16:59:02 --> [DEPRECATED] Passing lowercase HTTP method "post" is deprecated. Use uppercase HTTP method like "POST". in SYSTEMPATH\Router\RouteCollection.php on line 1027.
 1 SYSTEMPATH\Router\RouteCollection.php(1027): trigger_error('Passing lowercase HTTP method "post" is deprecated. Use uppercase HTTP method like "POST".', 16384)
 2 APPPATH\Config\Routes.php(34): CodeIgniter\Router\RouteCollection->match([...], 'searchproducts', 'SearchProduct::searchProducts')
 3 SYSTEMPATH\Router\RouteCollection.php(340): require('E:\\UNI\\Arquitectura\\proyecto-pizzeria\\app\\Config\\Routes.php')
 4 SYSTEMPATH\CodeIgniter.php(823): CodeIgniter\Router\RouteCollection->loadRoutes()
 5 SYSTEMPATH\CodeIgniter.php(457): CodeIgniter\CodeIgniter->tryToRouteIt(null)
 6 SYSTEMPATH\CodeIgniter.php(355): CodeIgniter\CodeIgniter->handleRequest(null, Object(Config\Cache), false)
 7 SYSTEMPATH\Boot.php(325): CodeIgniter\CodeIgniter->run()
 8 SYSTEMPATH\Boot.php(67): CodeIgniter\Boot::runCodeIgniter(Object(CodeIgniter\CodeIgniter))
 9 FCPATH\index.php(56): CodeIgniter\Boot::bootWeb(Object(Config\Paths))
10 SYSTEMPATH\rewrite.php(44): require_once('E:\\UNI\\Arquitectura\\proyecto-pizzeria\\public\\index.php')
WARNING - 2024-11-25 16:59:39 --> [DEPRECATED] Passing lowercase HTTP method "get" is deprecated. Use uppercase HTTP method like "GET". in SYSTEMPATH\Router\RouteCollection.php on line 1027.
 1 SYSTEMPATH\Router\RouteCollection.php(1027): trigger_error('Passing lowercase HTTP method "get" is deprecated. Use uppercase HTTP method like "GET".', 16384)
 2 APPPATH\Config\Routes.php(34): CodeIgniter\Router\RouteCollection->match([...], 'searchproducts', 'SearchProduct::searchProducts')
 3 SYSTEMPATH\Router\RouteCollection.php(340): require('E:\\UNI\\Arquitectura\\proyecto-pizzeria\\app\\Config\\Routes.php')
 4 SYSTEMPATH\CodeIgniter.php(823): CodeIgniter\Router\RouteCollection->loadRoutes()
 5 SYSTEMPATH\CodeIgniter.php(457): CodeIgniter\CodeIgniter->tryToRouteIt(null)
 6 SYSTEMPATH\CodeIgniter.php(355): CodeIgniter\CodeIgniter->handleRequest(null, Object(Config\Cache), false)
 7 SYSTEMPATH\Boot.php(325): CodeIgniter\CodeIgniter->run()
 8 SYSTEMPATH\Boot.php(67): CodeIgniter\Boot::runCodeIgniter(Object(CodeIgniter\CodeIgniter))
 9 FCPATH\index.php(56): CodeIgniter\Boot::bootWeb(Object(Config\Paths))
10 SYSTEMPATH\rewrite.php(44): require_once('E:\\UNI\\Arquitectura\\proyecto-pizzeria\\public\\index.php')
WARNING - 2024-11-25 16:59:39 --> [DEPRECATED] Passing lowercase HTTP method "post" is deprecated. Use uppercase HTTP method like "POST". in SYSTEMPATH\Router\RouteCollection.php on line 1027.
 1 SYSTEMPATH\Router\RouteCollection.php(1027): trigger_error('Passing lowercase HTTP method "post" is deprecated. Use uppercase HTTP method like "POST".', 16384)
 2 APPPATH\Config\Routes.php(34): CodeIgniter\Router\RouteCollection->match([...], 'searchproducts', 'SearchProduct::searchProducts')
 3 SYSTEMPATH\Router\RouteCollection.php(340): require('E:\\UNI\\Arquitectura\\proyecto-pizzeria\\app\\Config\\Routes.php')
 4 SYSTEMPATH\CodeIgniter.php(823): CodeIgniter\Router\RouteCollection->loadRoutes()
 5 SYSTEMPATH\CodeIgniter.php(457): CodeIgniter\CodeIgniter->tryToRouteIt(null)
 6 SYSTEMPATH\CodeIgniter.php(355): CodeIgniter\CodeIgniter->handleRequest(null, Object(Config\Cache), false)
 7 SYSTEMPATH\Boot.php(325): CodeIgniter\CodeIgniter->run()
 8 SYSTEMPATH\Boot.php(67): CodeIgniter\Boot::runCodeIgniter(Object(CodeIgniter\CodeIgniter))
 9 FCPATH\index.php(56): CodeIgniter\Boot::bootWeb(Object(Config\Paths))
10 SYSTEMPATH\rewrite.php(44): require_once('E:\\UNI\\Arquitectura\\proyecto-pizzeria\\public\\index.php')
WARNING - 2024-11-25 16:59:42 --> [DEPRECATED] Passing lowercase HTTP method "get" is deprecated. Use uppercase HTTP method like "GET". in SYSTEMPATH\Router\RouteCollection.php on line 1027.
 1 SYSTEMPATH\Router\RouteCollection.php(1027): trigger_error('Passing lowercase HTTP method "get" is deprecated. Use uppercase HTTP method like "GET".', 16384)
 2 APPPATH\Config\Routes.php(34): CodeIgniter\Router\RouteCollection->match([...], 'searchproducts', 'SearchProduct::searchProducts')
 3 SYSTEMPATH\Router\RouteCollection.php(340): require('E:\\UNI\\Arquitectura\\proyecto-pizzeria\\app\\Config\\Routes.php')
 4 SYSTEMPATH\CodeIgniter.php(823): CodeIgniter\Router\RouteCollection->loadRoutes()
 5 SYSTEMPATH\CodeIgniter.php(457): CodeIgniter\CodeIgniter->tryToRouteIt(null)
 6 SYSTEMPATH\CodeIgniter.php(355): CodeIgniter\CodeIgniter->handleRequest(null, Object(Config\Cache), false)
 7 SYSTEMPATH\Boot.php(325): CodeIgniter\CodeIgniter->run()
 8 SYSTEMPATH\Boot.php(67): CodeIgniter\Boot::runCodeIgniter(Object(CodeIgniter\CodeIgniter))
 9 FCPATH\index.php(56): CodeIgniter\Boot::bootWeb(Object(Config\Paths))
10 SYSTEMPATH\rewrite.php(44): require_once('E:\\UNI\\Arquitectura\\proyecto-pizzeria\\public\\index.php')
WARNING - 2024-11-25 16:59:42 --> [DEPRECATED] Passing lowercase HTTP method "post" is deprecated. Use uppercase HTTP method like "POST". in SYSTEMPATH\Router\RouteCollection.php on line 1027.
 1 SYSTEMPATH\Router\RouteCollection.php(1027): trigger_error('Passing lowercase HTTP method "post" is deprecated. Use uppercase HTTP method like "POST".', 16384)
 2 APPPATH\Config\Routes.php(34): CodeIgniter\Router\RouteCollection->match([...], 'searchproducts', 'SearchProduct::searchProducts')
 3 SYSTEMPATH\Router\RouteCollection.php(340): require('E:\\UNI\\Arquitectura\\proyecto-pizzeria\\app\\Config\\Routes.php')
 4 SYSTEMPATH\CodeIgniter.php(823): CodeIgniter\Router\RouteCollection->loadRoutes()
 5 SYSTEMPATH\CodeIgniter.php(457): CodeIgniter\CodeIgniter->tryToRouteIt(null)
 6 SYSTEMPATH\CodeIgniter.php(355): CodeIgniter\CodeIgniter->handleRequest(null, Object(Config\Cache), false)
 7 SYSTEMPATH\Boot.php(325): CodeIgniter\CodeIgniter->run()
 8 SYSTEMPATH\Boot.php(67): CodeIgniter\Boot::runCodeIgniter(Object(CodeIgniter\CodeIgniter))
 9 FCPATH\index.php(56): CodeIgniter\Boot::bootWeb(Object(Config\Paths))
10 SYSTEMPATH\rewrite.php(44): require_once('E:\\UNI\\Arquitectura\\proyecto-pizzeria\\public\\index.php')
WARNING - 2024-11-25 16:59:45 --> [DEPRECATED] Passing lowercase HTTP method "get" is deprecated. Use uppercase HTTP method like "GET". in SYSTEMPATH\Router\RouteCollection.php on line 1027.
 1 SYSTEMPATH\Router\RouteCollection.php(1027): trigger_error('Passing lowercase HTTP method "get" is deprecated. Use uppercase HTTP method like "GET".', 16384)
 2 APPPATH\Config\Routes.php(34): CodeIgniter\Router\RouteCollection->match([...], 'searchproducts', 'SearchProduct::searchProducts')
 3 SYSTEMPATH\Router\RouteCollection.php(340): require('E:\\UNI\\Arquitectura\\proyecto-pizzeria\\app\\Config\\Routes.php')
 4 SYSTEMPATH\CodeIgniter.php(823): CodeIgniter\Router\RouteCollection->loadRoutes()
 5 SYSTEMPATH\CodeIgniter.php(457): CodeIgniter\CodeIgniter->tryToRouteIt(null)
 6 SYSTEMPATH\CodeIgniter.php(355): CodeIgniter\CodeIgniter->handleRequest(null, Object(Config\Cache), false)
 7 SYSTEMPATH\Boot.php(325): CodeIgniter\CodeIgniter->run()
 8 SYSTEMPATH\Boot.php(67): CodeIgniter\Boot::runCodeIgniter(Object(CodeIgniter\CodeIgniter))
 9 FCPATH\index.php(56): CodeIgniter\Boot::bootWeb(Object(Config\Paths))
10 SYSTEMPATH\rewrite.php(44): require_once('E:\\UNI\\Arquitectura\\proyecto-pizzeria\\public\\index.php')
WARNING - 2024-11-25 16:59:45 --> [DEPRECATED] Passing lowercase HTTP method "post" is deprecated. Use uppercase HTTP method like "POST". in SYSTEMPATH\Router\RouteCollection.php on line 1027.
 1 SYSTEMPATH\Router\RouteCollection.php(1027): trigger_error('Passing lowercase HTTP method "post" is deprecated. Use uppercase HTTP method like "POST".', 16384)
 2 APPPATH\Config\Routes.php(34): CodeIgniter\Router\RouteCollection->match([...], 'searchproducts', 'SearchProduct::searchProducts')
 3 SYSTEMPATH\Router\RouteCollection.php(340): require('E:\\UNI\\Arquitectura\\proyecto-pizzeria\\app\\Config\\Routes.php')
 4 SYSTEMPATH\CodeIgniter.php(823): CodeIgniter\Router\RouteCollection->loadRoutes()
 5 SYSTEMPATH\CodeIgniter.php(457): CodeIgniter\CodeIgniter->tryToRouteIt(null)
 6 SYSTEMPATH\CodeIgniter.php(355): CodeIgniter\CodeIgniter->handleRequest(null, Object(Config\Cache), false)
 7 SYSTEMPATH\Boot.php(325): CodeIgniter\CodeIgniter->run()
 8 SYSTEMPATH\Boot.php(67): CodeIgniter\Boot::runCodeIgniter(Object(CodeIgniter\CodeIgniter))
 9 FCPATH\index.php(56): CodeIgniter\Boot::bootWeb(Object(Config\Paths))
10 SYSTEMPATH\rewrite.php(44): require_once('E:\\UNI\\Arquitectura\\proyecto-pizzeria\\public\\index.php')
WARNING - 2024-11-25 17:00:28 --> [DEPRECATED] Passing lowercase HTTP method "get" is deprecated. Use uppercase HTTP method like "GET". in SYSTEMPATH\Router\RouteCollection.php on line 1027.
 1 SYSTEMPATH\Router\RouteCollection.php(1027): trigger_error('Passing lowercase HTTP method "get" is deprecated. Use uppercase HTTP method like "GET".', 16384)
 2 APPPATH\Config\Routes.php(34): CodeIgniter\Router\RouteCollection->match([...], 'searchproducts', 'SearchProduct::searchProducts')
 3 SYSTEMPATH\Router\RouteCollection.php(340): require('E:\\UNI\\Arquitectura\\proyecto-pizzeria\\app\\Config\\Routes.php')
 4 SYSTEMPATH\CodeIgniter.php(823): CodeIgniter\Router\RouteCollection->loadRoutes()
 5 SYSTEMPATH\CodeIgniter.php(457): CodeIgniter\CodeIgniter->tryToRouteIt(null)
 6 SYSTEMPATH\CodeIgniter.php(355): CodeIgniter\CodeIgniter->handleRequest(null, Object(Config\Cache), false)
 7 SYSTEMPATH\Boot.php(325): CodeIgniter\CodeIgniter->run()
 8 SYSTEMPATH\Boot.php(67): CodeIgniter\Boot::runCodeIgniter(Object(CodeIgniter\CodeIgniter))
 9 FCPATH\index.php(56): CodeIgniter\Boot::bootWeb(Object(Config\Paths))
10 SYSTEMPATH\rewrite.php(44): require_once('E:\\UNI\\Arquitectura\\proyecto-pizzeria\\public\\index.php')
CRITICAL - 2024-11-25 17:02:19 --> ErrorException: Undefined array key "nombre"
[Method: POST, Route: searchproducts]
in APPPATH\Views\searchproducts.php on line 41.
 1 APPPATH\Views\searchproducts.php(41): CodeIgniter\Debug\Exceptions->errorHandler(2, 'Undefined array key "nombre"', 'E:\\UNI\\Arquitectura\\proyecto-pizzeria\\app\\Views\\searchproducts.php', 41)
 2 SYSTEMPATH\View\View.php(234): include('E:\\UNI\\Arquitectura\\proyecto-pizzeria\\app\\Views\\searchproducts.php')
 3 SYSTEMPATH\View\View.php(237): CodeIgniter\View\View->CodeIgniter\View\{closure}()
 4 SYSTEMPATH\Common.php(1171): CodeIgniter\View\View->render('searchproducts', [], true)
 5 APPPATH\Controllers\SearchProduct.php(36): view('searchproducts', [...])
 6 SYSTEMPATH\CodeIgniter.php(933): App\Controllers\SearchProduct->searchProducts()
 7 SYSTEMPATH\CodeIgniter.php(509): CodeIgniter\CodeIgniter->runController(Object(App\Controllers\SearchProduct))
 8 SYSTEMPATH\CodeIgniter.php(355): CodeIgniter\CodeIgniter->handleRequest(null, Object(Config\Cache), false)
 9 SYSTEMPATH\Boot.php(325): CodeIgniter\CodeIgniter->run()
10 SYSTEMPATH\Boot.php(67): CodeIgniter\Boot::runCodeIgniter(Object(CodeIgniter\CodeIgniter))
11 FCPATH\index.php(56): CodeIgniter\Boot::bootWeb(Object(Config\Paths))
12 SYSTEMPATH\rewrite.php(44): require_once('E:\\UNI\\Arquitectura\\proyecto-pizzeria\\public\\index.php')
CRITICAL - 2024-11-25 17:02:53 --> ErrorException: Undefined array key "nombre"
[Method: POST, Route: searchproducts]
in APPPATH\Views\searchproducts.php on line 41.
 1 APPPATH\Views\searchproducts.php(41): CodeIgniter\Debug\Exceptions->errorHandler(2, 'Undefined array key "nombre"', 'E:\\UNI\\Arquitectura\\proyecto-pizzeria\\app\\Views\\searchproducts.php', 41)
 2 SYSTEMPATH\View\View.php(234): include('E:\\UNI\\Arquitectura\\proyecto-pizzeria\\app\\Views\\searchproducts.php')
 3 SYSTEMPATH\View\View.php(237): CodeIgniter\View\View->CodeIgniter\View\{closure}()
 4 SYSTEMPATH\Common.php(1171): CodeIgniter\View\View->render('searchproducts', [], true)
 5 APPPATH\Controllers\SearchProduct.php(36): view('searchproducts', [...])
 6 SYSTEMPATH\CodeIgniter.php(933): App\Controllers\SearchProduct->searchProducts()
 7 SYSTEMPATH\CodeIgniter.php(509): CodeIgniter\CodeIgniter->runController(Object(App\Controllers\SearchProduct))
 8 SYSTEMPATH\CodeIgniter.php(355): CodeIgniter\CodeIgniter->handleRequest(null, Object(Config\Cache), false)
 9 SYSTEMPATH\Boot.php(325): CodeIgniter\CodeIgniter->run()
10 SYSTEMPATH\Boot.php(67): CodeIgniter\Boot::runCodeIgniter(Object(CodeIgniter\CodeIgniter))
11 FCPATH\index.php(56): CodeIgniter\Boot::bootWeb(Object(Config\Paths))
12 SYSTEMPATH\rewrite.php(44): require_once('E:\\UNI\\Arquitectura\\proyecto-pizzeria\\public\\index.php')
