INFO - 2024-11-26 02:31:20 --> Session: Class initialized using 'CodeIgniter\Session\Handlers\FileHandler' driver.
INFO - 2024-11-26 02:31:40 --> Session: Class initialized using 'CodeIgniter\Session\Handlers\FileHandler' driver.
INFO - 2024-11-26 02:31:40 --> Session: Class initialized using 'CodeIgniter\Session\Handlers\FileHandler' driver.
INFO - 2024-11-26 02:32:30 --> Session: Class initialized using 'CodeIgniter\Session\Handlers\FileHandler' driver.
INFO - 2024-11-26 02:32:52 --> Session: Class initialized using 'CodeIgniter\Session\Handlers\FileHandler' driver.
INFO - 2024-11-26 02:32:53 --> Session: Class initialized using 'CodeIgniter\Session\Handlers\FileHandler' driver.
INFO - 2024-11-26 02:32:56 --> Session: Class initialized using 'CodeIgniter\Session\Handlers\FileHandler' driver.
INFO - 2024-11-26 02:32:56 --> Session: Class initialized using 'CodeIgniter\Session\Handlers\FileHandler' driver.
INFO - 2024-11-26 02:32:59 --> Session: Class initialized using 'CodeIgniter\Session\Handlers\FileHandler' driver.
CRITICAL - 2024-11-26 02:32:59 --> ErrorException: Undefined array key "id"
[Method: GET, Route: recepcionPedidos]
in APPPATH\Views\recepcionPedidos.php on line 382.
 1 APPPATH\Views\recepcionPedidos.php(382): CodeIgniter\Debug\Exceptions->errorHandler()
 2 SYSTEMPATH\View\View.php(234): include('C:\\Users\\usuario\\Desktop\\Pizza-nostra\\proyecto-pizzeria\\app\\Views\\recepcionPedidos.php')
 3 SYSTEMPATH\View\View.php(237): CodeIgniter\View\View->CodeIgniter\View\{closure}()
 4 SYSTEMPATH\Common.php(1171): CodeIgniter\View\View->render()
 5 APPPATH\Controllers\RecepcionPedidos.php(21): view()
 6 SYSTEMPATH\CodeIgniter.php(933): App\Controllers\RecepcionPedidos->listarPedidos()
 7 SYSTEMPATH\CodeIgniter.php(509): CodeIgniter\CodeIgniter->runController()
 8 SYSTEMPATH\CodeIgniter.php(355): CodeIgniter\CodeIgniter->handleRequest()
 9 SYSTEMPATH\Boot.php(325): CodeIgniter\CodeIgniter->run()
10 SYSTEMPATH\Boot.php(67): CodeIgniter\Boot::runCodeIgniter()
11 FCPATH\index.php(56): CodeIgniter\Boot::bootWeb()
12 SYSTEMPATH\rewrite.php(44): require_once('C:\\Users\\usuario\\Desktop\\Pizza-nostra\\proyecto-pizzeria\\public\\index.php')
INFO - 2024-11-26 02:33:01 --> Session: Class initialized using 'CodeIgniter\Session\Handlers\FileHandler' driver.
INFO - 2024-11-26 02:33:03 --> Session: Class initialized using 'CodeIgniter\Session\Handlers\FileHandler' driver.
INFO - 2024-11-26 02:33:04 --> Session: Class initialized using 'CodeIgniter\Session\Handlers\FileHandler' driver.
INFO - 2024-11-26 02:33:05 --> Session: Class initialized using 'CodeIgniter\Session\Handlers\FileHandler' driver.
INFO - 2024-11-26 02:33:07 --> Session: Class initialized using 'CodeIgniter\Session\Handlers\FileHandler' driver.
ERROR - 2024-11-26 02:33:07 --> mysqli_sql_exception: Cannot add or update a child row: a foreign key constraint fails (`nostra_pizza`.`carrito`, CONSTRAINT `carrito_ibfk_1` FOREIGN KEY (`id_cliente`) REFERENCES `cliente` (`id_cliente`) ON DELETE CASCADE ON UPDATE CASCADE) in C:\Users\usuario\Desktop\Pizza-nostra\proyecto-pizzeria\system\Database\MySQLi\Connection.php:312
Stack trace:
#0 C:\Users\usuario\Desktop\Pizza-nostra\proyecto-pizzeria\system\Database\MySQLi\Connection.php(312): mysqli->query()
#1 C:\Users\usuario\Desktop\Pizza-nostra\proyecto-pizzeria\system\Database\BaseConnection.php(734): CodeIgniter\Database\MySQLi\Connection->execute()
#2 C:\Users\usuario\Desktop\Pizza-nostra\proyecto-pizzeria\system\Database\BaseConnection.php(648): CodeIgniter\Database\BaseConnection->simpleQuery()
#3 C:\Users\usuario\Desktop\Pizza-nostra\proyecto-pizzeria\system\Database\BaseBuilder.php(2340): CodeIgniter\Database\BaseConnection->query()
#4 C:\Users\usuario\Desktop\Pizza-nostra\proyecto-pizzeria\system\Model.php(394): CodeIgniter\Database\BaseBuilder->insert()
#5 C:\Users\usuario\Desktop\Pizza-nostra\proyecto-pizzeria\system\BaseModel.php(840): CodeIgniter\Model->doInsert()
#6 C:\Users\usuario\Desktop\Pizza-nostra\proyecto-pizzeria\system\Model.php(802): CodeIgniter\BaseModel->insert()
#7 C:\Users\usuario\Desktop\Pizza-nostra\proyecto-pizzeria\app\Controllers\SearchProduct.php(56): CodeIgniter\Model->insert()
#8 C:\Users\usuario\Desktop\Pizza-nostra\proyecto-pizzeria\system\CodeIgniter.php(933): App\Controllers\SearchProduct->addToCart()
#9 C:\Users\usuario\Desktop\Pizza-nostra\proyecto-pizzeria\system\CodeIgniter.php(509): CodeIgniter\CodeIgniter->runController()
#10 C:\Users\usuario\Desktop\Pizza-nostra\proyecto-pizzeria\system\CodeIgniter.php(355): CodeIgniter\CodeIgniter->handleRequest()
#11 C:\Users\usuario\Desktop\Pizza-nostra\proyecto-pizzeria\system\Boot.php(325): CodeIgniter\CodeIgniter->run()
#12 C:\Users\usuario\Desktop\Pizza-nostra\proyecto-pizzeria\system\Boot.php(67): CodeIgniter\Boot::runCodeIgniter()
#13 C:\Users\usuario\Desktop\Pizza-nostra\proyecto-pizzeria\public\index.php(56): CodeIgniter\Boot::bootWeb()
#14 C:\Users\usuario\Desktop\Pizza-nostra\proyecto-pizzeria\system\rewrite.php(44): require_once('...')
#15 {main}
CRITICAL - 2024-11-26 02:33:07 --> CodeIgniter\Database\Exceptions\DatabaseException: Cannot add or update a child row: a foreign key constraint fails (`nostra_pizza`.`carrito`, CONSTRAINT `carrito_ibfk_1` FOREIGN KEY (`id_cliente`) REFERENCES `cliente` (`id_cliente`) ON DELETE CASCADE ON UPDATE CASCADE)
[Method: POST, Route: addToCart/1]
in SYSTEMPATH\Database\BaseConnection.php on line 688.
 1 SYSTEMPATH\Database\BaseBuilder.php(2340): CodeIgniter\Database\BaseConnection->query()
 2 SYSTEMPATH\Model.php(394): CodeIgniter\Database\BaseBuilder->insert()
 3 SYSTEMPATH\BaseModel.php(840): CodeIgniter\Model->doInsert()
 4 SYSTEMPATH\Model.php(802): CodeIgniter\BaseModel->insert()
 5 APPPATH\Controllers\SearchProduct.php(56): CodeIgniter\Model->insert()
 6 SYSTEMPATH\CodeIgniter.php(933): App\Controllers\SearchProduct->addToCart()
 7 SYSTEMPATH\CodeIgniter.php(509): CodeIgniter\CodeIgniter->runController()
 8 SYSTEMPATH\CodeIgniter.php(355): CodeIgniter\CodeIgniter->handleRequest()
 9 SYSTEMPATH\Boot.php(325): CodeIgniter\CodeIgniter->run()
10 SYSTEMPATH\Boot.php(67): CodeIgniter\Boot::runCodeIgniter()
11 FCPATH\index.php(56): CodeIgniter\Boot::bootWeb()
12 SYSTEMPATH\rewrite.php(44): require_once('C:\\Users\\usuario\\Desktop\\Pizza-nostra\\proyecto-pizzeria\\public\\index.php')
CRITICAL - 2024-11-26 02:33:07 --> [Caused by] CodeIgniter\Database\Exceptions\DatabaseException: Cannot add or update a child row: a foreign key constraint fails (`nostra_pizza`.`carrito`, CONSTRAINT `carrito_ibfk_1` FOREIGN KEY (`id_cliente`) REFERENCES `cliente` (`id_cliente`) ON DELETE CASCADE ON UPDATE CASCADE)
in SYSTEMPATH\Database\MySQLi\Connection.php on line 317.
 1 SYSTEMPATH\Database\BaseConnection.php(734): CodeIgniter\Database\MySQLi\Connection->execute()
 2 SYSTEMPATH\Database\BaseConnection.php(648): CodeIgniter\Database\BaseConnection->simpleQuery()
 3 SYSTEMPATH\Database\BaseBuilder.php(2340): CodeIgniter\Database\BaseConnection->query()
 4 SYSTEMPATH\Model.php(394): CodeIgniter\Database\BaseBuilder->insert()
 5 SYSTEMPATH\BaseModel.php(840): CodeIgniter\Model->doInsert()
 6 SYSTEMPATH\Model.php(802): CodeIgniter\BaseModel->insert()
 7 APPPATH\Controllers\SearchProduct.php(56): CodeIgniter\Model->insert()
 8 SYSTEMPATH\CodeIgniter.php(933): App\Controllers\SearchProduct->addToCart()
 9 SYSTEMPATH\CodeIgniter.php(509): CodeIgniter\CodeIgniter->runController()
10 SYSTEMPATH\CodeIgniter.php(355): CodeIgniter\CodeIgniter->handleRequest()
11 SYSTEMPATH\Boot.php(325): CodeIgniter\CodeIgniter->run()
12 SYSTEMPATH\Boot.php(67): CodeIgniter\Boot::runCodeIgniter()
13 FCPATH\index.php(56): CodeIgniter\Boot::bootWeb()
14 SYSTEMPATH\rewrite.php(44): require_once('C:\\Users\\usuario\\Desktop\\Pizza-nostra\\proyecto-pizzeria\\public\\index.php')
CRITICAL - 2024-11-26 02:33:07 --> [Caused by] mysqli_sql_exception: Cannot add or update a child row: a foreign key constraint fails (`nostra_pizza`.`carrito`, CONSTRAINT `carrito_ibfk_1` FOREIGN KEY (`id_cliente`) REFERENCES `cliente` (`id_cliente`) ON DELETE CASCADE ON UPDATE CASCADE)
in SYSTEMPATH\Database\MySQLi\Connection.php on line 312.
 1 SYSTEMPATH\Database\MySQLi\Connection.php(312): mysqli->query()
 2 SYSTEMPATH\Database\BaseConnection.php(734): CodeIgniter\Database\MySQLi\Connection->execute()
 3 SYSTEMPATH\Database\BaseConnection.php(648): CodeIgniter\Database\BaseConnection->simpleQuery()
 4 SYSTEMPATH\Database\BaseBuilder.php(2340): CodeIgniter\Database\BaseConnection->query()
 5 SYSTEMPATH\Model.php(394): CodeIgniter\Database\BaseBuilder->insert()
 6 SYSTEMPATH\BaseModel.php(840): CodeIgniter\Model->doInsert()
 7 SYSTEMPATH\Model.php(802): CodeIgniter\BaseModel->insert()
 8 APPPATH\Controllers\SearchProduct.php(56): CodeIgniter\Model->insert()
 9 SYSTEMPATH\CodeIgniter.php(933): App\Controllers\SearchProduct->addToCart()
10 SYSTEMPATH\CodeIgniter.php(509): CodeIgniter\CodeIgniter->runController()
11 SYSTEMPATH\CodeIgniter.php(355): CodeIgniter\CodeIgniter->handleRequest()
12 SYSTEMPATH\Boot.php(325): CodeIgniter\CodeIgniter->run()
13 SYSTEMPATH\Boot.php(67): CodeIgniter\Boot::runCodeIgniter()
14 FCPATH\index.php(56): CodeIgniter\Boot::bootWeb()
15 SYSTEMPATH\rewrite.php(44): require_once('C:\\Users\\usuario\\Desktop\\Pizza-nostra\\proyecto-pizzeria\\public\\index.php')
INFO - 2024-11-26 02:33:09 --> Session: Class initialized using 'CodeIgniter\Session\Handlers\FileHandler' driver.
ERROR - 2024-11-26 02:33:09 --> mysqli_sql_exception: Cannot add or update a child row: a foreign key constraint fails (`nostra_pizza`.`carrito`, CONSTRAINT `carrito_ibfk_1` FOREIGN KEY (`id_cliente`) REFERENCES `cliente` (`id_cliente`) ON DELETE CASCADE ON UPDATE CASCADE) in C:\Users\usuario\Desktop\Pizza-nostra\proyecto-pizzeria\system\Database\MySQLi\Connection.php:312
Stack trace:
#0 C:\Users\usuario\Desktop\Pizza-nostra\proyecto-pizzeria\system\Database\MySQLi\Connection.php(312): mysqli->query()
#1 C:\Users\usuario\Desktop\Pizza-nostra\proyecto-pizzeria\system\Database\BaseConnection.php(734): CodeIgniter\Database\MySQLi\Connection->execute()
#2 C:\Users\usuario\Desktop\Pizza-nostra\proyecto-pizzeria\system\Database\BaseConnection.php(648): CodeIgniter\Database\BaseConnection->simpleQuery()
#3 C:\Users\usuario\Desktop\Pizza-nostra\proyecto-pizzeria\system\Database\BaseBuilder.php(2340): CodeIgniter\Database\BaseConnection->query()
#4 C:\Users\usuario\Desktop\Pizza-nostra\proyecto-pizzeria\system\Model.php(394): CodeIgniter\Database\BaseBuilder->insert()
#5 C:\Users\usuario\Desktop\Pizza-nostra\proyecto-pizzeria\system\BaseModel.php(840): CodeIgniter\Model->doInsert()
#6 C:\Users\usuario\Desktop\Pizza-nostra\proyecto-pizzeria\system\Model.php(802): CodeIgniter\BaseModel->insert()
#7 C:\Users\usuario\Desktop\Pizza-nostra\proyecto-pizzeria\app\Controllers\SearchProduct.php(56): CodeIgniter\Model->insert()
#8 C:\Users\usuario\Desktop\Pizza-nostra\proyecto-pizzeria\system\CodeIgniter.php(933): App\Controllers\SearchProduct->addToCart()
#9 C:\Users\usuario\Desktop\Pizza-nostra\proyecto-pizzeria\system\CodeIgniter.php(509): CodeIgniter\CodeIgniter->runController()
#10 C:\Users\usuario\Desktop\Pizza-nostra\proyecto-pizzeria\system\CodeIgniter.php(355): CodeIgniter\CodeIgniter->handleRequest()
#11 C:\Users\usuario\Desktop\Pizza-nostra\proyecto-pizzeria\system\Boot.php(325): CodeIgniter\CodeIgniter->run()
#12 C:\Users\usuario\Desktop\Pizza-nostra\proyecto-pizzeria\system\Boot.php(67): CodeIgniter\Boot::runCodeIgniter()
#13 C:\Users\usuario\Desktop\Pizza-nostra\proyecto-pizzeria\public\index.php(56): CodeIgniter\Boot::bootWeb()
#14 C:\Users\usuario\Desktop\Pizza-nostra\proyecto-pizzeria\system\rewrite.php(44): require_once('...')
#15 {main}
CRITICAL - 2024-11-26 02:33:09 --> CodeIgniter\Database\Exceptions\DatabaseException: Cannot add or update a child row: a foreign key constraint fails (`nostra_pizza`.`carrito`, CONSTRAINT `carrito_ibfk_1` FOREIGN KEY (`id_cliente`) REFERENCES `cliente` (`id_cliente`) ON DELETE CASCADE ON UPDATE CASCADE)
[Method: POST, Route: addToCart/2]
in SYSTEMPATH\Database\BaseConnection.php on line 688.
 1 SYSTEMPATH\Database\BaseBuilder.php(2340): CodeIgniter\Database\BaseConnection->query()
 2 SYSTEMPATH\Model.php(394): CodeIgniter\Database\BaseBuilder->insert()
 3 SYSTEMPATH\BaseModel.php(840): CodeIgniter\Model->doInsert()
 4 SYSTEMPATH\Model.php(802): CodeIgniter\BaseModel->insert()
 5 APPPATH\Controllers\SearchProduct.php(56): CodeIgniter\Model->insert()
 6 SYSTEMPATH\CodeIgniter.php(933): App\Controllers\SearchProduct->addToCart()
 7 SYSTEMPATH\CodeIgniter.php(509): CodeIgniter\CodeIgniter->runController()
 8 SYSTEMPATH\CodeIgniter.php(355): CodeIgniter\CodeIgniter->handleRequest()
 9 SYSTEMPATH\Boot.php(325): CodeIgniter\CodeIgniter->run()
10 SYSTEMPATH\Boot.php(67): CodeIgniter\Boot::runCodeIgniter()
11 FCPATH\index.php(56): CodeIgniter\Boot::bootWeb()
12 SYSTEMPATH\rewrite.php(44): require_once('C:\\Users\\usuario\\Desktop\\Pizza-nostra\\proyecto-pizzeria\\public\\index.php')
CRITICAL - 2024-11-26 02:33:09 --> [Caused by] CodeIgniter\Database\Exceptions\DatabaseException: Cannot add or update a child row: a foreign key constraint fails (`nostra_pizza`.`carrito`, CONSTRAINT `carrito_ibfk_1` FOREIGN KEY (`id_cliente`) REFERENCES `cliente` (`id_cliente`) ON DELETE CASCADE ON UPDATE CASCADE)
in SYSTEMPATH\Database\MySQLi\Connection.php on line 317.
 1 SYSTEMPATH\Database\BaseConnection.php(734): CodeIgniter\Database\MySQLi\Connection->execute()
 2 SYSTEMPATH\Database\BaseConnection.php(648): CodeIgniter\Database\BaseConnection->simpleQuery()
 3 SYSTEMPATH\Database\BaseBuilder.php(2340): CodeIgniter\Database\BaseConnection->query()
 4 SYSTEMPATH\Model.php(394): CodeIgniter\Database\BaseBuilder->insert()
 5 SYSTEMPATH\BaseModel.php(840): CodeIgniter\Model->doInsert()
 6 SYSTEMPATH\Model.php(802): CodeIgniter\BaseModel->insert()
 7 APPPATH\Controllers\SearchProduct.php(56): CodeIgniter\Model->insert()
 8 SYSTEMPATH\CodeIgniter.php(933): App\Controllers\SearchProduct->addToCart()
 9 SYSTEMPATH\CodeIgniter.php(509): CodeIgniter\CodeIgniter->runController()
10 SYSTEMPATH\CodeIgniter.php(355): CodeIgniter\CodeIgniter->handleRequest()
11 SYSTEMPATH\Boot.php(325): CodeIgniter\CodeIgniter->run()
12 SYSTEMPATH\Boot.php(67): CodeIgniter\Boot::runCodeIgniter()
13 FCPATH\index.php(56): CodeIgniter\Boot::bootWeb()
14 SYSTEMPATH\rewrite.php(44): require_once('C:\\Users\\usuario\\Desktop\\Pizza-nostra\\proyecto-pizzeria\\public\\index.php')
CRITICAL - 2024-11-26 02:33:09 --> [Caused by] mysqli_sql_exception: Cannot add or update a child row: a foreign key constraint fails (`nostra_pizza`.`carrito`, CONSTRAINT `carrito_ibfk_1` FOREIGN KEY (`id_cliente`) REFERENCES `cliente` (`id_cliente`) ON DELETE CASCADE ON UPDATE CASCADE)
in SYSTEMPATH\Database\MySQLi\Connection.php on line 312.
 1 SYSTEMPATH\Database\MySQLi\Connection.php(312): mysqli->query()
 2 SYSTEMPATH\Database\BaseConnection.php(734): CodeIgniter\Database\MySQLi\Connection->execute()
 3 SYSTEMPATH\Database\BaseConnection.php(648): CodeIgniter\Database\BaseConnection->simpleQuery()
 4 SYSTEMPATH\Database\BaseBuilder.php(2340): CodeIgniter\Database\BaseConnection->query()
 5 SYSTEMPATH\Model.php(394): CodeIgniter\Database\BaseBuilder->insert()
 6 SYSTEMPATH\BaseModel.php(840): CodeIgniter\Model->doInsert()
 7 SYSTEMPATH\Model.php(802): CodeIgniter\BaseModel->insert()
 8 APPPATH\Controllers\SearchProduct.php(56): CodeIgniter\Model->insert()
 9 SYSTEMPATH\CodeIgniter.php(933): App\Controllers\SearchProduct->addToCart()
10 SYSTEMPATH\CodeIgniter.php(509): CodeIgniter\CodeIgniter->runController()
11 SYSTEMPATH\CodeIgniter.php(355): CodeIgniter\CodeIgniter->handleRequest()
12 SYSTEMPATH\Boot.php(325): CodeIgniter\CodeIgniter->run()
13 SYSTEMPATH\Boot.php(67): CodeIgniter\Boot::runCodeIgniter()
14 FCPATH\index.php(56): CodeIgniter\Boot::bootWeb()
15 SYSTEMPATH\rewrite.php(44): require_once('C:\\Users\\usuario\\Desktop\\Pizza-nostra\\proyecto-pizzeria\\public\\index.php')
INFO - 2024-11-26 02:33:12 --> Session: Class initialized using 'CodeIgniter\Session\Handlers\FileHandler' driver.
CRITICAL - 2024-11-26 02:33:12 --> ErrorException: Undefined array key "productos"
[Method: GET, Route: shopcar]
in APPPATH\Controllers\Shopcar.php on line 20.
 1 APPPATH\Controllers\Shopcar.php(20): CodeIgniter\Debug\Exceptions->errorHandler()
 2 SYSTEMPATH\CodeIgniter.php(933): App\Controllers\Shopcar->index()
 3 SYSTEMPATH\CodeIgniter.php(509): CodeIgniter\CodeIgniter->runController()
 4 SYSTEMPATH\CodeIgniter.php(355): CodeIgniter\CodeIgniter->handleRequest()
 5 SYSTEMPATH\Boot.php(325): CodeIgniter\CodeIgniter->run()
 6 SYSTEMPATH\Boot.php(67): CodeIgniter\Boot::runCodeIgniter()
 7 FCPATH\index.php(56): CodeIgniter\Boot::bootWeb()
 8 SYSTEMPATH\rewrite.php(44): require_once('C:\\Users\\usuario\\Desktop\\Pizza-nostra\\proyecto-pizzeria\\public\\index.php')
INFO - 2024-11-26 02:33:13 --> Session: Class initialized using 'CodeIgniter\Session\Handlers\FileHandler' driver.
INFO - 2024-11-26 02:33:19 --> Session: Class initialized using 'CodeIgniter\Session\Handlers\FileHandler' driver.
ERROR - 2024-11-26 02:33:19 --> mysqli_sql_exception: Cannot add or update a child row: a foreign key constraint fails (`nostra_pizza`.`carrito`, CONSTRAINT `carrito_ibfk_1` FOREIGN KEY (`id_cliente`) REFERENCES `cliente` (`id_cliente`) ON DELETE CASCADE ON UPDATE CASCADE) in C:\Users\usuario\Desktop\Pizza-nostra\proyecto-pizzeria\system\Database\MySQLi\Connection.php:312
Stack trace:
#0 C:\Users\usuario\Desktop\Pizza-nostra\proyecto-pizzeria\system\Database\MySQLi\Connection.php(312): mysqli->query()
#1 C:\Users\usuario\Desktop\Pizza-nostra\proyecto-pizzeria\system\Database\BaseConnection.php(734): CodeIgniter\Database\MySQLi\Connection->execute()
#2 C:\Users\usuario\Desktop\Pizza-nostra\proyecto-pizzeria\system\Database\BaseConnection.php(648): CodeIgniter\Database\BaseConnection->simpleQuery()
#3 C:\Users\usuario\Desktop\Pizza-nostra\proyecto-pizzeria\system\Database\BaseBuilder.php(2340): CodeIgniter\Database\BaseConnection->query()
#4 C:\Users\usuario\Desktop\Pizza-nostra\proyecto-pizzeria\system\Model.php(394): CodeIgniter\Database\BaseBuilder->insert()
#5 C:\Users\usuario\Desktop\Pizza-nostra\proyecto-pizzeria\system\BaseModel.php(840): CodeIgniter\Model->doInsert()
#6 C:\Users\usuario\Desktop\Pizza-nostra\proyecto-pizzeria\system\Model.php(802): CodeIgniter\BaseModel->insert()
#7 C:\Users\usuario\Desktop\Pizza-nostra\proyecto-pizzeria\app\Controllers\SearchProduct.php(56): CodeIgniter\Model->insert()
#8 C:\Users\usuario\Desktop\Pizza-nostra\proyecto-pizzeria\system\CodeIgniter.php(933): App\Controllers\SearchProduct->addToCart()
#9 C:\Users\usuario\Desktop\Pizza-nostra\proyecto-pizzeria\system\CodeIgniter.php(509): CodeIgniter\CodeIgniter->runController()
#10 C:\Users\usuario\Desktop\Pizza-nostra\proyecto-pizzeria\system\CodeIgniter.php(355): CodeIgniter\CodeIgniter->handleRequest()
#11 C:\Users\usuario\Desktop\Pizza-nostra\proyecto-pizzeria\system\Boot.php(325): CodeIgniter\CodeIgniter->run()
#12 C:\Users\usuario\Desktop\Pizza-nostra\proyecto-pizzeria\system\Boot.php(67): CodeIgniter\Boot::runCodeIgniter()
#13 C:\Users\usuario\Desktop\Pizza-nostra\proyecto-pizzeria\public\index.php(56): CodeIgniter\Boot::bootWeb()
#14 C:\Users\usuario\Desktop\Pizza-nostra\proyecto-pizzeria\system\rewrite.php(44): require_once('...')
#15 {main}
CRITICAL - 2024-11-26 02:33:19 --> CodeIgniter\Database\Exceptions\DatabaseException: Cannot add or update a child row: a foreign key constraint fails (`nostra_pizza`.`carrito`, CONSTRAINT `carrito_ibfk_1` FOREIGN KEY (`id_cliente`) REFERENCES `cliente` (`id_cliente`) ON DELETE CASCADE ON UPDATE CASCADE)
[Method: POST, Route: addToCart/1]
in SYSTEMPATH\Database\BaseConnection.php on line 688.
 1 SYSTEMPATH\Database\BaseBuilder.php(2340): CodeIgniter\Database\BaseConnection->query()
 2 SYSTEMPATH\Model.php(394): CodeIgniter\Database\BaseBuilder->insert()
 3 SYSTEMPATH\BaseModel.php(840): CodeIgniter\Model->doInsert()
 4 SYSTEMPATH\Model.php(802): CodeIgniter\BaseModel->insert()
 5 APPPATH\Controllers\SearchProduct.php(56): CodeIgniter\Model->insert()
 6 SYSTEMPATH\CodeIgniter.php(933): App\Controllers\SearchProduct->addToCart()
 7 SYSTEMPATH\CodeIgniter.php(509): CodeIgniter\CodeIgniter->runController()
 8 SYSTEMPATH\CodeIgniter.php(355): CodeIgniter\CodeIgniter->handleRequest()
 9 SYSTEMPATH\Boot.php(325): CodeIgniter\CodeIgniter->run()
10 SYSTEMPATH\Boot.php(67): CodeIgniter\Boot::runCodeIgniter()
11 FCPATH\index.php(56): CodeIgniter\Boot::bootWeb()
12 SYSTEMPATH\rewrite.php(44): require_once('C:\\Users\\usuario\\Desktop\\Pizza-nostra\\proyecto-pizzeria\\public\\index.php')
CRITICAL - 2024-11-26 02:33:19 --> [Caused by] CodeIgniter\Database\Exceptions\DatabaseException: Cannot add or update a child row: a foreign key constraint fails (`nostra_pizza`.`carrito`, CONSTRAINT `carrito_ibfk_1` FOREIGN KEY (`id_cliente`) REFERENCES `cliente` (`id_cliente`) ON DELETE CASCADE ON UPDATE CASCADE)
in SYSTEMPATH\Database\MySQLi\Connection.php on line 317.
 1 SYSTEMPATH\Database\BaseConnection.php(734): CodeIgniter\Database\MySQLi\Connection->execute()
 2 SYSTEMPATH\Database\BaseConnection.php(648): CodeIgniter\Database\BaseConnection->simpleQuery()
 3 SYSTEMPATH\Database\BaseBuilder.php(2340): CodeIgniter\Database\BaseConnection->query()
 4 SYSTEMPATH\Model.php(394): CodeIgniter\Database\BaseBuilder->insert()
 5 SYSTEMPATH\BaseModel.php(840): CodeIgniter\Model->doInsert()
 6 SYSTEMPATH\Model.php(802): CodeIgniter\BaseModel->insert()
 7 APPPATH\Controllers\SearchProduct.php(56): CodeIgniter\Model->insert()
 8 SYSTEMPATH\CodeIgniter.php(933): App\Controllers\SearchProduct->addToCart()
 9 SYSTEMPATH\CodeIgniter.php(509): CodeIgniter\CodeIgniter->runController()
10 SYSTEMPATH\CodeIgniter.php(355): CodeIgniter\CodeIgniter->handleRequest()
11 SYSTEMPATH\Boot.php(325): CodeIgniter\CodeIgniter->run()
12 SYSTEMPATH\Boot.php(67): CodeIgniter\Boot::runCodeIgniter()
13 FCPATH\index.php(56): CodeIgniter\Boot::bootWeb()
14 SYSTEMPATH\rewrite.php(44): require_once('C:\\Users\\usuario\\Desktop\\Pizza-nostra\\proyecto-pizzeria\\public\\index.php')
CRITICAL - 2024-11-26 02:33:19 --> [Caused by] mysqli_sql_exception: Cannot add or update a child row: a foreign key constraint fails (`nostra_pizza`.`carrito`, CONSTRAINT `carrito_ibfk_1` FOREIGN KEY (`id_cliente`) REFERENCES `cliente` (`id_cliente`) ON DELETE CASCADE ON UPDATE CASCADE)
in SYSTEMPATH\Database\MySQLi\Connection.php on line 312.
 1 SYSTEMPATH\Database\MySQLi\Connection.php(312): mysqli->query()
 2 SYSTEMPATH\Database\BaseConnection.php(734): CodeIgniter\Database\MySQLi\Connection->execute()
 3 SYSTEMPATH\Database\BaseConnection.php(648): CodeIgniter\Database\BaseConnection->simpleQuery()
 4 SYSTEMPATH\Database\BaseBuilder.php(2340): CodeIgniter\Database\BaseConnection->query()
 5 SYSTEMPATH\Model.php(394): CodeIgniter\Database\BaseBuilder->insert()
 6 SYSTEMPATH\BaseModel.php(840): CodeIgniter\Model->doInsert()
 7 SYSTEMPATH\Model.php(802): CodeIgniter\BaseModel->insert()
 8 APPPATH\Controllers\SearchProduct.php(56): CodeIgniter\Model->insert()
 9 SYSTEMPATH\CodeIgniter.php(933): App\Controllers\SearchProduct->addToCart()
10 SYSTEMPATH\CodeIgniter.php(509): CodeIgniter\CodeIgniter->runController()
11 SYSTEMPATH\CodeIgniter.php(355): CodeIgniter\CodeIgniter->handleRequest()
12 SYSTEMPATH\Boot.php(325): CodeIgniter\CodeIgniter->run()
13 SYSTEMPATH\Boot.php(67): CodeIgniter\Boot::runCodeIgniter()
14 FCPATH\index.php(56): CodeIgniter\Boot::bootWeb()
15 SYSTEMPATH\rewrite.php(44): require_once('C:\\Users\\usuario\\Desktop\\Pizza-nostra\\proyecto-pizzeria\\public\\index.php')
INFO - 2024-11-26 02:34:08 --> Session: Class initialized using 'CodeIgniter\Session\Handlers\FileHandler' driver.
INFO - 2024-11-26 02:34:11 --> Session: Class initialized using 'CodeIgniter\Session\Handlers\FileHandler' driver.
ERROR - 2024-11-26 02:34:11 --> mysqli_sql_exception: Unknown column 'subtotal' in 'field list' in C:\Users\usuario\Desktop\Pizza-nostra\proyecto-pizzeria\system\Database\MySQLi\Connection.php:312
Stack trace:
#0 C:\Users\usuario\Desktop\Pizza-nostra\proyecto-pizzeria\system\Database\MySQLi\Connection.php(312): mysqli->query()
#1 C:\Users\usuario\Desktop\Pizza-nostra\proyecto-pizzeria\system\Database\BaseConnection.php(734): CodeIgniter\Database\MySQLi\Connection->execute()
#2 C:\Users\usuario\Desktop\Pizza-nostra\proyecto-pizzeria\system\Database\BaseConnection.php(648): CodeIgniter\Database\BaseConnection->simpleQuery()
#3 C:\Users\usuario\Desktop\Pizza-nostra\proyecto-pizzeria\system\Database\BaseBuilder.php(2340): CodeIgniter\Database\BaseConnection->query()
#4 C:\Users\usuario\Desktop\Pizza-nostra\proyecto-pizzeria\app\Controllers\SearchProduct.php(82): CodeIgniter\Database\BaseBuilder->insert()
#5 C:\Users\usuario\Desktop\Pizza-nostra\proyecto-pizzeria\system\CodeIgniter.php(933): App\Controllers\SearchProduct->addToCart()
#6 C:\Users\usuario\Desktop\Pizza-nostra\proyecto-pizzeria\system\CodeIgniter.php(509): CodeIgniter\CodeIgniter->runController()
#7 C:\Users\usuario\Desktop\Pizza-nostra\proyecto-pizzeria\system\CodeIgniter.php(355): CodeIgniter\CodeIgniter->handleRequest()
#8 C:\Users\usuario\Desktop\Pizza-nostra\proyecto-pizzeria\system\Boot.php(325): CodeIgniter\CodeIgniter->run()
#9 C:\Users\usuario\Desktop\Pizza-nostra\proyecto-pizzeria\system\Boot.php(67): CodeIgniter\Boot::runCodeIgniter()
#10 C:\Users\usuario\Desktop\Pizza-nostra\proyecto-pizzeria\public\index.php(56): CodeIgniter\Boot::bootWeb()
#11 C:\Users\usuario\Desktop\Pizza-nostra\proyecto-pizzeria\system\rewrite.php(44): require_once('...')
#12 {main}
CRITICAL - 2024-11-26 02:34:11 --> CodeIgniter\Database\Exceptions\DatabaseException: Unknown column 'subtotal' in 'field list'
[Method: POST, Route: addToCart/1]
in SYSTEMPATH\Database\BaseConnection.php on line 688.
 1 SYSTEMPATH\Database\BaseBuilder.php(2340): CodeIgniter\Database\BaseConnection->query()
 2 APPPATH\Controllers\SearchProduct.php(82): CodeIgniter\Database\BaseBuilder->insert()
 3 SYSTEMPATH\CodeIgniter.php(933): App\Controllers\SearchProduct->addToCart()
 4 SYSTEMPATH\CodeIgniter.php(509): CodeIgniter\CodeIgniter->runController()
 5 SYSTEMPATH\CodeIgniter.php(355): CodeIgniter\CodeIgniter->handleRequest()
 6 SYSTEMPATH\Boot.php(325): CodeIgniter\CodeIgniter->run()
 7 SYSTEMPATH\Boot.php(67): CodeIgniter\Boot::runCodeIgniter()
 8 FCPATH\index.php(56): CodeIgniter\Boot::bootWeb()
 9 SYSTEMPATH\rewrite.php(44): require_once('C:\\Users\\usuario\\Desktop\\Pizza-nostra\\proyecto-pizzeria\\public\\index.php')
CRITICAL - 2024-11-26 02:34:11 --> [Caused by] CodeIgniter\Database\Exceptions\DatabaseException: Unknown column 'subtotal' in 'field list'
in SYSTEMPATH\Database\MySQLi\Connection.php on line 317.
 1 SYSTEMPATH\Database\BaseConnection.php(734): CodeIgniter\Database\MySQLi\Connection->execute()
 2 SYSTEMPATH\Database\BaseConnection.php(648): CodeIgniter\Database\BaseConnection->simpleQuery()
 3 SYSTEMPATH\Database\BaseBuilder.php(2340): CodeIgniter\Database\BaseConnection->query()
 4 APPPATH\Controllers\SearchProduct.php(82): CodeIgniter\Database\BaseBuilder->insert()
 5 SYSTEMPATH\CodeIgniter.php(933): App\Controllers\SearchProduct->addToCart()
 6 SYSTEMPATH\CodeIgniter.php(509): CodeIgniter\CodeIgniter->runController()
 7 SYSTEMPATH\CodeIgniter.php(355): CodeIgniter\CodeIgniter->handleRequest()
 8 SYSTEMPATH\Boot.php(325): CodeIgniter\CodeIgniter->run()
 9 SYSTEMPATH\Boot.php(67): CodeIgniter\Boot::runCodeIgniter()
10 FCPATH\index.php(56): CodeIgniter\Boot::bootWeb()
11 SYSTEMPATH\rewrite.php(44): require_once('C:\\Users\\usuario\\Desktop\\Pizza-nostra\\proyecto-pizzeria\\public\\index.php')
CRITICAL - 2024-11-26 02:34:11 --> [Caused by] mysqli_sql_exception: Unknown column 'subtotal' in 'field list'
in SYSTEMPATH\Database\MySQLi\Connection.php on line 312.
 1 SYSTEMPATH\Database\MySQLi\Connection.php(312): mysqli->query()
 2 SYSTEMPATH\Database\BaseConnection.php(734): CodeIgniter\Database\MySQLi\Connection->execute()
 3 SYSTEMPATH\Database\BaseConnection.php(648): CodeIgniter\Database\BaseConnection->simpleQuery()
 4 SYSTEMPATH\Database\BaseBuilder.php(2340): CodeIgniter\Database\BaseConnection->query()
 5 APPPATH\Controllers\SearchProduct.php(82): CodeIgniter\Database\BaseBuilder->insert()
 6 SYSTEMPATH\CodeIgniter.php(933): App\Controllers\SearchProduct->addToCart()
 7 SYSTEMPATH\CodeIgniter.php(509): CodeIgniter\CodeIgniter->runController()
 8 SYSTEMPATH\CodeIgniter.php(355): CodeIgniter\CodeIgniter->handleRequest()
 9 SYSTEMPATH\Boot.php(325): CodeIgniter\CodeIgniter->run()
10 SYSTEMPATH\Boot.php(67): CodeIgniter\Boot::runCodeIgniter()
11 FCPATH\index.php(56): CodeIgniter\Boot::bootWeb()
12 SYSTEMPATH\rewrite.php(44): require_once('C:\\Users\\usuario\\Desktop\\Pizza-nostra\\proyecto-pizzeria\\public\\index.php')
INFO - 2024-11-26 02:34:12 --> Session: Class initialized using 'CodeIgniter\Session\Handlers\FileHandler' driver.
ERROR - 2024-11-26 02:34:12 --> mysqli_sql_exception: Unknown column 'subtotal' in 'field list' in C:\Users\usuario\Desktop\Pizza-nostra\proyecto-pizzeria\system\Database\MySQLi\Connection.php:312
Stack trace:
#0 C:\Users\usuario\Desktop\Pizza-nostra\proyecto-pizzeria\system\Database\MySQLi\Connection.php(312): mysqli->query()
#1 C:\Users\usuario\Desktop\Pizza-nostra\proyecto-pizzeria\system\Database\BaseConnection.php(734): CodeIgniter\Database\MySQLi\Connection->execute()
#2 C:\Users\usuario\Desktop\Pizza-nostra\proyecto-pizzeria\system\Database\BaseConnection.php(648): CodeIgniter\Database\BaseConnection->simpleQuery()
#3 C:\Users\usuario\Desktop\Pizza-nostra\proyecto-pizzeria\system\Database\BaseBuilder.php(2340): CodeIgniter\Database\BaseConnection->query()
#4 C:\Users\usuario\Desktop\Pizza-nostra\proyecto-pizzeria\app\Controllers\SearchProduct.php(82): CodeIgniter\Database\BaseBuilder->insert()
#5 C:\Users\usuario\Desktop\Pizza-nostra\proyecto-pizzeria\system\CodeIgniter.php(933): App\Controllers\SearchProduct->addToCart()
#6 C:\Users\usuario\Desktop\Pizza-nostra\proyecto-pizzeria\system\CodeIgniter.php(509): CodeIgniter\CodeIgniter->runController()
#7 C:\Users\usuario\Desktop\Pizza-nostra\proyecto-pizzeria\system\CodeIgniter.php(355): CodeIgniter\CodeIgniter->handleRequest()
#8 C:\Users\usuario\Desktop\Pizza-nostra\proyecto-pizzeria\system\Boot.php(325): CodeIgniter\CodeIgniter->run()
#9 C:\Users\usuario\Desktop\Pizza-nostra\proyecto-pizzeria\system\Boot.php(67): CodeIgniter\Boot::runCodeIgniter()
#10 C:\Users\usuario\Desktop\Pizza-nostra\proyecto-pizzeria\public\index.php(56): CodeIgniter\Boot::bootWeb()
#11 C:\Users\usuario\Desktop\Pizza-nostra\proyecto-pizzeria\system\rewrite.php(44): require_once('...')
#12 {main}
CRITICAL - 2024-11-26 02:34:12 --> CodeIgniter\Database\Exceptions\DatabaseException: Unknown column 'subtotal' in 'field list'
[Method: POST, Route: addToCart/1]
in SYSTEMPATH\Database\BaseConnection.php on line 688.
 1 SYSTEMPATH\Database\BaseBuilder.php(2340): CodeIgniter\Database\BaseConnection->query()
 2 APPPATH\Controllers\SearchProduct.php(82): CodeIgniter\Database\BaseBuilder->insert()
 3 SYSTEMPATH\CodeIgniter.php(933): App\Controllers\SearchProduct->addToCart()
 4 SYSTEMPATH\CodeIgniter.php(509): CodeIgniter\CodeIgniter->runController()
 5 SYSTEMPATH\CodeIgniter.php(355): CodeIgniter\CodeIgniter->handleRequest()
 6 SYSTEMPATH\Boot.php(325): CodeIgniter\CodeIgniter->run()
 7 SYSTEMPATH\Boot.php(67): CodeIgniter\Boot::runCodeIgniter()
 8 FCPATH\index.php(56): CodeIgniter\Boot::bootWeb()
 9 SYSTEMPATH\rewrite.php(44): require_once('C:\\Users\\usuario\\Desktop\\Pizza-nostra\\proyecto-pizzeria\\public\\index.php')
CRITICAL - 2024-11-26 02:34:12 --> [Caused by] CodeIgniter\Database\Exceptions\DatabaseException: Unknown column 'subtotal' in 'field list'
in SYSTEMPATH\Database\MySQLi\Connection.php on line 317.
 1 SYSTEMPATH\Database\BaseConnection.php(734): CodeIgniter\Database\MySQLi\Connection->execute()
 2 SYSTEMPATH\Database\BaseConnection.php(648): CodeIgniter\Database\BaseConnection->simpleQuery()
 3 SYSTEMPATH\Database\BaseBuilder.php(2340): CodeIgniter\Database\BaseConnection->query()
 4 APPPATH\Controllers\SearchProduct.php(82): CodeIgniter\Database\BaseBuilder->insert()
 5 SYSTEMPATH\CodeIgniter.php(933): App\Controllers\SearchProduct->addToCart()
 6 SYSTEMPATH\CodeIgniter.php(509): CodeIgniter\CodeIgniter->runController()
 7 SYSTEMPATH\CodeIgniter.php(355): CodeIgniter\CodeIgniter->handleRequest()
 8 SYSTEMPATH\Boot.php(325): CodeIgniter\CodeIgniter->run()
 9 SYSTEMPATH\Boot.php(67): CodeIgniter\Boot::runCodeIgniter()
10 FCPATH\index.php(56): CodeIgniter\Boot::bootWeb()
11 SYSTEMPATH\rewrite.php(44): require_once('C:\\Users\\usuario\\Desktop\\Pizza-nostra\\proyecto-pizzeria\\public\\index.php')
CRITICAL - 2024-11-26 02:34:12 --> [Caused by] mysqli_sql_exception: Unknown column 'subtotal' in 'field list'
in SYSTEMPATH\Database\MySQLi\Connection.php on line 312.
 1 SYSTEMPATH\Database\MySQLi\Connection.php(312): mysqli->query()
 2 SYSTEMPATH\Database\BaseConnection.php(734): CodeIgniter\Database\MySQLi\Connection->execute()
 3 SYSTEMPATH\Database\BaseConnection.php(648): CodeIgniter\Database\BaseConnection->simpleQuery()
 4 SYSTEMPATH\Database\BaseBuilder.php(2340): CodeIgniter\Database\BaseConnection->query()
 5 APPPATH\Controllers\SearchProduct.php(82): CodeIgniter\Database\BaseBuilder->insert()
 6 SYSTEMPATH\CodeIgniter.php(933): App\Controllers\SearchProduct->addToCart()
 7 SYSTEMPATH\CodeIgniter.php(509): CodeIgniter\CodeIgniter->runController()
 8 SYSTEMPATH\CodeIgniter.php(355): CodeIgniter\CodeIgniter->handleRequest()
 9 SYSTEMPATH\Boot.php(325): CodeIgniter\CodeIgniter->run()
10 SYSTEMPATH\Boot.php(67): CodeIgniter\Boot::runCodeIgniter()
11 FCPATH\index.php(56): CodeIgniter\Boot::bootWeb()
12 SYSTEMPATH\rewrite.php(44): require_once('C:\\Users\\usuario\\Desktop\\Pizza-nostra\\proyecto-pizzeria\\public\\index.php')
INFO - 2024-11-26 02:34:12 --> Session: Class initialized using 'CodeIgniter\Session\Handlers\FileHandler' driver.
ERROR - 2024-11-26 02:34:12 --> mysqli_sql_exception: Unknown column 'subtotal' in 'field list' in C:\Users\usuario\Desktop\Pizza-nostra\proyecto-pizzeria\system\Database\MySQLi\Connection.php:312
Stack trace:
#0 C:\Users\usuario\Desktop\Pizza-nostra\proyecto-pizzeria\system\Database\MySQLi\Connection.php(312): mysqli->query()
#1 C:\Users\usuario\Desktop\Pizza-nostra\proyecto-pizzeria\system\Database\BaseConnection.php(734): CodeIgniter\Database\MySQLi\Connection->execute()
#2 C:\Users\usuario\Desktop\Pizza-nostra\proyecto-pizzeria\system\Database\BaseConnection.php(648): CodeIgniter\Database\BaseConnection->simpleQuery()
#3 C:\Users\usuario\Desktop\Pizza-nostra\proyecto-pizzeria\system\Database\BaseBuilder.php(2340): CodeIgniter\Database\BaseConnection->query()
#4 C:\Users\usuario\Desktop\Pizza-nostra\proyecto-pizzeria\app\Controllers\SearchProduct.php(82): CodeIgniter\Database\BaseBuilder->insert()
#5 C:\Users\usuario\Desktop\Pizza-nostra\proyecto-pizzeria\system\CodeIgniter.php(933): App\Controllers\SearchProduct->addToCart()
#6 C:\Users\usuario\Desktop\Pizza-nostra\proyecto-pizzeria\system\CodeIgniter.php(509): CodeIgniter\CodeIgniter->runController()
#7 C:\Users\usuario\Desktop\Pizza-nostra\proyecto-pizzeria\system\CodeIgniter.php(355): CodeIgniter\CodeIgniter->handleRequest()
#8 C:\Users\usuario\Desktop\Pizza-nostra\proyecto-pizzeria\system\Boot.php(325): CodeIgniter\CodeIgniter->run()
#9 C:\Users\usuario\Desktop\Pizza-nostra\proyecto-pizzeria\system\Boot.php(67): CodeIgniter\Boot::runCodeIgniter()
#10 C:\Users\usuario\Desktop\Pizza-nostra\proyecto-pizzeria\public\index.php(56): CodeIgniter\Boot::bootWeb()
#11 C:\Users\usuario\Desktop\Pizza-nostra\proyecto-pizzeria\system\rewrite.php(44): require_once('...')
#12 {main}
CRITICAL - 2024-11-26 02:34:12 --> CodeIgniter\Database\Exceptions\DatabaseException: Unknown column 'subtotal' in 'field list'
[Method: POST, Route: addToCart/1]
in SYSTEMPATH\Database\BaseConnection.php on line 688.
 1 SYSTEMPATH\Database\BaseBuilder.php(2340): CodeIgniter\Database\BaseConnection->query()
 2 APPPATH\Controllers\SearchProduct.php(82): CodeIgniter\Database\BaseBuilder->insert()
 3 SYSTEMPATH\CodeIgniter.php(933): App\Controllers\SearchProduct->addToCart()
 4 SYSTEMPATH\CodeIgniter.php(509): CodeIgniter\CodeIgniter->runController()
 5 SYSTEMPATH\CodeIgniter.php(355): CodeIgniter\CodeIgniter->handleRequest()
 6 SYSTEMPATH\Boot.php(325): CodeIgniter\CodeIgniter->run()
 7 SYSTEMPATH\Boot.php(67): CodeIgniter\Boot::runCodeIgniter()
 8 FCPATH\index.php(56): CodeIgniter\Boot::bootWeb()
 9 SYSTEMPATH\rewrite.php(44): require_once('C:\\Users\\usuario\\Desktop\\Pizza-nostra\\proyecto-pizzeria\\public\\index.php')
CRITICAL - 2024-11-26 02:34:12 --> [Caused by] CodeIgniter\Database\Exceptions\DatabaseException: Unknown column 'subtotal' in 'field list'
in SYSTEMPATH\Database\MySQLi\Connection.php on line 317.
 1 SYSTEMPATH\Database\BaseConnection.php(734): CodeIgniter\Database\MySQLi\Connection->execute()
 2 SYSTEMPATH\Database\BaseConnection.php(648): CodeIgniter\Database\BaseConnection->simpleQuery()
 3 SYSTEMPATH\Database\BaseBuilder.php(2340): CodeIgniter\Database\BaseConnection->query()
 4 APPPATH\Controllers\SearchProduct.php(82): CodeIgniter\Database\BaseBuilder->insert()
 5 SYSTEMPATH\CodeIgniter.php(933): App\Controllers\SearchProduct->addToCart()
 6 SYSTEMPATH\CodeIgniter.php(509): CodeIgniter\CodeIgniter->runController()
 7 SYSTEMPATH\CodeIgniter.php(355): CodeIgniter\CodeIgniter->handleRequest()
 8 SYSTEMPATH\Boot.php(325): CodeIgniter\CodeIgniter->run()
 9 SYSTEMPATH\Boot.php(67): CodeIgniter\Boot::runCodeIgniter()
10 FCPATH\index.php(56): CodeIgniter\Boot::bootWeb()
11 SYSTEMPATH\rewrite.php(44): require_once('C:\\Users\\usuario\\Desktop\\Pizza-nostra\\proyecto-pizzeria\\public\\index.php')
CRITICAL - 2024-11-26 02:34:12 --> [Caused by] mysqli_sql_exception: Unknown column 'subtotal' in 'field list'
in SYSTEMPATH\Database\MySQLi\Connection.php on line 312.
 1 SYSTEMPATH\Database\MySQLi\Connection.php(312): mysqli->query()
 2 SYSTEMPATH\Database\BaseConnection.php(734): CodeIgniter\Database\MySQLi\Connection->execute()
 3 SYSTEMPATH\Database\BaseConnection.php(648): CodeIgniter\Database\BaseConnection->simpleQuery()
 4 SYSTEMPATH\Database\BaseBuilder.php(2340): CodeIgniter\Database\BaseConnection->query()
 5 APPPATH\Controllers\SearchProduct.php(82): CodeIgniter\Database\BaseBuilder->insert()
 6 SYSTEMPATH\CodeIgniter.php(933): App\Controllers\SearchProduct->addToCart()
 7 SYSTEMPATH\CodeIgniter.php(509): CodeIgniter\CodeIgniter->runController()
 8 SYSTEMPATH\CodeIgniter.php(355): CodeIgniter\CodeIgniter->handleRequest()
 9 SYSTEMPATH\Boot.php(325): CodeIgniter\CodeIgniter->run()
10 SYSTEMPATH\Boot.php(67): CodeIgniter\Boot::runCodeIgniter()
11 FCPATH\index.php(56): CodeIgniter\Boot::bootWeb()
12 SYSTEMPATH\rewrite.php(44): require_once('C:\\Users\\usuario\\Desktop\\Pizza-nostra\\proyecto-pizzeria\\public\\index.php')
INFO - 2024-11-26 02:34:12 --> Session: Class initialized using 'CodeIgniter\Session\Handlers\FileHandler' driver.
ERROR - 2024-11-26 02:34:12 --> mysqli_sql_exception: Unknown column 'subtotal' in 'field list' in C:\Users\usuario\Desktop\Pizza-nostra\proyecto-pizzeria\system\Database\MySQLi\Connection.php:312
Stack trace:
#0 C:\Users\usuario\Desktop\Pizza-nostra\proyecto-pizzeria\system\Database\MySQLi\Connection.php(312): mysqli->query()
#1 C:\Users\usuario\Desktop\Pizza-nostra\proyecto-pizzeria\system\Database\BaseConnection.php(734): CodeIgniter\Database\MySQLi\Connection->execute()
#2 C:\Users\usuario\Desktop\Pizza-nostra\proyecto-pizzeria\system\Database\BaseConnection.php(648): CodeIgniter\Database\BaseConnection->simpleQuery()
#3 C:\Users\usuario\Desktop\Pizza-nostra\proyecto-pizzeria\system\Database\BaseBuilder.php(2340): CodeIgniter\Database\BaseConnection->query()
#4 C:\Users\usuario\Desktop\Pizza-nostra\proyecto-pizzeria\app\Controllers\SearchProduct.php(82): CodeIgniter\Database\BaseBuilder->insert()
#5 C:\Users\usuario\Desktop\Pizza-nostra\proyecto-pizzeria\system\CodeIgniter.php(933): App\Controllers\SearchProduct->addToCart()
#6 C:\Users\usuario\Desktop\Pizza-nostra\proyecto-pizzeria\system\CodeIgniter.php(509): CodeIgniter\CodeIgniter->runController()
#7 C:\Users\usuario\Desktop\Pizza-nostra\proyecto-pizzeria\system\CodeIgniter.php(355): CodeIgniter\CodeIgniter->handleRequest()
#8 C:\Users\usuario\Desktop\Pizza-nostra\proyecto-pizzeria\system\Boot.php(325): CodeIgniter\CodeIgniter->run()
#9 C:\Users\usuario\Desktop\Pizza-nostra\proyecto-pizzeria\system\Boot.php(67): CodeIgniter\Boot::runCodeIgniter()
#10 C:\Users\usuario\Desktop\Pizza-nostra\proyecto-pizzeria\public\index.php(56): CodeIgniter\Boot::bootWeb()
#11 C:\Users\usuario\Desktop\Pizza-nostra\proyecto-pizzeria\system\rewrite.php(44): require_once('...')
#12 {main}
CRITICAL - 2024-11-26 02:34:12 --> CodeIgniter\Database\Exceptions\DatabaseException: Unknown column 'subtotal' in 'field list'
[Method: POST, Route: addToCart/1]
in SYSTEMPATH\Database\BaseConnection.php on line 688.
 1 SYSTEMPATH\Database\BaseBuilder.php(2340): CodeIgniter\Database\BaseConnection->query()
 2 APPPATH\Controllers\SearchProduct.php(82): CodeIgniter\Database\BaseBuilder->insert()
 3 SYSTEMPATH\CodeIgniter.php(933): App\Controllers\SearchProduct->addToCart()
 4 SYSTEMPATH\CodeIgniter.php(509): CodeIgniter\CodeIgniter->runController()
 5 SYSTEMPATH\CodeIgniter.php(355): CodeIgniter\CodeIgniter->handleRequest()
 6 SYSTEMPATH\Boot.php(325): CodeIgniter\CodeIgniter->run()
 7 SYSTEMPATH\Boot.php(67): CodeIgniter\Boot::runCodeIgniter()
 8 FCPATH\index.php(56): CodeIgniter\Boot::bootWeb()
 9 SYSTEMPATH\rewrite.php(44): require_once('C:\\Users\\usuario\\Desktop\\Pizza-nostra\\proyecto-pizzeria\\public\\index.php')
CRITICAL - 2024-11-26 02:34:12 --> [Caused by] CodeIgniter\Database\Exceptions\DatabaseException: Unknown column 'subtotal' in 'field list'
in SYSTEMPATH\Database\MySQLi\Connection.php on line 317.
 1 SYSTEMPATH\Database\BaseConnection.php(734): CodeIgniter\Database\MySQLi\Connection->execute()
 2 SYSTEMPATH\Database\BaseConnection.php(648): CodeIgniter\Database\BaseConnection->simpleQuery()
 3 SYSTEMPATH\Database\BaseBuilder.php(2340): CodeIgniter\Database\BaseConnection->query()
 4 APPPATH\Controllers\SearchProduct.php(82): CodeIgniter\Database\BaseBuilder->insert()
 5 SYSTEMPATH\CodeIgniter.php(933): App\Controllers\SearchProduct->addToCart()
 6 SYSTEMPATH\CodeIgniter.php(509): CodeIgniter\CodeIgniter->runController()
 7 SYSTEMPATH\CodeIgniter.php(355): CodeIgniter\CodeIgniter->handleRequest()
 8 SYSTEMPATH\Boot.php(325): CodeIgniter\CodeIgniter->run()
 9 SYSTEMPATH\Boot.php(67): CodeIgniter\Boot::runCodeIgniter()
10 FCPATH\index.php(56): CodeIgniter\Boot::bootWeb()
11 SYSTEMPATH\rewrite.php(44): require_once('C:\\Users\\usuario\\Desktop\\Pizza-nostra\\proyecto-pizzeria\\public\\index.php')
CRITICAL - 2024-11-26 02:34:12 --> [Caused by] mysqli_sql_exception: Unknown column 'subtotal' in 'field list'
in SYSTEMPATH\Database\MySQLi\Connection.php on line 312.
 1 SYSTEMPATH\Database\MySQLi\Connection.php(312): mysqli->query()
 2 SYSTEMPATH\Database\BaseConnection.php(734): CodeIgniter\Database\MySQLi\Connection->execute()
 3 SYSTEMPATH\Database\BaseConnection.php(648): CodeIgniter\Database\BaseConnection->simpleQuery()
 4 SYSTEMPATH\Database\BaseBuilder.php(2340): CodeIgniter\Database\BaseConnection->query()
 5 APPPATH\Controllers\SearchProduct.php(82): CodeIgniter\Database\BaseBuilder->insert()
 6 SYSTEMPATH\CodeIgniter.php(933): App\Controllers\SearchProduct->addToCart()
 7 SYSTEMPATH\CodeIgniter.php(509): CodeIgniter\CodeIgniter->runController()
 8 SYSTEMPATH\CodeIgniter.php(355): CodeIgniter\CodeIgniter->handleRequest()
 9 SYSTEMPATH\Boot.php(325): CodeIgniter\CodeIgniter->run()
10 SYSTEMPATH\Boot.php(67): CodeIgniter\Boot::runCodeIgniter()
11 FCPATH\index.php(56): CodeIgniter\Boot::bootWeb()
12 SYSTEMPATH\rewrite.php(44): require_once('C:\\Users\\usuario\\Desktop\\Pizza-nostra\\proyecto-pizzeria\\public\\index.php')
INFO - 2024-11-26 02:34:29 --> Session: Class initialized using 'CodeIgniter\Session\Handlers\FileHandler' driver.
INFO - 2024-11-26 02:34:30 --> Session: Class initialized using 'CodeIgniter\Session\Handlers\FileHandler' driver.
INFO - 2024-11-26 02:34:31 --> Session: Class initialized using 'CodeIgniter\Session\Handlers\FileHandler' driver.
INFO - 2024-11-26 02:34:33 --> Session: Class initialized using 'CodeIgniter\Session\Handlers\FileHandler' driver.
INFO - 2024-11-26 02:34:41 --> Session: Class initialized using 'CodeIgniter\Session\Handlers\FileHandler' driver.
INFO - 2024-11-26 02:34:44 --> Session: Class initialized using 'CodeIgniter\Session\Handlers\FileHandler' driver.
INFO - 2024-11-26 02:34:46 --> Session: Class initialized using 'CodeIgniter\Session\Handlers\FileHandler' driver.
INFO - 2024-11-26 02:34:47 --> Session: Class initialized using 'CodeIgniter\Session\Handlers\FileHandler' driver.
INFO - 2024-11-26 02:34:54 --> Session: Class initialized using 'CodeIgniter\Session\Handlers\FileHandler' driver.
INFO - 2024-11-26 02:35:07 --> Session: Class initialized using 'CodeIgniter\Session\Handlers\FileHandler' driver.
INFO - 2024-11-26 02:35:18 --> Session: Class initialized using 'CodeIgniter\Session\Handlers\FileHandler' driver.
CRITICAL - 2024-11-26 02:35:18 --> ErrorException: Undefined array key "id"
[Method: GET, Route: recepcionPedidos]
in APPPATH\Views\recepcionPedidos.php on line 382.
 1 APPPATH\Views\recepcionPedidos.php(382): CodeIgniter\Debug\Exceptions->errorHandler()
 2 SYSTEMPATH\View\View.php(234): include('C:\\Users\\usuario\\Desktop\\Pizza-nostra\\proyecto-pizzeria\\app\\Views\\recepcionPedidos.php')
 3 SYSTEMPATH\View\View.php(237): CodeIgniter\View\View->CodeIgniter\View\{closure}()
 4 SYSTEMPATH\Common.php(1171): CodeIgniter\View\View->render()
 5 APPPATH\Controllers\RecepcionPedidos.php(21): view()
 6 SYSTEMPATH\CodeIgniter.php(933): App\Controllers\RecepcionPedidos->listarPedidos()
 7 SYSTEMPATH\CodeIgniter.php(509): CodeIgniter\CodeIgniter->runController()
 8 SYSTEMPATH\CodeIgniter.php(355): CodeIgniter\CodeIgniter->handleRequest()
 9 SYSTEMPATH\Boot.php(325): CodeIgniter\CodeIgniter->run()
10 SYSTEMPATH\Boot.php(67): CodeIgniter\Boot::runCodeIgniter()
11 FCPATH\index.php(56): CodeIgniter\Boot::bootWeb()
12 SYSTEMPATH\rewrite.php(44): require_once('C:\\Users\\usuario\\Desktop\\Pizza-nostra\\proyecto-pizzeria\\public\\index.php')
INFO - 2024-11-26 02:37:33 --> Session: Class initialized using 'CodeIgniter\Session\Handlers\FileHandler' driver.
CRITICAL - 2024-11-26 02:37:33 --> ErrorException: Undefined array key "nombre"
[Method: GET, Route: recepcionPedidos]
in APPPATH\Views\recepcionPedidos.php on line 382.
 1 APPPATH\Views\recepcionPedidos.php(382): CodeIgniter\Debug\Exceptions->errorHandler()
 2 SYSTEMPATH\View\View.php(234): include('C:\\Users\\usuario\\Desktop\\Pizza-nostra\\proyecto-pizzeria\\app\\Views\\recepcionPedidos.php')
 3 SYSTEMPATH\View\View.php(237): CodeIgniter\View\View->CodeIgniter\View\{closure}()
 4 SYSTEMPATH\Common.php(1171): CodeIgniter\View\View->render()
 5 APPPATH\Controllers\RecepcionPedidos.php(21): view()
 6 SYSTEMPATH\CodeIgniter.php(933): App\Controllers\RecepcionPedidos->listarPedidos()
 7 SYSTEMPATH\CodeIgniter.php(509): CodeIgniter\CodeIgniter->runController()
 8 SYSTEMPATH\CodeIgniter.php(355): CodeIgniter\CodeIgniter->handleRequest()
 9 SYSTEMPATH\Boot.php(325): CodeIgniter\CodeIgniter->run()
10 SYSTEMPATH\Boot.php(67): CodeIgniter\Boot::runCodeIgniter()
11 FCPATH\index.php(56): CodeIgniter\Boot::bootWeb()
12 SYSTEMPATH\rewrite.php(44): require_once('C:\\Users\\usuario\\Desktop\\Pizza-nostra\\proyecto-pizzeria\\public\\index.php')
INFO - 2024-11-26 02:37:33 --> Session: Class initialized using 'CodeIgniter\Session\Handlers\FileHandler' driver.
CRITICAL - 2024-11-26 02:37:33 --> ErrorException: Undefined array key "nombre"
[Method: GET, Route: recepcionPedidos]
in APPPATH\Views\recepcionPedidos.php on line 382.
 1 APPPATH\Views\recepcionPedidos.php(382): CodeIgniter\Debug\Exceptions->errorHandler()
 2 SYSTEMPATH\View\View.php(234): include('C:\\Users\\usuario\\Desktop\\Pizza-nostra\\proyecto-pizzeria\\app\\Views\\recepcionPedidos.php')
 3 SYSTEMPATH\View\View.php(237): CodeIgniter\View\View->CodeIgniter\View\{closure}()
 4 SYSTEMPATH\Common.php(1171): CodeIgniter\View\View->render()
 5 APPPATH\Controllers\RecepcionPedidos.php(21): view()
 6 SYSTEMPATH\CodeIgniter.php(933): App\Controllers\RecepcionPedidos->listarPedidos()
 7 SYSTEMPATH\CodeIgniter.php(509): CodeIgniter\CodeIgniter->runController()
 8 SYSTEMPATH\CodeIgniter.php(355): CodeIgniter\CodeIgniter->handleRequest()
 9 SYSTEMPATH\Boot.php(325): CodeIgniter\CodeIgniter->run()
10 SYSTEMPATH\Boot.php(67): CodeIgniter\Boot::runCodeIgniter()
11 FCPATH\index.php(56): CodeIgniter\Boot::bootWeb()
12 SYSTEMPATH\rewrite.php(44): require_once('C:\\Users\\usuario\\Desktop\\Pizza-nostra\\proyecto-pizzeria\\public\\index.php')
INFO - 2024-11-26 02:37:34 --> Session: Class initialized using 'CodeIgniter\Session\Handlers\FileHandler' driver.
CRITICAL - 2024-11-26 02:37:34 --> ErrorException: Undefined array key "nombre"
[Method: GET, Route: recepcionPedidos]
in APPPATH\Views\recepcionPedidos.php on line 382.
 1 APPPATH\Views\recepcionPedidos.php(382): CodeIgniter\Debug\Exceptions->errorHandler()
 2 SYSTEMPATH\View\View.php(234): include('C:\\Users\\usuario\\Desktop\\Pizza-nostra\\proyecto-pizzeria\\app\\Views\\recepcionPedidos.php')
 3 SYSTEMPATH\View\View.php(237): CodeIgniter\View\View->CodeIgniter\View\{closure}()
 4 SYSTEMPATH\Common.php(1171): CodeIgniter\View\View->render()
 5 APPPATH\Controllers\RecepcionPedidos.php(21): view()
 6 SYSTEMPATH\CodeIgniter.php(933): App\Controllers\RecepcionPedidos->listarPedidos()
 7 SYSTEMPATH\CodeIgniter.php(509): CodeIgniter\CodeIgniter->runController()
 8 SYSTEMPATH\CodeIgniter.php(355): CodeIgniter\CodeIgniter->handleRequest()
 9 SYSTEMPATH\Boot.php(325): CodeIgniter\CodeIgniter->run()
10 SYSTEMPATH\Boot.php(67): CodeIgniter\Boot::runCodeIgniter()
11 FCPATH\index.php(56): CodeIgniter\Boot::bootWeb()
12 SYSTEMPATH\rewrite.php(44): require_once('C:\\Users\\usuario\\Desktop\\Pizza-nostra\\proyecto-pizzeria\\public\\index.php')
INFO - 2024-11-26 02:37:34 --> Session: Class initialized using 'CodeIgniter\Session\Handlers\FileHandler' driver.
CRITICAL - 2024-11-26 02:37:34 --> ErrorException: Undefined array key "nombre"
[Method: GET, Route: recepcionPedidos]
in APPPATH\Views\recepcionPedidos.php on line 382.
 1 APPPATH\Views\recepcionPedidos.php(382): CodeIgniter\Debug\Exceptions->errorHandler()
 2 SYSTEMPATH\View\View.php(234): include('C:\\Users\\usuario\\Desktop\\Pizza-nostra\\proyecto-pizzeria\\app\\Views\\recepcionPedidos.php')
 3 SYSTEMPATH\View\View.php(237): CodeIgniter\View\View->CodeIgniter\View\{closure}()
 4 SYSTEMPATH\Common.php(1171): CodeIgniter\View\View->render()
 5 APPPATH\Controllers\RecepcionPedidos.php(21): view()
 6 SYSTEMPATH\CodeIgniter.php(933): App\Controllers\RecepcionPedidos->listarPedidos()
 7 SYSTEMPATH\CodeIgniter.php(509): CodeIgniter\CodeIgniter->runController()
 8 SYSTEMPATH\CodeIgniter.php(355): CodeIgniter\CodeIgniter->handleRequest()
 9 SYSTEMPATH\Boot.php(325): CodeIgniter\CodeIgniter->run()
10 SYSTEMPATH\Boot.php(67): CodeIgniter\Boot::runCodeIgniter()
11 FCPATH\index.php(56): CodeIgniter\Boot::bootWeb()
12 SYSTEMPATH\rewrite.php(44): require_once('C:\\Users\\usuario\\Desktop\\Pizza-nostra\\proyecto-pizzeria\\public\\index.php')
INFO - 2024-11-26 02:38:39 --> Session: Class initialized using 'CodeIgniter\Session\Handlers\FileHandler' driver.
CRITICAL - 2024-11-26 02:38:39 --> ErrorException: Undefined array key "nombre"
[Method: GET, Route: recepcionPedidos]
in APPPATH\Views\recepcionPedidos.php on line 382.
 1 APPPATH\Views\recepcionPedidos.php(382): CodeIgniter\Debug\Exceptions->errorHandler()
 2 SYSTEMPATH\View\View.php(234): include('C:\\Users\\usuario\\Desktop\\Pizza-nostra\\proyecto-pizzeria\\app\\Views\\recepcionPedidos.php')
 3 SYSTEMPATH\View\View.php(237): CodeIgniter\View\View->CodeIgniter\View\{closure}()
 4 SYSTEMPATH\Common.php(1171): CodeIgniter\View\View->render()
 5 APPPATH\Controllers\RecepcionPedidos.php(21): view()
 6 SYSTEMPATH\CodeIgniter.php(933): App\Controllers\RecepcionPedidos->listarPedidos()
 7 SYSTEMPATH\CodeIgniter.php(509): CodeIgniter\CodeIgniter->runController()
 8 SYSTEMPATH\CodeIgniter.php(355): CodeIgniter\CodeIgniter->handleRequest()
 9 SYSTEMPATH\Boot.php(325): CodeIgniter\CodeIgniter->run()
10 SYSTEMPATH\Boot.php(67): CodeIgniter\Boot::runCodeIgniter()
11 FCPATH\index.php(56): CodeIgniter\Boot::bootWeb()
12 SYSTEMPATH\rewrite.php(44): require_once('C:\\Users\\usuario\\Desktop\\Pizza-nostra\\proyecto-pizzeria\\public\\index.php')
INFO - 2024-11-26 02:38:39 --> Session: Class initialized using 'CodeIgniter\Session\Handlers\FileHandler' driver.
CRITICAL - 2024-11-26 02:38:39 --> ErrorException: Undefined array key "nombre"
[Method: GET, Route: recepcionPedidos]
in APPPATH\Views\recepcionPedidos.php on line 382.
 1 APPPATH\Views\recepcionPedidos.php(382): CodeIgniter\Debug\Exceptions->errorHandler()
 2 SYSTEMPATH\View\View.php(234): include('C:\\Users\\usuario\\Desktop\\Pizza-nostra\\proyecto-pizzeria\\app\\Views\\recepcionPedidos.php')
 3 SYSTEMPATH\View\View.php(237): CodeIgniter\View\View->CodeIgniter\View\{closure}()
 4 SYSTEMPATH\Common.php(1171): CodeIgniter\View\View->render()
 5 APPPATH\Controllers\RecepcionPedidos.php(21): view()
 6 SYSTEMPATH\CodeIgniter.php(933): App\Controllers\RecepcionPedidos->listarPedidos()
 7 SYSTEMPATH\CodeIgniter.php(509): CodeIgniter\CodeIgniter->runController()
 8 SYSTEMPATH\CodeIgniter.php(355): CodeIgniter\CodeIgniter->handleRequest()
 9 SYSTEMPATH\Boot.php(325): CodeIgniter\CodeIgniter->run()
10 SYSTEMPATH\Boot.php(67): CodeIgniter\Boot::runCodeIgniter()
11 FCPATH\index.php(56): CodeIgniter\Boot::bootWeb()
12 SYSTEMPATH\rewrite.php(44): require_once('C:\\Users\\usuario\\Desktop\\Pizza-nostra\\proyecto-pizzeria\\public\\index.php')
INFO - 2024-11-26 02:38:39 --> Session: Class initialized using 'CodeIgniter\Session\Handlers\FileHandler' driver.
CRITICAL - 2024-11-26 02:38:39 --> ErrorException: Undefined array key "nombre"
[Method: GET, Route: recepcionPedidos]
in APPPATH\Views\recepcionPedidos.php on line 382.
 1 APPPATH\Views\recepcionPedidos.php(382): CodeIgniter\Debug\Exceptions->errorHandler()
 2 SYSTEMPATH\View\View.php(234): include('C:\\Users\\usuario\\Desktop\\Pizza-nostra\\proyecto-pizzeria\\app\\Views\\recepcionPedidos.php')
 3 SYSTEMPATH\View\View.php(237): CodeIgniter\View\View->CodeIgniter\View\{closure}()
 4 SYSTEMPATH\Common.php(1171): CodeIgniter\View\View->render()
 5 APPPATH\Controllers\RecepcionPedidos.php(21): view()
 6 SYSTEMPATH\CodeIgniter.php(933): App\Controllers\RecepcionPedidos->listarPedidos()
 7 SYSTEMPATH\CodeIgniter.php(509): CodeIgniter\CodeIgniter->runController()
 8 SYSTEMPATH\CodeIgniter.php(355): CodeIgniter\CodeIgniter->handleRequest()
 9 SYSTEMPATH\Boot.php(325): CodeIgniter\CodeIgniter->run()
10 SYSTEMPATH\Boot.php(67): CodeIgniter\Boot::runCodeIgniter()
11 FCPATH\index.php(56): CodeIgniter\Boot::bootWeb()
12 SYSTEMPATH\rewrite.php(44): require_once('C:\\Users\\usuario\\Desktop\\Pizza-nostra\\proyecto-pizzeria\\public\\index.php')
INFO - 2024-11-26 02:38:40 --> Session: Class initialized using 'CodeIgniter\Session\Handlers\FileHandler' driver.
CRITICAL - 2024-11-26 02:38:40 --> ErrorException: Undefined array key "nombre"
[Method: GET, Route: recepcionPedidos]
in APPPATH\Views\recepcionPedidos.php on line 382.
 1 APPPATH\Views\recepcionPedidos.php(382): CodeIgniter\Debug\Exceptions->errorHandler()
 2 SYSTEMPATH\View\View.php(234): include('C:\\Users\\usuario\\Desktop\\Pizza-nostra\\proyecto-pizzeria\\app\\Views\\recepcionPedidos.php')
 3 SYSTEMPATH\View\View.php(237): CodeIgniter\View\View->CodeIgniter\View\{closure}()
 4 SYSTEMPATH\Common.php(1171): CodeIgniter\View\View->render()
 5 APPPATH\Controllers\RecepcionPedidos.php(21): view()
 6 SYSTEMPATH\CodeIgniter.php(933): App\Controllers\RecepcionPedidos->listarPedidos()
 7 SYSTEMPATH\CodeIgniter.php(509): CodeIgniter\CodeIgniter->runController()
 8 SYSTEMPATH\CodeIgniter.php(355): CodeIgniter\CodeIgniter->handleRequest()
 9 SYSTEMPATH\Boot.php(325): CodeIgniter\CodeIgniter->run()
10 SYSTEMPATH\Boot.php(67): CodeIgniter\Boot::runCodeIgniter()
11 FCPATH\index.php(56): CodeIgniter\Boot::bootWeb()
12 SYSTEMPATH\rewrite.php(44): require_once('C:\\Users\\usuario\\Desktop\\Pizza-nostra\\proyecto-pizzeria\\public\\index.php')
INFO - 2024-11-26 02:38:55 --> Session: Class initialized using 'CodeIgniter\Session\Handlers\FileHandler' driver.
CRITICAL - 2024-11-26 02:38:55 --> ErrorException: Undefined array key "nombre"
[Method: GET, Route: recepcionPedidos]
in APPPATH\Views\recepcionPedidos.php on line 382.
 1 APPPATH\Views\recepcionPedidos.php(382): CodeIgniter\Debug\Exceptions->errorHandler()
 2 SYSTEMPATH\View\View.php(234): include('C:\\Users\\usuario\\Desktop\\Pizza-nostra\\proyecto-pizzeria\\app\\Views\\recepcionPedidos.php')
 3 SYSTEMPATH\View\View.php(237): CodeIgniter\View\View->CodeIgniter\View\{closure}()
 4 SYSTEMPATH\Common.php(1171): CodeIgniter\View\View->render()
 5 APPPATH\Controllers\RecepcionPedidos.php(21): view()
 6 SYSTEMPATH\CodeIgniter.php(933): App\Controllers\RecepcionPedidos->listarPedidos()
 7 SYSTEMPATH\CodeIgniter.php(509): CodeIgniter\CodeIgniter->runController()
 8 SYSTEMPATH\CodeIgniter.php(355): CodeIgniter\CodeIgniter->handleRequest()
 9 SYSTEMPATH\Boot.php(325): CodeIgniter\CodeIgniter->run()
10 SYSTEMPATH\Boot.php(67): CodeIgniter\Boot::runCodeIgniter()
11 FCPATH\index.php(56): CodeIgniter\Boot::bootWeb()
12 SYSTEMPATH\rewrite.php(44): require_once('C:\\Users\\usuario\\Desktop\\Pizza-nostra\\proyecto-pizzeria\\public\\index.php')
INFO - 2024-11-26 02:38:58 --> Session: Class initialized using 'CodeIgniter\Session\Handlers\FileHandler' driver.
CRITICAL - 2024-11-26 02:38:58 --> ErrorException: Undefined array key "nombre"
[Method: GET, Route: recepcionPedidos]
in APPPATH\Views\recepcionPedidos.php on line 382.
 1 APPPATH\Views\recepcionPedidos.php(382): CodeIgniter\Debug\Exceptions->errorHandler()
 2 SYSTEMPATH\View\View.php(234): include('C:\\Users\\usuario\\Desktop\\Pizza-nostra\\proyecto-pizzeria\\app\\Views\\recepcionPedidos.php')
 3 SYSTEMPATH\View\View.php(237): CodeIgniter\View\View->CodeIgniter\View\{closure}()
 4 SYSTEMPATH\Common.php(1171): CodeIgniter\View\View->render()
 5 APPPATH\Controllers\RecepcionPedidos.php(21): view()
 6 SYSTEMPATH\CodeIgniter.php(933): App\Controllers\RecepcionPedidos->listarPedidos()
 7 SYSTEMPATH\CodeIgniter.php(509): CodeIgniter\CodeIgniter->runController()
 8 SYSTEMPATH\CodeIgniter.php(355): CodeIgniter\CodeIgniter->handleRequest()
 9 SYSTEMPATH\Boot.php(325): CodeIgniter\CodeIgniter->run()
10 SYSTEMPATH\Boot.php(67): CodeIgniter\Boot::runCodeIgniter()
11 FCPATH\index.php(56): CodeIgniter\Boot::bootWeb()
12 SYSTEMPATH\rewrite.php(44): require_once('C:\\Users\\usuario\\Desktop\\Pizza-nostra\\proyecto-pizzeria\\public\\index.php')
INFO - 2024-11-26 02:38:59 --> Session: Class initialized using 'CodeIgniter\Session\Handlers\FileHandler' driver.
CRITICAL - 2024-11-26 02:38:59 --> ErrorException: Undefined array key "nombre"
[Method: GET, Route: recepcionPedidos]
in APPPATH\Views\recepcionPedidos.php on line 382.
 1 APPPATH\Views\recepcionPedidos.php(382): CodeIgniter\Debug\Exceptions->errorHandler()
 2 SYSTEMPATH\View\View.php(234): include('C:\\Users\\usuario\\Desktop\\Pizza-nostra\\proyecto-pizzeria\\app\\Views\\recepcionPedidos.php')
 3 SYSTEMPATH\View\View.php(237): CodeIgniter\View\View->CodeIgniter\View\{closure}()
 4 SYSTEMPATH\Common.php(1171): CodeIgniter\View\View->render()
 5 APPPATH\Controllers\RecepcionPedidos.php(21): view()
 6 SYSTEMPATH\CodeIgniter.php(933): App\Controllers\RecepcionPedidos->listarPedidos()
 7 SYSTEMPATH\CodeIgniter.php(509): CodeIgniter\CodeIgniter->runController()
 8 SYSTEMPATH\CodeIgniter.php(355): CodeIgniter\CodeIgniter->handleRequest()
 9 SYSTEMPATH\Boot.php(325): CodeIgniter\CodeIgniter->run()
10 SYSTEMPATH\Boot.php(67): CodeIgniter\Boot::runCodeIgniter()
11 FCPATH\index.php(56): CodeIgniter\Boot::bootWeb()
12 SYSTEMPATH\rewrite.php(44): require_once('C:\\Users\\usuario\\Desktop\\Pizza-nostra\\proyecto-pizzeria\\public\\index.php')
INFO - 2024-11-26 02:38:59 --> Session: Class initialized using 'CodeIgniter\Session\Handlers\FileHandler' driver.
CRITICAL - 2024-11-26 02:38:59 --> ErrorException: Undefined array key "nombre"
[Method: GET, Route: recepcionPedidos]
in APPPATH\Views\recepcionPedidos.php on line 382.
 1 APPPATH\Views\recepcionPedidos.php(382): CodeIgniter\Debug\Exceptions->errorHandler()
 2 SYSTEMPATH\View\View.php(234): include('C:\\Users\\usuario\\Desktop\\Pizza-nostra\\proyecto-pizzeria\\app\\Views\\recepcionPedidos.php')
 3 SYSTEMPATH\View\View.php(237): CodeIgniter\View\View->CodeIgniter\View\{closure}()
 4 SYSTEMPATH\Common.php(1171): CodeIgniter\View\View->render()
 5 APPPATH\Controllers\RecepcionPedidos.php(21): view()
 6 SYSTEMPATH\CodeIgniter.php(933): App\Controllers\RecepcionPedidos->listarPedidos()
 7 SYSTEMPATH\CodeIgniter.php(509): CodeIgniter\CodeIgniter->runController()
 8 SYSTEMPATH\CodeIgniter.php(355): CodeIgniter\CodeIgniter->handleRequest()
 9 SYSTEMPATH\Boot.php(325): CodeIgniter\CodeIgniter->run()
10 SYSTEMPATH\Boot.php(67): CodeIgniter\Boot::runCodeIgniter()
11 FCPATH\index.php(56): CodeIgniter\Boot::bootWeb()
12 SYSTEMPATH\rewrite.php(44): require_once('C:\\Users\\usuario\\Desktop\\Pizza-nostra\\proyecto-pizzeria\\public\\index.php')
INFO - 2024-11-26 02:38:59 --> Session: Class initialized using 'CodeIgniter\Session\Handlers\FileHandler' driver.
CRITICAL - 2024-11-26 02:38:59 --> ErrorException: Undefined array key "nombre"
[Method: GET, Route: recepcionPedidos]
in APPPATH\Views\recepcionPedidos.php on line 382.
 1 APPPATH\Views\recepcionPedidos.php(382): CodeIgniter\Debug\Exceptions->errorHandler()
 2 SYSTEMPATH\View\View.php(234): include('C:\\Users\\usuario\\Desktop\\Pizza-nostra\\proyecto-pizzeria\\app\\Views\\recepcionPedidos.php')
 3 SYSTEMPATH\View\View.php(237): CodeIgniter\View\View->CodeIgniter\View\{closure}()
 4 SYSTEMPATH\Common.php(1171): CodeIgniter\View\View->render()
 5 APPPATH\Controllers\RecepcionPedidos.php(21): view()
 6 SYSTEMPATH\CodeIgniter.php(933): App\Controllers\RecepcionPedidos->listarPedidos()
 7 SYSTEMPATH\CodeIgniter.php(509): CodeIgniter\CodeIgniter->runController()
 8 SYSTEMPATH\CodeIgniter.php(355): CodeIgniter\CodeIgniter->handleRequest()
 9 SYSTEMPATH\Boot.php(325): CodeIgniter\CodeIgniter->run()
10 SYSTEMPATH\Boot.php(67): CodeIgniter\Boot::runCodeIgniter()
11 FCPATH\index.php(56): CodeIgniter\Boot::bootWeb()
12 SYSTEMPATH\rewrite.php(44): require_once('C:\\Users\\usuario\\Desktop\\Pizza-nostra\\proyecto-pizzeria\\public\\index.php')
INFO - 2024-11-26 02:38:59 --> Session: Class initialized using 'CodeIgniter\Session\Handlers\FileHandler' driver.
CRITICAL - 2024-11-26 02:38:59 --> ErrorException: Undefined array key "nombre"
[Method: GET, Route: recepcionPedidos]
in APPPATH\Views\recepcionPedidos.php on line 382.
 1 APPPATH\Views\recepcionPedidos.php(382): CodeIgniter\Debug\Exceptions->errorHandler()
 2 SYSTEMPATH\View\View.php(234): include('C:\\Users\\usuario\\Desktop\\Pizza-nostra\\proyecto-pizzeria\\app\\Views\\recepcionPedidos.php')
 3 SYSTEMPATH\View\View.php(237): CodeIgniter\View\View->CodeIgniter\View\{closure}()
 4 SYSTEMPATH\Common.php(1171): CodeIgniter\View\View->render()
 5 APPPATH\Controllers\RecepcionPedidos.php(21): view()
 6 SYSTEMPATH\CodeIgniter.php(933): App\Controllers\RecepcionPedidos->listarPedidos()
 7 SYSTEMPATH\CodeIgniter.php(509): CodeIgniter\CodeIgniter->runController()
 8 SYSTEMPATH\CodeIgniter.php(355): CodeIgniter\CodeIgniter->handleRequest()
 9 SYSTEMPATH\Boot.php(325): CodeIgniter\CodeIgniter->run()
10 SYSTEMPATH\Boot.php(67): CodeIgniter\Boot::runCodeIgniter()
11 FCPATH\index.php(56): CodeIgniter\Boot::bootWeb()
12 SYSTEMPATH\rewrite.php(44): require_once('C:\\Users\\usuario\\Desktop\\Pizza-nostra\\proyecto-pizzeria\\public\\index.php')
INFO - 2024-11-26 02:39:25 --> Session: Class initialized using 'CodeIgniter\Session\Handlers\FileHandler' driver.
CRITICAL - 2024-11-26 02:39:25 --> ErrorException: Undefined array key "nombre"
[Method: GET, Route: recepcionPedidos]
in APPPATH\Views\recepcionPedidos.php on line 382.
 1 APPPATH\Views\recepcionPedidos.php(382): CodeIgniter\Debug\Exceptions->errorHandler()
 2 SYSTEMPATH\View\View.php(234): include('C:\\Users\\usuario\\Desktop\\Pizza-nostra\\proyecto-pizzeria\\app\\Views\\recepcionPedidos.php')
 3 SYSTEMPATH\View\View.php(237): CodeIgniter\View\View->CodeIgniter\View\{closure}()
 4 SYSTEMPATH\Common.php(1171): CodeIgniter\View\View->render()
 5 APPPATH\Controllers\RecepcionPedidos.php(21): view()
 6 SYSTEMPATH\CodeIgniter.php(933): App\Controllers\RecepcionPedidos->listarPedidos()
 7 SYSTEMPATH\CodeIgniter.php(509): CodeIgniter\CodeIgniter->runController()
 8 SYSTEMPATH\CodeIgniter.php(355): CodeIgniter\CodeIgniter->handleRequest()
 9 SYSTEMPATH\Boot.php(325): CodeIgniter\CodeIgniter->run()
10 SYSTEMPATH\Boot.php(67): CodeIgniter\Boot::runCodeIgniter()
11 FCPATH\index.php(56): CodeIgniter\Boot::bootWeb()
12 SYSTEMPATH\rewrite.php(44): require_once('C:\\Users\\usuario\\Desktop\\Pizza-nostra\\proyecto-pizzeria\\public\\index.php')
INFO - 2024-11-26 02:39:26 --> Session: Class initialized using 'CodeIgniter\Session\Handlers\FileHandler' driver.
CRITICAL - 2024-11-26 02:39:26 --> ErrorException: Undefined array key "nombre"
[Method: GET, Route: recepcionPedidos]
in APPPATH\Views\recepcionPedidos.php on line 382.
 1 APPPATH\Views\recepcionPedidos.php(382): CodeIgniter\Debug\Exceptions->errorHandler()
 2 SYSTEMPATH\View\View.php(234): include('C:\\Users\\usuario\\Desktop\\Pizza-nostra\\proyecto-pizzeria\\app\\Views\\recepcionPedidos.php')
 3 SYSTEMPATH\View\View.php(237): CodeIgniter\View\View->CodeIgniter\View\{closure}()
 4 SYSTEMPATH\Common.php(1171): CodeIgniter\View\View->render()
 5 APPPATH\Controllers\RecepcionPedidos.php(21): view()
 6 SYSTEMPATH\CodeIgniter.php(933): App\Controllers\RecepcionPedidos->listarPedidos()
 7 SYSTEMPATH\CodeIgniter.php(509): CodeIgniter\CodeIgniter->runController()
 8 SYSTEMPATH\CodeIgniter.php(355): CodeIgniter\CodeIgniter->handleRequest()
 9 SYSTEMPATH\Boot.php(325): CodeIgniter\CodeIgniter->run()
10 SYSTEMPATH\Boot.php(67): CodeIgniter\Boot::runCodeIgniter()
11 FCPATH\index.php(56): CodeIgniter\Boot::bootWeb()
12 SYSTEMPATH\rewrite.php(44): require_once('C:\\Users\\usuario\\Desktop\\Pizza-nostra\\proyecto-pizzeria\\public\\index.php')
INFO - 2024-11-26 02:39:26 --> Session: Class initialized using 'CodeIgniter\Session\Handlers\FileHandler' driver.
CRITICAL - 2024-11-26 02:39:26 --> ErrorException: Undefined array key "nombre"
[Method: GET, Route: recepcionPedidos]
in APPPATH\Views\recepcionPedidos.php on line 382.
 1 APPPATH\Views\recepcionPedidos.php(382): CodeIgniter\Debug\Exceptions->errorHandler()
 2 SYSTEMPATH\View\View.php(234): include('C:\\Users\\usuario\\Desktop\\Pizza-nostra\\proyecto-pizzeria\\app\\Views\\recepcionPedidos.php')
 3 SYSTEMPATH\View\View.php(237): CodeIgniter\View\View->CodeIgniter\View\{closure}()
 4 SYSTEMPATH\Common.php(1171): CodeIgniter\View\View->render()
 5 APPPATH\Controllers\RecepcionPedidos.php(21): view()
 6 SYSTEMPATH\CodeIgniter.php(933): App\Controllers\RecepcionPedidos->listarPedidos()
 7 SYSTEMPATH\CodeIgniter.php(509): CodeIgniter\CodeIgniter->runController()
 8 SYSTEMPATH\CodeIgniter.php(355): CodeIgniter\CodeIgniter->handleRequest()
 9 SYSTEMPATH\Boot.php(325): CodeIgniter\CodeIgniter->run()
10 SYSTEMPATH\Boot.php(67): CodeIgniter\Boot::runCodeIgniter()
11 FCPATH\index.php(56): CodeIgniter\Boot::bootWeb()
12 SYSTEMPATH\rewrite.php(44): require_once('C:\\Users\\usuario\\Desktop\\Pizza-nostra\\proyecto-pizzeria\\public\\index.php')
INFO - 2024-11-26 02:39:26 --> Session: Class initialized using 'CodeIgniter\Session\Handlers\FileHandler' driver.
CRITICAL - 2024-11-26 02:39:26 --> ErrorException: Undefined array key "nombre"
[Method: GET, Route: recepcionPedidos]
in APPPATH\Views\recepcionPedidos.php on line 382.
 1 APPPATH\Views\recepcionPedidos.php(382): CodeIgniter\Debug\Exceptions->errorHandler()
 2 SYSTEMPATH\View\View.php(234): include('C:\\Users\\usuario\\Desktop\\Pizza-nostra\\proyecto-pizzeria\\app\\Views\\recepcionPedidos.php')
 3 SYSTEMPATH\View\View.php(237): CodeIgniter\View\View->CodeIgniter\View\{closure}()
 4 SYSTEMPATH\Common.php(1171): CodeIgniter\View\View->render()
 5 APPPATH\Controllers\RecepcionPedidos.php(21): view()
 6 SYSTEMPATH\CodeIgniter.php(933): App\Controllers\RecepcionPedidos->listarPedidos()
 7 SYSTEMPATH\CodeIgniter.php(509): CodeIgniter\CodeIgniter->runController()
 8 SYSTEMPATH\CodeIgniter.php(355): CodeIgniter\CodeIgniter->handleRequest()
 9 SYSTEMPATH\Boot.php(325): CodeIgniter\CodeIgniter->run()
10 SYSTEMPATH\Boot.php(67): CodeIgniter\Boot::runCodeIgniter()
11 FCPATH\index.php(56): CodeIgniter\Boot::bootWeb()
12 SYSTEMPATH\rewrite.php(44): require_once('C:\\Users\\usuario\\Desktop\\Pizza-nostra\\proyecto-pizzeria\\public\\index.php')
INFO - 2024-11-26 02:39:26 --> Session: Class initialized using 'CodeIgniter\Session\Handlers\FileHandler' driver.
CRITICAL - 2024-11-26 02:39:26 --> ErrorException: Undefined array key "nombre"
[Method: GET, Route: recepcionPedidos]
in APPPATH\Views\recepcionPedidos.php on line 382.
 1 APPPATH\Views\recepcionPedidos.php(382): CodeIgniter\Debug\Exceptions->errorHandler()
 2 SYSTEMPATH\View\View.php(234): include('C:\\Users\\usuario\\Desktop\\Pizza-nostra\\proyecto-pizzeria\\app\\Views\\recepcionPedidos.php')
 3 SYSTEMPATH\View\View.php(237): CodeIgniter\View\View->CodeIgniter\View\{closure}()
 4 SYSTEMPATH\Common.php(1171): CodeIgniter\View\View->render()
 5 APPPATH\Controllers\RecepcionPedidos.php(21): view()
 6 SYSTEMPATH\CodeIgniter.php(933): App\Controllers\RecepcionPedidos->listarPedidos()
 7 SYSTEMPATH\CodeIgniter.php(509): CodeIgniter\CodeIgniter->runController()
 8 SYSTEMPATH\CodeIgniter.php(355): CodeIgniter\CodeIgniter->handleRequest()
 9 SYSTEMPATH\Boot.php(325): CodeIgniter\CodeIgniter->run()
10 SYSTEMPATH\Boot.php(67): CodeIgniter\Boot::runCodeIgniter()
11 FCPATH\index.php(56): CodeIgniter\Boot::bootWeb()
12 SYSTEMPATH\rewrite.php(44): require_once('C:\\Users\\usuario\\Desktop\\Pizza-nostra\\proyecto-pizzeria\\public\\index.php')
INFO - 2024-11-26 02:41:35 --> Session: Class initialized using 'CodeIgniter\Session\Handlers\FileHandler' driver.
CRITICAL - 2024-11-26 02:41:35 --> ErrorException: Undefined array key "nombre"
[Method: GET, Route: recepcionPedidos]
in APPPATH\Views\recepcionPedidos.php on line 382.
 1 APPPATH\Views\recepcionPedidos.php(382): CodeIgniter\Debug\Exceptions->errorHandler()
 2 SYSTEMPATH\View\View.php(234): include('C:\\Users\\usuario\\Desktop\\Pizza-nostra\\proyecto-pizzeria\\app\\Views\\recepcionPedidos.php')
 3 SYSTEMPATH\View\View.php(237): CodeIgniter\View\View->CodeIgniter\View\{closure}()
 4 SYSTEMPATH\Common.php(1171): CodeIgniter\View\View->render()
 5 APPPATH\Controllers\RecepcionPedidos.php(21): view()
 6 SYSTEMPATH\CodeIgniter.php(933): App\Controllers\RecepcionPedidos->listarPedidos()
 7 SYSTEMPATH\CodeIgniter.php(509): CodeIgniter\CodeIgniter->runController()
 8 SYSTEMPATH\CodeIgniter.php(355): CodeIgniter\CodeIgniter->handleRequest()
 9 SYSTEMPATH\Boot.php(325): CodeIgniter\CodeIgniter->run()
10 SYSTEMPATH\Boot.php(67): CodeIgniter\Boot::runCodeIgniter()
11 FCPATH\index.php(56): CodeIgniter\Boot::bootWeb()
12 SYSTEMPATH\rewrite.php(44): require_once('C:\\Users\\usuario\\Desktop\\Pizza-nostra\\proyecto-pizzeria\\public\\index.php')
INFO - 2024-11-26 02:41:37 --> Session: Class initialized using 'CodeIgniter\Session\Handlers\FileHandler' driver.
CRITICAL - 2024-11-26 02:41:37 --> ErrorException: Undefined array key "nombre"
[Method: GET, Route: recepcionPedidos]
in APPPATH\Views\recepcionPedidos.php on line 382.
 1 APPPATH\Views\recepcionPedidos.php(382): CodeIgniter\Debug\Exceptions->errorHandler()
 2 SYSTEMPATH\View\View.php(234): include('C:\\Users\\usuario\\Desktop\\Pizza-nostra\\proyecto-pizzeria\\app\\Views\\recepcionPedidos.php')
 3 SYSTEMPATH\View\View.php(237): CodeIgniter\View\View->CodeIgniter\View\{closure}()
 4 SYSTEMPATH\Common.php(1171): CodeIgniter\View\View->render()
 5 APPPATH\Controllers\RecepcionPedidos.php(21): view()
 6 SYSTEMPATH\CodeIgniter.php(933): App\Controllers\RecepcionPedidos->listarPedidos()
 7 SYSTEMPATH\CodeIgniter.php(509): CodeIgniter\CodeIgniter->runController()
 8 SYSTEMPATH\CodeIgniter.php(355): CodeIgniter\CodeIgniter->handleRequest()
 9 SYSTEMPATH\Boot.php(325): CodeIgniter\CodeIgniter->run()
10 SYSTEMPATH\Boot.php(67): CodeIgniter\Boot::runCodeIgniter()
11 FCPATH\index.php(56): CodeIgniter\Boot::bootWeb()
12 SYSTEMPATH\rewrite.php(44): require_once('C:\\Users\\usuario\\Desktop\\Pizza-nostra\\proyecto-pizzeria\\public\\index.php')
INFO - 2024-11-26 02:41:37 --> Session: Class initialized using 'CodeIgniter\Session\Handlers\FileHandler' driver.
CRITICAL - 2024-11-26 02:41:37 --> ErrorException: Undefined array key "nombre"
[Method: GET, Route: recepcionPedidos]
in APPPATH\Views\recepcionPedidos.php on line 382.
 1 APPPATH\Views\recepcionPedidos.php(382): CodeIgniter\Debug\Exceptions->errorHandler()
 2 SYSTEMPATH\View\View.php(234): include('C:\\Users\\usuario\\Desktop\\Pizza-nostra\\proyecto-pizzeria\\app\\Views\\recepcionPedidos.php')
 3 SYSTEMPATH\View\View.php(237): CodeIgniter\View\View->CodeIgniter\View\{closure}()
 4 SYSTEMPATH\Common.php(1171): CodeIgniter\View\View->render()
 5 APPPATH\Controllers\RecepcionPedidos.php(21): view()
 6 SYSTEMPATH\CodeIgniter.php(933): App\Controllers\RecepcionPedidos->listarPedidos()
 7 SYSTEMPATH\CodeIgniter.php(509): CodeIgniter\CodeIgniter->runController()
 8 SYSTEMPATH\CodeIgniter.php(355): CodeIgniter\CodeIgniter->handleRequest()
 9 SYSTEMPATH\Boot.php(325): CodeIgniter\CodeIgniter->run()
10 SYSTEMPATH\Boot.php(67): CodeIgniter\Boot::runCodeIgniter()
11 FCPATH\index.php(56): CodeIgniter\Boot::bootWeb()
12 SYSTEMPATH\rewrite.php(44): require_once('C:\\Users\\usuario\\Desktop\\Pizza-nostra\\proyecto-pizzeria\\public\\index.php')
INFO - 2024-11-26 02:41:38 --> Session: Class initialized using 'CodeIgniter\Session\Handlers\FileHandler' driver.
CRITICAL - 2024-11-26 02:41:38 --> ErrorException: Undefined array key "nombre"
[Method: GET, Route: recepcionPedidos]
in APPPATH\Views\recepcionPedidos.php on line 382.
 1 APPPATH\Views\recepcionPedidos.php(382): CodeIgniter\Debug\Exceptions->errorHandler()
 2 SYSTEMPATH\View\View.php(234): include('C:\\Users\\usuario\\Desktop\\Pizza-nostra\\proyecto-pizzeria\\app\\Views\\recepcionPedidos.php')
 3 SYSTEMPATH\View\View.php(237): CodeIgniter\View\View->CodeIgniter\View\{closure}()
 4 SYSTEMPATH\Common.php(1171): CodeIgniter\View\View->render()
 5 APPPATH\Controllers\RecepcionPedidos.php(21): view()
 6 SYSTEMPATH\CodeIgniter.php(933): App\Controllers\RecepcionPedidos->listarPedidos()
 7 SYSTEMPATH\CodeIgniter.php(509): CodeIgniter\CodeIgniter->runController()
 8 SYSTEMPATH\CodeIgniter.php(355): CodeIgniter\CodeIgniter->handleRequest()
 9 SYSTEMPATH\Boot.php(325): CodeIgniter\CodeIgniter->run()
10 SYSTEMPATH\Boot.php(67): CodeIgniter\Boot::runCodeIgniter()
11 FCPATH\index.php(56): CodeIgniter\Boot::bootWeb()
12 SYSTEMPATH\rewrite.php(44): require_once('C:\\Users\\usuario\\Desktop\\Pizza-nostra\\proyecto-pizzeria\\public\\index.php')
INFO - 2024-11-26 02:41:38 --> Session: Class initialized using 'CodeIgniter\Session\Handlers\FileHandler' driver.
CRITICAL - 2024-11-26 02:41:38 --> ErrorException: Undefined array key "nombre"
[Method: GET, Route: recepcionPedidos]
in APPPATH\Views\recepcionPedidos.php on line 382.
 1 APPPATH\Views\recepcionPedidos.php(382): CodeIgniter\Debug\Exceptions->errorHandler()
 2 SYSTEMPATH\View\View.php(234): include('C:\\Users\\usuario\\Desktop\\Pizza-nostra\\proyecto-pizzeria\\app\\Views\\recepcionPedidos.php')
 3 SYSTEMPATH\View\View.php(237): CodeIgniter\View\View->CodeIgniter\View\{closure}()
 4 SYSTEMPATH\Common.php(1171): CodeIgniter\View\View->render()
 5 APPPATH\Controllers\RecepcionPedidos.php(21): view()
 6 SYSTEMPATH\CodeIgniter.php(933): App\Controllers\RecepcionPedidos->listarPedidos()
 7 SYSTEMPATH\CodeIgniter.php(509): CodeIgniter\CodeIgniter->runController()
 8 SYSTEMPATH\CodeIgniter.php(355): CodeIgniter\CodeIgniter->handleRequest()
 9 SYSTEMPATH\Boot.php(325): CodeIgniter\CodeIgniter->run()
10 SYSTEMPATH\Boot.php(67): CodeIgniter\Boot::runCodeIgniter()
11 FCPATH\index.php(56): CodeIgniter\Boot::bootWeb()
12 SYSTEMPATH\rewrite.php(44): require_once('C:\\Users\\usuario\\Desktop\\Pizza-nostra\\proyecto-pizzeria\\public\\index.php')
INFO - 2024-11-26 02:43:14 --> Session: Class initialized using 'CodeIgniter\Session\Handlers\FileHandler' driver.
CRITICAL - 2024-11-26 02:43:14 --> ErrorException: Undefined array key "nombre"
[Method: GET, Route: recepcionPedidos]
in APPPATH\Views\recepcionPedidos.php on line 382.
 1 APPPATH\Views\recepcionPedidos.php(382): CodeIgniter\Debug\Exceptions->errorHandler()
 2 SYSTEMPATH\View\View.php(234): include('C:\\Users\\usuario\\Desktop\\Pizza-nostra\\proyecto-pizzeria\\app\\Views\\recepcionPedidos.php')
 3 SYSTEMPATH\View\View.php(237): CodeIgniter\View\View->CodeIgniter\View\{closure}()
 4 SYSTEMPATH\Common.php(1171): CodeIgniter\View\View->render()
 5 APPPATH\Controllers\RecepcionPedidos.php(21): view()
 6 SYSTEMPATH\CodeIgniter.php(933): App\Controllers\RecepcionPedidos->listarPedidos()
 7 SYSTEMPATH\CodeIgniter.php(509): CodeIgniter\CodeIgniter->runController()
 8 SYSTEMPATH\CodeIgniter.php(355): CodeIgniter\CodeIgniter->handleRequest()
 9 SYSTEMPATH\Boot.php(325): CodeIgniter\CodeIgniter->run()
10 SYSTEMPATH\Boot.php(67): CodeIgniter\Boot::runCodeIgniter()
11 FCPATH\index.php(56): CodeIgniter\Boot::bootWeb()
12 SYSTEMPATH\rewrite.php(44): require_once('C:\\Users\\usuario\\Desktop\\Pizza-nostra\\proyecto-pizzeria\\public\\index.php')
INFO - 2024-11-26 02:46:13 --> Session: Class initialized using 'CodeIgniter\Session\Handlers\FileHandler' driver.
INFO - 2024-11-26 02:50:33 --> Session: Class initialized using 'CodeIgniter\Session\Handlers\FileHandler' driver.
CRITICAL - 2024-11-26 02:50:33 --> ErrorException: Undefined array key "nombre"
[Method: GET, Route: recepcionPedidos]
in APPPATH\Views\recepcionPedidos.php on line 382.
 1 APPPATH\Views\recepcionPedidos.php(382): CodeIgniter\Debug\Exceptions->errorHandler()
 2 SYSTEMPATH\View\View.php(234): include('C:\\Users\\usuario\\Desktop\\Pizza-nostra\\proyecto-pizzeria\\app\\Views\\recepcionPedidos.php')
 3 SYSTEMPATH\View\View.php(237): CodeIgniter\View\View->CodeIgniter\View\{closure}()
 4 SYSTEMPATH\Common.php(1171): CodeIgniter\View\View->render()
 5 APPPATH\Controllers\RecepcionPedidos.php(27): view()
 6 SYSTEMPATH\CodeIgniter.php(933): App\Controllers\RecepcionPedidos->listarPedidos()
 7 SYSTEMPATH\CodeIgniter.php(509): CodeIgniter\CodeIgniter->runController()
 8 SYSTEMPATH\CodeIgniter.php(355): CodeIgniter\CodeIgniter->handleRequest()
 9 SYSTEMPATH\Boot.php(325): CodeIgniter\CodeIgniter->run()
10 SYSTEMPATH\Boot.php(67): CodeIgniter\Boot::runCodeIgniter()
11 FCPATH\index.php(56): CodeIgniter\Boot::bootWeb()
12 SYSTEMPATH\rewrite.php(44): require_once('C:\\Users\\usuario\\Desktop\\Pizza-nostra\\proyecto-pizzeria\\public\\index.php')
INFO - 2024-11-26 02:50:34 --> Session: Class initialized using 'CodeIgniter\Session\Handlers\FileHandler' driver.
CRITICAL - 2024-11-26 02:50:34 --> ErrorException: Undefined array key "nombre"
[Method: GET, Route: recepcionPedidos]
in APPPATH\Views\recepcionPedidos.php on line 382.
 1 APPPATH\Views\recepcionPedidos.php(382): CodeIgniter\Debug\Exceptions->errorHandler()
 2 SYSTEMPATH\View\View.php(234): include('C:\\Users\\usuario\\Desktop\\Pizza-nostra\\proyecto-pizzeria\\app\\Views\\recepcionPedidos.php')
 3 SYSTEMPATH\View\View.php(237): CodeIgniter\View\View->CodeIgniter\View\{closure}()
 4 SYSTEMPATH\Common.php(1171): CodeIgniter\View\View->render()
 5 APPPATH\Controllers\RecepcionPedidos.php(27): view()
 6 SYSTEMPATH\CodeIgniter.php(933): App\Controllers\RecepcionPedidos->listarPedidos()
 7 SYSTEMPATH\CodeIgniter.php(509): CodeIgniter\CodeIgniter->runController()
 8 SYSTEMPATH\CodeIgniter.php(355): CodeIgniter\CodeIgniter->handleRequest()
 9 SYSTEMPATH\Boot.php(325): CodeIgniter\CodeIgniter->run()
10 SYSTEMPATH\Boot.php(67): CodeIgniter\Boot::runCodeIgniter()
11 FCPATH\index.php(56): CodeIgniter\Boot::bootWeb()
12 SYSTEMPATH\rewrite.php(44): require_once('C:\\Users\\usuario\\Desktop\\Pizza-nostra\\proyecto-pizzeria\\public\\index.php')
INFO - 2024-11-26 02:50:34 --> Session: Class initialized using 'CodeIgniter\Session\Handlers\FileHandler' driver.
CRITICAL - 2024-11-26 02:50:34 --> ErrorException: Undefined array key "nombre"
[Method: GET, Route: recepcionPedidos]
in APPPATH\Views\recepcionPedidos.php on line 382.
 1 APPPATH\Views\recepcionPedidos.php(382): CodeIgniter\Debug\Exceptions->errorHandler()
 2 SYSTEMPATH\View\View.php(234): include('C:\\Users\\usuario\\Desktop\\Pizza-nostra\\proyecto-pizzeria\\app\\Views\\recepcionPedidos.php')
 3 SYSTEMPATH\View\View.php(237): CodeIgniter\View\View->CodeIgniter\View\{closure}()
 4 SYSTEMPATH\Common.php(1171): CodeIgniter\View\View->render()
 5 APPPATH\Controllers\RecepcionPedidos.php(27): view()
 6 SYSTEMPATH\CodeIgniter.php(933): App\Controllers\RecepcionPedidos->listarPedidos()
 7 SYSTEMPATH\CodeIgniter.php(509): CodeIgniter\CodeIgniter->runController()
 8 SYSTEMPATH\CodeIgniter.php(355): CodeIgniter\CodeIgniter->handleRequest()
 9 SYSTEMPATH\Boot.php(325): CodeIgniter\CodeIgniter->run()
10 SYSTEMPATH\Boot.php(67): CodeIgniter\Boot::runCodeIgniter()
11 FCPATH\index.php(56): CodeIgniter\Boot::bootWeb()
12 SYSTEMPATH\rewrite.php(44): require_once('C:\\Users\\usuario\\Desktop\\Pizza-nostra\\proyecto-pizzeria\\public\\index.php')
INFO - 2024-11-26 02:50:34 --> Session: Class initialized using 'CodeIgniter\Session\Handlers\FileHandler' driver.
CRITICAL - 2024-11-26 02:50:34 --> ErrorException: Undefined array key "nombre"
[Method: GET, Route: recepcionPedidos]
in APPPATH\Views\recepcionPedidos.php on line 382.
 1 APPPATH\Views\recepcionPedidos.php(382): CodeIgniter\Debug\Exceptions->errorHandler()
 2 SYSTEMPATH\View\View.php(234): include('C:\\Users\\usuario\\Desktop\\Pizza-nostra\\proyecto-pizzeria\\app\\Views\\recepcionPedidos.php')
 3 SYSTEMPATH\View\View.php(237): CodeIgniter\View\View->CodeIgniter\View\{closure}()
 4 SYSTEMPATH\Common.php(1171): CodeIgniter\View\View->render()
 5 APPPATH\Controllers\RecepcionPedidos.php(27): view()
 6 SYSTEMPATH\CodeIgniter.php(933): App\Controllers\RecepcionPedidos->listarPedidos()
 7 SYSTEMPATH\CodeIgniter.php(509): CodeIgniter\CodeIgniter->runController()
 8 SYSTEMPATH\CodeIgniter.php(355): CodeIgniter\CodeIgniter->handleRequest()
 9 SYSTEMPATH\Boot.php(325): CodeIgniter\CodeIgniter->run()
10 SYSTEMPATH\Boot.php(67): CodeIgniter\Boot::runCodeIgniter()
11 FCPATH\index.php(56): CodeIgniter\Boot::bootWeb()
12 SYSTEMPATH\rewrite.php(44): require_once('C:\\Users\\usuario\\Desktop\\Pizza-nostra\\proyecto-pizzeria\\public\\index.php')
INFO - 2024-11-26 02:52:21 --> Session: Class initialized using 'CodeIgniter\Session\Handlers\FileHandler' driver.
CRITICAL - 2024-11-26 02:52:21 --> ErrorException: Undefined array key "nombre"
[Method: GET, Route: recepcionPedidos]
in APPPATH\Views\recepcionPedidos.php on line 382.
 1 APPPATH\Views\recepcionPedidos.php(382): CodeIgniter\Debug\Exceptions->errorHandler()
 2 SYSTEMPATH\View\View.php(234): include('C:\\Users\\usuario\\Desktop\\Pizza-nostra\\proyecto-pizzeria\\app\\Views\\recepcionPedidos.php')
 3 SYSTEMPATH\View\View.php(237): CodeIgniter\View\View->CodeIgniter\View\{closure}()
 4 SYSTEMPATH\Common.php(1171): CodeIgniter\View\View->render()
 5 APPPATH\Controllers\RecepcionPedidos.php(22): view()
 6 SYSTEMPATH\CodeIgniter.php(933): App\Controllers\RecepcionPedidos->listarPedidos()
 7 SYSTEMPATH\CodeIgniter.php(509): CodeIgniter\CodeIgniter->runController()
 8 SYSTEMPATH\CodeIgniter.php(355): CodeIgniter\CodeIgniter->handleRequest()
 9 SYSTEMPATH\Boot.php(325): CodeIgniter\CodeIgniter->run()
10 SYSTEMPATH\Boot.php(67): CodeIgniter\Boot::runCodeIgniter()
11 FCPATH\index.php(56): CodeIgniter\Boot::bootWeb()
12 SYSTEMPATH\rewrite.php(44): require_once('C:\\Users\\usuario\\Desktop\\Pizza-nostra\\proyecto-pizzeria\\public\\index.php')
INFO - 2024-11-26 02:52:22 --> Session: Class initialized using 'CodeIgniter\Session\Handlers\FileHandler' driver.
CRITICAL - 2024-11-26 02:52:22 --> ErrorException: Undefined array key "nombre"
[Method: GET, Route: recepcionPedidos]
in APPPATH\Views\recepcionPedidos.php on line 382.
 1 APPPATH\Views\recepcionPedidos.php(382): CodeIgniter\Debug\Exceptions->errorHandler()
 2 SYSTEMPATH\View\View.php(234): include('C:\\Users\\usuario\\Desktop\\Pizza-nostra\\proyecto-pizzeria\\app\\Views\\recepcionPedidos.php')
 3 SYSTEMPATH\View\View.php(237): CodeIgniter\View\View->CodeIgniter\View\{closure}()
 4 SYSTEMPATH\Common.php(1171): CodeIgniter\View\View->render()
 5 APPPATH\Controllers\RecepcionPedidos.php(22): view()
 6 SYSTEMPATH\CodeIgniter.php(933): App\Controllers\RecepcionPedidos->listarPedidos()
 7 SYSTEMPATH\CodeIgniter.php(509): CodeIgniter\CodeIgniter->runController()
 8 SYSTEMPATH\CodeIgniter.php(355): CodeIgniter\CodeIgniter->handleRequest()
 9 SYSTEMPATH\Boot.php(325): CodeIgniter\CodeIgniter->run()
10 SYSTEMPATH\Boot.php(67): CodeIgniter\Boot::runCodeIgniter()
11 FCPATH\index.php(56): CodeIgniter\Boot::bootWeb()
12 SYSTEMPATH\rewrite.php(44): require_once('C:\\Users\\usuario\\Desktop\\Pizza-nostra\\proyecto-pizzeria\\public\\index.php')
