INFO - 2024-11-30 00:20:24 --> Session: Class initialized using 'CodeIgniter\Session\Handlers\FileHandler' driver.
INFO - 2024-11-30 00:20:25 --> Session: Class initialized using 'CodeIgniter\Session\Handlers\FileHandler' driver.
ERROR - 2024-11-30 00:20:42 --> Error connecting to the database: mysqli_sql_exception: No se puede establecer una conexión ya que el equipo de destino denegó expresamente dicha conexión in C:\Users\david\Desktop\Poryecto Pizzeria Actual\proyecto-pizzeria\system\Database\MySQLi\Connection.php:186
Stack trace:
#0 C:\Users\david\Desktop\Poryecto Pizzeria Actual\proyecto-pizzeria\system\Database\MySQLi\Connection.php(186): mysqli->real_connect('localhost', 'root', Object(SensitiveParameterValue), 'nostra_pizza', 3306, '', 0)
#1 C:\Users\david\Desktop\Poryecto Pizzeria Actual\proyecto-pizzeria\system\Database\BaseConnection.php(421): CodeIgniter\Database\MySQLi\Connection->connect(false)
#2 C:\Users\david\Desktop\Poryecto Pizzeria Actual\proyecto-pizzeria\system\Database\BaseConnection.php(616): CodeIgniter\Database\BaseConnection->initialize()
#3 C:\Users\david\Desktop\Poryecto Pizzeria Actual\proyecto-pizzeria\system\Database\BaseBuilder.php(1644): CodeIgniter\Database\BaseConnection->query('SELECT *\nFROM `...', Array, false)
#4 C:\Users\david\Desktop\Poryecto Pizzeria Actual\proyecto-pizzeria\system\Model.php(330): CodeIgniter\Database\BaseBuilder->get()
#5 C:\Users\david\Desktop\Poryecto Pizzeria Actual\proyecto-pizzeria\system\BaseModel.php(714): CodeIgniter\Model->doFirst()
#6 C:\Users\david\Desktop\Poryecto Pizzeria Actual\proyecto-pizzeria\app\Controllers\Login.php(23): CodeIgniter\BaseModel->first()
#7 C:\Users\david\Desktop\Poryecto Pizzeria Actual\proyecto-pizzeria\system\CodeIgniter.php(933): App\Controllers\Login->authenticate()
#8 C:\Users\david\Desktop\Poryecto Pizzeria Actual\proyecto-pizzeria\system\CodeIgniter.php(509): CodeIgniter\CodeIgniter->runController(Object(App\Controllers\Login))
#9 C:\Users\david\Desktop\Poryecto Pizzeria Actual\proyecto-pizzeria\system\CodeIgniter.php(355): CodeIgniter\CodeIgniter->handleRequest(NULL, Object(Config\Cache), false)
#10 C:\Users\david\Desktop\Poryecto Pizzeria Actual\proyecto-pizzeria\system\Boot.php(325): CodeIgniter\CodeIgniter->run()
#11 C:\Users\david\Desktop\Poryecto Pizzeria Actual\proyecto-pizzeria\system\Boot.php(67): CodeIgniter\Boot::runCodeIgniter(Object(CodeIgniter\CodeIgniter))
#12 C:\Users\david\Desktop\Poryecto Pizzeria Actual\proyecto-pizzeria\public\index.php(56): CodeIgniter\Boot::bootWeb(Object(Config\Paths))
#13 C:\Users\david\Desktop\Poryecto Pizzeria Actual\proyecto-pizzeria\system\rewrite.php(44): require_once('C:\\Users\\david\\...')
#14 {main}

Next CodeIgniter\Database\Exceptions\DatabaseException: No se puede establecer una conexión ya que el equipo de destino denegó expresamente dicha conexión in C:\Users\david\Desktop\Poryecto Pizzeria Actual\proyecto-pizzeria\system\Database\MySQLi\Connection.php:231
Stack trace:
#0 C:\Users\david\Desktop\Poryecto Pizzeria Actual\proyecto-pizzeria\system\Database\BaseConnection.php(421): CodeIgniter\Database\MySQLi\Connection->connect(false)
#1 C:\Users\david\Desktop\Poryecto Pizzeria Actual\proyecto-pizzeria\system\Database\BaseConnection.php(616): CodeIgniter\Database\BaseConnection->initialize()
#2 C:\Users\david\Desktop\Poryecto Pizzeria Actual\proyecto-pizzeria\system\Database\BaseBuilder.php(1644): CodeIgniter\Database\BaseConnection->query('SELECT *\nFROM `...', Array, false)
#3 C:\Users\david\Desktop\Poryecto Pizzeria Actual\proyecto-pizzeria\system\Model.php(330): CodeIgniter\Database\BaseBuilder->get()
#4 C:\Users\david\Desktop\Poryecto Pizzeria Actual\proyecto-pizzeria\system\BaseModel.php(714): CodeIgniter\Model->doFirst()
#5 C:\Users\david\Desktop\Poryecto Pizzeria Actual\proyecto-pizzeria\app\Controllers\Login.php(23): CodeIgniter\BaseModel->first()
#6 C:\Users\david\Desktop\Poryecto Pizzeria Actual\proyecto-pizzeria\system\CodeIgniter.php(933): App\Controllers\Login->authenticate()
#7 C:\Users\david\Desktop\Poryecto Pizzeria Actual\proyecto-pizzeria\system\CodeIgniter.php(509): CodeIgniter\CodeIgniter->runController(Object(App\Controllers\Login))
#8 C:\Users\david\Desktop\Poryecto Pizzeria Actual\proyecto-pizzeria\system\CodeIgniter.php(355): CodeIgniter\CodeIgniter->handleRequest(NULL, Object(Config\Cache), false)
#9 C:\Users\david\Desktop\Poryecto Pizzeria Actual\proyecto-pizzeria\system\Boot.php(325): CodeIgniter\CodeIgniter->run()
#10 C:\Users\david\Desktop\Poryecto Pizzeria Actual\proyecto-pizzeria\system\Boot.php(67): CodeIgniter\Boot::runCodeIgniter(Object(CodeIgniter\CodeIgniter))
#11 C:\Users\david\Desktop\Poryecto Pizzeria Actual\proyecto-pizzeria\public\index.php(56): CodeIgniter\Boot::bootWeb(Object(Config\Paths))
#12 C:\Users\david\Desktop\Poryecto Pizzeria Actual\proyecto-pizzeria\system\rewrite.php(44): require_once('C:\\Users\\david\\...')
#13 {main}
CRITICAL - 2024-11-30 00:20:42 --> CodeIgniter\Database\Exceptions\DatabaseException: Unable to connect to the database.
Main connection [MySQLi]: No se puede establecer una conexión ya que el equipo de destino denegó expresamente dicha conexión
[Method: POST, Route: login/authenticate]
in SYSTEMPATH\Database\BaseConnection.php on line 467.
 1 SYSTEMPATH\Database\BaseConnection.php(616): CodeIgniter\Database\BaseConnection->initialize()
 2 SYSTEMPATH\Database\BaseBuilder.php(1644): CodeIgniter\Database\BaseConnection->query('SELECT *
FROM `usuario`
WHERE `correo` = :correo:
 LIMIT 1', [...], false)
 3 SYSTEMPATH\Model.php(330): CodeIgniter\Database\BaseBuilder->get()
 4 SYSTEMPATH\BaseModel.php(714): CodeIgniter\Model->doFirst()
 5 APPPATH\Controllers\Login.php(23): CodeIgniter\BaseModel->first()
 6 SYSTEMPATH\CodeIgniter.php(933): App\Controllers\Login->authenticate()
 7 SYSTEMPATH\CodeIgniter.php(509): CodeIgniter\CodeIgniter->runController(Object(App\Controllers\Login))
 8 SYSTEMPATH\CodeIgniter.php(355): CodeIgniter\CodeIgniter->handleRequest(null, Object(Config\Cache), false)
 9 SYSTEMPATH\Boot.php(325): CodeIgniter\CodeIgniter->run()
10 SYSTEMPATH\Boot.php(67): CodeIgniter\Boot::runCodeIgniter(Object(CodeIgniter\CodeIgniter))
11 FCPATH\index.php(56): CodeIgniter\Boot::bootWeb(Object(Config\Paths))
12 SYSTEMPATH\rewrite.php(44): require_once('C:\\Users\\david\\Desktop\\Poryecto Pizzeria Actual\\proyecto-pizzeria\\public\\index.php')
INFO - 2024-11-30 00:20:47 --> Session: Class initialized using 'CodeIgniter\Session\Handlers\FileHandler' driver.
INFO - 2024-11-30 00:20:47 --> Session: Class initialized using 'CodeIgniter\Session\Handlers\FileHandler' driver.
INFO - 2024-11-30 00:21:08 --> Session: Class initialized using 'CodeIgniter\Session\Handlers\FileHandler' driver.
INFO - 2024-11-30 00:21:21 --> Session: Class initialized using 'CodeIgniter\Session\Handlers\FileHandler' driver.
INFO - 2024-11-30 00:21:24 --> Session: Class initialized using 'CodeIgniter\Session\Handlers\FileHandler' driver.
INFO - 2024-11-30 00:21:37 --> Session: Class initialized using 'CodeIgniter\Session\Handlers\FileHandler' driver.
INFO - 2024-11-30 00:21:40 --> Session: Class initialized using 'CodeIgniter\Session\Handlers\FileHandler' driver.
INFO - 2024-11-30 00:21:40 --> Session: Class initialized using 'CodeIgniter\Session\Handlers\FileHandler' driver.
INFO - 2024-11-30 00:21:47 --> Session: Class initialized using 'CodeIgniter\Session\Handlers\FileHandler' driver.
INFO - 2024-11-30 00:21:47 --> Session: Class initialized using 'CodeIgniter\Session\Handlers\FileHandler' driver.
INFO - 2024-11-30 00:22:15 --> Session: Class initialized using 'CodeIgniter\Session\Handlers\FileHandler' driver.
INFO - 2024-11-30 00:22:25 --> Session: Class initialized using 'CodeIgniter\Session\Handlers\FileHandler' driver.
INFO - 2024-11-30 00:22:51 --> Session: Class initialized using 'CodeIgniter\Session\Handlers\FileHandler' driver.
INFO - 2024-11-30 00:24:16 --> Session: Class initialized using 'CodeIgniter\Session\Handlers\FileHandler' driver.
INFO - 2024-11-30 00:24:21 --> Session: Class initialized using 'CodeIgniter\Session\Handlers\FileHandler' driver.
INFO - 2024-11-30 00:24:47 --> Session: Class initialized using 'CodeIgniter\Session\Handlers\FileHandler' driver.
INFO - 2024-11-30 00:25:20 --> Session: Class initialized using 'CodeIgniter\Session\Handlers\FileHandler' driver.
INFO - 2024-11-30 00:25:22 --> Session: Class initialized using 'CodeIgniter\Session\Handlers\FileHandler' driver.
INFO - 2024-11-30 00:25:39 --> Session: Class initialized using 'CodeIgniter\Session\Handlers\FileHandler' driver.
INFO - 2024-11-30 00:25:40 --> Session: Class initialized using 'CodeIgniter\Session\Handlers\FileHandler' driver.
INFO - 2024-11-30 00:25:43 --> Session: Class initialized using 'CodeIgniter\Session\Handlers\FileHandler' driver.
INFO - 2024-11-30 00:25:49 --> Session: Class initialized using 'CodeIgniter\Session\Handlers\FileHandler' driver.
INFO - 2024-11-30 00:25:51 --> Session: Class initialized using 'CodeIgniter\Session\Handlers\FileHandler' driver.
INFO - 2024-11-30 00:26:34 --> Session: Class initialized using 'CodeIgniter\Session\Handlers\FileHandler' driver.
INFO - 2024-11-30 00:26:35 --> Session: Class initialized using 'CodeIgniter\Session\Handlers\FileHandler' driver.
INFO - 2024-11-30 00:26:36 --> Session: Class initialized using 'CodeIgniter\Session\Handlers\FileHandler' driver.
INFO - 2024-11-30 00:26:38 --> Session: Class initialized using 'CodeIgniter\Session\Handlers\FileHandler' driver.
INFO - 2024-11-30 00:26:40 --> Session: Class initialized using 'CodeIgniter\Session\Handlers\FileHandler' driver.
INFO - 2024-11-30 00:26:41 --> Session: Class initialized using 'CodeIgniter\Session\Handlers\FileHandler' driver.
INFO - 2024-11-30 00:27:20 --> Session: Class initialized using 'CodeIgniter\Session\Handlers\FileHandler' driver.
INFO - 2024-11-30 00:27:23 --> Session: Class initialized using 'CodeIgniter\Session\Handlers\FileHandler' driver.
INFO - 2024-11-30 00:27:26 --> Session: Class initialized using 'CodeIgniter\Session\Handlers\FileHandler' driver.
INFO - 2024-11-30 00:36:32 --> Session: Class initialized using 'CodeIgniter\Session\Handlers\FileHandler' driver.
INFO - 2024-11-30 00:39:07 --> Session: Class initialized using 'CodeIgniter\Session\Handlers\FileHandler' driver.
INFO - 2024-11-30 00:40:01 --> Session: Class initialized using 'CodeIgniter\Session\Handlers\FileHandler' driver.
INFO - 2024-11-30 00:42:48 --> Session: Class initialized using 'CodeIgniter\Session\Handlers\FileHandler' driver.
INFO - 2024-11-30 05:20:16 --> Session: Class initialized using 'CodeIgniter\Session\Handlers\FileHandler' driver.
INFO - 2024-11-30 05:20:17 --> Session: Class initialized using 'CodeIgniter\Session\Handlers\FileHandler' driver.
INFO - 2024-11-30 05:20:35 --> Session: Class initialized using 'CodeIgniter\Session\Handlers\FileHandler' driver.
INFO - 2024-11-30 05:20:36 --> Session: Class initialized using 'CodeIgniter\Session\Handlers\FileHandler' driver.
INFO - 2024-11-30 05:21:54 --> Session: Class initialized using 'CodeIgniter\Session\Handlers\FileHandler' driver.
WARNING - 2024-11-30 05:21:54 --> [DEPRECATED] Creation of dynamic property App\Controllers\FeedbackController::$feedbackModel is deprecated in APPPATH\Controllers\FeedbackController.php on line 13.
 1 SYSTEMPATH\CodeIgniter.php(903): App\Controllers\FeedbackController->__construct()
 2 SYSTEMPATH\CodeIgniter.php(500): CodeIgniter\CodeIgniter->createController()
 3 SYSTEMPATH\CodeIgniter.php(355): CodeIgniter\CodeIgniter->handleRequest(null, Object(Config\Cache), false)
 4 SYSTEMPATH\Boot.php(325): CodeIgniter\CodeIgniter->run()
 5 SYSTEMPATH\Boot.php(67): CodeIgniter\Boot::runCodeIgniter(Object(CodeIgniter\CodeIgniter))
 6 FCPATH\index.php(56): CodeIgniter\Boot::bootWeb(Object(Config\Paths))
 7 SYSTEMPATH\rewrite.php(44): require_once('C:\\Users\\david\\Desktop\\Poryecto Pizzeria Actual\\proyecto-pizzeria\\public\\index.php')
CRITICAL - 2024-11-30 05:21:54 --> CodeIgniter\View\Exceptions\ViewException: Invalid file: "feedback/formulario.php"
[Method: GET, Route: comentarios]
in SYSTEMPATH\Exceptions\FrameworkException.php on line 41.
 1 SYSTEMPATH\View\View.php(222): CodeIgniter\Exceptions\FrameworkException::forInvalidFile('feedback/formulario.php')
 2 SYSTEMPATH\Common.php(1171): CodeIgniter\View\View->render('feedback/formulario', [], true)
 3 APPPATH\Controllers\FeedbackController.php(19): view('feedback/formulario')
 4 SYSTEMPATH\CodeIgniter.php(933): App\Controllers\FeedbackController->formularioComentario()
 5 SYSTEMPATH\CodeIgniter.php(509): CodeIgniter\CodeIgniter->runController(Object(App\Controllers\FeedbackController))
 6 SYSTEMPATH\CodeIgniter.php(355): CodeIgniter\CodeIgniter->handleRequest(null, Object(Config\Cache), false)
 7 SYSTEMPATH\Boot.php(325): CodeIgniter\CodeIgniter->run()
 8 SYSTEMPATH\Boot.php(67): CodeIgniter\Boot::runCodeIgniter(Object(CodeIgniter\CodeIgniter))
 9 FCPATH\index.php(56): CodeIgniter\Boot::bootWeb(Object(Config\Paths))
10 SYSTEMPATH\rewrite.php(44): require_once('C:\\Users\\david\\Desktop\\Poryecto Pizzeria Actual\\proyecto-pizzeria\\public\\index.php')
INFO - 2024-11-30 05:21:56 --> Session: Class initialized using 'CodeIgniter\Session\Handlers\FileHandler' driver.
INFO - 2024-11-30 05:22:01 --> Session: Class initialized using 'CodeIgniter\Session\Handlers\FileHandler' driver.
INFO - 2024-11-30 05:22:02 --> Session: Class initialized using 'CodeIgniter\Session\Handlers\FileHandler' driver.
INFO - 2024-11-30 05:22:04 --> Session: Class initialized using 'CodeIgniter\Session\Handlers\FileHandler' driver.
INFO - 2024-11-30 05:22:25 --> Session: Class initialized using 'CodeIgniter\Session\Handlers\FileHandler' driver.
WARNING - 2024-11-30 05:22:25 --> [DEPRECATED] Creation of dynamic property App\Controllers\FeedbackController::$feedbackModel is deprecated in APPPATH\Controllers\FeedbackController.php on line 13.
 1 SYSTEMPATH\CodeIgniter.php(903): App\Controllers\FeedbackController->__construct()
 2 SYSTEMPATH\CodeIgniter.php(500): CodeIgniter\CodeIgniter->createController()
 3 SYSTEMPATH\CodeIgniter.php(355): CodeIgniter\CodeIgniter->handleRequest(null, Object(Config\Cache), false)
 4 SYSTEMPATH\Boot.php(325): CodeIgniter\CodeIgniter->run()
 5 SYSTEMPATH\Boot.php(67): CodeIgniter\Boot::runCodeIgniter(Object(CodeIgniter\CodeIgniter))
 6 FCPATH\index.php(56): CodeIgniter\Boot::bootWeb(Object(Config\Paths))
 7 SYSTEMPATH\rewrite.php(44): require_once('C:\\Users\\david\\Desktop\\Poryecto Pizzeria Actual\\proyecto-pizzeria\\public\\index.php')
INFO - 2024-11-30 05:22:27 --> Session: Class initialized using 'CodeIgniter\Session\Handlers\FileHandler' driver.
INFO - 2024-11-30 05:22:28 --> Session: Class initialized using 'CodeIgniter\Session\Handlers\FileHandler' driver.
WARNING - 2024-11-30 05:22:28 --> [DEPRECATED] Creation of dynamic property App\Controllers\FeedbackController::$feedbackModel is deprecated in APPPATH\Controllers\FeedbackController.php on line 13.
 1 SYSTEMPATH\CodeIgniter.php(903): App\Controllers\FeedbackController->__construct()
 2 SYSTEMPATH\CodeIgniter.php(500): CodeIgniter\CodeIgniter->createController()
 3 SYSTEMPATH\CodeIgniter.php(355): CodeIgniter\CodeIgniter->handleRequest(null, Object(Config\Cache), false)
 4 SYSTEMPATH\Boot.php(325): CodeIgniter\CodeIgniter->run()
 5 SYSTEMPATH\Boot.php(67): CodeIgniter\Boot::runCodeIgniter(Object(CodeIgniter\CodeIgniter))
 6 FCPATH\index.php(56): CodeIgniter\Boot::bootWeb(Object(Config\Paths))
 7 SYSTEMPATH\rewrite.php(44): require_once('C:\\Users\\david\\Desktop\\Poryecto Pizzeria Actual\\proyecto-pizzeria\\public\\index.php')
INFO - 2024-11-30 05:24:48 --> Session: Class initialized using 'CodeIgniter\Session\Handlers\FileHandler' driver.
INFO - 2024-11-30 05:26:00 --> Session: Class initialized using 'CodeIgniter\Session\Handlers\FileHandler' driver.
INFO - 2024-11-30 05:26:50 --> Session: Class initialized using 'CodeIgniter\Session\Handlers\FileHandler' driver.
INFO - 2024-11-30 05:27:16 --> Session: Class initialized using 'CodeIgniter\Session\Handlers\FileHandler' driver.
INFO - 2024-11-30 05:27:17 --> Session: Class initialized using 'CodeIgniter\Session\Handlers\FileHandler' driver.
WARNING - 2024-11-30 05:27:17 --> [DEPRECATED] Creation of dynamic property App\Controllers\FeedbackController::$feedbackModel is deprecated in APPPATH\Controllers\FeedbackController.php on line 13.
 1 SYSTEMPATH\CodeIgniter.php(903): App\Controllers\FeedbackController->__construct()
 2 SYSTEMPATH\CodeIgniter.php(500): CodeIgniter\CodeIgniter->createController()
 3 SYSTEMPATH\CodeIgniter.php(355): CodeIgniter\CodeIgniter->handleRequest(null, Object(Config\Cache), false)
 4 SYSTEMPATH\Boot.php(325): CodeIgniter\CodeIgniter->run()
 5 SYSTEMPATH\Boot.php(67): CodeIgniter\Boot::runCodeIgniter(Object(CodeIgniter\CodeIgniter))
 6 FCPATH\index.php(56): CodeIgniter\Boot::bootWeb(Object(Config\Paths))
 7 SYSTEMPATH\rewrite.php(44): require_once('C:\\Users\\david\\Desktop\\Poryecto Pizzeria Actual\\proyecto-pizzeria\\public\\index.php')
CRITICAL - 2024-11-30 05:27:17 --> CodeIgniter\View\Exceptions\ViewException: Invalid file: "feedback/formulario.php"
[Method: GET, Route: feedback/formulario]
in SYSTEMPATH\Exceptions\FrameworkException.php on line 41.
 1 SYSTEMPATH\View\View.php(222): CodeIgniter\Exceptions\FrameworkException::forInvalidFile('feedback/formulario.php')
 2 SYSTEMPATH\Common.php(1171): CodeIgniter\View\View->render('feedback/formulario', [], true)
 3 APPPATH\Controllers\FeedbackController.php(19): view('feedback/formulario')
 4 SYSTEMPATH\CodeIgniter.php(933): App\Controllers\FeedbackController->formularioComentario()
 5 SYSTEMPATH\CodeIgniter.php(509): CodeIgniter\CodeIgniter->runController(Object(App\Controllers\FeedbackController))
 6 SYSTEMPATH\CodeIgniter.php(355): CodeIgniter\CodeIgniter->handleRequest(null, Object(Config\Cache), false)
 7 SYSTEMPATH\Boot.php(325): CodeIgniter\CodeIgniter->run()
 8 SYSTEMPATH\Boot.php(67): CodeIgniter\Boot::runCodeIgniter(Object(CodeIgniter\CodeIgniter))
 9 FCPATH\index.php(56): CodeIgniter\Boot::bootWeb(Object(Config\Paths))
10 SYSTEMPATH\rewrite.php(44): require_once('C:\\Users\\david\\Desktop\\Poryecto Pizzeria Actual\\proyecto-pizzeria\\public\\index.php')
INFO - 2024-11-30 05:27:48 --> Session: Class initialized using 'CodeIgniter\Session\Handlers\FileHandler' driver.
WARNING - 2024-11-30 05:27:48 --> [DEPRECATED] Creation of dynamic property App\Controllers\FeedbackController::$feedbackModel is deprecated in APPPATH\Controllers\FeedbackController.php on line 13.
 1 SYSTEMPATH\CodeIgniter.php(903): App\Controllers\FeedbackController->__construct()
 2 SYSTEMPATH\CodeIgniter.php(500): CodeIgniter\CodeIgniter->createController()
 3 SYSTEMPATH\CodeIgniter.php(355): CodeIgniter\CodeIgniter->handleRequest(null, Object(Config\Cache), false)
 4 SYSTEMPATH\Boot.php(325): CodeIgniter\CodeIgniter->run()
 5 SYSTEMPATH\Boot.php(67): CodeIgniter\Boot::runCodeIgniter(Object(CodeIgniter\CodeIgniter))
 6 FCPATH\index.php(56): CodeIgniter\Boot::bootWeb(Object(Config\Paths))
 7 SYSTEMPATH\rewrite.php(44): require_once('C:\\Users\\david\\Desktop\\Poryecto Pizzeria Actual\\proyecto-pizzeria\\public\\index.php')
INFO - 2024-11-30 05:28:33 --> Session: Class initialized using 'CodeIgniter\Session\Handlers\FileHandler' driver.
WARNING - 2024-11-30 05:28:33 --> [DEPRECATED] Creation of dynamic property App\Controllers\FeedbackController::$feedbackModel is deprecated in APPPATH\Controllers\FeedbackController.php on line 13.
 1 SYSTEMPATH\CodeIgniter.php(903): App\Controllers\FeedbackController->__construct()
 2 SYSTEMPATH\CodeIgniter.php(500): CodeIgniter\CodeIgniter->createController()
 3 SYSTEMPATH\CodeIgniter.php(355): CodeIgniter\CodeIgniter->handleRequest(null, Object(Config\Cache), false)
 4 SYSTEMPATH\Boot.php(325): CodeIgniter\CodeIgniter->run()
 5 SYSTEMPATH\Boot.php(67): CodeIgniter\Boot::runCodeIgniter(Object(CodeIgniter\CodeIgniter))
 6 FCPATH\index.php(56): CodeIgniter\Boot::bootWeb(Object(Config\Paths))
 7 SYSTEMPATH\rewrite.php(44): require_once('C:\\Users\\david\\Desktop\\Poryecto Pizzeria Actual\\proyecto-pizzeria\\public\\index.php')
INFO - 2024-11-30 05:28:34 --> Session: Class initialized using 'CodeIgniter\Session\Handlers\FileHandler' driver.
WARNING - 2024-11-30 05:28:34 --> [DEPRECATED] Creation of dynamic property App\Controllers\FeedbackController::$feedbackModel is deprecated in APPPATH\Controllers\FeedbackController.php on line 13.
 1 SYSTEMPATH\CodeIgniter.php(903): App\Controllers\FeedbackController->__construct()
 2 SYSTEMPATH\CodeIgniter.php(500): CodeIgniter\CodeIgniter->createController()
 3 SYSTEMPATH\CodeIgniter.php(355): CodeIgniter\CodeIgniter->handleRequest(null, Object(Config\Cache), false)
 4 SYSTEMPATH\Boot.php(325): CodeIgniter\CodeIgniter->run()
 5 SYSTEMPATH\Boot.php(67): CodeIgniter\Boot::runCodeIgniter(Object(CodeIgniter\CodeIgniter))
 6 FCPATH\index.php(56): CodeIgniter\Boot::bootWeb(Object(Config\Paths))
 7 SYSTEMPATH\rewrite.php(44): require_once('C:\\Users\\david\\Desktop\\Poryecto Pizzeria Actual\\proyecto-pizzeria\\public\\index.php')
INFO - 2024-11-30 05:28:34 --> Session: Class initialized using 'CodeIgniter\Session\Handlers\FileHandler' driver.
WARNING - 2024-11-30 05:28:34 --> [DEPRECATED] Creation of dynamic property App\Controllers\FeedbackController::$feedbackModel is deprecated in APPPATH\Controllers\FeedbackController.php on line 13.
 1 SYSTEMPATH\CodeIgniter.php(903): App\Controllers\FeedbackController->__construct()
 2 SYSTEMPATH\CodeIgniter.php(500): CodeIgniter\CodeIgniter->createController()
 3 SYSTEMPATH\CodeIgniter.php(355): CodeIgniter\CodeIgniter->handleRequest(null, Object(Config\Cache), false)
 4 SYSTEMPATH\Boot.php(325): CodeIgniter\CodeIgniter->run()
 5 SYSTEMPATH\Boot.php(67): CodeIgniter\Boot::runCodeIgniter(Object(CodeIgniter\CodeIgniter))
 6 FCPATH\index.php(56): CodeIgniter\Boot::bootWeb(Object(Config\Paths))
 7 SYSTEMPATH\rewrite.php(44): require_once('C:\\Users\\david\\Desktop\\Poryecto Pizzeria Actual\\proyecto-pizzeria\\public\\index.php')
INFO - 2024-11-30 05:28:34 --> Session: Class initialized using 'CodeIgniter\Session\Handlers\FileHandler' driver.
WARNING - 2024-11-30 05:28:34 --> [DEPRECATED] Creation of dynamic property App\Controllers\FeedbackController::$feedbackModel is deprecated in APPPATH\Controllers\FeedbackController.php on line 13.
 1 SYSTEMPATH\CodeIgniter.php(903): App\Controllers\FeedbackController->__construct()
 2 SYSTEMPATH\CodeIgniter.php(500): CodeIgniter\CodeIgniter->createController()
 3 SYSTEMPATH\CodeIgniter.php(355): CodeIgniter\CodeIgniter->handleRequest(null, Object(Config\Cache), false)
 4 SYSTEMPATH\Boot.php(325): CodeIgniter\CodeIgniter->run()
 5 SYSTEMPATH\Boot.php(67): CodeIgniter\Boot::runCodeIgniter(Object(CodeIgniter\CodeIgniter))
 6 FCPATH\index.php(56): CodeIgniter\Boot::bootWeb(Object(Config\Paths))
 7 SYSTEMPATH\rewrite.php(44): require_once('C:\\Users\\david\\Desktop\\Poryecto Pizzeria Actual\\proyecto-pizzeria\\public\\index.php')
INFO - 2024-11-30 05:28:35 --> Session: Class initialized using 'CodeIgniter\Session\Handlers\FileHandler' driver.
WARNING - 2024-11-30 05:28:35 --> [DEPRECATED] Creation of dynamic property App\Controllers\FeedbackController::$feedbackModel is deprecated in APPPATH\Controllers\FeedbackController.php on line 13.
 1 SYSTEMPATH\CodeIgniter.php(903): App\Controllers\FeedbackController->__construct()
 2 SYSTEMPATH\CodeIgniter.php(500): CodeIgniter\CodeIgniter->createController()
 3 SYSTEMPATH\CodeIgniter.php(355): CodeIgniter\CodeIgniter->handleRequest(null, Object(Config\Cache), false)
 4 SYSTEMPATH\Boot.php(325): CodeIgniter\CodeIgniter->run()
 5 SYSTEMPATH\Boot.php(67): CodeIgniter\Boot::runCodeIgniter(Object(CodeIgniter\CodeIgniter))
 6 FCPATH\index.php(56): CodeIgniter\Boot::bootWeb(Object(Config\Paths))
 7 SYSTEMPATH\rewrite.php(44): require_once('C:\\Users\\david\\Desktop\\Poryecto Pizzeria Actual\\proyecto-pizzeria\\public\\index.php')
INFO - 2024-11-30 05:28:35 --> Session: Class initialized using 'CodeIgniter\Session\Handlers\FileHandler' driver.
WARNING - 2024-11-30 05:28:35 --> [DEPRECATED] Creation of dynamic property App\Controllers\FeedbackController::$feedbackModel is deprecated in APPPATH\Controllers\FeedbackController.php on line 13.
 1 SYSTEMPATH\CodeIgniter.php(903): App\Controllers\FeedbackController->__construct()
 2 SYSTEMPATH\CodeIgniter.php(500): CodeIgniter\CodeIgniter->createController()
 3 SYSTEMPATH\CodeIgniter.php(355): CodeIgniter\CodeIgniter->handleRequest(null, Object(Config\Cache), false)
 4 SYSTEMPATH\Boot.php(325): CodeIgniter\CodeIgniter->run()
 5 SYSTEMPATH\Boot.php(67): CodeIgniter\Boot::runCodeIgniter(Object(CodeIgniter\CodeIgniter))
 6 FCPATH\index.php(56): CodeIgniter\Boot::bootWeb(Object(Config\Paths))
 7 SYSTEMPATH\rewrite.php(44): require_once('C:\\Users\\david\\Desktop\\Poryecto Pizzeria Actual\\proyecto-pizzeria\\public\\index.php')
INFO - 2024-11-30 05:28:35 --> Session: Class initialized using 'CodeIgniter\Session\Handlers\FileHandler' driver.
WARNING - 2024-11-30 05:28:35 --> [DEPRECATED] Creation of dynamic property App\Controllers\FeedbackController::$feedbackModel is deprecated in APPPATH\Controllers\FeedbackController.php on line 13.
 1 SYSTEMPATH\CodeIgniter.php(903): App\Controllers\FeedbackController->__construct()
 2 SYSTEMPATH\CodeIgniter.php(500): CodeIgniter\CodeIgniter->createController()
 3 SYSTEMPATH\CodeIgniter.php(355): CodeIgniter\CodeIgniter->handleRequest(null, Object(Config\Cache), false)
 4 SYSTEMPATH\Boot.php(325): CodeIgniter\CodeIgniter->run()
 5 SYSTEMPATH\Boot.php(67): CodeIgniter\Boot::runCodeIgniter(Object(CodeIgniter\CodeIgniter))
 6 FCPATH\index.php(56): CodeIgniter\Boot::bootWeb(Object(Config\Paths))
 7 SYSTEMPATH\rewrite.php(44): require_once('C:\\Users\\david\\Desktop\\Poryecto Pizzeria Actual\\proyecto-pizzeria\\public\\index.php')
INFO - 2024-11-30 05:28:41 --> Session: Class initialized using 'CodeIgniter\Session\Handlers\FileHandler' driver.
WARNING - 2024-11-30 05:28:41 --> [DEPRECATED] Creation of dynamic property App\Controllers\FeedbackController::$feedbackModel is deprecated in APPPATH\Controllers\FeedbackController.php on line 13.
 1 SYSTEMPATH\CodeIgniter.php(903): App\Controllers\FeedbackController->__construct()
 2 SYSTEMPATH\CodeIgniter.php(500): CodeIgniter\CodeIgniter->createController()
 3 SYSTEMPATH\CodeIgniter.php(355): CodeIgniter\CodeIgniter->handleRequest(null, Object(Config\Cache), false)
 4 SYSTEMPATH\Boot.php(325): CodeIgniter\CodeIgniter->run()
 5 SYSTEMPATH\Boot.php(67): CodeIgniter\Boot::runCodeIgniter(Object(CodeIgniter\CodeIgniter))
 6 FCPATH\index.php(56): CodeIgniter\Boot::bootWeb(Object(Config\Paths))
 7 SYSTEMPATH\rewrite.php(44): require_once('C:\\Users\\david\\Desktop\\Poryecto Pizzeria Actual\\proyecto-pizzeria\\public\\index.php')
INFO - 2024-11-30 05:28:42 --> Session: Class initialized using 'CodeIgniter\Session\Handlers\FileHandler' driver.
INFO - 2024-11-30 05:28:43 --> Session: Class initialized using 'CodeIgniter\Session\Handlers\FileHandler' driver.
WARNING - 2024-11-30 05:28:44 --> [DEPRECATED] Creation of dynamic property App\Controllers\FeedbackController::$feedbackModel is deprecated in APPPATH\Controllers\FeedbackController.php on line 13.
 1 SYSTEMPATH\CodeIgniter.php(903): App\Controllers\FeedbackController->__construct()
 2 SYSTEMPATH\CodeIgniter.php(500): CodeIgniter\CodeIgniter->createController()
 3 SYSTEMPATH\CodeIgniter.php(355): CodeIgniter\CodeIgniter->handleRequest(null, Object(Config\Cache), false)
 4 SYSTEMPATH\Boot.php(325): CodeIgniter\CodeIgniter->run()
 5 SYSTEMPATH\Boot.php(67): CodeIgniter\Boot::runCodeIgniter(Object(CodeIgniter\CodeIgniter))
 6 FCPATH\index.php(56): CodeIgniter\Boot::bootWeb(Object(Config\Paths))
 7 SYSTEMPATH\rewrite.php(44): require_once('C:\\Users\\david\\Desktop\\Poryecto Pizzeria Actual\\proyecto-pizzeria\\public\\index.php')
INFO - 2024-11-30 05:29:40 --> Session: Class initialized using 'CodeIgniter\Session\Handlers\FileHandler' driver.
WARNING - 2024-11-30 05:29:40 --> [DEPRECATED] Creation of dynamic property App\Controllers\FeedbackController::$feedbackModel is deprecated in APPPATH\Controllers\FeedbackController.php on line 13.
 1 SYSTEMPATH\CodeIgniter.php(903): App\Controllers\FeedbackController->__construct()
 2 SYSTEMPATH\CodeIgniter.php(500): CodeIgniter\CodeIgniter->createController()
 3 SYSTEMPATH\CodeIgniter.php(355): CodeIgniter\CodeIgniter->handleRequest(null, Object(Config\Cache), false)
 4 SYSTEMPATH\Boot.php(325): CodeIgniter\CodeIgniter->run()
 5 SYSTEMPATH\Boot.php(67): CodeIgniter\Boot::runCodeIgniter(Object(CodeIgniter\CodeIgniter))
 6 FCPATH\index.php(56): CodeIgniter\Boot::bootWeb(Object(Config\Paths))
 7 SYSTEMPATH\rewrite.php(44): require_once('C:\\Users\\david\\Desktop\\Poryecto Pizzeria Actual\\proyecto-pizzeria\\public\\index.php')
INFO - 2024-11-30 05:29:59 --> Session: Class initialized using 'CodeIgniter\Session\Handlers\FileHandler' driver.
WARNING - 2024-11-30 05:29:59 --> [DEPRECATED] Creation of dynamic property App\Controllers\FeedbackController::$feedbackModel is deprecated in APPPATH\Controllers\FeedbackController.php on line 13.
 1 SYSTEMPATH\CodeIgniter.php(903): App\Controllers\FeedbackController->__construct()
 2 SYSTEMPATH\CodeIgniter.php(500): CodeIgniter\CodeIgniter->createController()
 3 SYSTEMPATH\CodeIgniter.php(355): CodeIgniter\CodeIgniter->handleRequest(null, Object(Config\Cache), false)
 4 SYSTEMPATH\Boot.php(325): CodeIgniter\CodeIgniter->run()
 5 SYSTEMPATH\Boot.php(67): CodeIgniter\Boot::runCodeIgniter(Object(CodeIgniter\CodeIgniter))
 6 FCPATH\index.php(56): CodeIgniter\Boot::bootWeb(Object(Config\Paths))
 7 SYSTEMPATH\rewrite.php(44): require_once('C:\\Users\\david\\Desktop\\Poryecto Pizzeria Actual\\proyecto-pizzeria\\public\\index.php')
CRITICAL - 2024-11-30 05:29:59 --> Error: Call to undefined function App\Controllers\verTodosComentarios()
[Method: GET, Route: feedback/formulario]
in APPPATH\Controllers\FeedbackController.php on line 19.
 1 SYSTEMPATH\CodeIgniter.php(933): App\Controllers\FeedbackController->formularioComentario()
 2 SYSTEMPATH\CodeIgniter.php(509): CodeIgniter\CodeIgniter->runController(Object(App\Controllers\FeedbackController))
 3 SYSTEMPATH\CodeIgniter.php(355): CodeIgniter\CodeIgniter->handleRequest(null, Object(Config\Cache), false)
 4 SYSTEMPATH\Boot.php(325): CodeIgniter\CodeIgniter->run()
 5 SYSTEMPATH\Boot.php(67): CodeIgniter\Boot::runCodeIgniter(Object(CodeIgniter\CodeIgniter))
 6 FCPATH\index.php(56): CodeIgniter\Boot::bootWeb(Object(Config\Paths))
 7 SYSTEMPATH\rewrite.php(44): require_once('C:\\Users\\david\\Desktop\\Poryecto Pizzeria Actual\\proyecto-pizzeria\\public\\index.php')
INFO - 2024-11-30 05:31:31 --> Session: Class initialized using 'CodeIgniter\Session\Handlers\FileHandler' driver.
WARNING - 2024-11-30 05:31:31 --> [DEPRECATED] Creation of dynamic property App\Controllers\FeedbackController::$feedbackModel is deprecated in APPPATH\Controllers\FeedbackController.php on line 13.
 1 SYSTEMPATH\CodeIgniter.php(903): App\Controllers\FeedbackController->__construct()
 2 SYSTEMPATH\CodeIgniter.php(500): CodeIgniter\CodeIgniter->createController()
 3 SYSTEMPATH\CodeIgniter.php(355): CodeIgniter\CodeIgniter->handleRequest(null, Object(Config\Cache), false)
 4 SYSTEMPATH\Boot.php(325): CodeIgniter\CodeIgniter->run()
 5 SYSTEMPATH\Boot.php(67): CodeIgniter\Boot::runCodeIgniter(Object(CodeIgniter\CodeIgniter))
 6 FCPATH\index.php(56): CodeIgniter\Boot::bootWeb(Object(Config\Paths))
 7 SYSTEMPATH\rewrite.php(44): require_once('C:\\Users\\david\\Desktop\\Poryecto Pizzeria Actual\\proyecto-pizzeria\\public\\index.php')
INFO - 2024-11-30 05:32:44 --> Session: Class initialized using 'CodeIgniter\Session\Handlers\FileHandler' driver.
WARNING - 2024-11-30 05:32:44 --> [DEPRECATED] Creation of dynamic property App\Controllers\FeedbackController::$feedbackModel is deprecated in APPPATH\Controllers\FeedbackController.php on line 13.
 1 SYSTEMPATH\CodeIgniter.php(903): App\Controllers\FeedbackController->__construct()
 2 SYSTEMPATH\CodeIgniter.php(500): CodeIgniter\CodeIgniter->createController()
 3 SYSTEMPATH\CodeIgniter.php(355): CodeIgniter\CodeIgniter->handleRequest(null, Object(Config\Cache), false)
 4 SYSTEMPATH\Boot.php(325): CodeIgniter\CodeIgniter->run()
 5 SYSTEMPATH\Boot.php(67): CodeIgniter\Boot::runCodeIgniter(Object(CodeIgniter\CodeIgniter))
 6 FCPATH\index.php(56): CodeIgniter\Boot::bootWeb(Object(Config\Paths))
 7 SYSTEMPATH\rewrite.php(44): require_once('C:\\Users\\david\\Desktop\\Poryecto Pizzeria Actual\\proyecto-pizzeria\\public\\index.php')
INFO - 2024-11-30 05:32:47 --> Session: Class initialized using 'CodeIgniter\Session\Handlers\FileHandler' driver.
INFO - 2024-11-30 05:32:48 --> Session: Class initialized using 'CodeIgniter\Session\Handlers\FileHandler' driver.
WARNING - 2024-11-30 05:32:48 --> [DEPRECATED] Creation of dynamic property App\Controllers\FeedbackController::$feedbackModel is deprecated in APPPATH\Controllers\FeedbackController.php on line 13.
 1 SYSTEMPATH\CodeIgniter.php(903): App\Controllers\FeedbackController->__construct()
 2 SYSTEMPATH\CodeIgniter.php(500): CodeIgniter\CodeIgniter->createController()
 3 SYSTEMPATH\CodeIgniter.php(355): CodeIgniter\CodeIgniter->handleRequest(null, Object(Config\Cache), false)
 4 SYSTEMPATH\Boot.php(325): CodeIgniter\CodeIgniter->run()
 5 SYSTEMPATH\Boot.php(67): CodeIgniter\Boot::runCodeIgniter(Object(CodeIgniter\CodeIgniter))
 6 FCPATH\index.php(56): CodeIgniter\Boot::bootWeb(Object(Config\Paths))
 7 SYSTEMPATH\rewrite.php(44): require_once('C:\\Users\\david\\Desktop\\Poryecto Pizzeria Actual\\proyecto-pizzeria\\public\\index.php')
INFO - 2024-11-30 05:32:56 --> Session: Class initialized using 'CodeIgniter\Session\Handlers\FileHandler' driver.
INFO - 2024-11-30 05:32:56 --> Session: Class initialized using 'CodeIgniter\Session\Handlers\FileHandler' driver.
WARNING - 2024-11-30 05:32:56 --> [DEPRECATED] Creation of dynamic property App\Controllers\FeedbackController::$feedbackModel is deprecated in APPPATH\Controllers\FeedbackController.php on line 13.
 1 SYSTEMPATH\CodeIgniter.php(903): App\Controllers\FeedbackController->__construct()
 2 SYSTEMPATH\CodeIgniter.php(500): CodeIgniter\CodeIgniter->createController()
 3 SYSTEMPATH\CodeIgniter.php(355): CodeIgniter\CodeIgniter->handleRequest(null, Object(Config\Cache), false)
 4 SYSTEMPATH\Boot.php(325): CodeIgniter\CodeIgniter->run()
 5 SYSTEMPATH\Boot.php(67): CodeIgniter\Boot::runCodeIgniter(Object(CodeIgniter\CodeIgniter))
 6 FCPATH\index.php(56): CodeIgniter\Boot::bootWeb(Object(Config\Paths))
 7 SYSTEMPATH\rewrite.php(44): require_once('C:\\Users\\david\\Desktop\\Poryecto Pizzeria Actual\\proyecto-pizzeria\\public\\index.php')
INFO - 2024-11-30 05:34:32 --> Session: Class initialized using 'CodeIgniter\Session\Handlers\FileHandler' driver.
WARNING - 2024-11-30 05:34:32 --> [DEPRECATED] Creation of dynamic property App\Controllers\FeedbackController::$feedbackModel is deprecated in APPPATH\Controllers\FeedbackController.php on line 13.
 1 SYSTEMPATH\CodeIgniter.php(903): App\Controllers\FeedbackController->__construct()
 2 SYSTEMPATH\CodeIgniter.php(500): CodeIgniter\CodeIgniter->createController()
 3 SYSTEMPATH\CodeIgniter.php(355): CodeIgniter\CodeIgniter->handleRequest(null, Object(Config\Cache), false)
 4 SYSTEMPATH\Boot.php(325): CodeIgniter\CodeIgniter->run()
 5 SYSTEMPATH\Boot.php(67): CodeIgniter\Boot::runCodeIgniter(Object(CodeIgniter\CodeIgniter))
 6 FCPATH\index.php(56): CodeIgniter\Boot::bootWeb(Object(Config\Paths))
 7 SYSTEMPATH\rewrite.php(44): require_once('C:\\Users\\david\\Desktop\\Poryecto Pizzeria Actual\\proyecto-pizzeria\\public\\index.php')
INFO - 2024-11-30 05:34:55 --> Session: Class initialized using 'CodeIgniter\Session\Handlers\FileHandler' driver.
WARNING - 2024-11-30 05:34:55 --> [DEPRECATED] Creation of dynamic property App\Controllers\FeedbackController::$feedbackModel is deprecated in APPPATH\Controllers\FeedbackController.php on line 13.
 1 SYSTEMPATH\CodeIgniter.php(903): App\Controllers\FeedbackController->__construct()
 2 SYSTEMPATH\CodeIgniter.php(500): CodeIgniter\CodeIgniter->createController()
 3 SYSTEMPATH\CodeIgniter.php(355): CodeIgniter\CodeIgniter->handleRequest(null, Object(Config\Cache), false)
 4 SYSTEMPATH\Boot.php(325): CodeIgniter\CodeIgniter->run()
 5 SYSTEMPATH\Boot.php(67): CodeIgniter\Boot::runCodeIgniter(Object(CodeIgniter\CodeIgniter))
 6 FCPATH\index.php(56): CodeIgniter\Boot::bootWeb(Object(Config\Paths))
 7 SYSTEMPATH\rewrite.php(44): require_once('C:\\Users\\david\\Desktop\\Poryecto Pizzeria Actual\\proyecto-pizzeria\\public\\index.php')
