INFO - 2024-11-29 02:17:35 --> Session: Class initialized using 'CodeIgniter\Session\Handlers\FileHandler' driver.
INFO - 2024-11-29 02:17:35 --> Session: Class initialized using 'CodeIgniter\Session\Handlers\FileHandler' driver.
ERROR - 2024-11-29 02:17:52 --> Error connecting to the database: mysqli_sql_exception: No se puede establecer una conexión ya que el equipo de destino denegó expresamente dicha conexión in C:\Users\usuario\Desktop\Pizza-nostra\proyecto-pizzeria\system\Database\MySQLi\Connection.php:186
Stack trace:
#0 C:\Users\usuario\Desktop\Pizza-nostra\proyecto-pizzeria\system\Database\MySQLi\Connection.php(186): mysqli->real_connect()
#1 C:\Users\usuario\Desktop\Pizza-nostra\proyecto-pizzeria\system\Database\BaseConnection.php(421): CodeIgniter\Database\MySQLi\Connection->connect()
#2 C:\Users\usuario\Desktop\Pizza-nostra\proyecto-pizzeria\system\Database\BaseConnection.php(616): CodeIgniter\Database\BaseConnection->initialize()
#3 C:\Users\usuario\Desktop\Pizza-nostra\proyecto-pizzeria\system\Database\BaseBuilder.php(1644): CodeIgniter\Database\BaseConnection->query()
#4 C:\Users\usuario\Desktop\Pizza-nostra\proyecto-pizzeria\system\Model.php(330): CodeIgniter\Database\BaseBuilder->get()
#5 C:\Users\usuario\Desktop\Pizza-nostra\proyecto-pizzeria\system\BaseModel.php(714): CodeIgniter\Model->doFirst()
#6 C:\Users\usuario\Desktop\Pizza-nostra\proyecto-pizzeria\app\Controllers\Login.php(23): CodeIgniter\BaseModel->first()
#7 C:\Users\usuario\Desktop\Pizza-nostra\proyecto-pizzeria\system\CodeIgniter.php(933): App\Controllers\Login->authenticate()
#8 C:\Users\usuario\Desktop\Pizza-nostra\proyecto-pizzeria\system\CodeIgniter.php(509): CodeIgniter\CodeIgniter->runController()
#9 C:\Users\usuario\Desktop\Pizza-nostra\proyecto-pizzeria\system\CodeIgniter.php(355): CodeIgniter\CodeIgniter->handleRequest()
#10 C:\Users\usuario\Desktop\Pizza-nostra\proyecto-pizzeria\system\Boot.php(325): CodeIgniter\CodeIgniter->run()
#11 C:\Users\usuario\Desktop\Pizza-nostra\proyecto-pizzeria\system\Boot.php(67): CodeIgniter\Boot::runCodeIgniter()
#12 C:\Users\usuario\Desktop\Pizza-nostra\proyecto-pizzeria\public\index.php(56): CodeIgniter\Boot::bootWeb()
#13 C:\Users\usuario\Desktop\Pizza-nostra\proyecto-pizzeria\system\rewrite.php(44): require_once('...')
#14 {main}

Next CodeIgniter\Database\Exceptions\DatabaseException: No se puede establecer una conexión ya que el equipo de destino denegó expresamente dicha conexión in C:\Users\usuario\Desktop\Pizza-nostra\proyecto-pizzeria\system\Database\MySQLi\Connection.php:231
Stack trace:
#0 C:\Users\usuario\Desktop\Pizza-nostra\proyecto-pizzeria\system\Database\BaseConnection.php(421): CodeIgniter\Database\MySQLi\Connection->connect()
#1 C:\Users\usuario\Desktop\Pizza-nostra\proyecto-pizzeria\system\Database\BaseConnection.php(616): CodeIgniter\Database\BaseConnection->initialize()
#2 C:\Users\usuario\Desktop\Pizza-nostra\proyecto-pizzeria\system\Database\BaseBuilder.php(1644): CodeIgniter\Database\BaseConnection->query()
#3 C:\Users\usuario\Desktop\Pizza-nostra\proyecto-pizzeria\system\Model.php(330): CodeIgniter\Database\BaseBuilder->get()
#4 C:\Users\usuario\Desktop\Pizza-nostra\proyecto-pizzeria\system\BaseModel.php(714): CodeIgniter\Model->doFirst()
#5 C:\Users\usuario\Desktop\Pizza-nostra\proyecto-pizzeria\app\Controllers\Login.php(23): CodeIgniter\BaseModel->first()
#6 C:\Users\usuario\Desktop\Pizza-nostra\proyecto-pizzeria\system\CodeIgniter.php(933): App\Controllers\Login->authenticate()
#7 C:\Users\usuario\Desktop\Pizza-nostra\proyecto-pizzeria\system\CodeIgniter.php(509): CodeIgniter\CodeIgniter->runController()
#8 C:\Users\usuario\Desktop\Pizza-nostra\proyecto-pizzeria\system\CodeIgniter.php(355): CodeIgniter\CodeIgniter->handleRequest()
#9 C:\Users\usuario\Desktop\Pizza-nostra\proyecto-pizzeria\system\Boot.php(325): CodeIgniter\CodeIgniter->run()
#10 C:\Users\usuario\Desktop\Pizza-nostra\proyecto-pizzeria\system\Boot.php(67): CodeIgniter\Boot::runCodeIgniter()
#11 C:\Users\usuario\Desktop\Pizza-nostra\proyecto-pizzeria\public\index.php(56): CodeIgniter\Boot::bootWeb()
#12 C:\Users\usuario\Desktop\Pizza-nostra\proyecto-pizzeria\system\rewrite.php(44): require_once('...')
#13 {main}
CRITICAL - 2024-11-29 02:17:52 --> CodeIgniter\Database\Exceptions\DatabaseException: Unable to connect to the database.
Main connection [MySQLi]: No se puede establecer una conexión ya que el equipo de destino denegó expresamente dicha conexión
[Method: POST, Route: login/authenticate]
in SYSTEMPATH\Database\BaseConnection.php on line 467.
 1 SYSTEMPATH\Database\BaseConnection.php(616): CodeIgniter\Database\BaseConnection->initialize()
 2 SYSTEMPATH\Database\BaseBuilder.php(1644): CodeIgniter\Database\BaseConnection->query()
 3 SYSTEMPATH\Model.php(330): CodeIgniter\Database\BaseBuilder->get()
 4 SYSTEMPATH\BaseModel.php(714): CodeIgniter\Model->doFirst()
 5 APPPATH\Controllers\Login.php(23): CodeIgniter\BaseModel->first()
 6 SYSTEMPATH\CodeIgniter.php(933): App\Controllers\Login->authenticate()
 7 SYSTEMPATH\CodeIgniter.php(509): CodeIgniter\CodeIgniter->runController()
 8 SYSTEMPATH\CodeIgniter.php(355): CodeIgniter\CodeIgniter->handleRequest()
 9 SYSTEMPATH\Boot.php(325): CodeIgniter\CodeIgniter->run()
10 SYSTEMPATH\Boot.php(67): CodeIgniter\Boot::runCodeIgniter()
11 FCPATH\index.php(56): CodeIgniter\Boot::bootWeb()
12 SYSTEMPATH\rewrite.php(44): require_once('C:\\Users\\usuario\\Desktop\\Pizza-nostra\\proyecto-pizzeria\\public\\index.php')
ERROR - 2024-11-29 02:17:56 --> Error connecting to the database: mysqli_sql_exception: No se puede establecer una conexión ya que el equipo de destino denegó expresamente dicha conexión in C:\Users\usuario\Desktop\Pizza-nostra\proyecto-pizzeria\system\Database\MySQLi\Connection.php:186
Stack trace:
#0 C:\Users\usuario\Desktop\Pizza-nostra\proyecto-pizzeria\system\Database\MySQLi\Connection.php(186): mysqli->real_connect()
#1 C:\Users\usuario\Desktop\Pizza-nostra\proyecto-pizzeria\system\Database\BaseConnection.php(421): CodeIgniter\Database\MySQLi\Connection->connect()
#2 C:\Users\usuario\Desktop\Pizza-nostra\proyecto-pizzeria\system\Database\BaseConnection.php(616): CodeIgniter\Database\BaseConnection->initialize()
#3 C:\Users\usuario\Desktop\Pizza-nostra\proyecto-pizzeria\system\Database\BaseBuilder.php(1644): CodeIgniter\Database\BaseConnection->query()
#4 C:\Users\usuario\Desktop\Pizza-nostra\proyecto-pizzeria\system\Model.php(330): CodeIgniter\Database\BaseBuilder->get()
#5 C:\Users\usuario\Desktop\Pizza-nostra\proyecto-pizzeria\system\BaseModel.php(714): CodeIgniter\Model->doFirst()
#6 C:\Users\usuario\Desktop\Pizza-nostra\proyecto-pizzeria\app\Controllers\Login.php(23): CodeIgniter\BaseModel->first()
#7 C:\Users\usuario\Desktop\Pizza-nostra\proyecto-pizzeria\system\CodeIgniter.php(933): App\Controllers\Login->authenticate()
#8 C:\Users\usuario\Desktop\Pizza-nostra\proyecto-pizzeria\system\CodeIgniter.php(509): CodeIgniter\CodeIgniter->runController()
#9 C:\Users\usuario\Desktop\Pizza-nostra\proyecto-pizzeria\system\CodeIgniter.php(355): CodeIgniter\CodeIgniter->handleRequest()
#10 C:\Users\usuario\Desktop\Pizza-nostra\proyecto-pizzeria\system\Boot.php(325): CodeIgniter\CodeIgniter->run()
#11 C:\Users\usuario\Desktop\Pizza-nostra\proyecto-pizzeria\system\Boot.php(67): CodeIgniter\Boot::runCodeIgniter()
#12 C:\Users\usuario\Desktop\Pizza-nostra\proyecto-pizzeria\public\index.php(56): CodeIgniter\Boot::bootWeb()
#13 C:\Users\usuario\Desktop\Pizza-nostra\proyecto-pizzeria\system\rewrite.php(44): require_once('...')
#14 {main}

Next CodeIgniter\Database\Exceptions\DatabaseException: No se puede establecer una conexión ya que el equipo de destino denegó expresamente dicha conexión in C:\Users\usuario\Desktop\Pizza-nostra\proyecto-pizzeria\system\Database\MySQLi\Connection.php:231
Stack trace:
#0 C:\Users\usuario\Desktop\Pizza-nostra\proyecto-pizzeria\system\Database\BaseConnection.php(421): CodeIgniter\Database\MySQLi\Connection->connect()
#1 C:\Users\usuario\Desktop\Pizza-nostra\proyecto-pizzeria\system\Database\BaseConnection.php(616): CodeIgniter\Database\BaseConnection->initialize()
#2 C:\Users\usuario\Desktop\Pizza-nostra\proyecto-pizzeria\system\Database\BaseBuilder.php(1644): CodeIgniter\Database\BaseConnection->query()
#3 C:\Users\usuario\Desktop\Pizza-nostra\proyecto-pizzeria\system\Model.php(330): CodeIgniter\Database\BaseBuilder->get()
#4 C:\Users\usuario\Desktop\Pizza-nostra\proyecto-pizzeria\system\BaseModel.php(714): CodeIgniter\Model->doFirst()
#5 C:\Users\usuario\Desktop\Pizza-nostra\proyecto-pizzeria\app\Controllers\Login.php(23): CodeIgniter\BaseModel->first()
#6 C:\Users\usuario\Desktop\Pizza-nostra\proyecto-pizzeria\system\CodeIgniter.php(933): App\Controllers\Login->authenticate()
#7 C:\Users\usuario\Desktop\Pizza-nostra\proyecto-pizzeria\system\CodeIgniter.php(509): CodeIgniter\CodeIgniter->runController()
#8 C:\Users\usuario\Desktop\Pizza-nostra\proyecto-pizzeria\system\CodeIgniter.php(355): CodeIgniter\CodeIgniter->handleRequest()
#9 C:\Users\usuario\Desktop\Pizza-nostra\proyecto-pizzeria\system\Boot.php(325): CodeIgniter\CodeIgniter->run()
#10 C:\Users\usuario\Desktop\Pizza-nostra\proyecto-pizzeria\system\Boot.php(67): CodeIgniter\Boot::runCodeIgniter()
#11 C:\Users\usuario\Desktop\Pizza-nostra\proyecto-pizzeria\public\index.php(56): CodeIgniter\Boot::bootWeb()
#12 C:\Users\usuario\Desktop\Pizza-nostra\proyecto-pizzeria\system\rewrite.php(44): require_once('...')
#13 {main}
CRITICAL - 2024-11-29 02:17:56 --> CodeIgniter\Database\Exceptions\DatabaseException: Unable to connect to the database.
Main connection [MySQLi]: No se puede establecer una conexión ya que el equipo de destino denegó expresamente dicha conexión
[Method: POST, Route: login/authenticate]
in SYSTEMPATH\Database\BaseConnection.php on line 467.
 1 SYSTEMPATH\Database\BaseConnection.php(616): CodeIgniter\Database\BaseConnection->initialize()
 2 SYSTEMPATH\Database\BaseBuilder.php(1644): CodeIgniter\Database\BaseConnection->query()
 3 SYSTEMPATH\Model.php(330): CodeIgniter\Database\BaseBuilder->get()
 4 SYSTEMPATH\BaseModel.php(714): CodeIgniter\Model->doFirst()
 5 APPPATH\Controllers\Login.php(23): CodeIgniter\BaseModel->first()
 6 SYSTEMPATH\CodeIgniter.php(933): App\Controllers\Login->authenticate()
 7 SYSTEMPATH\CodeIgniter.php(509): CodeIgniter\CodeIgniter->runController()
 8 SYSTEMPATH\CodeIgniter.php(355): CodeIgniter\CodeIgniter->handleRequest()
 9 SYSTEMPATH\Boot.php(325): CodeIgniter\CodeIgniter->run()
10 SYSTEMPATH\Boot.php(67): CodeIgniter\Boot::runCodeIgniter()
11 FCPATH\index.php(56): CodeIgniter\Boot::bootWeb()
12 SYSTEMPATH\rewrite.php(44): require_once('C:\\Users\\usuario\\Desktop\\Pizza-nostra\\proyecto-pizzeria\\public\\index.php')
ERROR - 2024-11-29 02:18:00 --> Error connecting to the database: mysqli_sql_exception: No se puede establecer una conexión ya que el equipo de destino denegó expresamente dicha conexión in C:\Users\usuario\Desktop\Pizza-nostra\proyecto-pizzeria\system\Database\MySQLi\Connection.php:186
Stack trace:
#0 C:\Users\usuario\Desktop\Pizza-nostra\proyecto-pizzeria\system\Database\MySQLi\Connection.php(186): mysqli->real_connect()
#1 C:\Users\usuario\Desktop\Pizza-nostra\proyecto-pizzeria\system\Database\BaseConnection.php(421): CodeIgniter\Database\MySQLi\Connection->connect()
#2 C:\Users\usuario\Desktop\Pizza-nostra\proyecto-pizzeria\system\Database\BaseConnection.php(616): CodeIgniter\Database\BaseConnection->initialize()
#3 C:\Users\usuario\Desktop\Pizza-nostra\proyecto-pizzeria\system\Database\BaseBuilder.php(1644): CodeIgniter\Database\BaseConnection->query()
#4 C:\Users\usuario\Desktop\Pizza-nostra\proyecto-pizzeria\system\Model.php(330): CodeIgniter\Database\BaseBuilder->get()
#5 C:\Users\usuario\Desktop\Pizza-nostra\proyecto-pizzeria\system\BaseModel.php(714): CodeIgniter\Model->doFirst()
#6 C:\Users\usuario\Desktop\Pizza-nostra\proyecto-pizzeria\app\Controllers\Login.php(23): CodeIgniter\BaseModel->first()
#7 C:\Users\usuario\Desktop\Pizza-nostra\proyecto-pizzeria\system\CodeIgniter.php(933): App\Controllers\Login->authenticate()
#8 C:\Users\usuario\Desktop\Pizza-nostra\proyecto-pizzeria\system\CodeIgniter.php(509): CodeIgniter\CodeIgniter->runController()
#9 C:\Users\usuario\Desktop\Pizza-nostra\proyecto-pizzeria\system\CodeIgniter.php(355): CodeIgniter\CodeIgniter->handleRequest()
#10 C:\Users\usuario\Desktop\Pizza-nostra\proyecto-pizzeria\system\Boot.php(325): CodeIgniter\CodeIgniter->run()
#11 C:\Users\usuario\Desktop\Pizza-nostra\proyecto-pizzeria\system\Boot.php(67): CodeIgniter\Boot::runCodeIgniter()
#12 C:\Users\usuario\Desktop\Pizza-nostra\proyecto-pizzeria\public\index.php(56): CodeIgniter\Boot::bootWeb()
#13 C:\Users\usuario\Desktop\Pizza-nostra\proyecto-pizzeria\system\rewrite.php(44): require_once('...')
#14 {main}

Next CodeIgniter\Database\Exceptions\DatabaseException: No se puede establecer una conexión ya que el equipo de destino denegó expresamente dicha conexión in C:\Users\usuario\Desktop\Pizza-nostra\proyecto-pizzeria\system\Database\MySQLi\Connection.php:231
Stack trace:
#0 C:\Users\usuario\Desktop\Pizza-nostra\proyecto-pizzeria\system\Database\BaseConnection.php(421): CodeIgniter\Database\MySQLi\Connection->connect()
#1 C:\Users\usuario\Desktop\Pizza-nostra\proyecto-pizzeria\system\Database\BaseConnection.php(616): CodeIgniter\Database\BaseConnection->initialize()
#2 C:\Users\usuario\Desktop\Pizza-nostra\proyecto-pizzeria\system\Database\BaseBuilder.php(1644): CodeIgniter\Database\BaseConnection->query()
#3 C:\Users\usuario\Desktop\Pizza-nostra\proyecto-pizzeria\system\Model.php(330): CodeIgniter\Database\BaseBuilder->get()
#4 C:\Users\usuario\Desktop\Pizza-nostra\proyecto-pizzeria\system\BaseModel.php(714): CodeIgniter\Model->doFirst()
#5 C:\Users\usuario\Desktop\Pizza-nostra\proyecto-pizzeria\app\Controllers\Login.php(23): CodeIgniter\BaseModel->first()
#6 C:\Users\usuario\Desktop\Pizza-nostra\proyecto-pizzeria\system\CodeIgniter.php(933): App\Controllers\Login->authenticate()
#7 C:\Users\usuario\Desktop\Pizza-nostra\proyecto-pizzeria\system\CodeIgniter.php(509): CodeIgniter\CodeIgniter->runController()
#8 C:\Users\usuario\Desktop\Pizza-nostra\proyecto-pizzeria\system\CodeIgniter.php(355): CodeIgniter\CodeIgniter->handleRequest()
#9 C:\Users\usuario\Desktop\Pizza-nostra\proyecto-pizzeria\system\Boot.php(325): CodeIgniter\CodeIgniter->run()
#10 C:\Users\usuario\Desktop\Pizza-nostra\proyecto-pizzeria\system\Boot.php(67): CodeIgniter\Boot::runCodeIgniter()
#11 C:\Users\usuario\Desktop\Pizza-nostra\proyecto-pizzeria\public\index.php(56): CodeIgniter\Boot::bootWeb()
#12 C:\Users\usuario\Desktop\Pizza-nostra\proyecto-pizzeria\system\rewrite.php(44): require_once('...')
#13 {main}
CRITICAL - 2024-11-29 02:18:00 --> CodeIgniter\Database\Exceptions\DatabaseException: Unable to connect to the database.
Main connection [MySQLi]: No se puede establecer una conexión ya que el equipo de destino denegó expresamente dicha conexión
[Method: POST, Route: login/authenticate]
in SYSTEMPATH\Database\BaseConnection.php on line 467.
 1 SYSTEMPATH\Database\BaseConnection.php(616): CodeIgniter\Database\BaseConnection->initialize()
 2 SYSTEMPATH\Database\BaseBuilder.php(1644): CodeIgniter\Database\BaseConnection->query()
 3 SYSTEMPATH\Model.php(330): CodeIgniter\Database\BaseBuilder->get()
 4 SYSTEMPATH\BaseModel.php(714): CodeIgniter\Model->doFirst()
 5 APPPATH\Controllers\Login.php(23): CodeIgniter\BaseModel->first()
 6 SYSTEMPATH\CodeIgniter.php(933): App\Controllers\Login->authenticate()
 7 SYSTEMPATH\CodeIgniter.php(509): CodeIgniter\CodeIgniter->runController()
 8 SYSTEMPATH\CodeIgniter.php(355): CodeIgniter\CodeIgniter->handleRequest()
 9 SYSTEMPATH\Boot.php(325): CodeIgniter\CodeIgniter->run()
10 SYSTEMPATH\Boot.php(67): CodeIgniter\Boot::runCodeIgniter()
11 FCPATH\index.php(56): CodeIgniter\Boot::bootWeb()
12 SYSTEMPATH\rewrite.php(44): require_once('C:\\Users\\usuario\\Desktop\\Pizza-nostra\\proyecto-pizzeria\\public\\index.php')
ERROR - 2024-11-29 02:18:04 --> Error connecting to the database: mysqli_sql_exception: No se puede establecer una conexión ya que el equipo de destino denegó expresamente dicha conexión in C:\Users\usuario\Desktop\Pizza-nostra\proyecto-pizzeria\system\Database\MySQLi\Connection.php:186
Stack trace:
#0 C:\Users\usuario\Desktop\Pizza-nostra\proyecto-pizzeria\system\Database\MySQLi\Connection.php(186): mysqli->real_connect()
#1 C:\Users\usuario\Desktop\Pizza-nostra\proyecto-pizzeria\system\Database\BaseConnection.php(421): CodeIgniter\Database\MySQLi\Connection->connect()
#2 C:\Users\usuario\Desktop\Pizza-nostra\proyecto-pizzeria\system\Database\BaseConnection.php(616): CodeIgniter\Database\BaseConnection->initialize()
#3 C:\Users\usuario\Desktop\Pizza-nostra\proyecto-pizzeria\system\Database\BaseBuilder.php(1644): CodeIgniter\Database\BaseConnection->query()
#4 C:\Users\usuario\Desktop\Pizza-nostra\proyecto-pizzeria\system\Model.php(330): CodeIgniter\Database\BaseBuilder->get()
#5 C:\Users\usuario\Desktop\Pizza-nostra\proyecto-pizzeria\system\BaseModel.php(714): CodeIgniter\Model->doFirst()
#6 C:\Users\usuario\Desktop\Pizza-nostra\proyecto-pizzeria\app\Controllers\Login.php(23): CodeIgniter\BaseModel->first()
#7 C:\Users\usuario\Desktop\Pizza-nostra\proyecto-pizzeria\system\CodeIgniter.php(933): App\Controllers\Login->authenticate()
#8 C:\Users\usuario\Desktop\Pizza-nostra\proyecto-pizzeria\system\CodeIgniter.php(509): CodeIgniter\CodeIgniter->runController()
#9 C:\Users\usuario\Desktop\Pizza-nostra\proyecto-pizzeria\system\CodeIgniter.php(355): CodeIgniter\CodeIgniter->handleRequest()
#10 C:\Users\usuario\Desktop\Pizza-nostra\proyecto-pizzeria\system\Boot.php(325): CodeIgniter\CodeIgniter->run()
#11 C:\Users\usuario\Desktop\Pizza-nostra\proyecto-pizzeria\system\Boot.php(67): CodeIgniter\Boot::runCodeIgniter()
#12 C:\Users\usuario\Desktop\Pizza-nostra\proyecto-pizzeria\public\index.php(56): CodeIgniter\Boot::bootWeb()
#13 C:\Users\usuario\Desktop\Pizza-nostra\proyecto-pizzeria\system\rewrite.php(44): require_once('...')
#14 {main}

Next CodeIgniter\Database\Exceptions\DatabaseException: No se puede establecer una conexión ya que el equipo de destino denegó expresamente dicha conexión in C:\Users\usuario\Desktop\Pizza-nostra\proyecto-pizzeria\system\Database\MySQLi\Connection.php:231
Stack trace:
#0 C:\Users\usuario\Desktop\Pizza-nostra\proyecto-pizzeria\system\Database\BaseConnection.php(421): CodeIgniter\Database\MySQLi\Connection->connect()
#1 C:\Users\usuario\Desktop\Pizza-nostra\proyecto-pizzeria\system\Database\BaseConnection.php(616): CodeIgniter\Database\BaseConnection->initialize()
#2 C:\Users\usuario\Desktop\Pizza-nostra\proyecto-pizzeria\system\Database\BaseBuilder.php(1644): CodeIgniter\Database\BaseConnection->query()
#3 C:\Users\usuario\Desktop\Pizza-nostra\proyecto-pizzeria\system\Model.php(330): CodeIgniter\Database\BaseBuilder->get()
#4 C:\Users\usuario\Desktop\Pizza-nostra\proyecto-pizzeria\system\BaseModel.php(714): CodeIgniter\Model->doFirst()
#5 C:\Users\usuario\Desktop\Pizza-nostra\proyecto-pizzeria\app\Controllers\Login.php(23): CodeIgniter\BaseModel->first()
#6 C:\Users\usuario\Desktop\Pizza-nostra\proyecto-pizzeria\system\CodeIgniter.php(933): App\Controllers\Login->authenticate()
#7 C:\Users\usuario\Desktop\Pizza-nostra\proyecto-pizzeria\system\CodeIgniter.php(509): CodeIgniter\CodeIgniter->runController()
#8 C:\Users\usuario\Desktop\Pizza-nostra\proyecto-pizzeria\system\CodeIgniter.php(355): CodeIgniter\CodeIgniter->handleRequest()
#9 C:\Users\usuario\Desktop\Pizza-nostra\proyecto-pizzeria\system\Boot.php(325): CodeIgniter\CodeIgniter->run()
#10 C:\Users\usuario\Desktop\Pizza-nostra\proyecto-pizzeria\system\Boot.php(67): CodeIgniter\Boot::runCodeIgniter()
#11 C:\Users\usuario\Desktop\Pizza-nostra\proyecto-pizzeria\public\index.php(56): CodeIgniter\Boot::bootWeb()
#12 C:\Users\usuario\Desktop\Pizza-nostra\proyecto-pizzeria\system\rewrite.php(44): require_once('...')
#13 {main}
CRITICAL - 2024-11-29 02:18:04 --> CodeIgniter\Database\Exceptions\DatabaseException: Unable to connect to the database.
Main connection [MySQLi]: No se puede establecer una conexión ya que el equipo de destino denegó expresamente dicha conexión
[Method: POST, Route: login/authenticate]
in SYSTEMPATH\Database\BaseConnection.php on line 467.
 1 SYSTEMPATH\Database\BaseConnection.php(616): CodeIgniter\Database\BaseConnection->initialize()
 2 SYSTEMPATH\Database\BaseBuilder.php(1644): CodeIgniter\Database\BaseConnection->query()
 3 SYSTEMPATH\Model.php(330): CodeIgniter\Database\BaseBuilder->get()
 4 SYSTEMPATH\BaseModel.php(714): CodeIgniter\Model->doFirst()
 5 APPPATH\Controllers\Login.php(23): CodeIgniter\BaseModel->first()
 6 SYSTEMPATH\CodeIgniter.php(933): App\Controllers\Login->authenticate()
 7 SYSTEMPATH\CodeIgniter.php(509): CodeIgniter\CodeIgniter->runController()
 8 SYSTEMPATH\CodeIgniter.php(355): CodeIgniter\CodeIgniter->handleRequest()
 9 SYSTEMPATH\Boot.php(325): CodeIgniter\CodeIgniter->run()
10 SYSTEMPATH\Boot.php(67): CodeIgniter\Boot::runCodeIgniter()
11 FCPATH\index.php(56): CodeIgniter\Boot::bootWeb()
12 SYSTEMPATH\rewrite.php(44): require_once('C:\\Users\\usuario\\Desktop\\Pizza-nostra\\proyecto-pizzeria\\public\\index.php')
INFO - 2024-11-29 02:18:08 --> Session: Class initialized using 'CodeIgniter\Session\Handlers\FileHandler' driver.
INFO - 2024-11-29 02:18:08 --> Session: Class initialized using 'CodeIgniter\Session\Handlers\FileHandler' driver.
INFO - 2024-11-29 02:18:08 --> Session: Class initialized using 'CodeIgniter\Session\Handlers\FileHandler' driver.
INFO - 2024-11-29 02:18:08 --> Session: Class initialized using 'CodeIgniter\Session\Handlers\FileHandler' driver.
INFO - 2024-11-29 02:18:08 --> Session: Class initialized using 'CodeIgniter\Session\Handlers\FileHandler' driver.
INFO - 2024-11-29 02:18:08 --> Session: Class initialized using 'CodeIgniter\Session\Handlers\FileHandler' driver.
INFO - 2024-11-29 02:18:08 --> Session: Class initialized using 'CodeIgniter\Session\Handlers\FileHandler' driver.
INFO - 2024-11-29 02:18:08 --> Session: Class initialized using 'CodeIgniter\Session\Handlers\FileHandler' driver.
INFO - 2024-11-29 02:18:08 --> Session: Class initialized using 'CodeIgniter\Session\Handlers\FileHandler' driver.
INFO - 2024-11-29 02:18:08 --> Session: Class initialized using 'CodeIgniter\Session\Handlers\FileHandler' driver.
INFO - 2024-11-29 02:18:08 --> Session: Class initialized using 'CodeIgniter\Session\Handlers\FileHandler' driver.
INFO - 2024-11-29 02:18:08 --> Session: Class initialized using 'CodeIgniter\Session\Handlers\FileHandler' driver.
INFO - 2024-11-29 02:18:09 --> Session: Class initialized using 'CodeIgniter\Session\Handlers\FileHandler' driver.
INFO - 2024-11-29 02:18:09 --> Session: Class initialized using 'CodeIgniter\Session\Handlers\FileHandler' driver.
INFO - 2024-11-29 02:18:09 --> Session: Class initialized using 'CodeIgniter\Session\Handlers\FileHandler' driver.
INFO - 2024-11-29 02:18:09 --> Session: Class initialized using 'CodeIgniter\Session\Handlers\FileHandler' driver.
INFO - 2024-11-29 02:18:21 --> Session: Class initialized using 'CodeIgniter\Session\Handlers\FileHandler' driver.
INFO - 2024-11-29 02:18:21 --> Session: Class initialized using 'CodeIgniter\Session\Handlers\FileHandler' driver.
INFO - 2024-11-29 02:19:24 --> Session: Class initialized using 'CodeIgniter\Session\Handlers\FileHandler' driver.
INFO - 2024-11-29 02:19:24 --> Session: Class initialized using 'CodeIgniter\Session\Handlers\FileHandler' driver.
INFO - 2024-11-29 02:19:29 --> Session: Class initialized using 'CodeIgniter\Session\Handlers\FileHandler' driver.
INFO - 2024-11-29 02:21:21 --> Session: Class initialized using 'CodeIgniter\Session\Handlers\FileHandler' driver.
CRITICAL - 2024-11-29 02:21:21 --> ErrorException: Undefined variable $chefs
[Method: GET, Route: preparacionPedidos]
in APPPATH\Views\preparacionPedidos.php on line 391.
 1 APPPATH\Views\preparacionPedidos.php(391): CodeIgniter\Debug\Exceptions->errorHandler()
 2 SYSTEMPATH\View\View.php(234): include('C:\\Users\\usuario\\Desktop\\Pizza-nostra\\proyecto-pizzeria\\app\\Views\\preparacionPedidos.php')
 3 SYSTEMPATH\View\View.php(237): CodeIgniter\View\View->CodeIgniter\View\{closure}()
 4 SYSTEMPATH\Common.php(1171): CodeIgniter\View\View->render()
 5 APPPATH\Controllers\PreparacionPedidos.php(17): view()
 6 SYSTEMPATH\CodeIgniter.php(933): App\Controllers\PreparacionPedidos->listarPedidos()
 7 SYSTEMPATH\CodeIgniter.php(509): CodeIgniter\CodeIgniter->runController()
 8 SYSTEMPATH\CodeIgniter.php(355): CodeIgniter\CodeIgniter->handleRequest()
 9 SYSTEMPATH\Boot.php(325): CodeIgniter\CodeIgniter->run()
10 SYSTEMPATH\Boot.php(67): CodeIgniter\Boot::runCodeIgniter()
11 FCPATH\index.php(56): CodeIgniter\Boot::bootWeb()
12 SYSTEMPATH\rewrite.php(44): require_once('C:\\Users\\usuario\\Desktop\\Pizza-nostra\\proyecto-pizzeria\\public\\index.php')
INFO - 2024-11-29 02:21:22 --> Session: Class initialized using 'CodeIgniter\Session\Handlers\FileHandler' driver.
CRITICAL - 2024-11-29 02:21:22 --> ErrorException: Undefined variable $chefs
[Method: GET, Route: preparacionPedidos]
in APPPATH\Views\preparacionPedidos.php on line 391.
 1 APPPATH\Views\preparacionPedidos.php(391): CodeIgniter\Debug\Exceptions->errorHandler()
 2 SYSTEMPATH\View\View.php(234): include('C:\\Users\\usuario\\Desktop\\Pizza-nostra\\proyecto-pizzeria\\app\\Views\\preparacionPedidos.php')
 3 SYSTEMPATH\View\View.php(237): CodeIgniter\View\View->CodeIgniter\View\{closure}()
 4 SYSTEMPATH\Common.php(1171): CodeIgniter\View\View->render()
 5 APPPATH\Controllers\PreparacionPedidos.php(17): view()
 6 SYSTEMPATH\CodeIgniter.php(933): App\Controllers\PreparacionPedidos->listarPedidos()
 7 SYSTEMPATH\CodeIgniter.php(509): CodeIgniter\CodeIgniter->runController()
 8 SYSTEMPATH\CodeIgniter.php(355): CodeIgniter\CodeIgniter->handleRequest()
 9 SYSTEMPATH\Boot.php(325): CodeIgniter\CodeIgniter->run()
10 SYSTEMPATH\Boot.php(67): CodeIgniter\Boot::runCodeIgniter()
11 FCPATH\index.php(56): CodeIgniter\Boot::bootWeb()
12 SYSTEMPATH\rewrite.php(44): require_once('C:\\Users\\usuario\\Desktop\\Pizza-nostra\\proyecto-pizzeria\\public\\index.php')
INFO - 2024-11-29 02:21:22 --> Session: Class initialized using 'CodeIgniter\Session\Handlers\FileHandler' driver.
CRITICAL - 2024-11-29 02:21:22 --> ErrorException: Undefined variable $chefs
[Method: GET, Route: preparacionPedidos]
in APPPATH\Views\preparacionPedidos.php on line 391.
 1 APPPATH\Views\preparacionPedidos.php(391): CodeIgniter\Debug\Exceptions->errorHandler()
 2 SYSTEMPATH\View\View.php(234): include('C:\\Users\\usuario\\Desktop\\Pizza-nostra\\proyecto-pizzeria\\app\\Views\\preparacionPedidos.php')
 3 SYSTEMPATH\View\View.php(237): CodeIgniter\View\View->CodeIgniter\View\{closure}()
 4 SYSTEMPATH\Common.php(1171): CodeIgniter\View\View->render()
 5 APPPATH\Controllers\PreparacionPedidos.php(17): view()
 6 SYSTEMPATH\CodeIgniter.php(933): App\Controllers\PreparacionPedidos->listarPedidos()
 7 SYSTEMPATH\CodeIgniter.php(509): CodeIgniter\CodeIgniter->runController()
 8 SYSTEMPATH\CodeIgniter.php(355): CodeIgniter\CodeIgniter->handleRequest()
 9 SYSTEMPATH\Boot.php(325): CodeIgniter\CodeIgniter->run()
10 SYSTEMPATH\Boot.php(67): CodeIgniter\Boot::runCodeIgniter()
11 FCPATH\index.php(56): CodeIgniter\Boot::bootWeb()
12 SYSTEMPATH\rewrite.php(44): require_once('C:\\Users\\usuario\\Desktop\\Pizza-nostra\\proyecto-pizzeria\\public\\index.php')
INFO - 2024-11-29 02:21:22 --> Session: Class initialized using 'CodeIgniter\Session\Handlers\FileHandler' driver.
CRITICAL - 2024-11-29 02:21:22 --> ErrorException: Undefined variable $chefs
[Method: GET, Route: preparacionPedidos]
in APPPATH\Views\preparacionPedidos.php on line 391.
 1 APPPATH\Views\preparacionPedidos.php(391): CodeIgniter\Debug\Exceptions->errorHandler()
 2 SYSTEMPATH\View\View.php(234): include('C:\\Users\\usuario\\Desktop\\Pizza-nostra\\proyecto-pizzeria\\app\\Views\\preparacionPedidos.php')
 3 SYSTEMPATH\View\View.php(237): CodeIgniter\View\View->CodeIgniter\View\{closure}()
 4 SYSTEMPATH\Common.php(1171): CodeIgniter\View\View->render()
 5 APPPATH\Controllers\PreparacionPedidos.php(17): view()
 6 SYSTEMPATH\CodeIgniter.php(933): App\Controllers\PreparacionPedidos->listarPedidos()
 7 SYSTEMPATH\CodeIgniter.php(509): CodeIgniter\CodeIgniter->runController()
 8 SYSTEMPATH\CodeIgniter.php(355): CodeIgniter\CodeIgniter->handleRequest()
 9 SYSTEMPATH\Boot.php(325): CodeIgniter\CodeIgniter->run()
10 SYSTEMPATH\Boot.php(67): CodeIgniter\Boot::runCodeIgniter()
11 FCPATH\index.php(56): CodeIgniter\Boot::bootWeb()
12 SYSTEMPATH\rewrite.php(44): require_once('C:\\Users\\usuario\\Desktop\\Pizza-nostra\\proyecto-pizzeria\\public\\index.php')
INFO - 2024-11-29 02:21:56 --> Session: Class initialized using 'CodeIgniter\Session\Handlers\FileHandler' driver.
INFO - 2024-11-29 02:27:06 --> Session: Class initialized using 'CodeIgniter\Session\Handlers\FileHandler' driver.
CRITICAL - 2024-11-29 02:27:06 --> ErrorException: Undefined variable $chefs
[Method: GET, Route: preparacionPedidos]
in APPPATH\Views\preparacionPedidos.php on line 391.
 1 APPPATH\Views\preparacionPedidos.php(391): CodeIgniter\Debug\Exceptions->errorHandler()
 2 SYSTEMPATH\View\View.php(234): include('C:\\Users\\usuario\\Desktop\\Pizza-nostra\\proyecto-pizzeria\\app\\Views\\preparacionPedidos.php')
 3 SYSTEMPATH\View\View.php(237): CodeIgniter\View\View->CodeIgniter\View\{closure}()
 4 SYSTEMPATH\Common.php(1171): CodeIgniter\View\View->render()
 5 APPPATH\Controllers\PreparacionPedidos.php(18): view()
 6 SYSTEMPATH\CodeIgniter.php(933): App\Controllers\PreparacionPedidos->listarPedidos()
 7 SYSTEMPATH\CodeIgniter.php(509): CodeIgniter\CodeIgniter->runController()
 8 SYSTEMPATH\CodeIgniter.php(355): CodeIgniter\CodeIgniter->handleRequest()
 9 SYSTEMPATH\Boot.php(325): CodeIgniter\CodeIgniter->run()
10 SYSTEMPATH\Boot.php(67): CodeIgniter\Boot::runCodeIgniter()
11 FCPATH\index.php(56): CodeIgniter\Boot::bootWeb()
12 SYSTEMPATH\rewrite.php(44): require_once('C:\\Users\\usuario\\Desktop\\Pizza-nostra\\proyecto-pizzeria\\public\\index.php')
INFO - 2024-11-29 02:29:18 --> Session: Class initialized using 'CodeIgniter\Session\Handlers\FileHandler' driver.
CRITICAL - 2024-11-29 02:29:18 --> ErrorException: Undefined variable $chefs
[Method: GET, Route: preparacionPedidos]
in APPPATH\Views\preparacionPedidos.php on line 391.
 1 APPPATH\Views\preparacionPedidos.php(391): CodeIgniter\Debug\Exceptions->errorHandler()
 2 SYSTEMPATH\View\View.php(234): include('C:\\Users\\usuario\\Desktop\\Pizza-nostra\\proyecto-pizzeria\\app\\Views\\preparacionPedidos.php')
 3 SYSTEMPATH\View\View.php(237): CodeIgniter\View\View->CodeIgniter\View\{closure}()
 4 SYSTEMPATH\Common.php(1171): CodeIgniter\View\View->render()
 5 APPPATH\Controllers\PreparacionPedidos.php(15): view()
 6 SYSTEMPATH\CodeIgniter.php(933): App\Controllers\PreparacionPedidos->listarPedidos()
 7 SYSTEMPATH\CodeIgniter.php(509): CodeIgniter\CodeIgniter->runController()
 8 SYSTEMPATH\CodeIgniter.php(355): CodeIgniter\CodeIgniter->handleRequest()
 9 SYSTEMPATH\Boot.php(325): CodeIgniter\CodeIgniter->run()
10 SYSTEMPATH\Boot.php(67): CodeIgniter\Boot::runCodeIgniter()
11 FCPATH\index.php(56): CodeIgniter\Boot::bootWeb()
12 SYSTEMPATH\rewrite.php(44): require_once('C:\\Users\\usuario\\Desktop\\Pizza-nostra\\proyecto-pizzeria\\public\\index.php')
INFO - 2024-11-29 02:29:18 --> Session: Class initialized using 'CodeIgniter\Session\Handlers\FileHandler' driver.
CRITICAL - 2024-11-29 02:29:18 --> ErrorException: Undefined variable $chefs
[Method: GET, Route: preparacionPedidos]
in APPPATH\Views\preparacionPedidos.php on line 391.
 1 APPPATH\Views\preparacionPedidos.php(391): CodeIgniter\Debug\Exceptions->errorHandler()
 2 SYSTEMPATH\View\View.php(234): include('C:\\Users\\usuario\\Desktop\\Pizza-nostra\\proyecto-pizzeria\\app\\Views\\preparacionPedidos.php')
 3 SYSTEMPATH\View\View.php(237): CodeIgniter\View\View->CodeIgniter\View\{closure}()
 4 SYSTEMPATH\Common.php(1171): CodeIgniter\View\View->render()
 5 APPPATH\Controllers\PreparacionPedidos.php(15): view()
 6 SYSTEMPATH\CodeIgniter.php(933): App\Controllers\PreparacionPedidos->listarPedidos()
 7 SYSTEMPATH\CodeIgniter.php(509): CodeIgniter\CodeIgniter->runController()
 8 SYSTEMPATH\CodeIgniter.php(355): CodeIgniter\CodeIgniter->handleRequest()
 9 SYSTEMPATH\Boot.php(325): CodeIgniter\CodeIgniter->run()
10 SYSTEMPATH\Boot.php(67): CodeIgniter\Boot::runCodeIgniter()
11 FCPATH\index.php(56): CodeIgniter\Boot::bootWeb()
12 SYSTEMPATH\rewrite.php(44): require_once('C:\\Users\\usuario\\Desktop\\Pizza-nostra\\proyecto-pizzeria\\public\\index.php')
INFO - 2024-11-29 02:29:18 --> Session: Class initialized using 'CodeIgniter\Session\Handlers\FileHandler' driver.
CRITICAL - 2024-11-29 02:29:18 --> ErrorException: Undefined variable $chefs
[Method: GET, Route: preparacionPedidos]
in APPPATH\Views\preparacionPedidos.php on line 391.
 1 APPPATH\Views\preparacionPedidos.php(391): CodeIgniter\Debug\Exceptions->errorHandler()
 2 SYSTEMPATH\View\View.php(234): include('C:\\Users\\usuario\\Desktop\\Pizza-nostra\\proyecto-pizzeria\\app\\Views\\preparacionPedidos.php')
 3 SYSTEMPATH\View\View.php(237): CodeIgniter\View\View->CodeIgniter\View\{closure}()
 4 SYSTEMPATH\Common.php(1171): CodeIgniter\View\View->render()
 5 APPPATH\Controllers\PreparacionPedidos.php(15): view()
 6 SYSTEMPATH\CodeIgniter.php(933): App\Controllers\PreparacionPedidos->listarPedidos()
 7 SYSTEMPATH\CodeIgniter.php(509): CodeIgniter\CodeIgniter->runController()
 8 SYSTEMPATH\CodeIgniter.php(355): CodeIgniter\CodeIgniter->handleRequest()
 9 SYSTEMPATH\Boot.php(325): CodeIgniter\CodeIgniter->run()
10 SYSTEMPATH\Boot.php(67): CodeIgniter\Boot::runCodeIgniter()
11 FCPATH\index.php(56): CodeIgniter\Boot::bootWeb()
12 SYSTEMPATH\rewrite.php(44): require_once('C:\\Users\\usuario\\Desktop\\Pizza-nostra\\proyecto-pizzeria\\public\\index.php')
INFO - 2024-11-29 02:29:19 --> Session: Class initialized using 'CodeIgniter\Session\Handlers\FileHandler' driver.
CRITICAL - 2024-11-29 02:29:19 --> ErrorException: Undefined variable $chefs
[Method: GET, Route: preparacionPedidos]
in APPPATH\Views\preparacionPedidos.php on line 391.
 1 APPPATH\Views\preparacionPedidos.php(391): CodeIgniter\Debug\Exceptions->errorHandler()
 2 SYSTEMPATH\View\View.php(234): include('C:\\Users\\usuario\\Desktop\\Pizza-nostra\\proyecto-pizzeria\\app\\Views\\preparacionPedidos.php')
 3 SYSTEMPATH\View\View.php(237): CodeIgniter\View\View->CodeIgniter\View\{closure}()
 4 SYSTEMPATH\Common.php(1171): CodeIgniter\View\View->render()
 5 APPPATH\Controllers\PreparacionPedidos.php(15): view()
 6 SYSTEMPATH\CodeIgniter.php(933): App\Controllers\PreparacionPedidos->listarPedidos()
 7 SYSTEMPATH\CodeIgniter.php(509): CodeIgniter\CodeIgniter->runController()
 8 SYSTEMPATH\CodeIgniter.php(355): CodeIgniter\CodeIgniter->handleRequest()
 9 SYSTEMPATH\Boot.php(325): CodeIgniter\CodeIgniter->run()
10 SYSTEMPATH\Boot.php(67): CodeIgniter\Boot::runCodeIgniter()
11 FCPATH\index.php(56): CodeIgniter\Boot::bootWeb()
12 SYSTEMPATH\rewrite.php(44): require_once('C:\\Users\\usuario\\Desktop\\Pizza-nostra\\proyecto-pizzeria\\public\\index.php')
INFO - 2024-11-29 02:29:19 --> Session: Class initialized using 'CodeIgniter\Session\Handlers\FileHandler' driver.
CRITICAL - 2024-11-29 02:29:19 --> ErrorException: Undefined variable $chefs
[Method: GET, Route: preparacionPedidos]
in APPPATH\Views\preparacionPedidos.php on line 391.
 1 APPPATH\Views\preparacionPedidos.php(391): CodeIgniter\Debug\Exceptions->errorHandler()
 2 SYSTEMPATH\View\View.php(234): include('C:\\Users\\usuario\\Desktop\\Pizza-nostra\\proyecto-pizzeria\\app\\Views\\preparacionPedidos.php')
 3 SYSTEMPATH\View\View.php(237): CodeIgniter\View\View->CodeIgniter\View\{closure}()
 4 SYSTEMPATH\Common.php(1171): CodeIgniter\View\View->render()
 5 APPPATH\Controllers\PreparacionPedidos.php(15): view()
 6 SYSTEMPATH\CodeIgniter.php(933): App\Controllers\PreparacionPedidos->listarPedidos()
 7 SYSTEMPATH\CodeIgniter.php(509): CodeIgniter\CodeIgniter->runController()
 8 SYSTEMPATH\CodeIgniter.php(355): CodeIgniter\CodeIgniter->handleRequest()
 9 SYSTEMPATH\Boot.php(325): CodeIgniter\CodeIgniter->run()
10 SYSTEMPATH\Boot.php(67): CodeIgniter\Boot::runCodeIgniter()
11 FCPATH\index.php(56): CodeIgniter\Boot::bootWeb()
12 SYSTEMPATH\rewrite.php(44): require_once('C:\\Users\\usuario\\Desktop\\Pizza-nostra\\proyecto-pizzeria\\public\\index.php')
INFO - 2024-11-29 02:29:19 --> Session: Class initialized using 'CodeIgniter\Session\Handlers\FileHandler' driver.
CRITICAL - 2024-11-29 02:29:19 --> ErrorException: Undefined variable $chefs
[Method: GET, Route: preparacionPedidos]
in APPPATH\Views\preparacionPedidos.php on line 391.
 1 APPPATH\Views\preparacionPedidos.php(391): CodeIgniter\Debug\Exceptions->errorHandler()
 2 SYSTEMPATH\View\View.php(234): include('C:\\Users\\usuario\\Desktop\\Pizza-nostra\\proyecto-pizzeria\\app\\Views\\preparacionPedidos.php')
 3 SYSTEMPATH\View\View.php(237): CodeIgniter\View\View->CodeIgniter\View\{closure}()
 4 SYSTEMPATH\Common.php(1171): CodeIgniter\View\View->render()
 5 APPPATH\Controllers\PreparacionPedidos.php(15): view()
 6 SYSTEMPATH\CodeIgniter.php(933): App\Controllers\PreparacionPedidos->listarPedidos()
 7 SYSTEMPATH\CodeIgniter.php(509): CodeIgniter\CodeIgniter->runController()
 8 SYSTEMPATH\CodeIgniter.php(355): CodeIgniter\CodeIgniter->handleRequest()
 9 SYSTEMPATH\Boot.php(325): CodeIgniter\CodeIgniter->run()
10 SYSTEMPATH\Boot.php(67): CodeIgniter\Boot::runCodeIgniter()
11 FCPATH\index.php(56): CodeIgniter\Boot::bootWeb()
12 SYSTEMPATH\rewrite.php(44): require_once('C:\\Users\\usuario\\Desktop\\Pizza-nostra\\proyecto-pizzeria\\public\\index.php')
INFO - 2024-11-29 02:29:19 --> Session: Class initialized using 'CodeIgniter\Session\Handlers\FileHandler' driver.
CRITICAL - 2024-11-29 02:29:19 --> ErrorException: Undefined variable $chefs
[Method: GET, Route: preparacionPedidos]
in APPPATH\Views\preparacionPedidos.php on line 391.
 1 APPPATH\Views\preparacionPedidos.php(391): CodeIgniter\Debug\Exceptions->errorHandler()
 2 SYSTEMPATH\View\View.php(234): include('C:\\Users\\usuario\\Desktop\\Pizza-nostra\\proyecto-pizzeria\\app\\Views\\preparacionPedidos.php')
 3 SYSTEMPATH\View\View.php(237): CodeIgniter\View\View->CodeIgniter\View\{closure}()
 4 SYSTEMPATH\Common.php(1171): CodeIgniter\View\View->render()
 5 APPPATH\Controllers\PreparacionPedidos.php(15): view()
 6 SYSTEMPATH\CodeIgniter.php(933): App\Controllers\PreparacionPedidos->listarPedidos()
 7 SYSTEMPATH\CodeIgniter.php(509): CodeIgniter\CodeIgniter->runController()
 8 SYSTEMPATH\CodeIgniter.php(355): CodeIgniter\CodeIgniter->handleRequest()
 9 SYSTEMPATH\Boot.php(325): CodeIgniter\CodeIgniter->run()
10 SYSTEMPATH\Boot.php(67): CodeIgniter\Boot::runCodeIgniter()
11 FCPATH\index.php(56): CodeIgniter\Boot::bootWeb()
12 SYSTEMPATH\rewrite.php(44): require_once('C:\\Users\\usuario\\Desktop\\Pizza-nostra\\proyecto-pizzeria\\public\\index.php')
INFO - 2024-11-29 02:29:40 --> Session: Class initialized using 'CodeIgniter\Session\Handlers\FileHandler' driver.
INFO - 2024-11-29 02:29:41 --> Session: Class initialized using 'CodeIgniter\Session\Handlers\FileHandler' driver.
INFO - 2024-11-29 02:32:15 --> Session: Class initialized using 'CodeIgniter\Session\Handlers\FileHandler' driver.
INFO - 2024-11-29 02:32:16 --> Session: Class initialized using 'CodeIgniter\Session\Handlers\FileHandler' driver.
INFO - 2024-11-29 02:38:25 --> Session: Class initialized using 'CodeIgniter\Session\Handlers\FileHandler' driver.
INFO - 2024-11-29 02:38:25 --> Session: Class initialized using 'CodeIgniter\Session\Handlers\FileHandler' driver.
INFO - 2024-11-29 02:38:32 --> Session: Class initialized using 'CodeIgniter\Session\Handlers\FileHandler' driver.
INFO - 2024-11-29 02:38:32 --> Session: Class initialized using 'CodeIgniter\Session\Handlers\FileHandler' driver.
INFO - 2024-11-29 02:39:34 --> Session: Class initialized using 'CodeIgniter\Session\Handlers\FileHandler' driver.
INFO - 2024-11-29 02:39:34 --> Session: Class initialized using 'CodeIgniter\Session\Handlers\FileHandler' driver.
INFO - 2024-11-29 02:39:57 --> Session: Class initialized using 'CodeIgniter\Session\Handlers\FileHandler' driver.
INFO - 2024-11-29 02:39:57 --> Session: Class initialized using 'CodeIgniter\Session\Handlers\FileHandler' driver.
INFO - 2024-11-29 02:39:59 --> Session: Class initialized using 'CodeIgniter\Session\Handlers\FileHandler' driver.
INFO - 2024-11-29 03:08:27 --> Session: Class initialized using 'CodeIgniter\Session\Handlers\FileHandler' driver.
INFO - 2024-11-29 03:08:27 --> Session: Class initialized using 'CodeIgniter\Session\Handlers\FileHandler' driver.
INFO - 2024-11-29 03:08:29 --> Session: Class initialized using 'CodeIgniter\Session\Handlers\FileHandler' driver.
INFO - 2024-11-29 03:08:41 --> Session: Class initialized using 'CodeIgniter\Session\Handlers\FileHandler' driver.
INFO - 2024-11-29 03:08:41 --> Session: Class initialized using 'CodeIgniter\Session\Handlers\FileHandler' driver.
INFO - 2024-11-29 03:08:43 --> Session: Class initialized using 'CodeIgniter\Session\Handlers\FileHandler' driver.
INFO - 2024-11-29 03:16:17 --> Session: Class initialized using 'CodeIgniter\Session\Handlers\FileHandler' driver.
INFO - 2024-11-29 03:31:16 --> Session: Class initialized using 'CodeIgniter\Session\Handlers\FileHandler' driver.
INFO - 2024-11-29 03:32:33 --> Session: Class initialized using 'CodeIgniter\Session\Handlers\FileHandler' driver.
INFO - 2024-11-29 03:32:36 --> Session: Class initialized using 'CodeIgniter\Session\Handlers\FileHandler' driver.
INFO - 2024-11-29 03:32:36 --> Session: Class initialized using 'CodeIgniter\Session\Handlers\FileHandler' driver.
INFO - 2024-11-29 03:33:02 --> Session: Class initialized using 'CodeIgniter\Session\Handlers\FileHandler' driver.
INFO - 2024-11-29 03:33:02 --> Session: Class initialized using 'CodeIgniter\Session\Handlers\FileHandler' driver.
INFO - 2024-11-29 03:33:07 --> Session: Class initialized using 'CodeIgniter\Session\Handlers\FileHandler' driver.
INFO - 2024-11-29 03:33:36 --> Session: Class initialized using 'CodeIgniter\Session\Handlers\FileHandler' driver.
INFO - 2024-11-29 03:34:49 --> Session: Class initialized using 'CodeIgniter\Session\Handlers\FileHandler' driver.
INFO - 2024-11-29 03:34:50 --> Session: Class initialized using 'CodeIgniter\Session\Handlers\FileHandler' driver.
INFO - 2024-11-29 03:34:50 --> Session: Class initialized using 'CodeIgniter\Session\Handlers\FileHandler' driver.
INFO - 2024-11-29 03:34:50 --> Session: Class initialized using 'CodeIgniter\Session\Handlers\FileHandler' driver.
INFO - 2024-11-29 03:34:50 --> Session: Class initialized using 'CodeIgniter\Session\Handlers\FileHandler' driver.
INFO - 2024-11-29 03:34:50 --> Session: Class initialized using 'CodeIgniter\Session\Handlers\FileHandler' driver.
INFO - 2024-11-29 03:34:50 --> Session: Class initialized using 'CodeIgniter\Session\Handlers\FileHandler' driver.
INFO - 2024-11-29 03:34:51 --> Session: Class initialized using 'CodeIgniter\Session\Handlers\FileHandler' driver.
INFO - 2024-11-29 03:35:12 --> Session: Class initialized using 'CodeIgniter\Session\Handlers\FileHandler' driver.
INFO - 2024-11-29 03:35:12 --> Session: Class initialized using 'CodeIgniter\Session\Handlers\FileHandler' driver.
INFO - 2024-11-29 03:35:13 --> Session: Class initialized using 'CodeIgniter\Session\Handlers\FileHandler' driver.
INFO - 2024-11-29 03:35:13 --> Session: Class initialized using 'CodeIgniter\Session\Handlers\FileHandler' driver.
INFO - 2024-11-29 03:35:24 --> Session: Class initialized using 'CodeIgniter\Session\Handlers\FileHandler' driver.
INFO - 2024-11-29 03:35:24 --> Session: Class initialized using 'CodeIgniter\Session\Handlers\FileHandler' driver.
INFO - 2024-11-29 03:35:24 --> Session: Class initialized using 'CodeIgniter\Session\Handlers\FileHandler' driver.
INFO - 2024-11-29 03:35:25 --> Session: Class initialized using 'CodeIgniter\Session\Handlers\FileHandler' driver.
INFO - 2024-11-29 03:35:25 --> Session: Class initialized using 'CodeIgniter\Session\Handlers\FileHandler' driver.
INFO - 2024-11-29 03:35:26 --> Session: Class initialized using 'CodeIgniter\Session\Handlers\FileHandler' driver.
INFO - 2024-11-29 03:35:38 --> Session: Class initialized using 'CodeIgniter\Session\Handlers\FileHandler' driver.
INFO - 2024-11-29 03:35:40 --> Session: Class initialized using 'CodeIgniter\Session\Handlers\FileHandler' driver.
INFO - 2024-11-29 03:36:06 --> Session: Class initialized using 'CodeIgniter\Session\Handlers\FileHandler' driver.
INFO - 2024-11-29 03:36:07 --> Session: Class initialized using 'CodeIgniter\Session\Handlers\FileHandler' driver.
INFO - 2024-11-29 03:36:07 --> Session: Class initialized using 'CodeIgniter\Session\Handlers\FileHandler' driver.
INFO - 2024-11-29 03:43:21 --> Session: Class initialized using 'CodeIgniter\Session\Handlers\FileHandler' driver.
CRITICAL - 2024-11-29 03:43:21 --> ArgumentCountError: Too few arguments to function App\Controllers\EntregaPedidos::listarPedidos(), 0 passed in C:\Users\usuario\Desktop\Pizza-nostra\proyecto-pizzeria\system\CodeIgniter.php on line 933 and exactly 1 expected
[Method: GET, Route: entregarPedidos]
in APPPATH\Controllers\EntregaPedidos.php on line 10.
 1 SYSTEMPATH\CodeIgniter.php(933): App\Controllers\EntregaPedidos->listarPedidos()
 2 SYSTEMPATH\CodeIgniter.php(509): CodeIgniter\CodeIgniter->runController()
 3 SYSTEMPATH\CodeIgniter.php(355): CodeIgniter\CodeIgniter->handleRequest()
 4 SYSTEMPATH\Boot.php(325): CodeIgniter\CodeIgniter->run()
 5 SYSTEMPATH\Boot.php(67): CodeIgniter\Boot::runCodeIgniter()
 6 FCPATH\index.php(56): CodeIgniter\Boot::bootWeb()
 7 SYSTEMPATH\rewrite.php(44): require_once('C:\\Users\\usuario\\Desktop\\Pizza-nostra\\proyecto-pizzeria\\public\\index.php')
INFO - 2024-11-29 03:43:22 --> Session: Class initialized using 'CodeIgniter\Session\Handlers\FileHandler' driver.
CRITICAL - 2024-11-29 03:43:22 --> ArgumentCountError: Too few arguments to function App\Controllers\EntregaPedidos::listarPedidos(), 0 passed in C:\Users\usuario\Desktop\Pizza-nostra\proyecto-pizzeria\system\CodeIgniter.php on line 933 and exactly 1 expected
[Method: GET, Route: entregarPedidos]
in APPPATH\Controllers\EntregaPedidos.php on line 10.
 1 SYSTEMPATH\CodeIgniter.php(933): App\Controllers\EntregaPedidos->listarPedidos()
 2 SYSTEMPATH\CodeIgniter.php(509): CodeIgniter\CodeIgniter->runController()
 3 SYSTEMPATH\CodeIgniter.php(355): CodeIgniter\CodeIgniter->handleRequest()
 4 SYSTEMPATH\Boot.php(325): CodeIgniter\CodeIgniter->run()
 5 SYSTEMPATH\Boot.php(67): CodeIgniter\Boot::runCodeIgniter()
 6 FCPATH\index.php(56): CodeIgniter\Boot::bootWeb()
 7 SYSTEMPATH\rewrite.php(44): require_once('C:\\Users\\usuario\\Desktop\\Pizza-nostra\\proyecto-pizzeria\\public\\index.php')
INFO - 2024-11-29 03:43:22 --> Session: Class initialized using 'CodeIgniter\Session\Handlers\FileHandler' driver.
CRITICAL - 2024-11-29 03:43:22 --> ArgumentCountError: Too few arguments to function App\Controllers\EntregaPedidos::listarPedidos(), 0 passed in C:\Users\usuario\Desktop\Pizza-nostra\proyecto-pizzeria\system\CodeIgniter.php on line 933 and exactly 1 expected
[Method: GET, Route: entregarPedidos]
in APPPATH\Controllers\EntregaPedidos.php on line 10.
 1 SYSTEMPATH\CodeIgniter.php(933): App\Controllers\EntregaPedidos->listarPedidos()
 2 SYSTEMPATH\CodeIgniter.php(509): CodeIgniter\CodeIgniter->runController()
 3 SYSTEMPATH\CodeIgniter.php(355): CodeIgniter\CodeIgniter->handleRequest()
 4 SYSTEMPATH\Boot.php(325): CodeIgniter\CodeIgniter->run()
 5 SYSTEMPATH\Boot.php(67): CodeIgniter\Boot::runCodeIgniter()
 6 FCPATH\index.php(56): CodeIgniter\Boot::bootWeb()
 7 SYSTEMPATH\rewrite.php(44): require_once('C:\\Users\\usuario\\Desktop\\Pizza-nostra\\proyecto-pizzeria\\public\\index.php')
INFO - 2024-11-29 16:42:08 --> Session: Class initialized using 'CodeIgniter\Session\Handlers\FileHandler' driver.
INFO - 2024-11-29 16:42:08 --> Session: Class initialized using 'CodeIgniter\Session\Handlers\FileHandler' driver.
INFO - 2024-11-29 16:43:11 --> Session: Class initialized using 'CodeIgniter\Session\Handlers\FileHandler' driver.
INFO - 2024-11-29 16:43:11 --> Session: Class initialized using 'CodeIgniter\Session\Handlers\FileHandler' driver.
INFO - 2024-11-29 16:43:15 --> Session: Class initialized using 'CodeIgniter\Session\Handlers\FileHandler' driver.
CRITICAL - 2024-11-29 16:43:15 --> ArgumentCountError: Too few arguments to function App\Controllers\EntregaPedidos::listarPedidos(), 0 passed in C:\Users\usuario\Desktop\Pizza-nostra\proyecto-pizzeria\system\CodeIgniter.php on line 933 and exactly 1 expected
[Method: GET, Route: entregarPedidos]
in APPPATH\Controllers\EntregaPedidos.php on line 10.
 1 SYSTEMPATH\CodeIgniter.php(933): App\Controllers\EntregaPedidos->listarPedidos()
 2 SYSTEMPATH\CodeIgniter.php(509): CodeIgniter\CodeIgniter->runController()
 3 SYSTEMPATH\CodeIgniter.php(355): CodeIgniter\CodeIgniter->handleRequest()
 4 SYSTEMPATH\Boot.php(325): CodeIgniter\CodeIgniter->run()
 5 SYSTEMPATH\Boot.php(67): CodeIgniter\Boot::runCodeIgniter()
 6 FCPATH\index.php(56): CodeIgniter\Boot::bootWeb()
 7 SYSTEMPATH\rewrite.php(44): require_once('C:\\Users\\usuario\\Desktop\\Pizza-nostra\\proyecto-pizzeria\\public\\index.php')
INFO - 2024-11-29 16:49:03 --> Session: Class initialized using 'CodeIgniter\Session\Handlers\FileHandler' driver.
CRITICAL - 2024-11-29 16:49:03 --> ArgumentCountError: Too few arguments to function App\Controllers\EntregaPedidos::listarPedidos(), 0 passed in C:\Users\usuario\Desktop\Pizza-nostra\proyecto-pizzeria\system\CodeIgniter.php on line 933 and exactly 1 expected
[Method: GET, Route: entregarPedidos]
in APPPATH\Controllers\EntregaPedidos.php on line 10.
 1 SYSTEMPATH\CodeIgniter.php(933): App\Controllers\EntregaPedidos->listarPedidos()
 2 SYSTEMPATH\CodeIgniter.php(509): CodeIgniter\CodeIgniter->runController()
 3 SYSTEMPATH\CodeIgniter.php(355): CodeIgniter\CodeIgniter->handleRequest()
 4 SYSTEMPATH\Boot.php(325): CodeIgniter\CodeIgniter->run()
 5 SYSTEMPATH\Boot.php(67): CodeIgniter\Boot::runCodeIgniter()
 6 FCPATH\index.php(56): CodeIgniter\Boot::bootWeb()
 7 SYSTEMPATH\rewrite.php(44): require_once('C:\\Users\\usuario\\Desktop\\Pizza-nostra\\proyecto-pizzeria\\public\\index.php')
INFO - 2024-11-29 16:49:04 --> Session: Class initialized using 'CodeIgniter\Session\Handlers\FileHandler' driver.
CRITICAL - 2024-11-29 16:49:04 --> ArgumentCountError: Too few arguments to function App\Controllers\EntregaPedidos::listarPedidos(), 0 passed in C:\Users\usuario\Desktop\Pizza-nostra\proyecto-pizzeria\system\CodeIgniter.php on line 933 and exactly 1 expected
[Method: GET, Route: entregarPedidos]
in APPPATH\Controllers\EntregaPedidos.php on line 10.
 1 SYSTEMPATH\CodeIgniter.php(933): App\Controllers\EntregaPedidos->listarPedidos()
 2 SYSTEMPATH\CodeIgniter.php(509): CodeIgniter\CodeIgniter->runController()
 3 SYSTEMPATH\CodeIgniter.php(355): CodeIgniter\CodeIgniter->handleRequest()
 4 SYSTEMPATH\Boot.php(325): CodeIgniter\CodeIgniter->run()
 5 SYSTEMPATH\Boot.php(67): CodeIgniter\Boot::runCodeIgniter()
 6 FCPATH\index.php(56): CodeIgniter\Boot::bootWeb()
 7 SYSTEMPATH\rewrite.php(44): require_once('C:\\Users\\usuario\\Desktop\\Pizza-nostra\\proyecto-pizzeria\\public\\index.php')
INFO - 2024-11-29 16:49:04 --> Session: Class initialized using 'CodeIgniter\Session\Handlers\FileHandler' driver.
CRITICAL - 2024-11-29 16:49:04 --> ArgumentCountError: Too few arguments to function App\Controllers\EntregaPedidos::listarPedidos(), 0 passed in C:\Users\usuario\Desktop\Pizza-nostra\proyecto-pizzeria\system\CodeIgniter.php on line 933 and exactly 1 expected
[Method: GET, Route: entregarPedidos]
in APPPATH\Controllers\EntregaPedidos.php on line 10.
 1 SYSTEMPATH\CodeIgniter.php(933): App\Controllers\EntregaPedidos->listarPedidos()
 2 SYSTEMPATH\CodeIgniter.php(509): CodeIgniter\CodeIgniter->runController()
 3 SYSTEMPATH\CodeIgniter.php(355): CodeIgniter\CodeIgniter->handleRequest()
 4 SYSTEMPATH\Boot.php(325): CodeIgniter\CodeIgniter->run()
 5 SYSTEMPATH\Boot.php(67): CodeIgniter\Boot::runCodeIgniter()
 6 FCPATH\index.php(56): CodeIgniter\Boot::bootWeb()
 7 SYSTEMPATH\rewrite.php(44): require_once('C:\\Users\\usuario\\Desktop\\Pizza-nostra\\proyecto-pizzeria\\public\\index.php')
INFO - 2024-11-29 16:54:04 --> Session: Class initialized using 'CodeIgniter\Session\Handlers\FileHandler' driver.
CRITICAL - 2024-11-29 16:54:04 --> ArgumentCountError: Too few arguments to function App\Controllers\EntregaPedidos::listarPedidos(), 0 passed in C:\Users\usuario\Desktop\Pizza-nostra\proyecto-pizzeria\system\CodeIgniter.php on line 933 and exactly 1 expected
[Method: GET, Route: entregarPedidos]
in APPPATH\Controllers\EntregaPedidos.php on line 10.
 1 SYSTEMPATH\CodeIgniter.php(933): App\Controllers\EntregaPedidos->listarPedidos()
 2 SYSTEMPATH\CodeIgniter.php(509): CodeIgniter\CodeIgniter->runController()
 3 SYSTEMPATH\CodeIgniter.php(355): CodeIgniter\CodeIgniter->handleRequest()
 4 SYSTEMPATH\Boot.php(325): CodeIgniter\CodeIgniter->run()
 5 SYSTEMPATH\Boot.php(67): CodeIgniter\Boot::runCodeIgniter()
 6 FCPATH\index.php(56): CodeIgniter\Boot::bootWeb()
 7 SYSTEMPATH\rewrite.php(44): require_once('C:\\Users\\usuario\\Desktop\\Pizza-nostra\\proyecto-pizzeria\\public\\index.php')
INFO - 2024-11-29 16:54:05 --> Session: Class initialized using 'CodeIgniter\Session\Handlers\FileHandler' driver.
CRITICAL - 2024-11-29 16:54:05 --> ArgumentCountError: Too few arguments to function App\Controllers\EntregaPedidos::listarPedidos(), 0 passed in C:\Users\usuario\Desktop\Pizza-nostra\proyecto-pizzeria\system\CodeIgniter.php on line 933 and exactly 1 expected
[Method: GET, Route: entregarPedidos]
in APPPATH\Controllers\EntregaPedidos.php on line 10.
 1 SYSTEMPATH\CodeIgniter.php(933): App\Controllers\EntregaPedidos->listarPedidos()
 2 SYSTEMPATH\CodeIgniter.php(509): CodeIgniter\CodeIgniter->runController()
 3 SYSTEMPATH\CodeIgniter.php(355): CodeIgniter\CodeIgniter->handleRequest()
 4 SYSTEMPATH\Boot.php(325): CodeIgniter\CodeIgniter->run()
 5 SYSTEMPATH\Boot.php(67): CodeIgniter\Boot::runCodeIgniter()
 6 FCPATH\index.php(56): CodeIgniter\Boot::bootWeb()
 7 SYSTEMPATH\rewrite.php(44): require_once('C:\\Users\\usuario\\Desktop\\Pizza-nostra\\proyecto-pizzeria\\public\\index.php')
INFO - 2024-11-29 16:54:05 --> Session: Class initialized using 'CodeIgniter\Session\Handlers\FileHandler' driver.
CRITICAL - 2024-11-29 16:54:05 --> ArgumentCountError: Too few arguments to function App\Controllers\EntregaPedidos::listarPedidos(), 0 passed in C:\Users\usuario\Desktop\Pizza-nostra\proyecto-pizzeria\system\CodeIgniter.php on line 933 and exactly 1 expected
[Method: GET, Route: entregarPedidos]
in APPPATH\Controllers\EntregaPedidos.php on line 10.
 1 SYSTEMPATH\CodeIgniter.php(933): App\Controllers\EntregaPedidos->listarPedidos()
 2 SYSTEMPATH\CodeIgniter.php(509): CodeIgniter\CodeIgniter->runController()
 3 SYSTEMPATH\CodeIgniter.php(355): CodeIgniter\CodeIgniter->handleRequest()
 4 SYSTEMPATH\Boot.php(325): CodeIgniter\CodeIgniter->run()
 5 SYSTEMPATH\Boot.php(67): CodeIgniter\Boot::runCodeIgniter()
 6 FCPATH\index.php(56): CodeIgniter\Boot::bootWeb()
 7 SYSTEMPATH\rewrite.php(44): require_once('C:\\Users\\usuario\\Desktop\\Pizza-nostra\\proyecto-pizzeria\\public\\index.php')
INFO - 2024-11-29 16:54:05 --> Session: Class initialized using 'CodeIgniter\Session\Handlers\FileHandler' driver.
CRITICAL - 2024-11-29 16:54:05 --> ArgumentCountError: Too few arguments to function App\Controllers\EntregaPedidos::listarPedidos(), 0 passed in C:\Users\usuario\Desktop\Pizza-nostra\proyecto-pizzeria\system\CodeIgniter.php on line 933 and exactly 1 expected
[Method: GET, Route: entregarPedidos]
in APPPATH\Controllers\EntregaPedidos.php on line 10.
 1 SYSTEMPATH\CodeIgniter.php(933): App\Controllers\EntregaPedidos->listarPedidos()
 2 SYSTEMPATH\CodeIgniter.php(509): CodeIgniter\CodeIgniter->runController()
 3 SYSTEMPATH\CodeIgniter.php(355): CodeIgniter\CodeIgniter->handleRequest()
 4 SYSTEMPATH\Boot.php(325): CodeIgniter\CodeIgniter->run()
 5 SYSTEMPATH\Boot.php(67): CodeIgniter\Boot::runCodeIgniter()
 6 FCPATH\index.php(56): CodeIgniter\Boot::bootWeb()
 7 SYSTEMPATH\rewrite.php(44): require_once('C:\\Users\\usuario\\Desktop\\Pizza-nostra\\proyecto-pizzeria\\public\\index.php')
INFO - 2024-11-29 16:54:05 --> Session: Class initialized using 'CodeIgniter\Session\Handlers\FileHandler' driver.
CRITICAL - 2024-11-29 16:54:05 --> ArgumentCountError: Too few arguments to function App\Controllers\EntregaPedidos::listarPedidos(), 0 passed in C:\Users\usuario\Desktop\Pizza-nostra\proyecto-pizzeria\system\CodeIgniter.php on line 933 and exactly 1 expected
[Method: GET, Route: entregarPedidos]
in APPPATH\Controllers\EntregaPedidos.php on line 10.
 1 SYSTEMPATH\CodeIgniter.php(933): App\Controllers\EntregaPedidos->listarPedidos()
 2 SYSTEMPATH\CodeIgniter.php(509): CodeIgniter\CodeIgniter->runController()
 3 SYSTEMPATH\CodeIgniter.php(355): CodeIgniter\CodeIgniter->handleRequest()
 4 SYSTEMPATH\Boot.php(325): CodeIgniter\CodeIgniter->run()
 5 SYSTEMPATH\Boot.php(67): CodeIgniter\Boot::runCodeIgniter()
 6 FCPATH\index.php(56): CodeIgniter\Boot::bootWeb()
 7 SYSTEMPATH\rewrite.php(44): require_once('C:\\Users\\usuario\\Desktop\\Pizza-nostra\\proyecto-pizzeria\\public\\index.php')
INFO - 2024-11-29 16:54:17 --> Session: Class initialized using 'CodeIgniter\Session\Handlers\FileHandler' driver.
INFO - 2024-11-29 16:55:09 --> Session: Class initialized using 'CodeIgniter\Session\Handlers\FileHandler' driver.
INFO - 2024-11-29 16:55:14 --> Session: Class initialized using 'CodeIgniter\Session\Handlers\FileHandler' driver.
INFO - 2024-11-29 16:55:14 --> Session: Class initialized using 'CodeIgniter\Session\Handlers\FileHandler' driver.
INFO - 2024-11-29 16:55:34 --> Session: Class initialized using 'CodeIgniter\Session\Handlers\FileHandler' driver.
INFO - 2024-11-29 16:55:34 --> Session: Class initialized using 'CodeIgniter\Session\Handlers\FileHandler' driver.
INFO - 2024-11-29 16:55:59 --> Session: Class initialized using 'CodeIgniter\Session\Handlers\FileHandler' driver.
INFO - 2024-11-29 16:55:59 --> Session: Class initialized using 'CodeIgniter\Session\Handlers\FileHandler' driver.
INFO - 2024-11-29 16:56:28 --> Session: Class initialized using 'CodeIgniter\Session\Handlers\FileHandler' driver.
INFO - 2024-11-29 16:56:28 --> Session: Class initialized using 'CodeIgniter\Session\Handlers\FileHandler' driver.
INFO - 2024-11-29 16:57:08 --> Session: Class initialized using 'CodeIgniter\Session\Handlers\FileHandler' driver.
INFO - 2024-11-29 16:57:08 --> Session: Class initialized using 'CodeIgniter\Session\Handlers\FileHandler' driver.
INFO - 2024-11-29 16:57:11 --> Session: Class initialized using 'CodeIgniter\Session\Handlers\FileHandler' driver.
INFO - 2024-11-29 16:57:45 --> Session: Class initialized using 'CodeIgniter\Session\Handlers\FileHandler' driver.
INFO - 2024-11-29 16:59:49 --> Session: Class initialized using 'CodeIgniter\Session\Handlers\FileHandler' driver.
INFO - 2024-11-29 16:59:51 --> Session: Class initialized using 'CodeIgniter\Session\Handlers\FileHandler' driver.
INFO - 2024-11-29 16:59:54 --> Session: Class initialized using 'CodeIgniter\Session\Handlers\FileHandler' driver.
INFO - 2024-11-29 16:59:54 --> Session: Class initialized using 'CodeIgniter\Session\Handlers\FileHandler' driver.
INFO - 2024-11-29 16:59:59 --> Session: Class initialized using 'CodeIgniter\Session\Handlers\FileHandler' driver.
INFO - 2024-11-29 16:59:59 --> Session: Class initialized using 'CodeIgniter\Session\Handlers\FileHandler' driver.
INFO - 2024-11-29 17:00:19 --> Session: Class initialized using 'CodeIgniter\Session\Handlers\FileHandler' driver.
INFO - 2024-11-29 17:00:19 --> Session: Class initialized using 'CodeIgniter\Session\Handlers\FileHandler' driver.
INFO - 2024-11-29 17:00:32 --> Session: Class initialized using 'CodeIgniter\Session\Handlers\FileHandler' driver.
INFO - 2024-11-29 17:00:32 --> Session: Class initialized using 'CodeIgniter\Session\Handlers\FileHandler' driver.
INFO - 2024-11-29 17:00:34 --> Session: Class initialized using 'CodeIgniter\Session\Handlers\FileHandler' driver.
INFO - 2024-11-29 17:00:37 --> Session: Class initialized using 'CodeIgniter\Session\Handlers\FileHandler' driver.
INFO - 2024-11-29 17:00:37 --> Session: Class initialized using 'CodeIgniter\Session\Handlers\FileHandler' driver.
INFO - 2024-11-29 17:00:47 --> Session: Class initialized using 'CodeIgniter\Session\Handlers\FileHandler' driver.
INFO - 2024-11-29 17:00:47 --> Session: Class initialized using 'CodeIgniter\Session\Handlers\FileHandler' driver.
INFO - 2024-11-29 17:00:49 --> Session: Class initialized using 'CodeIgniter\Session\Handlers\FileHandler' driver.
INFO - 2024-11-29 17:01:56 --> Session: Class initialized using 'CodeIgniter\Session\Handlers\FileHandler' driver.
INFO - 2024-11-29 17:01:56 --> Session: Class initialized using 'CodeIgniter\Session\Handlers\FileHandler' driver.
INFO - 2024-11-29 17:02:09 --> Session: Class initialized using 'CodeIgniter\Session\Handlers\FileHandler' driver.
INFO - 2024-11-29 17:02:09 --> Session: Class initialized using 'CodeIgniter\Session\Handlers\FileHandler' driver.
INFO - 2024-11-29 17:02:13 --> Session: Class initialized using 'CodeIgniter\Session\Handlers\FileHandler' driver.
INFO - 2024-11-29 17:02:46 --> Session: Class initialized using 'CodeIgniter\Session\Handlers\FileHandler' driver.
INFO - 2024-11-29 17:05:23 --> Session: Class initialized using 'CodeIgniter\Session\Handlers\FileHandler' driver.
INFO - 2024-11-29 17:05:24 --> Session: Class initialized using 'CodeIgniter\Session\Handlers\FileHandler' driver.
INFO - 2024-11-29 17:05:26 --> Session: Class initialized using 'CodeIgniter\Session\Handlers\FileHandler' driver.
INFO - 2024-11-29 17:08:05 --> Session: Class initialized using 'CodeIgniter\Session\Handlers\FileHandler' driver.
CRITICAL - 2024-11-29 17:08:05 --> ErrorException: Undefined array key 1
[Method: GET, Route: entregarPedidos/1]
in SYSTEMPATH\HTTP\URI.php on line 374.
 1 SYSTEMPATH\HTTP\URI.php(374): CodeIgniter\Debug\Exceptions->errorHandler()
 2 SYSTEMPATH\HTTP\URI.php(638): CodeIgniter\HTTP\URI->getAuthority()
 3 SYSTEMPATH\HTTP\SiteURI.php(113): CodeIgniter\HTTP\URI->__toString()
 4 SYSTEMPATH\HTTP\SiteURI.php(388): CodeIgniter\HTTP\SiteURI->__construct()
 5 SYSTEMPATH\Helpers\url_helper.php(59): CodeIgniter\HTTP\SiteURI->baseUrl()
 6 APPPATH\Views\entregaPedidos.php(388): base_url()
 7 SYSTEMPATH\View\View.php(234): include('C:\\Users\\usuario\\Desktop\\Pizza-nostra\\proyecto-pizzeria\\app\\Views\\entregaPedidos.php')
 8 SYSTEMPATH\View\View.php(237): CodeIgniter\View\View->CodeIgniter\View\{closure}()
 9 SYSTEMPATH\Common.php(1171): CodeIgniter\View\View->render()
10 APPPATH\Controllers\EntregaPedidos.php(16): view()
11 SYSTEMPATH\CodeIgniter.php(933): App\Controllers\EntregaPedidos->listarPedidos()
12 SYSTEMPATH\CodeIgniter.php(509): CodeIgniter\CodeIgniter->runController()
13 SYSTEMPATH\CodeIgniter.php(355): CodeIgniter\CodeIgniter->handleRequest()
14 SYSTEMPATH\Boot.php(325): CodeIgniter\CodeIgniter->run()
15 SYSTEMPATH\Boot.php(67): CodeIgniter\Boot::runCodeIgniter()
16 FCPATH\index.php(56): CodeIgniter\Boot::bootWeb()
17 SYSTEMPATH\rewrite.php(44): require_once('C:\\Users\\usuario\\Desktop\\Pizza-nostra\\proyecto-pizzeria\\public\\index.php')
INFO - 2024-11-29 17:08:07 --> Session: Class initialized using 'CodeIgniter\Session\Handlers\FileHandler' driver.
CRITICAL - 2024-11-29 17:08:07 --> ErrorException: Undefined array key 1
[Method: GET, Route: entregarPedidos/1]
in SYSTEMPATH\HTTP\URI.php on line 374.
 1 SYSTEMPATH\HTTP\URI.php(374): CodeIgniter\Debug\Exceptions->errorHandler()
 2 SYSTEMPATH\HTTP\URI.php(638): CodeIgniter\HTTP\URI->getAuthority()
 3 SYSTEMPATH\HTTP\SiteURI.php(113): CodeIgniter\HTTP\URI->__toString()
 4 SYSTEMPATH\HTTP\SiteURI.php(388): CodeIgniter\HTTP\SiteURI->__construct()
 5 SYSTEMPATH\Helpers\url_helper.php(59): CodeIgniter\HTTP\SiteURI->baseUrl()
 6 APPPATH\Views\entregaPedidos.php(388): base_url()
 7 SYSTEMPATH\View\View.php(234): include('C:\\Users\\usuario\\Desktop\\Pizza-nostra\\proyecto-pizzeria\\app\\Views\\entregaPedidos.php')
 8 SYSTEMPATH\View\View.php(237): CodeIgniter\View\View->CodeIgniter\View\{closure}()
 9 SYSTEMPATH\Common.php(1171): CodeIgniter\View\View->render()
10 APPPATH\Controllers\EntregaPedidos.php(16): view()
11 SYSTEMPATH\CodeIgniter.php(933): App\Controllers\EntregaPedidos->listarPedidos()
12 SYSTEMPATH\CodeIgniter.php(509): CodeIgniter\CodeIgniter->runController()
13 SYSTEMPATH\CodeIgniter.php(355): CodeIgniter\CodeIgniter->handleRequest()
14 SYSTEMPATH\Boot.php(325): CodeIgniter\CodeIgniter->run()
15 SYSTEMPATH\Boot.php(67): CodeIgniter\Boot::runCodeIgniter()
16 FCPATH\index.php(56): CodeIgniter\Boot::bootWeb()
17 SYSTEMPATH\rewrite.php(44): require_once('C:\\Users\\usuario\\Desktop\\Pizza-nostra\\proyecto-pizzeria\\public\\index.php')
INFO - 2024-11-29 17:08:40 --> Session: Class initialized using 'CodeIgniter\Session\Handlers\FileHandler' driver.
INFO - 2024-11-29 17:10:37 --> Session: Class initialized using 'CodeIgniter\Session\Handlers\FileHandler' driver.
INFO - 2024-11-29 17:10:38 --> Session: Class initialized using 'CodeIgniter\Session\Handlers\FileHandler' driver.
INFO - 2024-11-29 17:10:38 --> Session: Class initialized using 'CodeIgniter\Session\Handlers\FileHandler' driver.
INFO - 2024-11-29 17:10:40 --> Session: Class initialized using 'CodeIgniter\Session\Handlers\FileHandler' driver.
CRITICAL - 2024-11-29 17:10:40 --> ErrorException: Array to string conversion
[Method: POST, Route: entregarPedidos/pedido/entregarPedido/10]
in APPPATH\Controllers\EntregaPedidos.php on line 29.
 1 APPPATH\Controllers\EntregaPedidos.php(29): CodeIgniter\Debug\Exceptions->errorHandler()
 2 SYSTEMPATH\CodeIgniter.php(933): App\Controllers\EntregaPedidos->entregarPedido()
 3 SYSTEMPATH\CodeIgniter.php(509): CodeIgniter\CodeIgniter->runController()
 4 SYSTEMPATH\CodeIgniter.php(355): CodeIgniter\CodeIgniter->handleRequest()
 5 SYSTEMPATH\Boot.php(325): CodeIgniter\CodeIgniter->run()
 6 SYSTEMPATH\Boot.php(67): CodeIgniter\Boot::runCodeIgniter()
 7 FCPATH\index.php(56): CodeIgniter\Boot::bootWeb()
 8 SYSTEMPATH\rewrite.php(44): require_once('C:\\Users\\usuario\\Desktop\\Pizza-nostra\\proyecto-pizzeria\\public\\index.php')
INFO - 2024-11-29 17:12:54 --> Session: Class initialized using 'CodeIgniter\Session\Handlers\FileHandler' driver.
CRITICAL - 2024-11-29 17:12:54 --> ErrorException: Array to string conversion
[Method: POST, Route: entregarPedidos/pedido/entregarPedido/10]
in APPPATH\Controllers\EntregaPedidos.php on line 30.
 1 APPPATH\Controllers\EntregaPedidos.php(30): CodeIgniter\Debug\Exceptions->errorHandler()
 2 SYSTEMPATH\CodeIgniter.php(933): App\Controllers\EntregaPedidos->entregarPedido()
 3 SYSTEMPATH\CodeIgniter.php(509): CodeIgniter\CodeIgniter->runController()
 4 SYSTEMPATH\CodeIgniter.php(355): CodeIgniter\CodeIgniter->handleRequest()
 5 SYSTEMPATH\Boot.php(325): CodeIgniter\CodeIgniter->run()
 6 SYSTEMPATH\Boot.php(67): CodeIgniter\Boot::runCodeIgniter()
 7 FCPATH\index.php(56): CodeIgniter\Boot::bootWeb()
 8 SYSTEMPATH\rewrite.php(44): require_once('C:\\Users\\usuario\\Desktop\\Pizza-nostra\\proyecto-pizzeria\\public\\index.php')
INFO - 2024-11-29 17:12:55 --> Session: Class initialized using 'CodeIgniter\Session\Handlers\FileHandler' driver.
CRITICAL - 2024-11-29 17:12:55 --> ErrorException: Array to string conversion
[Method: POST, Route: entregarPedidos/pedido/entregarPedido/10]
in APPPATH\Controllers\EntregaPedidos.php on line 30.
 1 APPPATH\Controllers\EntregaPedidos.php(30): CodeIgniter\Debug\Exceptions->errorHandler()
 2 SYSTEMPATH\CodeIgniter.php(933): App\Controllers\EntregaPedidos->entregarPedido()
 3 SYSTEMPATH\CodeIgniter.php(509): CodeIgniter\CodeIgniter->runController()
 4 SYSTEMPATH\CodeIgniter.php(355): CodeIgniter\CodeIgniter->handleRequest()
 5 SYSTEMPATH\Boot.php(325): CodeIgniter\CodeIgniter->run()
 6 SYSTEMPATH\Boot.php(67): CodeIgniter\Boot::runCodeIgniter()
 7 FCPATH\index.php(56): CodeIgniter\Boot::bootWeb()
 8 SYSTEMPATH\rewrite.php(44): require_once('C:\\Users\\usuario\\Desktop\\Pizza-nostra\\proyecto-pizzeria\\public\\index.php')
INFO - 2024-11-29 17:12:55 --> Session: Class initialized using 'CodeIgniter\Session\Handlers\FileHandler' driver.
CRITICAL - 2024-11-29 17:12:55 --> ErrorException: Array to string conversion
[Method: POST, Route: entregarPedidos/pedido/entregarPedido/10]
in APPPATH\Controllers\EntregaPedidos.php on line 30.
 1 APPPATH\Controllers\EntregaPedidos.php(30): CodeIgniter\Debug\Exceptions->errorHandler()
 2 SYSTEMPATH\CodeIgniter.php(933): App\Controllers\EntregaPedidos->entregarPedido()
 3 SYSTEMPATH\CodeIgniter.php(509): CodeIgniter\CodeIgniter->runController()
 4 SYSTEMPATH\CodeIgniter.php(355): CodeIgniter\CodeIgniter->handleRequest()
 5 SYSTEMPATH\Boot.php(325): CodeIgniter\CodeIgniter->run()
 6 SYSTEMPATH\Boot.php(67): CodeIgniter\Boot::runCodeIgniter()
 7 FCPATH\index.php(56): CodeIgniter\Boot::bootWeb()
 8 SYSTEMPATH\rewrite.php(44): require_once('C:\\Users\\usuario\\Desktop\\Pizza-nostra\\proyecto-pizzeria\\public\\index.php')
INFO - 2024-11-29 17:12:55 --> Session: Class initialized using 'CodeIgniter\Session\Handlers\FileHandler' driver.
CRITICAL - 2024-11-29 17:12:55 --> ErrorException: Array to string conversion
[Method: POST, Route: entregarPedidos/pedido/entregarPedido/10]
in APPPATH\Controllers\EntregaPedidos.php on line 30.
 1 APPPATH\Controllers\EntregaPedidos.php(30): CodeIgniter\Debug\Exceptions->errorHandler()
 2 SYSTEMPATH\CodeIgniter.php(933): App\Controllers\EntregaPedidos->entregarPedido()
 3 SYSTEMPATH\CodeIgniter.php(509): CodeIgniter\CodeIgniter->runController()
 4 SYSTEMPATH\CodeIgniter.php(355): CodeIgniter\CodeIgniter->handleRequest()
 5 SYSTEMPATH\Boot.php(325): CodeIgniter\CodeIgniter->run()
 6 SYSTEMPATH\Boot.php(67): CodeIgniter\Boot::runCodeIgniter()
 7 FCPATH\index.php(56): CodeIgniter\Boot::bootWeb()
 8 SYSTEMPATH\rewrite.php(44): require_once('C:\\Users\\usuario\\Desktop\\Pizza-nostra\\proyecto-pizzeria\\public\\index.php')
INFO - 2024-11-29 17:12:55 --> Session: Class initialized using 'CodeIgniter\Session\Handlers\FileHandler' driver.
CRITICAL - 2024-11-29 17:12:55 --> ErrorException: Array to string conversion
[Method: POST, Route: entregarPedidos/pedido/entregarPedido/10]
in APPPATH\Controllers\EntregaPedidos.php on line 30.
 1 APPPATH\Controllers\EntregaPedidos.php(30): CodeIgniter\Debug\Exceptions->errorHandler()
 2 SYSTEMPATH\CodeIgniter.php(933): App\Controllers\EntregaPedidos->entregarPedido()
 3 SYSTEMPATH\CodeIgniter.php(509): CodeIgniter\CodeIgniter->runController()
 4 SYSTEMPATH\CodeIgniter.php(355): CodeIgniter\CodeIgniter->handleRequest()
 5 SYSTEMPATH\Boot.php(325): CodeIgniter\CodeIgniter->run()
 6 SYSTEMPATH\Boot.php(67): CodeIgniter\Boot::runCodeIgniter()
 7 FCPATH\index.php(56): CodeIgniter\Boot::bootWeb()
 8 SYSTEMPATH\rewrite.php(44): require_once('C:\\Users\\usuario\\Desktop\\Pizza-nostra\\proyecto-pizzeria\\public\\index.php')
INFO - 2024-11-29 17:13:14 --> Session: Class initialized using 'CodeIgniter\Session\Handlers\FileHandler' driver.
CRITICAL - 2024-11-29 17:13:14 --> ErrorException: Array to string conversion
[Method: POST, Route: entregarPedidos/pedido/entregarPedido/10]
in APPPATH\Controllers\EntregaPedidos.php on line 30.
 1 APPPATH\Controllers\EntregaPedidos.php(30): CodeIgniter\Debug\Exceptions->errorHandler()
 2 SYSTEMPATH\CodeIgniter.php(933): App\Controllers\EntregaPedidos->entregarPedido()
 3 SYSTEMPATH\CodeIgniter.php(509): CodeIgniter\CodeIgniter->runController()
 4 SYSTEMPATH\CodeIgniter.php(355): CodeIgniter\CodeIgniter->handleRequest()
 5 SYSTEMPATH\Boot.php(325): CodeIgniter\CodeIgniter->run()
 6 SYSTEMPATH\Boot.php(67): CodeIgniter\Boot::runCodeIgniter()
 7 FCPATH\index.php(56): CodeIgniter\Boot::bootWeb()
 8 SYSTEMPATH\rewrite.php(44): require_once('C:\\Users\\usuario\\Desktop\\Pizza-nostra\\proyecto-pizzeria\\public\\index.php')
INFO - 2024-11-29 17:13:15 --> Session: Class initialized using 'CodeIgniter\Session\Handlers\FileHandler' driver.
CRITICAL - 2024-11-29 17:13:15 --> ErrorException: Array to string conversion
[Method: POST, Route: entregarPedidos/pedido/entregarPedido/10]
in APPPATH\Controllers\EntregaPedidos.php on line 30.
 1 APPPATH\Controllers\EntregaPedidos.php(30): CodeIgniter\Debug\Exceptions->errorHandler()
 2 SYSTEMPATH\CodeIgniter.php(933): App\Controllers\EntregaPedidos->entregarPedido()
 3 SYSTEMPATH\CodeIgniter.php(509): CodeIgniter\CodeIgniter->runController()
 4 SYSTEMPATH\CodeIgniter.php(355): CodeIgniter\CodeIgniter->handleRequest()
 5 SYSTEMPATH\Boot.php(325): CodeIgniter\CodeIgniter->run()
 6 SYSTEMPATH\Boot.php(67): CodeIgniter\Boot::runCodeIgniter()
 7 FCPATH\index.php(56): CodeIgniter\Boot::bootWeb()
 8 SYSTEMPATH\rewrite.php(44): require_once('C:\\Users\\usuario\\Desktop\\Pizza-nostra\\proyecto-pizzeria\\public\\index.php')
INFO - 2024-11-29 17:13:15 --> Session: Class initialized using 'CodeIgniter\Session\Handlers\FileHandler' driver.
CRITICAL - 2024-11-29 17:13:15 --> ErrorException: Array to string conversion
[Method: POST, Route: entregarPedidos/pedido/entregarPedido/10]
in APPPATH\Controllers\EntregaPedidos.php on line 30.
 1 APPPATH\Controllers\EntregaPedidos.php(30): CodeIgniter\Debug\Exceptions->errorHandler()
 2 SYSTEMPATH\CodeIgniter.php(933): App\Controllers\EntregaPedidos->entregarPedido()
 3 SYSTEMPATH\CodeIgniter.php(509): CodeIgniter\CodeIgniter->runController()
 4 SYSTEMPATH\CodeIgniter.php(355): CodeIgniter\CodeIgniter->handleRequest()
 5 SYSTEMPATH\Boot.php(325): CodeIgniter\CodeIgniter->run()
 6 SYSTEMPATH\Boot.php(67): CodeIgniter\Boot::runCodeIgniter()
 7 FCPATH\index.php(56): CodeIgniter\Boot::bootWeb()
 8 SYSTEMPATH\rewrite.php(44): require_once('C:\\Users\\usuario\\Desktop\\Pizza-nostra\\proyecto-pizzeria\\public\\index.php')
INFO - 2024-11-29 17:13:15 --> Session: Class initialized using 'CodeIgniter\Session\Handlers\FileHandler' driver.
CRITICAL - 2024-11-29 17:13:15 --> ErrorException: Array to string conversion
[Method: POST, Route: entregarPedidos/pedido/entregarPedido/10]
in APPPATH\Controllers\EntregaPedidos.php on line 30.
 1 APPPATH\Controllers\EntregaPedidos.php(30): CodeIgniter\Debug\Exceptions->errorHandler()
 2 SYSTEMPATH\CodeIgniter.php(933): App\Controllers\EntregaPedidos->entregarPedido()
 3 SYSTEMPATH\CodeIgniter.php(509): CodeIgniter\CodeIgniter->runController()
 4 SYSTEMPATH\CodeIgniter.php(355): CodeIgniter\CodeIgniter->handleRequest()
 5 SYSTEMPATH\Boot.php(325): CodeIgniter\CodeIgniter->run()
 6 SYSTEMPATH\Boot.php(67): CodeIgniter\Boot::runCodeIgniter()
 7 FCPATH\index.php(56): CodeIgniter\Boot::bootWeb()
 8 SYSTEMPATH\rewrite.php(44): require_once('C:\\Users\\usuario\\Desktop\\Pizza-nostra\\proyecto-pizzeria\\public\\index.php')
INFO - 2024-11-29 17:13:15 --> Session: Class initialized using 'CodeIgniter\Session\Handlers\FileHandler' driver.
CRITICAL - 2024-11-29 17:13:15 --> ErrorException: Array to string conversion
[Method: POST, Route: entregarPedidos/pedido/entregarPedido/10]
in APPPATH\Controllers\EntregaPedidos.php on line 30.
 1 APPPATH\Controllers\EntregaPedidos.php(30): CodeIgniter\Debug\Exceptions->errorHandler()
 2 SYSTEMPATH\CodeIgniter.php(933): App\Controllers\EntregaPedidos->entregarPedido()
 3 SYSTEMPATH\CodeIgniter.php(509): CodeIgniter\CodeIgniter->runController()
 4 SYSTEMPATH\CodeIgniter.php(355): CodeIgniter\CodeIgniter->handleRequest()
 5 SYSTEMPATH\Boot.php(325): CodeIgniter\CodeIgniter->run()
 6 SYSTEMPATH\Boot.php(67): CodeIgniter\Boot::runCodeIgniter()
 7 FCPATH\index.php(56): CodeIgniter\Boot::bootWeb()
 8 SYSTEMPATH\rewrite.php(44): require_once('C:\\Users\\usuario\\Desktop\\Pizza-nostra\\proyecto-pizzeria\\public\\index.php')
INFO - 2024-11-29 17:14:55 --> Session: Class initialized using 'CodeIgniter\Session\Handlers\FileHandler' driver.
INFO - 2024-11-29 17:14:55 --> Session: Class initialized using 'CodeIgniter\Session\Handlers\FileHandler' driver.
INFO - 2024-11-29 17:15:45 --> Session: Class initialized using 'CodeIgniter\Session\Handlers\FileHandler' driver.
INFO - 2024-11-29 17:17:02 --> Session: Class initialized using 'CodeIgniter\Session\Handlers\FileHandler' driver.
INFO - 2024-11-29 17:17:02 --> Session: Class initialized using 'CodeIgniter\Session\Handlers\FileHandler' driver.
INFO - 2024-11-29 17:17:18 --> Session: Class initialized using 'CodeIgniter\Session\Handlers\FileHandler' driver.
INFO - 2024-11-29 17:17:18 --> Session: Class initialized using 'CodeIgniter\Session\Handlers\FileHandler' driver.
INFO - 2024-11-29 17:17:22 --> Session: Class initialized using 'CodeIgniter\Session\Handlers\FileHandler' driver.
INFO - 2024-11-29 17:17:38 --> Session: Class initialized using 'CodeIgniter\Session\Handlers\FileHandler' driver.
INFO - 2024-11-29 17:17:40 --> Session: Class initialized using 'CodeIgniter\Session\Handlers\FileHandler' driver.
INFO - 2024-11-29 17:18:00 --> Session: Class initialized using 'CodeIgniter\Session\Handlers\FileHandler' driver.
INFO - 2024-11-29 17:18:01 --> Session: Class initialized using 'CodeIgniter\Session\Handlers\FileHandler' driver.
INFO - 2024-11-29 17:18:01 --> Session: Class initialized using 'CodeIgniter\Session\Handlers\FileHandler' driver.
