CRITICAL - 2024-11-23 04:00:19 --> ParseError: syntax error, unexpected identifier "session", expecting variable
[Method: GET, Route: /]
in APPPATH\Config\Database.php on line 13.
 1 SYSTEMPATH\Autoloader\Autoloader.php(296): CodeIgniter\Autoloader\Autoloader->includeFile('C:\\Users\\david\\Desktop\\Poryecto pizza\\proyecto-pizzeria\\app\\Config\\Database.php')
 2 SYSTEMPATH\Autoloader\Autoloader.php(272): CodeIgniter\Autoloader\Autoloader->loadInNamespace('Config\\Database')
 3 SYSTEMPATH\Debug\Toolbar\Collectors\Database.php(258): CodeIgniter\Autoloader\Autoloader->loadClass('Config\\Database')
 4 SYSTEMPATH\Debug\Toolbar\Collectors\Database.php(75): CodeIgniter\Debug\Toolbar\Collectors\Database->getConnections()
 5 SYSTEMPATH\Debug\Toolbar.php(68): CodeIgniter\Debug\Toolbar\Collectors\Database->__construct()
 6 SYSTEMPATH\Config\Services.php(796): CodeIgniter\Debug\Toolbar->__construct(Object(Config\Toolbar))
 7 SYSTEMPATH\Config\BaseService.php(312): CodeIgniter\Config\Services::toolbar(Object(Config\Toolbar), false)
 8 SYSTEMPATH\Config\BaseService.php(251): CodeIgniter\Config\BaseService::__callStatic('toolbar', [...])
 9 SYSTEMPATH\Config\Services.php(791): CodeIgniter\Config\BaseService::getSharedInstance('toolbar', null)
10 SYSTEMPATH\Config\BaseService.php(321): CodeIgniter\Config\Services::toolbar()
11 SYSTEMPATH\Config\BaseService.php(202): CodeIgniter\Config\BaseService::__callStatic('toolbar', [])
12 SYSTEMPATH\Common.php(998): CodeIgniter\Config\BaseService::get('toolbar')
13 SYSTEMPATH\Filters\DebugToolbar.php(43): service('toolbar')
14 SYSTEMPATH\Filters\Filters.php(241): CodeIgniter\Filters\DebugToolbar->after(Object(CodeIgniter\HTTP\IncomingRequest), Object(CodeIgniter\HTTP\Response), null)
15 SYSTEMPATH\Filters\Filters.php(291): CodeIgniter\Filters\Filters->runAfter([...])
16 SYSTEMPATH\CodeIgniter.php(409): CodeIgniter\Filters\Filters->runRequired('after')
17 SYSTEMPATH\CodeIgniter.php(372): CodeIgniter\CodeIgniter->runRequiredAfterFilters(Object(CodeIgniter\Filters\Filters))
18 SYSTEMPATH\Boot.php(325): CodeIgniter\CodeIgniter->run()
19 SYSTEMPATH\Boot.php(67): CodeIgniter\Boot::runCodeIgniter(Object(CodeIgniter\CodeIgniter))
20 FCPATH\index.php(56): CodeIgniter\Boot::bootWeb(Object(Config\Paths))
21 SYSTEMPATH\rewrite.php(44): require_once('C:\\Users\\david\\Desktop\\Poryecto pizza\\proyecto-pizzeria\\public\\index.php')
CRITICAL - 2024-11-23 04:00:24 --> ParseError: syntax error, unexpected identifier "session", expecting variable
[Method: GET, Route: login]
in APPPATH\Config\Database.php on line 13.
 1 SYSTEMPATH\Autoloader\Autoloader.php(296): CodeIgniter\Autoloader\Autoloader->includeFile('C:\\Users\\david\\Desktop\\Poryecto pizza\\proyecto-pizzeria\\app\\Config\\Database.php')
 2 SYSTEMPATH\Autoloader\Autoloader.php(272): CodeIgniter\Autoloader\Autoloader->loadInNamespace('Config\\Database')
 3 SYSTEMPATH\Debug\Toolbar\Collectors\Database.php(258): CodeIgniter\Autoloader\Autoloader->loadClass('Config\\Database')
 4 SYSTEMPATH\Debug\Toolbar\Collectors\Database.php(75): CodeIgniter\Debug\Toolbar\Collectors\Database->getConnections()
 5 SYSTEMPATH\Debug\Toolbar.php(68): CodeIgniter\Debug\Toolbar\Collectors\Database->__construct()
 6 SYSTEMPATH\Config\Services.php(796): CodeIgniter\Debug\Toolbar->__construct(Object(Config\Toolbar))
 7 SYSTEMPATH\Config\BaseService.php(312): CodeIgniter\Config\Services::toolbar(Object(Config\Toolbar), false)
 8 SYSTEMPATH\Config\BaseService.php(251): CodeIgniter\Config\BaseService::__callStatic('toolbar', [...])
 9 SYSTEMPATH\Config\Services.php(791): CodeIgniter\Config\BaseService::getSharedInstance('toolbar', null)
10 SYSTEMPATH\Config\BaseService.php(321): CodeIgniter\Config\Services::toolbar()
11 SYSTEMPATH\Config\BaseService.php(202): CodeIgniter\Config\BaseService::__callStatic('toolbar', [])
12 SYSTEMPATH\Common.php(998): CodeIgniter\Config\BaseService::get('toolbar')
13 SYSTEMPATH\Filters\DebugToolbar.php(43): service('toolbar')
14 SYSTEMPATH\Filters\Filters.php(241): CodeIgniter\Filters\DebugToolbar->after(Object(CodeIgniter\HTTP\IncomingRequest), Object(CodeIgniter\HTTP\Response), null)
15 SYSTEMPATH\Filters\Filters.php(291): CodeIgniter\Filters\Filters->runAfter([...])
16 SYSTEMPATH\CodeIgniter.php(409): CodeIgniter\Filters\Filters->runRequired('after')
17 SYSTEMPATH\CodeIgniter.php(372): CodeIgniter\CodeIgniter->runRequiredAfterFilters(Object(CodeIgniter\Filters\Filters))
18 SYSTEMPATH\Boot.php(325): CodeIgniter\CodeIgniter->run()
19 SYSTEMPATH\Boot.php(67): CodeIgniter\Boot::runCodeIgniter(Object(CodeIgniter\CodeIgniter))
20 FCPATH\index.php(56): CodeIgniter\Boot::bootWeb(Object(Config\Paths))
21 SYSTEMPATH\rewrite.php(44): require_once('C:\\Users\\david\\Desktop\\Poryecto pizza\\proyecto-pizzeria\\public\\index.php')
CRITICAL - 2024-11-23 04:00:40 --> ParseError: syntax error, unexpected identifier "session", expecting variable
[Method: GET, Route: login]
in APPPATH\Config\Database.php on line 13.
 1 SYSTEMPATH\Autoloader\Autoloader.php(296): CodeIgniter\Autoloader\Autoloader->includeFile('C:\\Users\\david\\Desktop\\Poryecto pizza\\proyecto-pizzeria\\app\\Config\\Database.php')
 2 SYSTEMPATH\Autoloader\Autoloader.php(272): CodeIgniter\Autoloader\Autoloader->loadInNamespace('Config\\Database')
 3 SYSTEMPATH\Debug\Toolbar\Collectors\Database.php(258): CodeIgniter\Autoloader\Autoloader->loadClass('Config\\Database')
 4 SYSTEMPATH\Debug\Toolbar\Collectors\Database.php(75): CodeIgniter\Debug\Toolbar\Collectors\Database->getConnections()
 5 SYSTEMPATH\Debug\Toolbar.php(68): CodeIgniter\Debug\Toolbar\Collectors\Database->__construct()
 6 SYSTEMPATH\Config\Services.php(796): CodeIgniter\Debug\Toolbar->__construct(Object(Config\Toolbar))
 7 SYSTEMPATH\Config\BaseService.php(312): CodeIgniter\Config\Services::toolbar(Object(Config\Toolbar), false)
 8 SYSTEMPATH\Config\BaseService.php(251): CodeIgniter\Config\BaseService::__callStatic('toolbar', [...])
 9 SYSTEMPATH\Config\Services.php(791): CodeIgniter\Config\BaseService::getSharedInstance('toolbar', null)
10 SYSTEMPATH\Config\BaseService.php(321): CodeIgniter\Config\Services::toolbar()
11 SYSTEMPATH\Config\BaseService.php(202): CodeIgniter\Config\BaseService::__callStatic('toolbar', [])
12 SYSTEMPATH\Common.php(998): CodeIgniter\Config\BaseService::get('toolbar')
13 SYSTEMPATH\Filters\DebugToolbar.php(43): service('toolbar')
14 SYSTEMPATH\Filters\Filters.php(241): CodeIgniter\Filters\DebugToolbar->after(Object(CodeIgniter\HTTP\IncomingRequest), Object(CodeIgniter\HTTP\Response), null)
15 SYSTEMPATH\Filters\Filters.php(291): CodeIgniter\Filters\Filters->runAfter([...])
16 SYSTEMPATH\CodeIgniter.php(409): CodeIgniter\Filters\Filters->runRequired('after')
17 SYSTEMPATH\CodeIgniter.php(372): CodeIgniter\CodeIgniter->runRequiredAfterFilters(Object(CodeIgniter\Filters\Filters))
18 SYSTEMPATH\Boot.php(325): CodeIgniter\CodeIgniter->run()
19 SYSTEMPATH\Boot.php(67): CodeIgniter\Boot::runCodeIgniter(Object(CodeIgniter\CodeIgniter))
20 FCPATH\index.php(56): CodeIgniter\Boot::bootWeb(Object(Config\Paths))
21 SYSTEMPATH\rewrite.php(44): require_once('C:\\Users\\david\\Desktop\\Poryecto pizza\\proyecto-pizzeria\\public\\index.php')
CRITICAL - 2024-11-23 04:00:56 --> ParseError: syntax error, unexpected identifier "session", expecting variable
[Method: GET, Route: /]
in APPPATH\Config\Database.php on line 13.
 1 SYSTEMPATH\Autoloader\Autoloader.php(296): CodeIgniter\Autoloader\Autoloader->includeFile('C:\\Users\\david\\Desktop\\Poryecto pizza\\proyecto-pizzeria\\app\\Config\\Database.php')
 2 SYSTEMPATH\Autoloader\Autoloader.php(272): CodeIgniter\Autoloader\Autoloader->loadInNamespace('Config\\Database')
 3 SYSTEMPATH\Debug\Toolbar\Collectors\Database.php(258): CodeIgniter\Autoloader\Autoloader->loadClass('Config\\Database')
 4 SYSTEMPATH\Debug\Toolbar\Collectors\Database.php(75): CodeIgniter\Debug\Toolbar\Collectors\Database->getConnections()
 5 SYSTEMPATH\Debug\Toolbar.php(68): CodeIgniter\Debug\Toolbar\Collectors\Database->__construct()
 6 SYSTEMPATH\Config\Services.php(796): CodeIgniter\Debug\Toolbar->__construct(Object(Config\Toolbar))
 7 SYSTEMPATH\Config\BaseService.php(312): CodeIgniter\Config\Services::toolbar(Object(Config\Toolbar), false)
 8 SYSTEMPATH\Config\BaseService.php(251): CodeIgniter\Config\BaseService::__callStatic('toolbar', [...])
 9 SYSTEMPATH\Config\Services.php(791): CodeIgniter\Config\BaseService::getSharedInstance('toolbar', null)
10 SYSTEMPATH\Config\BaseService.php(321): CodeIgniter\Config\Services::toolbar()
11 SYSTEMPATH\Config\BaseService.php(202): CodeIgniter\Config\BaseService::__callStatic('toolbar', [])
12 SYSTEMPATH\Common.php(998): CodeIgniter\Config\BaseService::get('toolbar')
13 SYSTEMPATH\Filters\DebugToolbar.php(43): service('toolbar')
14 SYSTEMPATH\Filters\Filters.php(241): CodeIgniter\Filters\DebugToolbar->after(Object(CodeIgniter\HTTP\IncomingRequest), Object(CodeIgniter\HTTP\Response), null)
15 SYSTEMPATH\Filters\Filters.php(291): CodeIgniter\Filters\Filters->runAfter([...])
16 SYSTEMPATH\CodeIgniter.php(409): CodeIgniter\Filters\Filters->runRequired('after')
17 SYSTEMPATH\CodeIgniter.php(372): CodeIgniter\CodeIgniter->runRequiredAfterFilters(Object(CodeIgniter\Filters\Filters))
18 SYSTEMPATH\Boot.php(325): CodeIgniter\CodeIgniter->run()
19 SYSTEMPATH\Boot.php(67): CodeIgniter\Boot::runCodeIgniter(Object(CodeIgniter\CodeIgniter))
20 FCPATH\index.php(56): CodeIgniter\Boot::bootWeb(Object(Config\Paths))
21 SYSTEMPATH\rewrite.php(44): require_once('C:\\Users\\david\\Desktop\\Poryecto pizza\\proyecto-pizzeria\\public\\index.php')
CRITICAL - 2024-11-23 04:01:01 --> ParseError: syntax error, unexpected identifier "session", expecting variable
[Method: GET, Route: /]
in APPPATH\Config\Database.php on line 13.
 1 SYSTEMPATH\Autoloader\Autoloader.php(296): CodeIgniter\Autoloader\Autoloader->includeFile('C:\\Users\\david\\Desktop\\Poryecto pizza\\proyecto-pizzeria\\app\\Config\\Database.php')
 2 SYSTEMPATH\Autoloader\Autoloader.php(272): CodeIgniter\Autoloader\Autoloader->loadInNamespace('Config\\Database')
 3 SYSTEMPATH\Debug\Toolbar\Collectors\Database.php(258): CodeIgniter\Autoloader\Autoloader->loadClass('Config\\Database')
 4 SYSTEMPATH\Debug\Toolbar\Collectors\Database.php(75): CodeIgniter\Debug\Toolbar\Collectors\Database->getConnections()
 5 SYSTEMPATH\Debug\Toolbar.php(68): CodeIgniter\Debug\Toolbar\Collectors\Database->__construct()
 6 SYSTEMPATH\Config\Services.php(796): CodeIgniter\Debug\Toolbar->__construct(Object(Config\Toolbar))
 7 SYSTEMPATH\Config\BaseService.php(312): CodeIgniter\Config\Services::toolbar(Object(Config\Toolbar), false)
 8 SYSTEMPATH\Config\BaseService.php(251): CodeIgniter\Config\BaseService::__callStatic('toolbar', [...])
 9 SYSTEMPATH\Config\Services.php(791): CodeIgniter\Config\BaseService::getSharedInstance('toolbar', null)
10 SYSTEMPATH\Config\BaseService.php(321): CodeIgniter\Config\Services::toolbar()
11 SYSTEMPATH\Config\BaseService.php(202): CodeIgniter\Config\BaseService::__callStatic('toolbar', [])
12 SYSTEMPATH\Common.php(998): CodeIgniter\Config\BaseService::get('toolbar')
13 SYSTEMPATH\Filters\DebugToolbar.php(43): service('toolbar')
14 SYSTEMPATH\Filters\Filters.php(241): CodeIgniter\Filters\DebugToolbar->after(Object(CodeIgniter\HTTP\IncomingRequest), Object(CodeIgniter\HTTP\Response), null)
15 SYSTEMPATH\Filters\Filters.php(291): CodeIgniter\Filters\Filters->runAfter([...])
16 SYSTEMPATH\CodeIgniter.php(409): CodeIgniter\Filters\Filters->runRequired('after')
17 SYSTEMPATH\CodeIgniter.php(372): CodeIgniter\CodeIgniter->runRequiredAfterFilters(Object(CodeIgniter\Filters\Filters))
18 SYSTEMPATH\Boot.php(325): CodeIgniter\CodeIgniter->run()
19 SYSTEMPATH\Boot.php(67): CodeIgniter\Boot::runCodeIgniter(Object(CodeIgniter\CodeIgniter))
20 FCPATH\index.php(56): CodeIgniter\Boot::bootWeb(Object(Config\Paths))
21 SYSTEMPATH\rewrite.php(44): require_once('C:\\Users\\david\\Desktop\\Poryecto pizza\\proyecto-pizzeria\\public\\index.php')
CRITICAL - 2024-11-23 04:01:02 --> ParseError: syntax error, unexpected identifier "session", expecting variable
[Method: GET, Route: /]
in APPPATH\Config\Database.php on line 13.
 1 SYSTEMPATH\Autoloader\Autoloader.php(296): CodeIgniter\Autoloader\Autoloader->includeFile('C:\\Users\\david\\Desktop\\Poryecto pizza\\proyecto-pizzeria\\app\\Config\\Database.php')
 2 SYSTEMPATH\Autoloader\Autoloader.php(272): CodeIgniter\Autoloader\Autoloader->loadInNamespace('Config\\Database')
 3 SYSTEMPATH\Debug\Toolbar\Collectors\Database.php(258): CodeIgniter\Autoloader\Autoloader->loadClass('Config\\Database')
 4 SYSTEMPATH\Debug\Toolbar\Collectors\Database.php(75): CodeIgniter\Debug\Toolbar\Collectors\Database->getConnections()
 5 SYSTEMPATH\Debug\Toolbar.php(68): CodeIgniter\Debug\Toolbar\Collectors\Database->__construct()
 6 SYSTEMPATH\Config\Services.php(796): CodeIgniter\Debug\Toolbar->__construct(Object(Config\Toolbar))
 7 SYSTEMPATH\Config\BaseService.php(312): CodeIgniter\Config\Services::toolbar(Object(Config\Toolbar), false)
 8 SYSTEMPATH\Config\BaseService.php(251): CodeIgniter\Config\BaseService::__callStatic('toolbar', [...])
 9 SYSTEMPATH\Config\Services.php(791): CodeIgniter\Config\BaseService::getSharedInstance('toolbar', null)
10 SYSTEMPATH\Config\BaseService.php(321): CodeIgniter\Config\Services::toolbar()
11 SYSTEMPATH\Config\BaseService.php(202): CodeIgniter\Config\BaseService::__callStatic('toolbar', [])
12 SYSTEMPATH\Common.php(998): CodeIgniter\Config\BaseService::get('toolbar')
13 SYSTEMPATH\Filters\DebugToolbar.php(43): service('toolbar')
14 SYSTEMPATH\Filters\Filters.php(241): CodeIgniter\Filters\DebugToolbar->after(Object(CodeIgniter\HTTP\IncomingRequest), Object(CodeIgniter\HTTP\Response), null)
15 SYSTEMPATH\Filters\Filters.php(291): CodeIgniter\Filters\Filters->runAfter([...])
16 SYSTEMPATH\CodeIgniter.php(409): CodeIgniter\Filters\Filters->runRequired('after')
17 SYSTEMPATH\CodeIgniter.php(372): CodeIgniter\CodeIgniter->runRequiredAfterFilters(Object(CodeIgniter\Filters\Filters))
18 SYSTEMPATH\Boot.php(325): CodeIgniter\CodeIgniter->run()
19 SYSTEMPATH\Boot.php(67): CodeIgniter\Boot::runCodeIgniter(Object(CodeIgniter\CodeIgniter))
20 FCPATH\index.php(56): CodeIgniter\Boot::bootWeb(Object(Config\Paths))
21 SYSTEMPATH\rewrite.php(44): require_once('C:\\Users\\david\\Desktop\\Poryecto pizza\\proyecto-pizzeria\\public\\index.php')
CRITICAL - 2024-11-23 04:04:01 --> ParseError: syntax error, unexpected identifier "session", expecting variable
[Method: GET, Route: /]
in APPPATH\Config\Database.php on line 13.
 1 SYSTEMPATH\Autoloader\Autoloader.php(296): CodeIgniter\Autoloader\Autoloader->includeFile('C:\\Users\\david\\Desktop\\Poryecto pizza\\proyecto-pizzeria\\app\\Config\\Database.php')
 2 SYSTEMPATH\Autoloader\Autoloader.php(272): CodeIgniter\Autoloader\Autoloader->loadInNamespace('Config\\Database')
 3 SYSTEMPATH\Debug\Toolbar\Collectors\Database.php(258): CodeIgniter\Autoloader\Autoloader->loadClass('Config\\Database')
 4 SYSTEMPATH\Debug\Toolbar\Collectors\Database.php(75): CodeIgniter\Debug\Toolbar\Collectors\Database->getConnections()
 5 SYSTEMPATH\Debug\Toolbar.php(68): CodeIgniter\Debug\Toolbar\Collectors\Database->__construct()
 6 SYSTEMPATH\Config\Services.php(796): CodeIgniter\Debug\Toolbar->__construct(Object(Config\Toolbar))
 7 SYSTEMPATH\Config\BaseService.php(312): CodeIgniter\Config\Services::toolbar(Object(Config\Toolbar), false)
 8 SYSTEMPATH\Config\BaseService.php(251): CodeIgniter\Config\BaseService::__callStatic('toolbar', [...])
 9 SYSTEMPATH\Config\Services.php(791): CodeIgniter\Config\BaseService::getSharedInstance('toolbar', null)
10 SYSTEMPATH\Config\BaseService.php(321): CodeIgniter\Config\Services::toolbar()
11 SYSTEMPATH\Config\BaseService.php(202): CodeIgniter\Config\BaseService::__callStatic('toolbar', [])
12 SYSTEMPATH\Common.php(998): CodeIgniter\Config\BaseService::get('toolbar')
13 SYSTEMPATH\Filters\DebugToolbar.php(43): service('toolbar')
14 SYSTEMPATH\Filters\Filters.php(241): CodeIgniter\Filters\DebugToolbar->after(Object(CodeIgniter\HTTP\IncomingRequest), Object(CodeIgniter\HTTP\Response), null)
15 SYSTEMPATH\Filters\Filters.php(291): CodeIgniter\Filters\Filters->runAfter([...])
16 SYSTEMPATH\CodeIgniter.php(409): CodeIgniter\Filters\Filters->runRequired('after')
17 SYSTEMPATH\CodeIgniter.php(372): CodeIgniter\CodeIgniter->runRequiredAfterFilters(Object(CodeIgniter\Filters\Filters))
18 SYSTEMPATH\Boot.php(325): CodeIgniter\CodeIgniter->run()
19 SYSTEMPATH\Boot.php(67): CodeIgniter\Boot::runCodeIgniter(Object(CodeIgniter\CodeIgniter))
20 FCPATH\index.php(56): CodeIgniter\Boot::bootWeb(Object(Config\Paths))
21 SYSTEMPATH\rewrite.php(44): require_once('C:\\Users\\david\\Desktop\\Poryecto pizza\\proyecto-pizzeria\\public\\index.php')
